<?xml version="1.0" encoding="utf-8"?>
<TestRun id="292e66b3-52a7-4f30-927c-b9c9a484054a" name="KOS.master.Debug_2385311" runUser="bronnikov\sergeyb" xmlns="http://microsoft.com/schemas/VisualStudio/TeamTest/2010">
  <Times creation="2020-01-21T18:25:32.8800000+03:00" queuing="2020-01-21T18:25:32.8800000+03:00" start="2020-01-21T18:25:40.1000000+03:00" finish="2020-01-21T18:30:07.8600000+03:00" />
  <Results>
    <UnitTestResult executionId="ca370b8f-97f6-44c9-9165-f424ee67bc31" testId="8105a91f-a259-5af7-9514-46ec0c517fd7" testName="e2e-tc-connect-client on kos-x64" computerName="kos-x64-3500" duration="00:00:00" startTime="2020-01-21T18:28:31.9200000+03:00" endTime="2020-01-21T18:28:31.9200000+03:00" testType="13cdc9d9-ddb5-4fa4-a97d-d965ccfc6d4b" outcome="Failed" testListId="8c84fa94-04c1-424b-9868-57a2d4851a1d" relativeResultsDirectory="ca370b8f-97f6-44c9-9165-f424ee67bc31">
      <Output>
        <ErrorInfo>
          <Message>[ExecuteScript:!1. LinuxDeployment -&gt; Deployment] failed for [kos-x64-3500]. Result code: [1] (expected [0]). Results: [Error: Cloning into 'test_suites'...
fatal: unable to access 'https://hqrndtfs.avp.ru/tfs/DefaultCollection/FT-Procesess/_git/test_suites/': server certificate verification failed. CAfile: /etc/ssl/certs/ca-certificates.crt CRLfile: none
the input device is not a TTY

Output: Running [/tmp/tmpq5U0Bi/linux_deployment.sh] 
Hello, world!
Hit:1 http://hqmirror.kaspersky-labs.com/ubuntu bionic InRelease
Get:2 http://hqmirror.kaspersky-labs.com/ubuntu bionic-updates InRelease [88.7 kB]
Get:3 http://hqmirror.kaspersky-labs.com/ubuntu bionic-security InRelease [88.7 kB]
Get:4 http://hqmirror.kaspersky-labs.com/ubuntu bionic-backports InRelease [74.6 kB]
Get:5 http://security.ubuntu.com/ubuntu bionic-security InRelease [88.7 kB]
Get:6 https://download.docker.com/linux/ubuntu bionic InRelease [64.4 kB]
Hit:7 http://archive.ubuntu.com/ubuntu bionic InRelease
Get:8 http://archive.ubuntu.com/ubuntu bionic-updates InRelease [88.7 kB]
Ign:9 http://hqmirror.kaspersky-labs.com/ubuntu bionic-updates/main amd64 Packages
Ign:10 http://hqmirror.kaspersky-labs.com/ubuntu bionic-updates/main Translation-en
Ign:11 http://hqmirror.kaspersky-labs.com/ubuntu bionic-updates/restricted amd64 Packages
Ign:12 http://hqmirror.kaspersky-labs.com/ubuntu bionic-updates/restricted Translation-en
Ign:13 http://hqmirror.kaspersky-labs.com/ubuntu bionic-updates/universe amd64 Packages
Ign:14 http://hqmirror.kaspersky-labs.com/ubuntu bionic-updates/universe Translation-en
Ign:15 http://hqmirror.kaspersky-labs.com/ubuntu bionic-updates/multiverse amd64 Packages
Ign:16 http://hqmirror.kaspersky-labs.com/ubuntu bionic-updates/multiverse Translation-en
Get:9 http://hqmirror.kaspersky-labs.com/ubuntu bionic-updates/main amd64 Packages [833 kB]
Get:10 http://hqmirror.kaspersky-labs.com/ubuntu bionic-updates/main Translation-en [292 kB]
Get:17 http://archive.ubuntu.com/ubuntu bionic-backports I
(Message was too long and so it was truncated)</Message>
        </ErrorInfo>
      </Output>
    </UnitTestResult>
    <UnitTestResult executionId="42675319-45b5-44e1-9647-a60eaea8514d" testId="c07bb9a4-ef15-5a99-bb84-8d272a2c1037" testName="e2e-tc-connect-windows on kos-x64" computerName="kos-x64-3500" duration="00:00:00" startTime="2020-01-21T18:30:00.0200000+03:00" endTime="2020-01-21T18:30:00.0200000+03:00" testType="13cdc9d9-ddb5-4fa4-a97d-d965ccfc6d4b" outcome="Failed" testListId="8c84fa94-04c1-424b-9868-57a2d4851a1d" relativeResultsDirectory="42675319-45b5-44e1-9647-a60eaea8514d">
      <Output>
        <ErrorInfo>
          <Message>[ExecuteScript:!1. WindowsDeployment -&gt; Deployment] failed for [kos-x64-3500]. Result code: [1] (expected [0]). Results: [Error:   File "/tmp/tmp5kEVZy/windows_deployment.py", line 4
SyntaxError: Non-ASCII character '\xd0' in file /tmp/tmp5kEVZy/windows_deployment.py on line 5, but no encoding declared; see http://python.org/dev/peps/pep-0263/ for details

Output: Running [/usr/bin/python /tmp/tmp5kEVZy/windows_deployment.py] 
]</Message>
        </ErrorInfo>
      </Output>
    </UnitTestResult>
  </Results>
  <TestDefinitions>
    <UnitTest name="e2e-tc-connect-client on kos-x64" storage="e2e-tc-connect" id="8105a91f-a259-5af7-9514-46ec0c517fd7">
      <Execution id="ca370b8f-97f6-44c9-9165-f424ee67bc31" />
      <TestMethod codeBase="Autotests" className="e2e-tc-connect-client" name="e2e-tc-connect-client on kos-x64" />
    </UnitTest>
    <UnitTest name="e2e-tc-connect-windows on kos-x64" storage="e2e-tc-connect" id="c07bb9a4-ef15-5a99-bb84-8d272a2c1037">
      <Execution id="42675319-45b5-44e1-9647-a60eaea8514d" />
      <TestMethod codeBase="Autotests" className="e2e-tc-connect-windows" name="e2e-tc-connect-windows on kos-x64" />
    </UnitTest>
  </TestDefinitions>
  <TestEntries>
    <TestEntry testId="8105a91f-a259-5af7-9514-46ec0c517fd7" executionId="ca370b8f-97f6-44c9-9165-f424ee67bc31" testListId="8c84fa94-04c1-424b-9868-57a2d4851a1d" />
    <TestEntry testId="c07bb9a4-ef15-5a99-bb84-8d272a2c1037" executionId="42675319-45b5-44e1-9647-a60eaea8514d" testListId="8c84fa94-04c1-424b-9868-57a2d4851a1d" />
  </TestEntries>
  <TestLists>
    <TestList name="Results Not in a List" id="8c84fa94-04c1-424b-9868-57a2d4851a1d" />
  </TestLists>
</TestRun>
