<testsuites>
<testsuite errors="4" failures="0" name="" tests="7" time="55.051">
    <testcase classname="sudoku_app.tests.test_sudoku.TestMainWindow" name="test_settings_tab(with mouse)" time="9.320">
        <error type="testtools.testresult.real._StringException">
        </error>
    </testcase>
    <testcase classname="sudoku_app.tests.test_sudoku.TestMainWindow" name="test_new_game_button(with mouse)" time="7.985">
        <error type="testtools.testresult.real._StringException">
            Traceback (most recent call last):
            File "/usr/lib/python2.7/dist-packages/sudoku_app/tests/test_sudoku.py", line 215, in
              test_settings_tab self.main_view.switch_to_tab("settingsTab")
            File "/usr/lib/python2.7/dist-packages/ubuntuuitoolkit/emulators.py", line 172, in
              switch_to_tab return self.switch_to_tab_by_index(tab.index)
            File "/usr/lib/python2.7/dist-packages/ubuntuuitoolkit/emulators.py", line 142, in
              switch_to_tab_by_index
            'The tab with index {0} was not selected.'.format(index)) ToolkitEmulatorException: The tab with index 2 was not selected.
        </error>
    </testcase>
    <testcase classname="sudoku_app.tests.test_sudoku.TestMainWindow" name="test_best_scores_tab(with mouse)" time="4.459"/>
    <testcase classname="sudoku_app.tests.test_sudoku.TestMainWindow" name="test_enter_and_cancel(with mouse)" time="7.384"/>
    <testcase classname="sudoku_app.tests.test_sudoku.TestMainWindow" name="test_enter_and_clear_number(with mouse)" time="8.104"/>
    <testcase classname="sudoku_app.tests.test_sudoku.TestMainWindow" name="test_hint_button(with mouse)" time="9.084">
        <error type="testtools.testresult.real._StringException">
        </error>
    </testcase>
    <testcase classname="sudoku_app.tests.test_sudoku.TestMainWindow" name="test_about_tab(with mouse)" time="8.702">
        <error type="testtools.testresult.real._StringException">
        </error>
    </testcase>
</testsuite>
</testsuites>
