<testsuites>
  <testsuite time="0.239100933074951"
             failures="10"
             name="access_t"
             tests="14"
             errors="1">
    <testcase name="(init)" time="0.180249929428101" />
    <testcase time="0.00193119049072266" name="1 - inet allow all">
      <failure type="TestFailed"
               message="not ok 1 - inet allow all"><![CDATA[not ok 1 - inet allow all]]></failure>
    </testcase>
    <testcase name="2 - inet allow unix" time="0.00225496292114258">
      <failure type="TestFailed"
               message="not ok 2 - inet allow unix"><![CDATA[not ok 2 - inet allow unix]]></failure>
    </testcase>
    <testcase time="0.00211286544799805" name="3 - inet deny all"></testcase>
    <testcase name="4 - inet deny unix" time="0.00119209289550781">
      <failure type="TestFailed"
               message="not ok 4 - inet deny unix"><![CDATA[not ok 4 - inet deny unix]]></failure>
    </testcase>
    <testcase name="5 - inet6 allow all" time="0.00297307968139648">
      <failure message="not ok 5 - inet6 allow all"
               type="TestFailed"><![CDATA[not ok 5 - inet6 allow all]]></failure>
    </testcase>
    <testcase time="0.00401496887207031" name="6 - inet6 allow unix">
      <failure message="not ok 6 - inet6 allow unix"
               type="TestFailed"><![CDATA[not ok 6 - inet6 allow unix]]></failure>
    </testcase>
    <testcase time="0.00277805328369141" name="7 - inet6 deny all"></testcase>
    <testcase name="8 - inet6 deny unix" time="0.00186586380004883">
      <failure type="TestFailed"
               message="not ok 8 - inet6 deny unix"><![CDATA[not ok 8 - inet6 deny unix]]></failure>
    </testcase>
    <testcase time="0.00271201133728027" name="9 - unix allow all">
      <failure type="TestFailed"
               message="not ok 9 - unix allow all"><![CDATA[not ok 9 - unix allow all]]></failure>
    </testcase>
    <testcase time="0.00290203094482422" name="10 - unix allow unix">
      <failure message="not ok 10 - unix allow unix"
               type="TestFailed"><![CDATA[not ok 10 - unix allow unix]]></failure>
    </testcase>
    <testcase time="0.00311088562011719" name="11 - unix deny all">
      <failure type="TestFailed"
               message="not ok 11 - unix deny all"><![CDATA[not ok 11 - unix deny all]]></failure>
    </testcase>
    <testcase time="0.00515198707580566" name="12 - unix deny unix">
      <failure message="not ok 12 - unix deny unix"
               type="TestFailed"><![CDATA[not ok 12 - unix deny unix]]></failure>
    </testcase>
    <testcase time="0.0217602252960205" name="13 - no alerts"></testcase>
    <testcase time="0.000908851623535156"
              name="14 - no sanitizer errors"></testcase>
    <testcase time="0.00318193435668945" name="(teardown)" />
    <system-out><![CDATA[1..14
not ok 1 - inet allow all
not ok 2 - inet allow unix
ok 3 - inet deny all
not ok 4 - inet deny unix
not ok 5 - inet6 allow all
not ok 6 - inet6 allow unix
ok 7 - inet6 deny all
not ok 8 - inet6 deny unix
not ok 9 - unix allow all
not ok 10 - unix allow unix
not ok 11 - unix deny all
not ok 12 - unix deny unix
ok 13 - no alerts
ok 14 - no sanitizer errors
]]></system-out>
    <system-err><![CDATA[Dubious, test returned 10 (wstat 2560, 0xa00)
]]></system-err>
    <error message="Dubious, test returned 10 (wstat 2560, 0xa00)" />
  </testsuite>
  <testsuite failures="0"
             time="0.353533983230591"
             name="access_log_t"
             tests="9"
             errors="4">
    <testcase time="0.0709378719329834" name="(init)" />
    <testcase name="1 - compressed log - flush time" time="0.238809108734131"></testcase>
    <testcase time="0.0333998203277588"
              name="2 - default log format"></testcase>
    <testcase name="3 - log filtering" time="0.00371408462524414"></testcase>
    <testcase name="4 - if with complex value" time="0.000440120697021484"></testcase>
    <testcase name="5 - log filtering with buffering" time="0.000387907028198242"></testcase>
    <testcase time="0.000247001647949219" name="6 - multiple logs 1"></testcase>
    <testcase name="7 - multiple logs 2" time="0.000142097473144531"></testcase>
    <testcase time="0.000119924545288086" name="8 - no alerts"></testcase>
    <testcase name="9 - no sanitizer errors" time="0.00154900550842285"></testcase>
    <testcase time="0.00378704071044922" name="(teardown)" />
    <system-out><![CDATA[1..12
ok 1 - compressed log - flush time
ok 2 - default log format
ok 3 - log filtering
ok 4 - if with complex value
ok 5 - log filtering with buffering
ok 6 - multiple logs 1
ok 7 - multiple logs 2
ok 8 - no alerts
ok 9 - no sanitizer errors
]]></system-out>
    <system-err><![CDATA[Dubious, test returned 2 (wstat 512, 0x200)
]]></system-err>
    <error message="Dubious, test returned 2 (wstat 512, 0x200)" />
  </testsuite>
  <testsuite errors="0"
             tests="8"
             name="access_log_variables_t"
             time="0.24465012550354"
             failures="0">
    <testcase time="0.095566987991333" name="(init)" />
    <testcase name="1 - time_iso8601" time="0.145944118499756"></testcase>
    <testcase time="0.000349044799804688" name="2 - time_local"></testcase>
    <testcase time="0.000121831893920898" name="3 - msec"></testcase>
    <testcase time="9.79900360107422e-05" name="4 - request"></testcase>
    <testcase time="0.000111103057861328" name="5 - bytes sent"></testcase>
    <testcase time="0.000169992446899414" name="6 - pipe"></testcase>
    <testcase time="0.000413894653320312" name="7 - no alerts"></testcase>
    <testcase time="0.00029301643371582"
              name="8 - no sanitizer errors"></testcase>
    <testcase time="0.00158214569091797" name="(teardown)" />
    <system-out><![CDATA[1..8
ok 1 - time_iso8601
ok 2 - time_local
ok 3 - msec
ok 4 - request
ok 5 - bytes sent
ok 6 - pipe
ok 7 - no alerts
ok 8 - no sanitizer errors
]]></system-out>
    <system-err></system-err>
  </testsuite>
  <testsuite failures="0"
             time="0.24087381362915"
             name="addition_t"
             tests="11"
             errors="0">
    <testcase time="0.0846309661865234" name="(init)" />
    <testcase time="0.102488994598389" name="1 - no addition"></testcase>
    <testcase name="2 - add_before" time="0.00171685218811035"></testcase>
    <testcase time="0.00114917755126953" name="3 - add_after"></testcase>
    <testcase time="0.00117397308349609" name="4 - both"></testcase>
    <testcase time="0.00127100944519043" name="5 - no content type"></testcase>
    <testcase time="0.00141286849975586" name="6 - addition_types"></testcase>
    <testcase name="7 - empty content type" time="0.00823593139648438"></testcase>
    <testcase time="0.00376200675964355" name="8 - self"></testcase>
    <testcase time="0.0024111270904541" name="9 - not 200"></testcase>
    <testcase time="0.0303928852081299" name="10 - no alerts"></testcase>
    <testcase time="0.000130176544189453"
              name="11 - no sanitizer errors"></testcase>
    <testcase name="(teardown)" time="0.00209784507751465" />
    <system-out><![CDATA[1..11
ok 1 - no addition
ok 2 - add_before
ok 3 - add_after
ok 4 - both
ok 5 - no content type
ok 6 - addition_types
ok 7 - empty content type
ok 8 - self
ok 9 - not 200
ok 10 - no alerts
ok 11 - no sanitizer errors
]]></system-out>
    <system-err></system-err>
  </testsuite>
  <testsuite errors="1"
             name="auth_basic_t"
             tests="23"
             time="0.26325798034668"
             failures="14">
    <testcase name="(init)" time="0.0843000411987305" />
    <testcase time="0.109429836273193"
              name="1 - rejects unathorized"></testcase>
    <testcase time="0.0074460506439209" name="2 - normal crypt">
      <failure type="TestFailed"
               message="not ok 2 - normal crypt"><![CDATA[not ok 2 - normal crypt]]></failure>
    </testcase>
    <testcase time="0.00153017044067383" name="3 - normal wrong"></testcase>
    <testcase name="4 - crypt $1$ (md5)" time="0.00102782249450684">
      <failure type="TestFailed"
               message="not ok 4 - crypt $1$ (md5)"><![CDATA[not ok 4 - crypt $1$ (md5)]]></failure>
    </testcase>
    <testcase time="0.00531005859375" name="5 - crypt $1$ wrong"></testcase>
    <testcase name="6 - crypt $1$ broken" time="0.000890016555786133">
      <failure type="TestFailed"
               message="not ok 6 - crypt $1$ broken"><![CDATA[not ok 6 - crypt $1$ broken]]></failure>
    </testcase>
    <testcase time="0.00306797027587891" name="7 - apr1 md5">
      <failure message="not ok 7 - apr1 md5"
               type="TestFailed"><![CDATA[not ok 7 - apr1 md5]]></failure>
    </testcase>
    <testcase time="0.00184297561645508" name="8 - plain password">
      <failure type="TestFailed"
               message="not ok 8 - plain password"><![CDATA[not ok 8 - plain password]]></failure>
    </testcase>
    <testcase time="0.00224709510803223" name="9 - ssha">
      <failure type="TestFailed"
               message="not ok 9 - ssha"><![CDATA[not ok 9 - ssha]]></failure>
    </testcase>
    <testcase time="0.00295805931091309" name="10 - sha">
      <failure message="not ok 10 - sha"
               type="TestFailed"><![CDATA[not ok 10 - sha]]></failure>
    </testcase>
    <testcase time="0.00200200080871582" name="11 - apr1 md5 wrong"></testcase>
    <testcase name="12 - plain wrong" time="0.00118780136108398"></testcase>
    <testcase time="0.000982046127319336" name="13 - ssha wrong"></testcase>
    <testcase name="14 - sha wrong" time="0.00103592872619629"></testcase>
    <testcase time="0.00134420394897461" name="15 - apr1 md5 broken">
      <failure message="not ok 15 - apr1 md5 broken"
               type="TestFailed"><![CDATA[not ok 15 - apr1 md5 broken]]></failure>
    </testcase>
    <testcase name="16 - ssha broken 1" time="0.00270485877990723">
      <failure type="TestFailed"
               message="not ok 16 - ssha broken 1"><![CDATA[not ok 16 - ssha broken 1]]></failure>
    </testcase>
    <testcase name="17 - ssha broken 2" time="0.00224399566650391">
      <failure message="not ok 17 - ssha broken 2"
               type="TestFailed"><![CDATA[not ok 17 - ssha broken 2]]></failure>
    </testcase>
    <testcase time="0.00212717056274414" name="18 - sha broken 1">
      <failure message="not ok 18 - sha broken 1"
               type="TestFailed"><![CDATA[not ok 18 - sha broken 1]]></failure>
    </testcase>
    <testcase name="19 - sha broken 2" time="0.00223994255065918">
      <failure message="not ok 19 - sha broken 2"
               type="TestFailed"><![CDATA[not ok 19 - sha broken 2]]></failure>
    </testcase>
    <testcase time="0.00226497650146484" name="20 - not found">
      <failure message="not ok 20 - not found"
               type="TestFailed"><![CDATA[not ok 20 - not found]]></failure>
    </testcase>
    <testcase time="0.00274801254272461" name="21 - inner off">
      <failure message="not ok 21 - inner off"
               type="TestFailed"><![CDATA[not ok 21 - inner off]]></failure>
    </testcase>
    <testcase time="0.0195989608764648" name="22 - no alerts"></testcase>
    <testcase time="0.000360012054443359"
              name="23 - no sanitizer errors"></testcase>
    <testcase name="(teardown)" time="0.00236797332763672" />
    <system-out><![CDATA[1..23
ok 1 - rejects unathorized
not ok 2 - normal crypt
ok 3 - normal wrong
not ok 4 - crypt $1$ (md5)
ok 5 - crypt $1$ wrong
not ok 6 - crypt $1$ broken
not ok 7 - apr1 md5
not ok 8 - plain password
not ok 9 - ssha
not ok 10 - sha
ok 11 - apr1 md5 wrong
ok 12 - plain wrong
ok 13 - ssha wrong
ok 14 - sha wrong
not ok 15 - apr1 md5 broken
not ok 16 - ssha broken 1
not ok 17 - ssha broken 2
not ok 18 - sha broken 1
not ok 19 - sha broken 2
not ok 20 - not found
not ok 21 - inner off
ok 22 - no alerts
ok 23 - no sanitizer errors
]]></system-out>
    <system-err><![CDATA[Dubious, test returned 14 (wstat 3584, 0xe00)
]]></system-err>
    <error message="Dubious, test returned 14 (wstat 3584, 0xe00)" />
  </testsuite>
  <testsuite time="0.0817358493804932"
             failures="0"
             errors="0"
             name="auth_request_t"
             tests="0">
    <testcase name="(init)" time="0.0802428722381592" />
    <testcase time="0.00149297714233398" name="(teardown)" />
    <system-out><![CDATA[1..0 # SKIP no auth_request available
]]></system-out>
    <system-err></system-err>
  </testsuite>
  <testsuite errors="0"
             name="auth_request_satisfy_t"
             tests="0"
             time="0.0853431224822998"
             failures="0">
    <testcase time="0.0838301181793213" name="(init)" />
    <testcase time="0.00151300430297852" name="(teardown)" />
    <system-out><![CDATA[1..0 # SKIP no auth_request available
]]></system-out>
    <system-err></system-err>
  </testsuite>
  <testsuite time="0.0831630229949951"
             failures="0"
             errors="0"
             name="auth_request_set_t"
             tests="0">
    <testcase name="(init)" time="0.0805418491363525" />
    <testcase time="0.00262117385864258" name="(teardown)" />
    <system-out><![CDATA[1..0 # SKIP no auth_request available
]]></system-out>
    <system-err></system-err>
  </testsuite>
  <testsuite failures="15"
             time="0.237366914749146"
             tests="18"
             name="autoindex_t"
             errors="1">
    <testcase time="0.0981960296630859" name="(init)" />
    <testcase time="0.103437900543213" name="1 - file">
      <failure message="not ok 1 - file"
               type="TestFailed"><![CDATA[not ok 1 - file]]></failure>
    </testcase>
    <testcase name="2 - symlink to file" time="0.000346899032592773">
      <failure message="not ok 2 - symlink to file"
               type="TestFailed"><![CDATA[not ok 2 - symlink to file]]></failure>
    </testcase>
    <testcase time="0.00018620491027832" name="3 - directory">
      <failure type="TestFailed"
               message="not ok 3 - directory"><![CDATA[not ok 3 - directory]]></failure>
    </testcase>
    <testcase name="4 - symlink to directory" time="0.000190973281860352">
      <failure message="not ok 4 - symlink to directory"
               type="TestFailed"><![CDATA[not ok 4 - symlink to directory]]></failure>
    </testcase>
    <testcase name="5 - colon not scheme" time="0.00017094612121582"></testcase>
    <testcase name="6 - long name" time="0.00105404853820801">
      <failure type="TestFailed"
               message="not ok 6 - long name"><![CDATA[not ok 6 - long name]]></failure>
    </testcase>
    <testcase name="7 - escaped url" time="0.000207901000976562">
      <failure message="not ok 7 - escaped url"
               type="TestFailed"><![CDATA[not ok 7 - escaped url]]></failure>
    </testcase>
    <testcase time="0.000118017196655273" name="8 - escaped ? in url">
      <failure type="TestFailed"
               message="not ok 8 - escaped ? in url"><![CDATA[not ok 8 - escaped ? in url]]></failure>
    </testcase>
    <testcase time="9.79900360107422e-05" name="9 - escaped html">
      <failure message="not ok 9 - escaped html"
               type="TestFailed"><![CDATA[not ok 9 - escaped html]]></failure>
    </testcase>
    <testcase time="0.000114917755126953" name="10 - long escaped html">
      <failure message="not ok 10 - long escaped html"
               type="TestFailed"><![CDATA[not ok 10 - long escaped html]]></failure>
    </testcase>
    <testcase name="11 - utf8" time="0.0140480995178223">
      <failure type="TestFailed"
               message="not ok 11 - utf8"><![CDATA[not ok 11 - utf8]]></failure>
    </testcase>
    <testcase name="12 - utf8 long" time="0.000319004058837891">
      <failure message="not ok 12 - utf8 long"
               type="TestFailed"><![CDATA[not ok 12 - utf8 long]]></failure>
    </testcase>
    <testcase name="13 - utf8 escaped" time="0.000184059143066406">
      <failure type="TestFailed"
               message="not ok 13 - utf8 escaped"><![CDATA[not ok 13 - utf8 escaped]]></failure>
    </testcase>
    <testcase name="14 - utf8 escaped long" time="0.000131845474243164">
      <failure message="not ok 14 - utf8 escaped long"
               type="TestFailed"><![CDATA[not ok 14 - utf8 escaped long]]></failure>
    </testcase>
    <testcase name="15 - utf8 long escaped" time="0.000252008438110352">
      <failure message="not ok 15 - utf8 long escaped"
               type="TestFailed"><![CDATA[not ok 15 - utf8 long escaped]]></failure>
    </testcase>
    <testcase time="0.000786066055297852" name="16 - escaped title">
      <failure type="TestFailed"
               message="not ok 16 - escaped title"><![CDATA[not ok 16 - escaped title]]></failure>
    </testcase>
    <testcase time="0.0152559280395508" name="17 - no alerts"></testcase>
    <testcase time="0.000380992889404297"
              name="18 - no sanitizer errors"></testcase>
    <testcase name="(teardown)" time="0.00188708305358887" />
    <system-out><![CDATA[1..18
not ok 1 - file
not ok 2 - symlink to file
not ok 3 - directory
not ok 4 - symlink to directory
ok 5 - colon not scheme
not ok 6 - long name
not ok 7 - escaped url
not ok 8 - escaped ? in url
not ok 9 - escaped html
not ok 10 - long escaped html
not ok 11 - utf8
not ok 12 - utf8 long
not ok 13 - utf8 escaped
not ok 14 - utf8 escaped long
not ok 15 - utf8 long escaped
not ok 16 - escaped title
ok 17 - no alerts
ok 18 - no sanitizer errors
]]></system-out>
    <system-err><![CDATA[Dubious, test returned 15 (wstat 3840, 0xf00)
]]></system-err>
    <error message="Dubious, test returned 15 (wstat 3840, 0xf00)" />
  </testsuite>
  <testsuite time="0.246084928512573"
             failures="33"
             errors="1"
             name="autoindex_format_t"
             tests="39">
    <testcase time="0.0920479297637939" name="(init)" />
    <testcase name="1 - xml content type" time="0.10316801071167">
      <failure message="not ok 1 - xml content type"
               type="TestFailed"><![CDATA[not ok 1 - xml content type]]></failure>
    </testcase>
    <testcase time="0.000498056411743164" name="2 - xml file format">
      <failure type="TestFailed"
               message="not ok 2 - xml file format"><![CDATA[not ok 2 - xml file format]]></failure>
    </testcase>
    <testcase time="0.000233888626098633" name="3 - xml dir format">
      <failure type="TestFailed"
               message="not ok 3 - xml dir format"><![CDATA[not ok 3 - xml dir format]]></failure>
    </testcase>
    <testcase time="0.000114917755126953" name="4 - xml file mtime">
      <failure message="not ok 4 - xml file mtime"
               type="TestFailed"><![CDATA[not ok 4 - xml file mtime]]></failure>
    </testcase>
    <testcase name="5 - xml file size" time="0.000132083892822266">
      <failure type="TestFailed"
               message="not ok 5 - xml file size"><![CDATA[not ok 5 - xml file size]]></failure>
    </testcase>
    <testcase name="6 - xml file link mtime" time="0.000116109848022461">
      <failure message="not ok 6 - xml file link mtime"
               type="TestFailed"><![CDATA[not ok 6 - xml file link mtime]]></failure>
    </testcase>
    <testcase time="0.000946998596191406" name="7 - xml file link size">
      <failure message="not ok 7 - xml file link size"
               type="TestFailed"><![CDATA[not ok 7 - xml file link size]]></failure>
    </testcase>
    <testcase time="0.000236988067626953" name="8 - xml dir mtime">
      <failure type="TestFailed"
               message="not ok 8 - xml dir mtime"><![CDATA[not ok 8 - xml dir mtime]]></failure>
    </testcase>
    <testcase name="9 - xml dir size" time="0.00017094612121582"></testcase>
    <testcase time="0.00011897087097168" name="10 - xml dir link mtime">
      <failure type="TestFailed"
               message="not ok 10 - xml dir link mtime"><![CDATA[not ok 10 - xml dir link mtime]]></failure>
    </testcase>
    <testcase name="11 - xml dir link size" time="0.000711917877197266"></testcase>
    <testcase name="12 - xml quote" time="0.000313997268676758">
      <failure type="TestFailed"
               message="not ok 12 - xml quote"><![CDATA[not ok 12 - xml quote]]></failure>
    </testcase>
    <testcase name="13 - xml double" time="0.000272989273071289">
      <failure type="TestFailed"
               message="not ok 13 - xml double"><![CDATA[not ok 13 - xml double]]></failure>
    </testcase>
    <testcase time="0.000176191329956055" name="14 - xml angle">
      <failure type="TestFailed"
               message="not ok 14 - xml angle"><![CDATA[not ok 14 - xml angle]]></failure>
    </testcase>
    <testcase time="0.000927925109863281" name="15 - json content type">
      <failure type="TestFailed"
               message="not ok 15 - json content type"><![CDATA[not ok 15 - json content type]]></failure>
    </testcase>
    <testcase time="0.000321865081787109" name="16 - json format">
      <failure type="TestFailed"
               message="not ok 16 - json format"><![CDATA[not ok 16 - json format]]></failure>
    </testcase>
    <testcase time="0.000192165374755859" name="17 - json file">
      <failure type="TestFailed"
               message="not ok 17 - json file"><![CDATA[not ok 17 - json file]]></failure>
    </testcase>
    <testcase time="0.000200033187866211" name="18 - json file mtime">
      <failure message="not ok 18 - json file mtime"
               type="TestFailed"><![CDATA[not ok 18 - json file mtime]]></failure>
    </testcase>
    <testcase time="0.000177860260009766" name="19 - json file size">
      <failure message="not ok 19 - json file size"
               type="TestFailed"><![CDATA[not ok 19 - json file size]]></failure>
    </testcase>
    <testcase name="20 - json file link" time="0.000368118286132812">
      <failure type="TestFailed"
               message="not ok 20 - json file link"><![CDATA[not ok 20 - json file link]]></failure>
    </testcase>
    <testcase time="0.000239849090576172" name="21 - json file link mtime">
      <failure message="not ok 21 - json file link mtime"
               type="TestFailed"><![CDATA[not ok 21 - json file link mtime]]></failure>
    </testcase>
    <testcase time="0.000120162963867188" name="22 - json file link size">
      <failure type="TestFailed"
               message="not ok 22 - json file link size"><![CDATA[not ok 22 - json file link size]]></failure>
    </testcase>
    <testcase name="23 - json dir" time="0.000134944915771484">
      <failure message="not ok 23 - json dir"
               type="TestFailed"><![CDATA[not ok 23 - json dir]]></failure>
    </testcase>
    <testcase time="0.00110006332397461" name="24 - json dir mtime">
      <failure type="TestFailed"
               message="not ok 24 - json dir mtime"><![CDATA[not ok 24 - json dir mtime]]></failure>
    </testcase>
    <testcase name="25 - json dir size" time="0.000313997268676758"></testcase>
    <testcase name="26 - json dir link" time="9.20295715332031e-05">
      <failure type="TestFailed"
               message="not ok 26 - json dir link"><![CDATA[not ok 26 - json dir link]]></failure>
    </testcase>
    <testcase time="0.00193190574645996" name="27 - json dir link mtime">
      <failure type="TestFailed"
               message="not ok 27 - json dir link mtime"><![CDATA[not ok 27 - json dir link mtime]]></failure>
    </testcase>
    <testcase time="0.000747919082641602"
              name="28 - json dir link size"></testcase>
    <testcase name="29 - json quote" time="0.000219106674194336">
      <failure message="not ok 29 - json quote"
               type="TestFailed"><![CDATA[not ok 29 - json quote]]></failure>
    </testcase>
    <testcase time="0.000251054763793945" name="30 - json double">
      <failure message="not ok 30 - json double"
               type="TestFailed"><![CDATA[not ok 30 - json double]]></failure>
    </testcase>
    <testcase time="0.00218701362609863" name="31 - json angle">
      <failure type="TestFailed"
               message="not ok 31 - json angle"><![CDATA[not ok 31 - json angle]]></failure>
    </testcase>
    <testcase name="32 - jsonp callback" time="0.00691986083984375">
      <failure message="not ok 32 - jsonp callback"
               type="TestFailed"><![CDATA[not ok 32 - jsonp callback]]></failure>
    </testcase>
    <testcase time="0.000512123107910156" name="33 - jsonp callback empty">
      <failure type="TestFailed"
               message="not ok 33 - jsonp callback empty"><![CDATA[not ok 33 - jsonp callback empty]]></failure>
    </testcase>
    <testcase name="34 - xml utf8" time="0.000593900680541992">
      <failure type="TestFailed"
               message="not ok 34 - xml utf8"><![CDATA[not ok 34 - xml utf8]]></failure>
    </testcase>
    <testcase time="0.000200033187866211" name="35 - xml utf8 long">
      <failure type="TestFailed"
               message="not ok 35 - xml utf8 long"><![CDATA[not ok 35 - xml utf8 long]]></failure>
    </testcase>
    <testcase time="0.000195980072021484" name="36 - json utf8">
      <failure type="TestFailed"
               message="not ok 36 - json utf8"><![CDATA[not ok 36 - json utf8]]></failure>
    </testcase>
    <testcase name="37 - json utf8 long" time="0.00214600563049316">
      <failure type="TestFailed"
               message="not ok 37 - json utf8 long"><![CDATA[not ok 37 - json utf8 long]]></failure>
    </testcase>
    <testcase name="38 - no alerts" time="0.0232648849487305"></testcase>
    <testcase name="39 - no sanitizer errors" time="0.000416040420532227"></testcase>
    <testcase time="0.00305008888244629" name="(teardown)" />
    <system-out><![CDATA[1..39
not ok 1 - xml content type
not ok 2 - xml file format
not ok 3 - xml dir format
not ok 4 - xml file mtime
not ok 5 - xml file size
not ok 6 - xml file link mtime
not ok 7 - xml file link size
not ok 8 - xml dir mtime
ok 9 - xml dir size
not ok 10 - xml dir link mtime
ok 11 - xml dir link size
not ok 12 - xml quote
not ok 13 - xml double
not ok 14 - xml angle
not ok 15 - json content type
not ok 16 - json format
not ok 17 - json file
not ok 18 - json file mtime
not ok 19 - json file size
not ok 20 - json file link
not ok 21 - json file link mtime
not ok 22 - json file link size
not ok 23 - json dir
not ok 24 - json dir mtime
ok 25 - json dir size
not ok 26 - json dir link
not ok 27 - json dir link mtime
ok 28 - json dir link size
not ok 29 - json quote
not ok 30 - json double
not ok 31 - json angle
not ok 32 - jsonp callback
not ok 33 - jsonp callback empty
not ok 34 - xml utf8
not ok 35 - xml utf8 long
not ok 36 - json utf8
not ok 37 - json utf8 long
ok 38 - no alerts
ok 39 - no sanitizer errors
]]></system-out>
    <system-err><![CDATA[Dubious, test returned 33 (wstat 8448, 0x2100)
]]></system-err>
    <error message="Dubious, test returned 33 (wstat 8448, 0x2100)" />
  </testsuite>
  <testsuite errors="1"
             tests="15"
             name="body_t"
             time="0.357342958450317"
             failures="6">
    <testcase time="0.101618051528931" name="(init)" />
    <testcase time="0.106490850448608" name="1 - no body"></testcase>
    <testcase time="0.00160908699035645" name="2 - body"></testcase>
    <testcase name="3 - body in two buffers" time="0.00200390815734863"></testcase>
    <testcase time="0.0016169548034668" name="4 - body in file">
      <failure message="not ok 4 - body in file"
               type="TestFailed"><![CDATA[not ok 4 - body in file]]></failure>
    </testcase>
    <testcase name="5 - body in file only" time="0.00136017799377441">
      <failure type="TestFailed"
               message="not ok 5 - body in file only"><![CDATA[not ok 5 - body in file only]]></failure>
    </testcase>
    <testcase time="0.00195598602294922"
              name="6 - body in single buffer"></testcase>
    <testcase name="7 - body pipelined" time="0.00211095809936523">
      <failure type="TestFailed"
               message="not ok 7 - body pipelined"><![CDATA[not ok 7 - body pipelined]]></failure>
    </testcase>
    <testcase time="0.00309586524963379" name="8 - body pipelined 2">
      <failure message="not ok 8 - body pipelined 2"
               type="TestFailed"><![CDATA[not ok 8 - body pipelined 2]]></failure>
    </testcase>
    <testcase time="0.00389003753662109" name="9 - body discard"></testcase>
    <testcase name="10 - body discard 2" time="0.00156402587890625"></testcase>
    <testcase name="11 - small body in file only" time="0.00141000747680664">
      <failure message="not ok 11 - small body in file only"
               type="TestFailed"><![CDATA[not ok 11 - small body in file only]]></failure>
    </testcase>
    <testcase time="0.101700067520142"
              name="12 - small body in file only, not preread">
      <failure type="TestFailed"
               message="not ok 12 - small body in file only, not preread"><![CDATA[not ok 12 - small body in file only, not preread]]></failure>
    </testcase>
    <testcase time="0.00319790840148926"
              name="13 - body next upstream"></testcase>
    <testcase name="14 - no alerts" time="0.0207979679107666"></testcase>
    <testcase name="15 - no sanitizer errors" time="0.0004730224609375"></testcase>
    <testcase time="0.00244808197021484" name="(teardown)" />
    <system-out><![CDATA[1..15
ok 1 - no body
ok 2 - body
ok 3 - body in two buffers
not ok 4 - body in file
not ok 5 - body in file only
ok 6 - body in single buffer
not ok 7 - body pipelined
not ok 8 - body pipelined 2
ok 9 - body discard
ok 10 - body discard 2
not ok 11 - small body in file only
not ok 12 - small body in file only, not preread
ok 13 - body next upstream
ok 14 - no alerts
ok 15 - no sanitizer errors
]]></system-out>
    <system-err><![CDATA[Dubious, test returned 6 (wstat 1536, 0x600)
]]></system-err>
    <error message="Dubious, test returned 6 (wstat 1536, 0x600)" />
  </testsuite>
  <testsuite time="0.238534927368164"
             failures="4"
             errors="1"
             tests="12"
             name="body_chunked_t">
    <testcase time="0.0770418643951416" name="(init)" />
    <testcase time="0.104794979095459" name="1 - body"></testcase>
    <testcase time="0.00176215171813965"
              name="2 - body in two buffers"></testcase>
    <testcase time="0.0012359619140625" name="3 - body in file">
      <failure message="not ok 3 - body in file"
               type="TestFailed"><![CDATA[not ok 3 - body in file]]></failure>
    </testcase>
    <testcase time="0.013801097869873" name="4 - body in file only">
      <failure type="TestFailed"
               message="not ok 4 - body in file only"><![CDATA[not ok 4 - body in file only]]></failure>
    </testcase>
    <testcase name="5 - body in single buffer" time="0.000578880310058594"></testcase>
    <testcase name="6 - chunked body pipelined" time="0.000274896621704102">
      <failure message="not ok 6 - chunked body pipelined"
               type="TestFailed"><![CDATA[not ok 6 - chunked body pipelined]]></failure>
    </testcase>
    <testcase name="7 - chunked body pipelined 2" time="0.00718021392822266">
      <failure message="not ok 7 - chunked body pipelined 2"
               type="TestFailed"><![CDATA[not ok 7 - chunked body pipelined 2]]></failure>
    </testcase>
    <testcase name="8 - chunked body discard" time="0.000420808792114258"></testcase>
    <testcase name="9 - chunked body discard 2" time="0.000929117202758789"></testcase>
    <testcase name="10 - body chunked next upstream" time="0.00858187675476074"></testcase>
    <testcase time="0.0189821720123291" name="11 - no alerts"></testcase>
    <testcase time="0.000471830368041992"
              name="12 - no sanitizer errors"></testcase>
    <testcase time="0.00247907638549805" name="(teardown)" />
    <system-out><![CDATA[1..12
ok 1 - body
ok 2 - body in two buffers
not ok 3 - body in file
not ok 4 - body in file only
ok 5 - body in single buffer
not ok 6 - chunked body pipelined
not ok 7 - chunked body pipelined 2
ok 8 - chunked body discard
ok 9 - chunked body discard 2
ok 10 - body chunked next upstream
ok 11 - no alerts
ok 12 - no sanitizer errors
]]></system-out>
    <system-err><![CDATA[Dubious, test returned 4 (wstat 1024, 0x400)
]]></system-err>
    <error message="Dubious, test returned 4 (wstat 1024, 0x400)" />
  </testsuite>
  <testsuite errors="1"
             tests="9"
             name="charset_t"
             time="0.220298051834106"
             failures="5">
    <testcase time="0.0824770927429199" name="(init)" />
    <testcase time="0.105693817138672"
              name="1 - charset indicated"></testcase>
    <testcase name="2 - wrong type" time="0.00104117393493652">
      <failure type="TestFailed"
               message="not ok 2 - wrong type"><![CDATA[not ok 2 - wrong type]]></failure>
    </testcase>
    <testcase time="0.011620044708252" name="3 - charset_types">
      <failure message="not ok 3 - charset_types"
               type="TestFailed"><![CDATA[not ok 3 - charset_types]]></failure>
    </testcase>
    <testcase time="0.00171279907226562" name="4 - charset_types any">
      <failure type="TestFailed"
               message="not ok 4 - charset_types any"><![CDATA[not ok 4 - charset_types any]]></failure>
    </testcase>
    <testcase name="5 - variables" time="0.000669002532958984"></testcase>
    <testcase time="0.000362157821655273" name="6 - recode">
      <failure message="not ok 6 - recode"
               type="TestFailed"><![CDATA[not ok 6 - recode]]></failure>
    </testcase>
    <testcase name="7 - override charset" time="0.000332832336425781">
      <failure type="TestFailed"
               message="not ok 7 - override charset"><![CDATA[not ok 7 - override charset]]></failure>
    </testcase>
    <testcase time="0.0142381191253662" name="8 - no alerts"></testcase>
    <testcase name="9 - no sanitizer errors" time="0.000246047973632812"></testcase>
    <testcase time="0.00190496444702148" name="(teardown)" />
    <system-out><![CDATA[1..9
ok 1 - charset indicated
not ok 2 - wrong type
not ok 3 - charset_types
not ok 4 - charset_types any
ok 5 - variables
not ok 6 - recode
not ok 7 - override charset
ok 8 - no alerts
ok 9 - no sanitizer errors
]]></system-out>
    <system-err><![CDATA[Dubious, test returned 5 (wstat 1280, 0x500)
]]></system-err>
    <error message="Dubious, test returned 5 (wstat 1280, 0x500)" />
  </testsuite>
  <testsuite time="0.269396066665649"
             failures="8"
             errors="1"
             tests="15"
             name="charset_gzip_static_t">
    <testcase time="0.0707731246948242" name="(init)" />
    <testcase time="0.131862878799438" name="1 - plain"></testcase>
    <testcase time="0.00116991996765137" name="2 - gzip">
      <failure type="TestFailed"
               message="not ok 2 - gzip"><![CDATA[not ok 2 - gzip]]></failure>
    </testcase>
    <testcase name="3 - recode plain" time="0.0114831924438477">
      <failure message="not ok 3 - recode plain"
               type="TestFailed"><![CDATA[not ok 3 - recode plain]]></failure>
    </testcase>
    <testcase time="0.000448942184448242" name="4 - recode gzip">
      <failure message="not ok 4 - recode gzip"
               type="TestFailed"><![CDATA[not ok 4 - recode gzip]]></failure>
    </testcase>
    <testcase time="0.0108878612518311" name="5 - recode content">
      <failure type="TestFailed"
               message="not ok 5 - recode content"><![CDATA[not ok 5 - recode content]]></failure>
    </testcase>
    <testcase time="0.00263309478759766" name="6 - nocharset plain"></testcase>
    <testcase time="0.00118207931518555" name="7 - nocharset gzip">
      <failure message="not ok 7 - nocharset gzip"
               type="TestFailed"><![CDATA[not ok 7 - nocharset gzip]]></failure>
    </testcase>
    <testcase time="0.00457191467285156" name="8 - proxy plain"></testcase>
    <testcase name="9 - proxy gzip" time="0.000410079956054688">
      <failure message="not ok 9 - proxy gzip"
               type="TestFailed"><![CDATA[not ok 9 - proxy gzip]]></failure>
    </testcase>
    <testcase name="10 - proxy recode plain" time="0.00589585304260254"></testcase>
    <testcase time="0.000525951385498047" name="11 - proxy recode gzip">
      <failure message="not ok 11 - proxy recode gzip"
               type="TestFailed"><![CDATA[not ok 11 - proxy recode gzip]]></failure>
    </testcase>
    <testcase name="12 - proxy nullrecode plain" time="0.000372171401977539"></testcase>
    <testcase name="13 - proxy nullrecode gzip" time="0.0073850154876709">
      <failure type="TestFailed"
               message="not ok 13 - proxy nullrecode gzip"><![CDATA[not ok 13 - proxy nullrecode gzip]]></failure>
    </testcase>
    <testcase time="0.00897789001464844" name="14 - no alerts"></testcase>
    <testcase time="0.000730991363525391"
              name="15 - no sanitizer errors"></testcase>
    <testcase name="(teardown)" time="0.0100851058959961" />
    <system-out><![CDATA[1..15
ok 1 - plain
not ok 2 - gzip
not ok 3 - recode plain
not ok 4 - recode gzip
not ok 5 - recode content
ok 6 - nocharset plain
not ok 7 - nocharset gzip
ok 8 - proxy plain
not ok 9 - proxy gzip
ok 10 - proxy recode plain
not ok 11 - proxy recode gzip
ok 12 - proxy nullrecode plain
not ok 13 - proxy nullrecode gzip
ok 14 - no alerts
ok 15 - no sanitizer errors
]]></system-out>
    <system-err><![CDATA[Dubious, test returned 8 (wstat 2048, 0x800)
]]></system-err>
    <error message="Dubious, test returned 8 (wstat 2048, 0x800)" />
  </testsuite>
  <testsuite errors="0"
             tests="0"
             name="config_dump_t"
             time="0.0915079116821289"
             failures="0">
    <testcase time="0.0894608497619629" name="(init)" />
    <testcase name="(teardown)" time="0.00204706192016602" />
    <system-out><![CDATA[1..0 # SKIP no config dump
]]></system-out>
    <system-err></system-err>
  </testsuite>
  <testsuite failures="14"
             time="0.245378017425537"
             tests="17"
             name="dav_t"
             errors="1">
    <testcase time="0.103821039199829" name="(init)" />
    <testcase time="0.103627920150757" name="1 - put file">
      <failure message="not ok 1 - put file"
               type="TestFailed"><![CDATA[not ok 1 - put file]]></failure>
    </testcase>
    <testcase time="0.00026702880859375" name="2 - put file size">
      <failure message="not ok 2 - put file size"
               type="TestFailed"><![CDATA[not ok 2 - put file size]]></failure>
    </testcase>
    <testcase name="3 - put file again" time="0.00190591812133789">
      <failure type="TestFailed"
               message="not ok 3 - put file again"><![CDATA[not ok 3 - put file again]]></failure>
    </testcase>
    <testcase name="4 - no length in 204" time="0.00024104118347168">
      <failure message="not ok 4 - no length in 204"
               type="TestFailed"><![CDATA[not ok 4 - no length in 204]]></failure>
    </testcase>
    <testcase time="0.000107049942016602" name="5 - put file again size">
      <failure type="TestFailed"
               message="not ok 5 - put file again size"><![CDATA[not ok 5 - put file again size]]></failure>
    </testcase>
    <testcase time="0.00114107131958008" name="6 - delete file">
      <failure message="not ok 6 - delete file"
               type="TestFailed"><![CDATA[not ok 6 - delete file]]></failure>
    </testcase>
    <testcase name="7 - no length in 204" time="0.00271892547607422">
      <failure message="not ok 7 - no length in 204"
               type="TestFailed"><![CDATA[not ok 7 - no length in 204]]></failure>
    </testcase>
    <testcase name="8 - file deleted" time="0.000544071197509766"></testcase>
    <testcase time="0.0021209716796875" name="9 - put file extra data">
      <failure type="TestFailed"
               message="not ok 9 - put file extra data"><![CDATA[not ok 9 - put file extra data]]></failure>
    </testcase>
    <testcase time="0.000402927398681641" name="10 - put file extra data size">
      <failure type="TestFailed"
               message="not ok 10 - put file extra data size"><![CDATA[not ok 10 - put file extra data size]]></failure>
    </testcase>
    <testcase time="0.00023198127746582" name="11 - mkcol">
      <failure message="not ok 11 - mkcol"
               type="TestFailed"><![CDATA[not ok 11 - mkcol]]></failure>
    </testcase>
    <testcase time="0.00170397758483887" name="12 - copy dir">
      <failure type="TestFailed"
               message="not ok 12 - copy dir"><![CDATA[not ok 12 - copy dir]]></failure>
    </testcase>
    <testcase time="0.00504803657531738" name="13 - move dir">
      <failure message="not ok 13 - move dir"
               type="TestFailed"><![CDATA[not ok 13 - move dir]]></failure>
    </testcase>
    <testcase name="14 - copy file escaped" time="0.000549077987670898">
      <failure type="TestFailed"
               message="not ok 14 - copy file escaped"><![CDATA[not ok 14 - copy file escaped]]></failure>
    </testcase>
    <testcase name="15 - file copied unescaped" time="0.000358819961547852">
      <failure type="TestFailed"
               message="not ok 15 - file copied unescaped"><![CDATA[not ok 15 - file copied unescaped]]></failure>
    </testcase>
    <testcase time="0.0171551704406738" name="16 - no alerts"></testcase>
    <testcase time="0.00139999389648438"
              name="17 - no sanitizer errors"></testcase>
    <testcase time="0.00203299522399902" name="(teardown)" />
    <system-out><![CDATA[1..17
not ok 1 - put file
not ok 2 - put file size
not ok 3 - put file again
not ok 4 - no length in 204
not ok 5 - put file again size
not ok 6 - delete file
not ok 7 - no length in 204
ok 8 - file deleted
not ok 9 - put file extra data
not ok 10 - put file extra data size
not ok 11 - mkcol
not ok 12 - copy dir
not ok 13 - move dir
not ok 14 - copy file escaped
not ok 15 - file copied unescaped
ok 16 - no alerts
ok 17 - no sanitizer errors
]]></system-out>
    <system-err><![CDATA[Dubious, test returned 14 (wstat 3584, 0xe00)
]]></system-err>
    <error message="Dubious, test returned 14 (wstat 3584, 0xe00)" />
  </testsuite>
  <testsuite failures="1"
             time="0.249644994735718"
             tests="3"
             name="dav_chunked_t"
             errors="6">
    <testcase name="(init)" time="0.126526117324829" />
    <testcase time="0.103156805038452" name="1 - put chunked">
      <failure message="not ok 1 - put chunked"
               type="TestFailed"><![CDATA[not ok 1 - put chunked]]></failure>
    </testcase>
    <testcase time="0.0155940055847168" name="2 - no alerts"></testcase>
    <testcase name="3 - no sanitizer errors" time="0.00346112251281738"></testcase>
    <testcase time="0.000906944274902344" name="(teardown)" />
    <system-out><![CDATA[1..8
not ok 1 - put chunked
ok 2 - no alerts
ok 3 - no sanitizer errors
]]></system-out>
    <system-err><![CDATA[Dubious, test returned 2 (wstat 512, 0x200)
]]></system-err>
    <error message="Dubious, test returned 2 (wstat 512, 0x200)" />
  </testsuite>
  <testsuite tests="7"
             name="debug_connection_t"
             errors="0"
             failures="0"
             time="0.424538135528564">
    <testcase time="0.187247037887573" name="(init)" />
    <testcase time="0.10405707359314"
              name="1 - no debug_connection file 1"></testcase>
    <testcase name="2 - no debug_connection file 2" time="0.000432014465332031"></testcase>
    <testcase time="0.108896017074585"
              name="3 - debug_connection file 1"></testcase>
    <testcase name="4 - debug_connection file 2" time="0.000689983367919922"></testcase>
    <testcase name="5 - debug_connection file1 file2 match" time="0.000501871109008789"></testcase>
    <testcase name="6 - no alerts" time="0.0194129943847656"></testcase>
    <testcase name="7 - no sanitizer errors" time="0.000908136367797852"></testcase>
    <testcase time="0.00239300727844238" name="(teardown)" />
    <system-out><![CDATA[1..7
ok 1 - no debug_connection file 1
ok 2 - no debug_connection file 2
ok 3 - debug_connection file 1
ok 4 - debug_connection file 2
ok 5 - debug_connection file1 file2 match
ok 6 - no alerts
ok 7 - no sanitizer errors
]]></system-out>
    <system-err></system-err>
  </testsuite>
  <testsuite failures="0"
             time="2.65086388587952"
             name="debug_connection_syslog_t"
             tests="7"
             errors="0">
    <testcase name="(init)" time="0.190781831741333" />
    <testcase time="1.10825204849243"
              name="1 - no debug_connection syslog 1"></testcase>
    <testcase name="2 - no debug_connection syslog 2" time="1.10548305511475"></testcase>
    <testcase time="0.213639974594116"
              name="3 - debug_connection syslog 1"></testcase>
    <testcase time="0.00536704063415527"
              name="4 - debug_connection syslog 2"></testcase>
    <testcase time="0.00131893157958984"
              name="5 - debug_connection syslog1 syslog2 match"></testcase>
    <testcase name="6 - no alerts" time="0.0212960243225098"></testcase>
    <testcase time="0.000945091247558594"
              name="7 - no sanitizer errors"></testcase>
    <testcase name="(teardown)" time="0.00377988815307617" />
    <system-out><![CDATA[1..7
ok 1 - no debug_connection syslog 1
ok 2 - no debug_connection syslog 2
ok 3 - debug_connection syslog 1
ok 4 - debug_connection syslog 2
ok 5 - debug_connection syslog1 syslog2 match
ok 6 - no alerts
ok 7 - no sanitizer errors
]]></system-out>
    <system-err></system-err>
  </testsuite>
  <testsuite time="0.642251014709473"
             failures="2"
             errors="1"
             tests="7"
             name="debug_connection_unix_t">
    <testcase time="0.415430068969727" name="(init)" />
    <testcase name="1 - no debug_connection file 1" time="0.103525876998901"></testcase>
    <testcase name="2 - no debug_connection file 2" time="0.000491142272949219"></testcase>
    <testcase time="0.102946043014526" name="3 - debug_connection file 1">
      <failure type="TestFailed"
               message="not ok 3 - debug_connection file 1"><![CDATA[not ok 3 - debug_connection file 1]]></failure>
    </testcase>
    <testcase name="4 - debug_connection file 2" time="0.0025629997253418">
      <failure type="TestFailed"
               message="not ok 4 - debug_connection file 2"><![CDATA[not ok 4 - debug_connection file 2]]></failure>
    </testcase>
    <testcase name="5 - debug_connection file1 file2 match" time="0.00145697593688965"></testcase>
    <testcase name="6 - no alerts" time="0.0125570297241211"></testcase>
    <testcase time="0.000535964965820312"
              name="7 - no sanitizer errors"></testcase>
    <testcase time="0.00274491310119629" name="(teardown)" />
    <system-out><![CDATA[1..7
ok 1 - no debug_connection file 1
ok 2 - no debug_connection file 2
not ok 3 - debug_connection file 1
not ok 4 - debug_connection file 2
ok 5 - debug_connection file1 file2 match
ok 6 - no alerts
ok 7 - no sanitizer errors
]]></system-out>
    <system-err><![CDATA[Dubious, test returned 2 (wstat 512, 0x200)
]]></system-err>
    <error message="Dubious, test returned 2 (wstat 512, 0x200)" />
  </testsuite>
  <testsuite time="0.2550368309021"
             failures="0"
             errors="0"
             name="empty_gif_t"
             tests="6">
    <testcase time="0.106967926025391" name="(init)" />
    <testcase time="0.110430955886841" name="1 - empty gif"></testcase>
    <testcase time="0.00119709968566895" name="2 - get content type"></testcase>
    <testcase name="3 - head content type" time="0.0014348030090332"></testcase>
    <testcase time="0.00122618675231934" name="4 - put"></testcase>
    <testcase name="5 - no alerts" time="0.0297238826751709"></testcase>
    <testcase name="6 - no sanitizer errors" time="0.00104999542236328"></testcase>
    <testcase name="(teardown)" time="0.0030059814453125" />
    <system-out><![CDATA[1..6
ok 1 - empty gif
ok 2 - get content type
ok 3 - head content type
ok 4 - put
ok 5 - no alerts
ok 6 - no sanitizer errors
]]></system-out>
    <system-err></system-err>
  </testsuite>
  <testsuite failures="0"
             time="0.228905916213989"
             name="error_log_t"
             tests="27"
             errors="0">
    <testcase time="0.0840339660644531" name="(init)" />
    <testcase name="1 - file debug debug" time="0.102992057800293"></testcase>
    <testcase time="0.000357866287231445" name="2 - file debug info"></testcase>
    <testcase name="3 - stderr debug" time="0.000245094299316406"></testcase>
    <testcase name="4 - file info debug" time="0.00166010856628418"></testcase>
    <testcase name="5 - file info info" time="0.000391960144042969"></testcase>
    <testcase time="0.000186920166015625" name="6 - file info notice"></testcase>
    <testcase name="7 - stderr info" time="0.000107049942016602"></testcase>
    <testcase time="0.000700950622558594" name="8 - file notice info"></testcase>
    <testcase name="9 - file notice notice" time="0.000291109085083008"></testcase>
    <testcase name="10 - file notice warn" time="0.000218868255615234"></testcase>
    <testcase time="0.000223159790039062" name="11 - stderr notice"></testcase>
    <testcase name="12 - file warn notice" time="0.00277495384216309"></testcase>
    <testcase name="13 - file warn warn" time="0.000690937042236328"></testcase>
    <testcase time="0.000246047973632812" name="14 - file warn error"></testcase>
    <testcase name="15 - stderr warn" time="0.000964879989624023"></testcase>
    <testcase time="0.000444173812866211" name="16 - file error warn"></testcase>
    <testcase time="0.000319957733154297"
              name="17 - file error error"></testcase>
    <testcase time="0.00196003913879395"
              name="18 - file error alert"></testcase>
    <testcase time="0.000387907028198242" name="19 - stderr error"></testcase>
    <testcase name="20 - file low" time="0.00032496452331543"></testcase>
    <testcase time="0.00136995315551758" name="21 - file dup"></testcase>
    <testcase name="22 - file high" time="0.000898122787475586"></testcase>
    <testcase name="23 - stderr low" time="0.00059199333190918"></testcase>
    <testcase name="24 - stderr dup" time="0.00120997428894043"></testcase>
    <testcase time="0.000807046890258789" name="25 - stderr high"></testcase>
    <testcase time="0.0209808349609375" name="26 - no alerts"></testcase>
    <testcase name="27 - no sanitizer errors" time="0.000231027603149414"></testcase>
    <testcase name="(teardown)" time="0.00329399108886719" />
    <system-out><![CDATA[1..27
ok 1 - file debug debug
ok 2 - file debug info
ok 3 - stderr debug
ok 4 - file info debug
ok 5 - file info info
ok 6 - file info notice
ok 7 - stderr info
ok 8 - file notice info
ok 9 - file notice notice
ok 10 - file notice warn
ok 11 - stderr notice
ok 12 - file warn notice
ok 13 - file warn warn
ok 14 - file warn error
ok 15 - stderr warn
ok 16 - file error warn
ok 17 - file error error
ok 18 - file error alert
ok 19 - stderr error
ok 20 - file low
ok 21 - file dup
ok 22 - file high
ok 23 - stderr low
ok 24 - stderr dup
ok 25 - stderr high
ok 26 - no alerts
ok 27 - no sanitizer errors
]]></system-out>
    <system-err></system-err>
  </testsuite>
  <testsuite errors="0"
             tests="0"
             name="fastcgi_t"
             time="0.0905129909515381"
             failures="0">
    <testcase name="(init)" time="0.0888519287109375" />
    <testcase time="0.00166106224060059" name="(teardown)" />
    <system-out><![CDATA[1..0 # SKIP FCGI not installed
]]></system-out>
    <system-err></system-err>
  </testsuite>
  <testsuite name="fastcgi_body_t"
             tests="7"
             errors="0"
             failures="0"
             time="0.225129842758179">
    <testcase name="(init)" time="0.0878329277038574" />
    <testcase name="1 - fastcgi no body" time="0.105401039123535"></testcase>
    <testcase time="0.00216889381408691"
              name="2 - fastcgi empty body"></testcase>
    <testcase name="3 - fastcgi body" time="0.0019221305847168"></testcase>
    <testcase time="0.00208091735839844" name="4 - fastcgi chunked"></testcase>
    <testcase name="5 - fastcgi empty chunked" time="0.00737214088439941"></testcase>
    <testcase name="6 - no alerts" time="0.0162489414215088"></testcase>
    <testcase time="0.00043797492980957"
              name="7 - no sanitizer errors"></testcase>
    <testcase time="0.00166487693786621" name="(teardown)" />
    <system-out><![CDATA[1..7
ok 1 - fastcgi no body
ok 2 - fastcgi empty body
ok 3 - fastcgi body
not ok 4 - fastcgi chunked # TODO not yet
#   Failed (TODO) test 'fastcgi chunked'
#   at ./fastcgi_body.t line 65.
#                   'HTTP/1.1 302 Moved Temporarily
# Server: nginx/1.8.1
# Date: Mon, 16 May 2016 20:34:55 GMT
# Content-Type: text/html
# Transfer-Encoding: chunked
# Connection: close
# Location: http://127.0.0.1:8080/redirect
# X-Body: foobar_eos_eos
# 
# 9
# SEE-THIS
# 
# 0
# 
# '
#     doesn't match '(?^ms:X-Body: foobar_eos\x0d?$)'
not ok 5 - fastcgi empty chunked # TODO not yet

#   Failed (TODO) test 'fastcgi empty chunked'
#   at ./fastcgi_body.t line 77.
#                   'HTTP/1.1 302 Moved Temporarily
# Server: nginx/1.8.1
# Date: Mon, 16 May 2016 20:34:55 GMT
# Content-Type: text/html
# Transfer-Encoding: chunked
# Connection: close
# Location: http://127.0.0.1:8080/redirect
# X-Body: _eos_eos
# 
# 9
# SEE-THIS
# 
# 0
# 
# '
#     doesn't match '(?^ms:X-Body: _eos\x0d?$)'
ok 6 - no alerts
ok 7 - no sanitizer errors
]]></system-out>
    <system-err></system-err>
  </testsuite>
  <testsuite time="0.0675058364868164"
             failures="0"
             errors="0"
             name="fastcgi_body2_t"
             tests="0">
    <testcase name="(init)" time="0.0660507678985596" />
    <testcase name="(teardown)" time="0.00145506858825684" />
    <system-out><![CDATA[1..0 # SKIP FCGI not installed
]]></system-out>
    <system-err></system-err>
  </testsuite>
  <testsuite errors="0"
             tests="0"
             name="fastcgi_buffering_t"
             time="0.072246789932251"
             failures="0">
    <testcase name="(init)" time="0.0703098773956299" />
    <testcase time="0.00193691253662109" name="(teardown)" />
    <system-out><![CDATA[1..0 # SKIP FCGI not installed
]]></system-out>
    <system-err></system-err>
  </testsuite>
  <testsuite time="0.0711710453033447"
             failures="0"
             errors="0"
             tests="0"
             name="fastcgi_cache_t">
    <testcase name="(init)" time="0.0660340785980225" />
    <testcase time="0.00513696670532227" name="(teardown)" />
    <system-out><![CDATA[1..0 # SKIP FCGI not installed
]]></system-out>
    <system-err></system-err>
  </testsuite>
  <testsuite time="0.0706098079681396"
             failures="0"
             errors="0"
             name="fastcgi_header_params_t"
             tests="0">
    <testcase time="0.06911301612854" name="(init)" />
    <testcase name="(teardown)" time="0.00149679183959961" />
    <system-out><![CDATA[1..0 # SKIP FCGI not installed
]]></system-out>
    <system-err></system-err>
  </testsuite>
  <testsuite failures="0"
             time="5.41275906562805"
             tests="8"
             name="fastcgi_keepalive_t"
             errors="0">
    <testcase time="0.0839788913726807" name="(init)" />
    <testcase name="1 - fastcgi request" time="1.12282609939575"></testcase>
    <testcase name="2 - fastcgi redirect" time="0.814100980758667"></testcase>
    <testcase name="3 - fastcgi third request" time="0.821130990982056"></testcase>
    <testcase time="0.810477018356323"
              name="4 - single connection used"></testcase>
    <testcase time="0.0447571277618408" name="5 - no data in HEAD"></testcase>
    <testcase name="6 - new connection after HEAD" time="1.58826899528503"></testcase>
    <testcase name="7 - no alerts" time="0.12513279914856"></testcase>
    <testcase time="0.000478029251098633"
              name="8 - no sanitizer errors"></testcase>
    <testcase time="0.00160813331604004" name="(teardown)" />
    <system-out><![CDATA[1..8
ok 1 - fastcgi request
ok 2 - fastcgi redirect
ok 3 - fastcgi third request
ok 4 - single connection used
ok 5 - no data in HEAD
ok 6 - new connection after HEAD
ok 7 - no alerts
ok 8 - no sanitizer errors
]]></system-out>
    <system-err></system-err>
  </testsuite>
  <testsuite time="0.0785701274871826"
             failures="0"
             errors="0"
             name="fastcgi_merge_params_t"
             tests="0">
    <testcase time="0.0769641399383545" name="(init)" />
    <testcase time="0.00160598754882812" name="(teardown)" />
    <system-out><![CDATA[1..0 # SKIP FCGI not installed
]]></system-out>
    <system-err></system-err>
  </testsuite>
  <testsuite failures="0"
             time="0.0816719532012939"
             tests="0"
             name="fastcgi_merge_params2_t"
             errors="0">
    <testcase time="0.0796940326690674" name="(init)" />
    <testcase time="0.00197792053222656" name="(teardown)" />
    <system-out><![CDATA[1..0 # SKIP FCGI not installed
]]></system-out>
    <system-err></system-err>
  </testsuite>
  <testsuite time="0.0883679389953613"
             failures="0"
             errors="0"
             name="fastcgi_request_buffering_t"
             tests="0">
    <testcase name="(init)" time="0.0857558250427246" />
    <testcase name="(teardown)" time="0.00261211395263672" />
    <system-out><![CDATA[1..0 # SKIP FCGI not installed
]]></system-out>
    <system-err></system-err>
  </testsuite>
  <testsuite errors="0"
             name="fastcgi_request_buffering_chunked_t"
             tests="0"
             time="0.0695807933807373"
             failures="0">
    <testcase time="0.0677058696746826" name="(init)" />
    <testcase time="0.00187492370605469" name="(teardown)" />
    <system-out><![CDATA[1..0 # SKIP FCGI not installed
]]></system-out>
    <system-err></system-err>
  </testsuite>
  <testsuite time="0.0704200267791748"
             failures="0"
             errors="0"
             tests="0"
             name="fastcgi_split_t">
    <testcase time="0.0686299800872803" name="(init)" />
    <testcase name="(teardown)" time="0.00179004669189453" />
    <system-out><![CDATA[1..0 # SKIP FCGI not installed
]]></system-out>
    <system-err></system-err>
  </testsuite>
  <testsuite failures="0"
             time="0.0962069034576416"
             name="fastcgi_unix_t"
             tests="0"
             errors="0">
    <testcase time="0.0952420234680176" name="(init)" />
    <testcase time="0.000964879989624023" name="(teardown)" />
    <system-out><![CDATA[1..0 # SKIP FCGI not installed
]]></system-out>
    <system-err></system-err>
  </testsuite>
  <testsuite time="0.0795459747314453"
             failures="0"
             errors="0"
             name="fastcgi_variables_t"
             tests="0">
    <testcase time="0.0772109031677246" name="(init)" />
    <testcase name="(teardown)" time="0.0023350715637207" />
    <system-out><![CDATA[1..0 # SKIP FCGI not installed
]]></system-out>
    <system-err></system-err>
  </testsuite>
  <testsuite tests="0"
             name="geo_t"
             errors="0"
             failures="0"
             time="0.309283971786499">
    <testcase time="0.268899917602539" name="(init)" />
    <testcase name="(teardown)" time="0.04038405418396" />
    <system-out><![CDATA[1..0 # SKIP no 127.0.0.1 on host
]]></system-out>
    <system-err></system-err>
  </testsuite>
  <testsuite errors="1"
             name="gunzip_t"
             tests="15"
             time="0.443677186965942"
             failures="8">
    <testcase name="(init)" time="0.137650012969971" />
    <testcase name="1 - runs" time="0.258784055709839"></testcase>
    <testcase time="0.00112795829772949"
              name="2 - no content encoding"></testcase>
    <testcase name="3 - correct gunzipped response" time="0.0005950927734375">
      <failure message="not ok 3 - correct gunzipped response"
               type="TestFailed"><![CDATA[not ok 3 - correct gunzipped response]]></failure>
    </testcase>
    <testcase time="0.00274491310119629" name="4 - gzip still works - encoding">
      <failure message="not ok 4 - gzip still works - encoding"
               type="TestFailed"><![CDATA[not ok 4 - gzip still works - encoding]]></failure>
    </testcase>
    <testcase name="5 - gzip still works - content" time="0.000602960586547852">
      <failure type="TestFailed"
               message="not ok 5 - gzip still works - content"><![CDATA[not ok 5 - gzip still works - content]]></failure>
    </testcase>
    <testcase name="6 - multiple gzip members" time="0.00339102745056152">
      <failure type="TestFailed"
               message="not ok 6 - multiple gzip members"><![CDATA[not ok 6 - multiple gzip members]]></failure>
    </testcase>
    <testcase time="0.0027620792388916" name="7 - errors gunzipped">
      <failure message="not ok 7 - errors gunzipped"
               type="TestFailed"><![CDATA[not ok 7 - errors gunzipped]]></failure>
    </testcase>
    <testcase time="0.00954198837280273"
              name="8 - head - no content encoding"></testcase>
    <testcase name="9 - get vary" time="0.000601053237915039">
      <failure message="not ok 9 - get vary"
               type="TestFailed"><![CDATA[not ok 9 - get vary]]></failure>
    </testcase>
    <testcase time="0.00656795501708984" name="10 - head vary">
      <failure type="TestFailed"
               message="not ok 10 - head vary"><![CDATA[not ok 10 - head vary]]></failure>
    </testcase>
    <testcase time="0.000485897064208984"
              name="11 - no vary on non-gzipped get"></testcase>
    <testcase name="12 - no vary on non-gzipped head" time="0.000221014022827148"></testcase>
    <testcase time="0.000282049179077148" name="13 - gunzip empty">
      <failure type="TestFailed"
               message="not ok 13 - gunzip empty"><![CDATA[not ok 13 - gunzip empty]]></failure>
    </testcase>
    <testcase name="14 - no alerts" time="0.0139191150665283"></testcase>
    <testcase name="15 - no sanitizer errors" time="0.000308990478515625"></testcase>
    <testcase name="(teardown)" time="0.00409102439880371" />
    <system-out><![CDATA[1..15
ok 1 - runs
ok 2 - no content encoding
not ok 3 - correct gunzipped response
not ok 4 - gzip still works - encoding
not ok 5 - gzip still works - content
not ok 6 - multiple gzip members
not ok 7 - errors gunzipped
ok 8 - head - no content encoding
not ok 9 - get vary
not ok 10 - head vary
ok 11 - no vary on non-gzipped get
ok 12 - no vary on non-gzipped head
not ok 13 - gunzip empty
ok 14 - no alerts
ok 15 - no sanitizer errors
]]></system-out>
    <system-err><![CDATA[Dubious, test returned 8 (wstat 2048, 0x800)
]]></system-err>
    <error message="Dubious, test returned 8 (wstat 2048, 0x800)" />
  </testsuite>
  <testsuite time="0.0776619911193848"
             failures="0"
             errors="0"
             name="gunzip_memcached_t"
             tests="0">
    <testcase time="0.0760340690612793" name="(init)" />
    <testcase name="(teardown)" time="0.00162792205810547" />
    <system-out><![CDATA[1..0 # SKIP Cache::Memcached not installed
]]></system-out>
    <system-err></system-err>
  </testsuite>
  <testsuite failures="0"
             time="0.263514995574951"
             tests="4"
             name="gunzip_perl_t"
             errors="0">
    <testcase time="0.106297969818115" name="(init)" />
    <testcase name="1 - perl response gzipped" time="0.13322114944458"></testcase>
    <testcase name="2 - perl response gunzipped" time="0.00169801712036133"></testcase>
    <testcase time="0.019495964050293" name="3 - no alerts"></testcase>
    <testcase name="4 - no sanitizer errors" time="0.00067591667175293"></testcase>
    <testcase time="0.00212597846984863" name="(teardown)" />
    <system-out><![CDATA[1..4
ok 1 - perl response gzipped
ok 2 - perl response gunzipped
ok 3 - no alerts
ok 4 - no sanitizer errors
]]></system-out>
    <system-err></system-err>
  </testsuite>
  <testsuite errors="1"
             tests="6"
             name="gunzip_ssi_t"
             time="0.236817121505737"
             failures="2">
    <testcase name="(init)" time="0.100528001785278" />
    <testcase time="0.110579967498779"
              name="1 - no content encoding"></testcase>
    <testcase name="2 - correct gunzipped response" time="0.000494956970214844">
      <failure type="TestFailed"
               message="not ok 2 - correct gunzipped response"><![CDATA[not ok 2 - correct gunzipped response]]></failure>
    </testcase>
    <testcase time="0.00208306312561035"
              name="3 - gzip - no content encoding"></testcase>
    <testcase time="0.000308990478515625"
              name="4 - gzip - correct gunzipped response">
      <failure type="TestFailed"
               message="not ok 4 - gzip - correct gunzipped response"><![CDATA[not ok 4 - gzip - correct gunzipped response]]></failure>
    </testcase>
    <testcase name="5 - no alerts" time="0.0197761058807373"></testcase>
    <testcase name="6 - no sanitizer errors" time="0.000540971755981445"></testcase>
    <testcase name="(teardown)" time="0.00250506401062012" />
    <system-out><![CDATA[1..6
ok 1 - no content encoding
not ok 2 - correct gunzipped response
ok 3 - gzip - no content encoding
not ok 4 - gzip - correct gunzipped response
ok 5 - no alerts
ok 6 - no sanitizer errors
]]></system-out>
    <system-err><![CDATA[Dubious, test returned 2 (wstat 512, 0x200)
]]></system-err>
    <error message="Dubious, test returned 2 (wstat 512, 0x200)" />
  </testsuite>
  <testsuite name="gunzip_static_t"
             tests="14"
             errors="1"
             failures="8"
             time="0.278478860855103">
    <testcase time="0.225091934204102" name="(init)" />
    <testcase name="1 - runs" time="0.000474929809570312"></testcase>
    <testcase name="2 - correct gunzipped response" time="0.00113916397094727">
      <failure message="not ok 2 - correct gunzipped response"
               type="TestFailed"><![CDATA[not ok 2 - correct gunzipped response]]></failure>
    </testcase>
    <testcase time="0.00277996063232422" name="3 - gzip still works">
      <failure type="TestFailed"
               message="not ok 3 - gzip still works"><![CDATA[not ok 3 - gzip still works]]></failure>
    </testcase>
    <testcase time="0.00357294082641602" name="4 - gunzip with gzip_tested">
      <failure type="TestFailed"
               message="not ok 4 - gunzip with gzip_tested"><![CDATA[not ok 4 - gunzip with gzip_tested]]></failure>
    </testcase>
    <testcase time="0.00190305709838867"
              name="5 - gzip still works with gzip_tested">
      <failure message="not ok 5 - gzip still works with gzip_tested"
               type="TestFailed"><![CDATA[not ok 5 - gzip still works with gzip_tested]]></failure>
    </testcase>
    <testcase name="6 - multiple gzip members" time="0.00330495834350586">
      <failure type="TestFailed"
               message="not ok 6 - multiple gzip members"><![CDATA[not ok 6 - multiple gzip members]]></failure>
    </testcase>
    <testcase name="7 - errors gunzipped" time="0.00423192977905273">
      <failure message="not ok 7 - errors gunzipped"
               type="TestFailed"><![CDATA[not ok 7 - errors gunzipped]]></failure>
    </testcase>
    <testcase time="0.00263214111328125"
              name="8 - head - no content encoding"></testcase>
    <testcase name="9 - get vary" time="0.00139880180358887">
      <failure type="TestFailed"
               message="not ok 9 - get vary"><![CDATA[not ok 9 - get vary]]></failure>
    </testcase>
    <testcase name="10 - head vary" time="0.00258016586303711">
      <failure type="TestFailed"
               message="not ok 10 - head vary"><![CDATA[not ok 10 - head vary]]></failure>
    </testcase>
    <testcase name="11 - no vary on non-gzipped get" time="0.00317597389221191"></testcase>
    <testcase time="0.0016930103302002"
              name="12 - no vary on non-gzipped head"></testcase>
    <testcase time="0.0205440521240234" name="13 - no alerts"></testcase>
    <testcase time="0.000710010528564453"
              name="14 - no sanitizer errors"></testcase>
    <testcase name="(teardown)" time="0.00324583053588867" />
    <system-out><![CDATA[1..14
ok 1 - runs
not ok 2 - correct gunzipped response
not ok 3 - gzip still works
not ok 4 - gunzip with gzip_tested
not ok 5 - gzip still works with gzip_tested
not ok 6 - multiple gzip members
not ok 7 - errors gunzipped
ok 8 - head - no content encoding
not ok 9 - get vary
not ok 10 - head vary
ok 11 - no vary on non-gzipped get
ok 12 - no vary on non-gzipped head
ok 13 - no alerts
ok 14 - no sanitizer errors
]]></system-out>
    <system-err><![CDATA[Dubious, test returned 8 (wstat 2048, 0x800)
]]></system-err>
    <error message="Dubious, test returned 8 (wstat 2048, 0x800)" />
  </testsuite>
  <testsuite errors="1"
             tests="10"
             name="gzip_t"
             time="0.274940013885498"
             failures="2">
    <testcase name="(init)" time="0.104892015457153" />
    <testcase name="1 - gzip" time="0.115598917007446"></testcase>
    <testcase name="2 - gzip content correct" time="0.0219390392303467">
      <failure type="TestFailed"
               message="not ok 2 - gzip content correct"><![CDATA[not ok 2 - gzip content correct]]></failure>
    </testcase>
    <testcase name="3 - gzip proxied" time="0.00230693817138672"></testcase>
    <testcase time="0.000909090042114258" name="4 - gzip proxied content">
      <failure message="not ok 4 - gzip proxied content"
               type="TestFailed"><![CDATA[not ok 4 - gzip proxied content]]></failure>
    </testcase>
    <testcase name="5 - cleared accept-ranges" time="0.00441098213195801"></testcase>
    <testcase name="6 - cleared headers from proxy" time="0.00218701362609863"></testcase>
    <testcase name="7 - gzip head" time="0.0022280216217041"></testcase>
    <testcase time="0.00146102905273438" name="8 - no gzip head"></testcase>
    <testcase name="9 - no alerts" time="0.0151679515838623"></testcase>
    <testcase name="10 - no sanitizer errors" time="0.000989913940429688"></testcase>
    <testcase name="(teardown)" time="0.00284910202026367" />
    <system-out><![CDATA[1..10
ok 1 - gzip
not ok 2 - gzip content correct
ok 3 - gzip proxied
not ok 4 - gzip proxied content
ok 5 - cleared accept-ranges
ok 6 - cleared headers from proxy
ok 7 - gzip head
ok 8 - no gzip head
ok 9 - no alerts
ok 10 - no sanitizer errors
]]></system-out>
    <system-err><![CDATA[Dubious, test returned 2 (wstat 512, 0x200)
]]></system-err>
    <error message="Dubious, test returned 2 (wstat 512, 0x200)" />
  </testsuite>
  <testsuite time="0.233246088027954"
             failures="0"
             errors="0"
             tests="4"
             name="gzip_flush_t">
    <testcase name="(init)" time="0.0845839977264404" />
    <testcase name="1 - request with flush" time="0.10573410987854"></testcase>
    <testcase time="0.0227420330047607"
              name="2 - gzip request with flush"></testcase>
    <testcase name="3 - no alerts" time="0.0174298286437988"></testcase>
    <testcase name="4 - no sanitizer errors" time="0.000925064086914062"></testcase>
    <testcase time="0.0018310546875" name="(teardown)" />
    <system-out><![CDATA[1..4
ok 1 - request with flush
ok 2 - gzip request with flush
ok 3 - no alerts
ok 4 - no sanitizer errors
]]></system-out>
    <system-err></system-err>
  </testsuite>
  <testsuite time="0.256922960281372"
             failures="0"
             errors="0"
             name="h2_t"
             tests="0">
    <testcase name="(init)" time="0.227956771850586" />
    <testcase time="0.0289661884307861" name="(teardown)" />
    <system-out><![CDATA[1..0 # SKIP no http_v2 available
]]></system-out>
    <system-err></system-err>
  </testsuite>
  <testsuite errors="0"
             tests="0"
             name="h2_cache_t"
             time="0.161339998245239"
             failures="0">
    <testcase time="0.158401012420654" name="(init)" />
    <testcase name="(teardown)" time="0.00293898582458496" />
    <system-out><![CDATA[1..0 # SKIP no http_v2 available
]]></system-out>
    <system-err></system-err>
  </testsuite>
  <testsuite time="0.14919900894165"
             failures="0"
             errors="0"
             name="h2_fastcgi_request_buffering_t"
             tests="0">
    <testcase time="0.148007154464722" name="(init)" />
    <testcase name="(teardown)" time="0.00119185447692871" />
    <system-out><![CDATA[1..0 # SKIP no http_v2 available
]]></system-out>
    <system-err></system-err>
  </testsuite>
  <testsuite failures="0"
             time="0.180613040924072"
             tests="0"
             name="h2_headers_t"
             errors="0">
    <testcase time="0.174954891204834" name="(init)" />
    <testcase name="(teardown)" time="0.00565814971923828" />
    <system-out><![CDATA[1..0 # SKIP no http_v2 available
]]></system-out>
    <system-err></system-err>
  </testsuite>
  <testsuite errors="0"
             tests="0"
             name="h2_limit_conn_t"
             time="0.146142959594727"
             failures="0">
    <testcase time="0.142438888549805" name="(init)" />
    <testcase name="(teardown)" time="0.00370407104492188" />
    <system-out><![CDATA[1..0 # SKIP no http_v2 available
]]></system-out>
    <system-err></system-err>
  </testsuite>
  <testsuite tests="0"
             name="h2_limit_req_t"
             errors="0"
             failures="0"
             time="0.160192012786865">
    <testcase name="(init)" time="0.157111883163452" />
    <testcase name="(teardown)" time="0.00308012962341309" />
    <system-out><![CDATA[1..0 # SKIP no http_v2 available
]]></system-out>
    <system-err></system-err>
  </testsuite>
  <testsuite tests="0"
             name="h2_priority_t"
             errors="0"
             failures="0"
             time="0.154288053512573">
    <testcase name="(init)" time="0.148090124130249" />
    <testcase name="(teardown)" time="0.00619792938232422" />
    <system-out><![CDATA[1..0 # SKIP no http_v2 available
]]></system-out>
    <system-err></system-err>
  </testsuite>
  <testsuite time="0.153414011001587"
             failures="0"
             errors="0"
             name="h2_proxy_protocol_t"
             tests="0">
    <testcase time="0.15009593963623" name="(init)" />
    <testcase time="0.00331807136535645" name="(teardown)" />
    <system-out><![CDATA[1..0 # SKIP no http_v2 available
]]></system-out>
    <system-err></system-err>
  </testsuite>
  <testsuite errors="0"
             tests="0"
             name="h2_proxy_request_buffering_t"
             time="0.182384967803955"
             failures="0">
    <testcase name="(init)" time="0.177181959152222" />
    <testcase time="0.0052030086517334" name="(teardown)" />
    <system-out><![CDATA[1..0 # SKIP no http_v2 available
]]></system-out>
    <system-err></system-err>
  </testsuite>
  <testsuite failures="0"
             time="0.150897026062012"
             tests="0"
             name="h2_proxy_request_buffering_ssl_t"
             errors="0">
    <testcase name="(init)" time="0.146809101104736" />
    <testcase name="(teardown)" time="0.00408792495727539" />
    <system-out><![CDATA[1..0 # SKIP no http_v2 available
]]></system-out>
    <system-err></system-err>
  </testsuite>
  <testsuite failures="0"
             time="0.158354997634888"
             name="h2_proxy_ssl_t"
             tests="0"
             errors="0">
    <testcase name="(init)" time="0.155396938323975" />
    <testcase time="0.00295805931091309" name="(teardown)" />
    <system-out><![CDATA[1..0 # SKIP no http_v2 available
]]></system-out>
    <system-err></system-err>
  </testsuite>
  <testsuite failures="0"
             time="0.121752023696899"
             name="h2_request_body_t"
             tests="0"
             errors="0">
    <testcase name="(init)" time="0.11962103843689" />
    <testcase name="(teardown)" time="0.00213098526000977" />
    <system-out><![CDATA[1..0 # SKIP no http_v2 available
]]></system-out>
    <system-err></system-err>
  </testsuite>
  <testsuite errors="0"
             name="h2_server_tokens_t"
             tests="0"
             time="0.109698057174683"
             failures="0">
    <testcase time="0.106765985488892" name="(init)" />
    <testcase time="0.00293207168579102" name="(teardown)" />
    <system-out><![CDATA[1..0 # SKIP no http_v2 available
]]></system-out>
    <system-err></system-err>
  </testsuite>
  <testsuite failures="0"
             time="0.145662069320679"
             name="h2_ssl_t"
             tests="0"
             errors="0">
    <testcase name="(init)" time="0.143332958221436" />
    <testcase name="(teardown)" time="0.00232911109924316" />
    <system-out><![CDATA[1..0 # SKIP no http_v2 available
]]></system-out>
    <system-err></system-err>
  </testsuite>
  <testsuite tests="0"
             name="h2_variables_t"
             errors="0"
             failures="0"
             time="0.128798007965088">
    <testcase time="0.126857995986938" name="(init)" />
    <testcase time="0.00194001197814941" name="(teardown)" />
    <system-out><![CDATA[1..0 # SKIP no http_v2 available
]]></system-out>
    <system-err></system-err>
  </testsuite>
  <testsuite failures="17"
             time="0.280370950698853"
             tests="29"
             name="headers_t"
             errors="1">
    <testcase time="0.0775899887084961" name="(init)" />
    <testcase name="1 - good expires" time="0.103774070739746">
      <failure message="not ok 1 - good expires"
               type="TestFailed"><![CDATA[not ok 1 - good expires]]></failure>
    </testcase>
    <testcase name="2 - good add_header" time="0.000142812728881836">
      <failure message="not ok 2 - good add_header"
               type="TestFailed"><![CDATA[not ok 2 - good add_header]]></failure>
    </testcase>
    <testcase name="3 - good add_header always" time="0.00192904472351074"></testcase>
    <testcase time="0.00148797035217285"
              name="4 - good add_header always empty">
      <failure type="TestFailed"
               message="not ok 4 - good add_header always empty"><![CDATA[not ok 4 - good add_header always empty]]></failure>
    </testcase>
    <testcase name="5 - bad expires" time="0.00132298469543457"></testcase>
    <testcase time="0.000744104385375977" name="6 - bad add_header"></testcase>
    <testcase name="7 - bad add_header always" time="0.00026392936706543"></testcase>
    <testcase name="8 - bad add_header always empty" time="0.000144004821777344"></testcase>
    <testcase name="9 - expires epoch" time="0.00241708755493164">
      <failure message="not ok 9 - expires epoch"
               type="TestFailed"><![CDATA[not ok 9 - expires epoch]]></failure>
    </testcase>
    <testcase time="0.000128984451293945" name="10 - expires max">
      <failure type="TestFailed"
               message="not ok 10 - expires max"><![CDATA[not ok 10 - expires max]]></failure>
    </testcase>
    <testcase time="0.00127911567687988" name="11 - expires off"></testcase>
    <testcase time="0.00391387939453125" name="12 - expires access">
      <failure type="TestFailed"
               message="not ok 12 - expires access"><![CDATA[not ok 12 - expires access]]></failure>
    </testcase>
    <testcase time="0.00234889984130859" name="13 - expires inner">
      <failure message="not ok 13 - expires inner"
               type="TestFailed"><![CDATA[not ok 13 - expires inner]]></failure>
    </testcase>
    <testcase time="0.00506901741027832" name="14 - expires negative">
      <failure message="not ok 14 - expires negative"
               type="TestFailed"><![CDATA[not ok 14 - expires negative]]></failure>
    </testcase>
    <testcase time="0.00226998329162598" name="15 - expires daily">
      <failure message="not ok 15 - expires daily"
               type="TestFailed"><![CDATA[not ok 15 - expires daily]]></failure>
    </testcase>
    <testcase name="16 - expires modified" time="0.000261068344116211">
      <failure type="TestFailed"
               message="not ok 16 - expires modified"><![CDATA[not ok 16 - expires modified]]></failure>
    </testcase>
    <testcase name="17 - expires var epoch" time="0.00210809707641602">
      <failure message="not ok 17 - expires var epoch"
               type="TestFailed"><![CDATA[not ok 17 - expires var epoch]]></failure>
    </testcase>
    <testcase name="18 - expires var max" time="0.00921201705932617">
      <failure type="TestFailed"
               message="not ok 18 - expires var max"><![CDATA[not ok 18 - expires var max]]></failure>
    </testcase>
    <testcase name="19 - expires var off" time="0.000375986099243164"></testcase>
    <testcase name="20 - expires var access" time="0.00853490829467773">
      <failure message="not ok 20 - expires var access"
               type="TestFailed"><![CDATA[not ok 20 - expires var access]]></failure>
    </testcase>
    <testcase name="21 - expires var inner" time="0.000365972518920898">
      <failure type="TestFailed"
               message="not ok 21 - expires var inner"><![CDATA[not ok 21 - expires var inner]]></failure>
    </testcase>
    <testcase time="0.00980997085571289" name="22 - expires var negative">
      <failure message="not ok 22 - expires var negative"
               type="TestFailed"><![CDATA[not ok 22 - expires var negative]]></failure>
    </testcase>
    <testcase time="0.00373601913452148" name="23 - expires var daily">
      <failure type="TestFailed"
               message="not ok 23 - expires var daily"><![CDATA[not ok 23 - expires var daily]]></failure>
    </testcase>
    <testcase name="24 - expires var modified" time="0.00495004653930664">
      <failure type="TestFailed"
               message="not ok 24 - expires var modified"><![CDATA[not ok 24 - expires var modified]]></failure>
    </testcase>
    <testcase time="0.000633001327514648"
              name="25 - expires var empty"></testcase>
    <testcase name="26 - expires var bad" time="0.00100398063659668"></testcase>
    <testcase name="27 - expires var modified epoch" time="0.000391960144042969"></testcase>
    <testcase time="0.0282831192016602" name="28 - no alerts"></testcase>
    <testcase time="0.00206685066223145"
              name="29 - no sanitizer errors"></testcase>
    <testcase name="(teardown)" time="0.00381207466125488" />
    <system-out><![CDATA[1..29
not ok 1 - good expires
not ok 2 - good add_header
ok 3 - good add_header always
not ok 4 - good add_header always empty
ok 5 - bad expires
ok 6 - bad add_header
ok 7 - bad add_header always
not ok 8 - bad add_header always empty # TODO not yet

#   Failed (TODO) test 'bad add_header always empty'
#   at ./headers.t line 138.
#                   'HTTP/1.1 403 Forbidden
# Server: nginx/1.8.1
# Date: Mon, 16 May 2016 20:35:07 GMT
# Content-Type: text/html
# Content-Length: 168
# Connection: close
# X-Always: /nx
# ETag: foo
# 
# <html>
# <head><title>403 Forbidden</title></head>
# <body bgcolor="white">
# <center><h1>403 Forbidden</h1></center>
# <hr><center>nginx/1.8.1</center>
# </body>
# </html>
# '
#           matches '(?^:ETag)'
not ok 9 - expires epoch
not ok 10 - expires max
ok 11 - expires off
not ok 12 - expires access
not ok 13 - expires inner
not ok 14 - expires negative
not ok 15 - expires daily
not ok 16 - expires modified
not ok 17 - expires var epoch
not ok 18 - expires var max
ok 19 - expires var off
not ok 20 - expires var access
not ok 21 - expires var inner
not ok 22 - expires var negative
not ok 23 - expires var daily
not ok 24 - expires var modified
ok 25 - expires var empty
ok 26 - expires var bad
ok 27 - expires var modified epoch
ok 28 - no alerts
ok 29 - no sanitizer errors
]]></system-out>
    <system-err><![CDATA[Dubious, test returned 17 (wstat 4352, 0x1100)
]]></system-err>
    <error message="Dubious, test returned 17 (wstat 4352, 0x1100)" />
  </testsuite>
  <testsuite errors="0"
             name="http_disable_symlinks_t"
             tests="0"
             time="0.0902149677276611"
             failures="0">
    <testcase name="(init)" time="0.0880990028381348" />
    <testcase name="(teardown)" time="0.00211596488952637" />
    <system-out><![CDATA[1..0 # SKIP no external file found
]]></system-out>
    <system-err></system-err>
  </testsuite>
  <testsuite tests="9"
             name="http_error_page_t"
             errors="1"
             failures="1"
             time="0.230072975158691">
    <testcase name="(init)" time="0.0904409885406494" />
    <testcase time="0.105329036712646" name="1 - redirect 200"></testcase>
    <testcase name="2 - redirect 497" time="0.0020749568939209"></testcase>
    <testcase time="0.00265097618103027"
              name="3 - error 302 redirect - old location cleared"></testcase>
    <testcase name="4 - error 302 return 302 text - old location cleared" time="0.00229811668395996"></testcase>
    <testcase name="5 - error 302 rewrite - old location cleared" time="0.00165295600891113"></testcase>
    <testcase time="0.00177788734436035"
              name="6 - error 302 directory redirect - old location cleared">
      <failure message="not ok 6 - error 302 directory redirect - old location cleared"
               type="TestFailed"><![CDATA[not ok 6 - error 302 directory redirect - old location cleared]]></failure>
    </testcase>
    <testcase time="0.00444507598876953"
              name="7 - error 302 auto redirect - old location cleared"></testcase>
    <testcase name="8 - no alerts" time="0.0167291164398193"></testcase>
    <testcase name="9 - no sanitizer errors" time="0.000375986099243164"></testcase>
    <testcase time="0.00229787826538086" name="(teardown)" />
    <system-out><![CDATA[1..9
ok 1 - redirect 200
ok 2 - redirect 497
ok 3 - error 302 redirect - old location cleared
ok 4 - error 302 return 302 text - old location cleared
ok 5 - error 302 rewrite - old location cleared
not ok 6 - error 302 directory redirect - old location cleared
ok 7 - error 302 auto redirect - old location cleared
ok 8 - no alerts
ok 9 - no sanitizer errors
]]></system-out>
    <system-err><![CDATA[Dubious, test returned 1 (wstat 256, 0x100)
]]></system-err>
    <error message="Dubious, test returned 1 (wstat 256, 0x100)" />
  </testsuite>
  <testsuite failures="0"
             time="0.204044103622437"
             name="http_expect_100_continue_t"
             tests="7"
             errors="0">
    <testcase time="0.0735039710998535" name="(init)" />
    <testcase time="0.104700088500977"
              name="1 - expect 100 continue"></testcase>
    <testcase name="2 - expect 100 continue case-insensitive" time="0.00157403945922852"></testcase>
    <testcase name="3 - no 100 continue via http 1.0" time="0.00144696235656738"></testcase>
    <testcase name="4 - unknown expectation" time="0.00125789642333984"></testcase>
    <testcase name="5 - unsupported expectation extension" time="0.00388097763061523"></testcase>
    <testcase name="6 - no alerts" time="0.0150179862976074"></testcase>
    <testcase time="0.000905036926269531"
              name="7 - no sanitizer errors"></testcase>
    <testcase time="0.00175714492797852" name="(teardown)" />
    <system-out><![CDATA[1..7
ok 1 - expect 100 continue
ok 2 - expect 100 continue case-insensitive
ok 3 - no 100 continue via http 1.0
not ok 4 - unknown expectation # TODO not yet

#   Failed (TODO) test 'unknown expectation'
#   at ./http_expect_100_continue.t line 86.
#                   'HTTP/1.1 403 Forbidden
# Server: nginx/1.8.1
# Date: Mon, 16 May 2016 20:35:07 GMT
# Content-Type: text/html
# Content-Length: 168
# Connection: close
# 
# <html>
# <head><title>403 Forbidden</title></head>
# <body bgcolor="white">
# <center><h1>403 Forbidden</h1></center>
# <hr><center>nginx/1.8.1</center>
# </body>
# </html>
# '
#     doesn't match '(?^: 417 )'
not ok 5 - unsupported expectation extension # TODO not yet

#   Failed (TODO) test 'unsupported expectation extension'
#   at ./http_expect_100_continue.t line 87.
#                   'HTTP/1.1 403 Forbidden
# Server: nginx/1.8.1
# Date: Mon, 16 May 2016 20:35:07 GMT
# Content-Type: text/html
# Content-Length: 168
# Connection: close
# 
# <html>
# <head><title>403 Forbidden</title></head>
# <body bgcolor="white">
# <center><h1>403 Forbidden</h1></center>
# <hr><center>nginx/1.8.1</center>
# </body>
# </html>
# '
#     doesn't match '(?^: 417 )'
ok 6 - no alerts
ok 7 - no sanitizer errors
]]></system-out>
    <system-err></system-err>
  </testsuite>
  <testsuite failures="0"
             time="0.23356294631958"
             name="http_host_t"
             tests="37"
             errors="0">
    <testcase time="0.0739929676055908" name="(init)" />
    <testcase time="0.103950023651123"
              name="1 - domain w/o port (host header)"></testcase>
    <testcase time="0.00100088119506836"
              name="2 - domain w/port (host header)"></testcase>
    <testcase name="3 - domain w/o port (absolute request)" time="0.00169610977172852"></testcase>
    <testcase name="4 - domain w/port (absolute request)" time="0.00239086151123047"></testcase>
    <testcase time="0.000372171401977539"
              name="5 - domain w/ ending dot w/o port (host header)"></testcase>
    <testcase time="0.00233197212219238"
              name="6 - domain w/ ending dot w/port (host header)"></testcase>
    <testcase name="7 - domain w/ ending dot w/o port (absolute request)" time="0.000397920608520508"></testcase>
    <testcase time="0.00105595588684082"
              name="8 - domain w/ ending dot w/port (absolute request)"></testcase>
    <testcase name="9 - mixed case domain w/o port (absolute request)" time="0.00194907188415527"></testcase>
    <testcase time="0.00077509880065918"
              name="10 - mixed case domain w/port (host header)"></testcase>
    <testcase name="11 - ipv4 w/o port (host header)" time="0.00192093849182129"></testcase>
    <testcase time="0.000424861907958984"
              name="12 - ipv4 w/port (host header)"></testcase>
    <testcase name="13 - ipv4 w/o port (absolute request)" time="0.00165200233459473"></testcase>
    <testcase name="14 - ipv4 w/port (absolute request)" time="0.000723123550415039"></testcase>
    <testcase time="0.000738859176635742"
              name="15 - ipv6 literal w/o port (host header)"></testcase>
    <testcase time="0.000706195831298828"
              name="16 - ipv6 literal w/port (host header)"></testcase>
    <testcase time="0.000672817230224609"
              name="17 - ipv6 literal w/o port (absolute request)"></testcase>
    <testcase name="18 - ipv6 literal w/port (absolute request)" time="0.000977993011474609"></testcase>
    <testcase time="0.0006561279296875"
              name="19 - ipv4-mapped ipv6 w/o port (host header)"></testcase>
    <testcase name="20 - ipv4-mapped ipv6 w/port (host header)" time="0.000669002532958984"></testcase>
    <testcase time="0.000922918319702148"
              name="21 - ipv4-mapped ipv6 w/o port (absolute request)"></testcase>
    <testcase time="0.000914096832275391"
              name="22 - ipv4-mapped ipv6 w/port (absolute request)"></testcase>
    <testcase time="0.000844955444335938"
              name="23 - domain w/ path separators (host header)"></testcase>
    <testcase name="24 - domain w/ path separators (absolute request)" time="0.000869989395141602"></testcase>
    <testcase name="25 - domain w/ double dot (host header)" time="0.000725030899047852"></testcase>
    <testcase name="26 - domain w/ double dot (absolute request)" time="0.000910043716430664"></testcase>
    <testcase time="0.000705957412719727"
              name="27 - ipv6 literal w/ path separators (host header)"></testcase>
    <testcase time="0.000982999801635742"
              name="28 - ipv6 literal w/ path separators (absolute request)"></testcase>
    <testcase name="29 - ipv6 literal w/ double dot (host header)" time="0.00084996223449707"></testcase>
    <testcase time="0.000732898712158203"
              name="30 - ipv6 literal w/ double dot (absolute request)"></testcase>
    <testcase name="31 - ipv6 literal w/ double dot (host header)" time="0.000781059265136719"></testcase>
    <testcase name="32 - ipv6 literal w/ double dot (absolute request)" time="0.00092315673828125"></testcase>
    <testcase name="33 - IPvFuture all symbols (host header)" time="0.000803947448730469"></testcase>
    <testcase name="34 - IPvFuture all symbols (absolute request)" time="0.000905990600585938"></testcase>
    <testcase time="0.00114798545837402"
              name="35 - double port hack"></testcase>
    <testcase time="0.0181069374084473" name="36 - no alerts"></testcase>
    <testcase time="0.000631093978881836"
              name="37 - no sanitizer errors"></testcase>
    <testcase name="(teardown)" time="0.00274896621704102" />
    <system-out><![CDATA[1..37
ok 1 - domain w/o port (host header)
ok 2 - domain w/port (host header)
ok 3 - domain w/o port (absolute request)
ok 4 - domain w/port (absolute request)
ok 5 - domain w/ ending dot w/o port (host header)
ok 6 - domain w/ ending dot w/port (host header)
ok 7 - domain w/ ending dot w/o port (absolute request)
ok 8 - domain w/ ending dot w/port (absolute request)
ok 9 - mixed case domain w/o port (absolute request)
ok 10 - mixed case domain w/port (host header)
ok 11 - ipv4 w/o port (host header)
ok 12 - ipv4 w/port (host header)
ok 13 - ipv4 w/o port (absolute request)
ok 14 - ipv4 w/port (absolute request)
ok 15 - ipv6 literal w/o port (host header)
ok 16 - ipv6 literal w/port (host header)
ok 17 - ipv6 literal w/o port (absolute request)
ok 18 - ipv6 literal w/port (absolute request)
ok 19 - ipv4-mapped ipv6 w/o port (host header)
ok 20 - ipv4-mapped ipv6 w/port (host header)
ok 21 - ipv4-mapped ipv6 w/o port (absolute request)
ok 22 - ipv4-mapped ipv6 w/port (absolute request)
ok 23 - domain w/ path separators (host header)
ok 24 - domain w/ path separators (absolute request)
ok 25 - domain w/ double dot (host header)
ok 26 - domain w/ double dot (absolute request)
ok 27 - ipv6 literal w/ path separators (host header)
ok 28 - ipv6 literal w/ path separators (absolute request)
ok 29 - ipv6 literal w/ double dot (host header)
ok 30 - ipv6 literal w/ double dot (absolute request)
ok 31 - ipv6 literal w/ double dot (host header)
ok 32 - ipv6 literal w/ double dot (absolute request)
ok 33 - IPvFuture all symbols (host header)
ok 34 - IPvFuture all symbols (absolute request)
ok 35 - double port hack
ok 36 - no alerts
ok 37 - no sanitizer errors
]]></system-out>
    <system-err></system-err>
  </testsuite>
  <testsuite errors="0"
             tests="16"
             name="http_location_t"
             time="0.225110054016113"
             failures="0">
    <testcase name="(init)" time="0.0902490615844727" />
    <testcase name="1 - exactlyroot" time="0.106536865234375"></testcase>
    <testcase name="2 - root" time="0.000828981399536133"></testcase>
    <testcase name="3 - images" time="0.000658988952636719"></testcase>
    <testcase name="4 - regex" time="0.00083613395690918"></testcase>
    <testcase time="0.00111699104309082"
              name="5 - regex with mungled case"></testcase>
    <testcase name="6 - first regex wins" time="0.000977039337158203"></testcase>
    <testcase time="0.00110197067260742" name="7 - casefull regex"></testcase>
    <testcase name="8 - /foo exact" time="0.000803947448730469"></testcase>
    <testcase name="9 - /foo prefix" time="0.000653982162475586"></testcase>
    <testcase time="0.00076603889465332" name="10 - /foo/ exact"></testcase>
    <testcase name="11 - /foo/ prefix" time="0.00088191032409668"></testcase>
    <testcase name="12 - casefull regex do not match wrong case" time="0.00114011764526367"></testcase>
    <testcase time="0.00084686279296875" name="13 - lowercase"></testcase>
    <testcase name="14 - uppercase" time="0.00108814239501953"></testcase>
    <testcase time="0.0143029689788818" name="15 - no alerts"></testcase>
    <testcase name="16 - no sanitizer errors" time="0.000725984573364258"></testcase>
    <testcase name="(teardown)" time="0.00159406661987305" />
    <system-out><![CDATA[1..16
ok 1 - exactlyroot
ok 2 - root
ok 3 - images
ok 4 - regex
ok 5 - regex with mungled case
ok 6 - first regex wins
ok 7 - casefull regex
ok 8 - /foo exact
ok 9 - /foo prefix
ok 10 - /foo/ exact
ok 11 - /foo/ prefix
ok 12 - casefull regex do not match wrong case
ok 13 - lowercase
ok 14 - uppercase
ok 15 - no alerts
ok 16 - no sanitizer errors
]]></system-out>
    <system-err></system-err>
  </testsuite>
  <testsuite time="0.202451944351196"
             failures="0"
             errors="0"
             name="http_location_auto_t"
             tests="6">
    <testcase name="(init)" time="0.0772528648376465" />
    <testcase name="1 - auto redirect" time="0.103662967681885"></testcase>
    <testcase time="0.00148200988769531" name="2 - match a"></testcase>
    <testcase name="3 - match a-a" time="0.000798940658569336"></testcase>
    <testcase name="4 - match a-b" time="0.000987052917480469"></testcase>
    <testcase time="0.0153889656066895" name="5 - no alerts"></testcase>
    <testcase name="6 - no sanitizer errors" time="0.000411033630371094"></testcase>
    <testcase time="0.00246810913085938" name="(teardown)" />
    <system-out><![CDATA[1..6
ok 1 - auto redirect
ok 2 - match a
ok 3 - match a-a
ok 4 - match a-b
ok 5 - no alerts
ok 6 - no sanitizer errors
]]></system-out>
    <system-err></system-err>
  </testsuite>
  <testsuite tests="0"
             name="http_location_win32_t"
             errors="0"
             failures="0"
             time="0.0743122100830078">
    <testcase time="0.0737950801849365" name="(init)" />
    <testcase name="(teardown)" time="0.000517129898071289" />
    <system-out><![CDATA[1..0 # SKIP not win32
]]></system-out>
    <system-err></system-err>
  </testsuite>
  <testsuite tests="40"
             name="http_resolver_t"
             errors="0"
             failures="0"
             time="27.3340628147125">
    <testcase name="(init)" time="0.187124013900757" />
    <testcase time="0.00499582290649414" name="1 - A"></testcase>
    <testcase name="2 - A case-insensitive" time="0.00347018241882324"></testcase>
    <testcase name="3 - A uncompressed" time="0.00176286697387695"></testcase>
    <testcase time="1.0041561126709"
              name="4 - A short dns response"></testcase>
    <testcase time="0.0013890266418457" name="5 - NXDOMAIN"></testcase>
    <testcase name="6 - CNAME" time="0.00310182571411133"></testcase>
    <testcase name="7 - CNAME cached" time="0.00249505043029785"></testcase>
    <testcase time="0.00161099433898926" name="8 - CNAME + A"></testcase>
    <testcase name="9 - CNAME bad" time="1.00649499893188"></testcase>
    <testcase name="10 - long label" time="0.00272607803344727"></testcase>
    <testcase name="11 - long name" time="0.00230002403259277"></testcase>
    <testcase time="0.00149083137512207" name="12 - DNAME"></testcase>
    <testcase name="13 - A many" time="0.00170707702636719"></testcase>
    <testcase name="14 - A many cached" time="0.00143003463745117"></testcase>
    <testcase time="0.00189304351806641" name="15 - two ns bad"></testcase>
    <testcase name="16 - two ns good" time="0.00258898735046387"></testcase>
    <testcase time="0.0017540454864502" name="17 - two ns cached"></testcase>
    <testcase name="18 - ttl" time="0.00236201286315918"></testcase>
    <testcase name="19 - ttl cached 1" time="0.0016179084777832"></testcase>
    <testcase name="20 - ttl cached 2" time="0.00271487236022949"></testcase>
    <testcase time="2.00451707839966" name="21 - ttl expired"></testcase>
    <testcase name="22 - zero ttl" time="0.00171995162963867"></testcase>
    <testcase name="23 - zero ttl not cached" time="0.00307202339172363"></testcase>
    <testcase name="24 - valid" time="0.0134651660919189"></testcase>
    <testcase name="25 - valid cached 1" time="0.000611782073974609"></testcase>
    <testcase time="0.000526189804077148" name="26 - valid cached 2"></testcase>
    <testcase time="2.00191688537598"
              name="27 - valid overrides ttl"></testcase>
    <testcase name="28 - valid expired" time="4.00159811973572"></testcase>
    <testcase time="2.00590682029724"
              name="29 - CNAME + A with expired CNAME ttl"></testcase>
    <testcase time="0.00108814239501953" name="30 - no resolver"></testcase>
    <testcase time="0.000650882720947266"
              name="31 - resend after malformed response"></testcase>
    <testcase name="32 - resend after format error" time="0.000729084014892578"></testcase>
    <testcase name="33 - timeout handler on 2nd request" time="0.00117087364196777"></testcase>
    <testcase name="34 - format error" time="1.00706815719604"></testcase>
    <testcase time="4.00283789634705"
              name="35 - timeout after aborted request"></testcase>
    <testcase time="0.00176811218261719" name="36 - tc"></testcase>
    <testcase time="0.0022890567779541" name="37 - tcp"></testcase>
    <testcase time="5.00347995758057" name="38 - tcp with resend"></testcase>
    <testcase time="5.03745698928833" name="39 - no alerts"></testcase>
    <testcase name="40 - no sanitizer errors" time="0.00108790397644043"></testcase>
    <testcase time="0.00191593170166016" name="(teardown)" />
    <system-out><![CDATA[1..40
ok 1 - A
ok 2 - A case-insensitive
ok 3 - A uncompressed
ok 4 - A short dns response
ok 5 - NXDOMAIN
ok 6 - CNAME
ok 7 - CNAME cached
ok 8 - CNAME + A
ok 9 - CNAME bad
ok 10 - long label
ok 11 - long name
ok 12 - DNAME
ok 13 - A many
ok 14 - A many cached
ok 15 - two ns bad
ok 16 - two ns good
ok 17 - two ns cached
ok 18 - ttl
ok 19 - ttl cached 1
ok 20 - ttl cached 2
ok 21 - ttl expired
ok 22 - zero ttl
not ok 23 - zero ttl not cached # TODO support for zero ttl

#   Failed (TODO) test 'zero ttl not cached'
#   at ./http_resolver.t line 209.
#                   'HTTP/1.1 200 OK
# Server: nginx/1.8.1
# Date: Mon, 16 May 2016 20:35:12 GMT
# Content-Type: text/plain
# Content-Length: 0
# Connection: close
# 
# '
#     doesn't match '(?^:502 Bad)'
ok 24 - valid
ok 25 - valid cached 1
ok 26 - valid cached 2
ok 27 - valid overrides ttl
ok 28 - valid expired
ok 29 - CNAME + A with expired CNAME ttl
ok 30 - no resolver
ok 31 - resend after malformed response
ok 32 - resend after format error
ok 33 - timeout handler on 2nd request
ok 34 - format error
ok 35 - timeout after aborted request
not ok 36 - tc # TODO not yet

#   Failed (TODO) test 'tc'
#   at ./http_resolver.t line 283.
#                   'HTTP/1.1 502 Bad Gateway
# Server: nginx/1.8.1
# Date: Mon, 16 May 2016 20:35:25 GMT
# Content-Type: text/plain
# Content-Length: 16
# Connection: close
# 
# 127.0.0.201:8080'
#           matches '(?^:127.0.0.201)'
not ok 37 - tcp # TODO not yet

#   Failed (TODO) test 'tcp'
#   at ./http_resolver.t line 284.
#                   'HTTP/1.1 502 Bad Gateway
# Server: nginx/1.8.1
# Date: Mon, 16 May 2016 20:35:25 GMT
# Content-Type: text/plain
# Content-Length: 16
# Connection: close
# 
# 127.0.0.201:8080'
#     doesn't match '(?^:X-IP: 127.0.0.1)'
not ok 38 - tcp with resend # TODO not yet

#   Failed (TODO) test 'tcp with resend'
#   at ./http_resolver.t line 285.
#                   'HTTP/1.1 502 Bad Gateway
# Server: nginx/1.8.1
# Date: Mon, 16 May 2016 20:35:30 GMT
# Content-Type: text/plain
# Content-Length: 16
# Connection: close
# 
# 127.0.0.201:8080'
#     doesn't match '(?^:X-IP: 127.0.0.1)'
ok 39 - no alerts
ok 40 - no sanitizer errors
]]></system-out>
    <system-err></system-err>
  </testsuite>
  <testsuite errors="0"
             name="http_resolver_aaaa_t"
             tests="74"
             time="5.3552839756012"
             failures="0">
    <testcase name="(init)" time="0.207409143447876" />
    <testcase time="0.104681015014648" name="1 - AAAA"></testcase>
    <testcase time="0.00121092796325684" name="2 - CNAME"></testcase>
    <testcase time="0.00162410736083984" name="3 - CNAME cached"></testcase>
    <testcase time="0.00222492218017578" name="4 - CNAME + AAAA"></testcase>
    <testcase time="0.00170993804931641" name="5 - AAAA many"></testcase>
    <testcase name="6 - AAAA many cached" time="0.0019381046295166"></testcase>
    <testcase time="0.00159192085266113" name="7 - two ns bad"></testcase>
    <testcase time="0.00237298011779785" name="8 - two ns good"></testcase>
    <testcase time="0.00157690048217773" name="9 - two ns cached"></testcase>
    <testcase time="0.00164508819580078"
              name="10 - zero zero responses"></testcase>
    <testcase time="0.000625133514404297" name="11 - zero zero"></testcase>
    <testcase time="0.00159788131713867" name="12 - zero AAAA"></testcase>
    <testcase name="13 - zero CNAME responses" time="0.00272107124328613"></testcase>
    <testcase name="14 - zero CNAME 1" time="0.00245404243469238"></testcase>
    <testcase time="0.000772953033447266" name="15 - zero CNAME 2"></testcase>
    <testcase time="0.00219082832336426"
              name="16 - zero CNAME+AAAA responses"></testcase>
    <testcase name="17 - zero CNAME+AAAA 1" time="0.000584125518798828"></testcase>
    <testcase time="0.000519990921020508"
              name="18 - zero CNAME+AAAA 2"></testcase>
    <testcase time="0.00217604637145996"
              name="19 - zero error responses"></testcase>
    <testcase name="20 - zero error" time="0.0005340576171875"></testcase>
    <testcase time="0.00168299674987793" name="21 - A zero"></testcase>
    <testcase time="0.00148296356201172"
              name="22 - A AAAA responses"></testcase>
    <testcase time="0.000690937042236328" name="23 - A AAAA 1"></testcase>
    <testcase name="24 - A AAAA 2" time="0.00127005577087402"></testcase>
    <testcase time="0.00211405754089355" name="25 - A CNAME"></testcase>
    <testcase time="0.00174093246459961"
              name="26 - A CNAME+AAAA responses"></testcase>
    <testcase name="27 - A CNAME+AAAA 1" time="0.000524997711181641"></testcase>
    <testcase time="0.000647068023681641" name="28 - A CNAME+AAAA 2"></testcase>
    <testcase time="0.000422954559326172" name="29 - A CNAME+AAAA 3"></testcase>
    <testcase name="30 - A CNAME+AAAA 4" time="0.000342845916748047"></testcase>
    <testcase time="0.0016942024230957"
              name="31 - A error responses"></testcase>
    <testcase name="32 - A error" time="0.000546932220458984"></testcase>
    <testcase name="33 - CNAME zero responses" time="0.00168800354003906"></testcase>
    <testcase time="0.00142002105712891" name="34 - CNAME zero"></testcase>
    <testcase name="35 - CNAME AAAA" time="0.00171899795532227"></testcase>
    <testcase name="36 - CNAME CNAME responses" time="0.00200581550598145"></testcase>
    <testcase name="37 - CNAME CNAME 1" time="0.000599145889282227"></testcase>
    <testcase time="0.000618934631347656" name="38 - CNAME CNAME 2"></testcase>
    <testcase name="39 - CNAME1 CNAME2" time="0.00185394287109375"></testcase>
    <testcase name="40 - CNAME CNAME+AAAA responses" time="0.00184011459350586"></testcase>
    <testcase name="41 - CNAME CNAME+AAAA 1" time="0.00128793716430664"></testcase>
    <testcase name="42 - CNAME CNAME+AAAA 1" time="0.000370025634765625"></testcase>
    <testcase time="0.00145912170410156"
              name="43 - CNAME error responses"></testcase>
    <testcase time="0.000522851943969727" name="44 - CNAME error"></testcase>
    <testcase name="45 - CNAME+A zero responses" time="0.00169014930725098"></testcase>
    <testcase time="0.000575780868530273" name="46 - CNAME+A zero 1"></testcase>
    <testcase name="47 - CNAME+A zero 2" time="0.000519037246704102"></testcase>
    <testcase time="0.0024421215057373"
              name="48 - CNAME+A AAAA responses"></testcase>
    <testcase name="49 - CNAME+A AAAA 1" time="0.000625848770141602"></testcase>
    <testcase name="50 - CNAME+A AAAA 2" time="0.000461101531982422"></testcase>
    <testcase name="51 - CNAME+A AAAA 3" time="0.000402927398681641"></testcase>
    <testcase name="52 - CNAME+A AAAA 4" time="0.000960111618041992"></testcase>
    <testcase name="53 - CNAME+A CNAME responses" time="0.0026400089263916"></testcase>
    <testcase time="0.00165390968322754" name="54 - CNAME+A CNAME 1"></testcase>
    <testcase name="55 - CNAME+A CNAME 2" time="0.000579118728637695"></testcase>
    <testcase name="56 - CNAME+A CNAME+AAAA responses" time="0.00310182571411133"></testcase>
    <testcase name="57 - CNAME+A CNAME+AAAA 1" time="0.000796079635620117"></testcase>
    <testcase name="58 - CNAME+A CNAME+AAAA 2" time="0.000411033630371094"></testcase>
    <testcase name="59 - CNAME+A CNAME+AAAA 3" time="0.000900030136108398"></testcase>
    <testcase name="60 - CNAME+A CNAME+AAAA 4" time="0.000393867492675781"></testcase>
    <testcase time="0.000321149826049805"
              name="61 - CNAME+A error responses"></testcase>
    <testcase time="0.000363826751708984" name="62 - CNAME+A error"></testcase>
    <testcase time="0.000468015670776367"
              name="63 - error zero responses"></testcase>
    <testcase time="0.000203132629394531" name="64 - error zero"></testcase>
    <testcase time="0.000401020050048828"
              name="65 - error AAAA responses"></testcase>
    <testcase time="0.000211000442504883" name="66 - error AAAA"></testcase>
    <testcase time="0.0035710334777832"
              name="67 - error CNAME responses"></testcase>
    <testcase name="68 - error CNAME" time="0.000494003295898438"></testcase>
    <testcase name="69 - error CNAME+AAAA responses" time="0.00341081619262695"></testcase>
    <testcase name="70 - error CNAME+AAAA" time="0.000362157821655273"></testcase>
    <testcase name="71 - error error responses" time="0.000792980194091797"></testcase>
    <testcase name="72 - error error" time="0.000257968902587891"></testcase>
    <testcase time="4.95275092124939" name="73 - no alerts"></testcase>
    <testcase name="74 - no sanitizer errors" time="0.000507116317749023"></testcase>
    <testcase name="(teardown)" time="0.00230884552001953" />
    <system-out><![CDATA[1..74
ok 1 - AAAA
ok 2 - CNAME
ok 3 - CNAME cached
ok 4 - CNAME + AAAA
ok 5 - AAAA many
ok 6 - AAAA many cached
ok 7 - two ns bad
ok 8 - two ns good
ok 9 - two ns cached
ok 10 - zero zero responses
ok 11 - zero zero
ok 12 - zero AAAA
ok 13 - zero CNAME responses
ok 14 - zero CNAME 1
ok 15 - zero CNAME 2
ok 16 - zero CNAME+AAAA responses
ok 17 - zero CNAME+AAAA 1
ok 18 - zero CNAME+AAAA 2
ok 19 - zero error responses
ok 20 - zero error
ok 21 - A zero
ok 22 - A AAAA responses
ok 23 - A AAAA 1
ok 24 - A AAAA 2
ok 25 - A CNAME
ok 26 - A CNAME+AAAA responses
ok 27 - A CNAME+AAAA 1
ok 28 - A CNAME+AAAA 2
ok 29 - A CNAME+AAAA 3
ok 30 - A CNAME+AAAA 4
ok 31 - A error responses
ok 32 - A error
ok 33 - CNAME zero responses
ok 34 - CNAME zero
ok 35 - CNAME AAAA
ok 36 - CNAME CNAME responses
ok 37 - CNAME CNAME 1
ok 38 - CNAME CNAME 2
ok 39 - CNAME1 CNAME2
ok 40 - CNAME CNAME+AAAA responses
ok 41 - CNAME CNAME+AAAA 1
ok 42 - CNAME CNAME+AAAA 1
ok 43 - CNAME error responses
ok 44 - CNAME error
ok 45 - CNAME+A zero responses
ok 46 - CNAME+A zero 1
ok 47 - CNAME+A zero 2
ok 48 - CNAME+A AAAA responses
ok 49 - CNAME+A AAAA 1
ok 50 - CNAME+A AAAA 2
ok 51 - CNAME+A AAAA 3
ok 52 - CNAME+A AAAA 4
ok 53 - CNAME+A CNAME responses
ok 54 - CNAME+A CNAME 1
ok 55 - CNAME+A CNAME 2
ok 56 - CNAME+A CNAME+AAAA responses
ok 57 - CNAME+A CNAME+AAAA 1
ok 58 - CNAME+A CNAME+AAAA 2
ok 59 - CNAME+A CNAME+AAAA 3
ok 60 - CNAME+A CNAME+AAAA 4
ok 61 - CNAME+A error responses
ok 62 - CNAME+A error
ok 63 - error zero responses
ok 64 - error zero
ok 65 - error AAAA responses
ok 66 - error AAAA
ok 67 - error CNAME responses
ok 68 - error CNAME
ok 69 - error CNAME+AAAA responses
ok 70 - error CNAME+AAAA
ok 71 - error error responses
ok 72 - error error
ok 73 - no alerts
ok 74 - no sanitizer errors
]]></system-out>
    <system-err></system-err>
  </testsuite>
  <testsuite time="27.3528959751129"
             failures="3"
             errors="1"
             tests="13"
             name="http_resolver_cname_t">
    <testcase time="0.0661969184875488" name="(init)" />
    <testcase time="2.59744906425476" name="1 - CNAME timeout"></testcase>
    <testcase name="2 - invalid CNAME - first" time="2.20977401733398"></testcase>
    <testcase name="3 - invalid CNAME - last" time="0.00150895118713379"></testcase>
    <testcase name="4 - cached CNAME - first" time="2.21407294273376">
      <failure message="not ok 4 - cached CNAME - first"
               type="TestFailed"><![CDATA[not ok 4 - cached CNAME - first]]></failure>
    </testcase>
    <testcase time="0.00137901306152344" name="5 - cached CNAME - last">
      <failure message="not ok 5 - cached CNAME - last"
               type="TestFailed"><![CDATA[not ok 5 - cached CNAME - last]]></failure>
    </testcase>
    <testcase name="6 - CNAME in progress - first" time="6.00831508636475"></testcase>
    <testcase name="7 - CNAME in progress - last" time="0.00103902816772461"></testcase>
    <testcase name="8 - CNAME ttl - first" time="7.01318788528442"></testcase>
    <testcase name="9 - CNAME ttl - last" time="0.000760078430175781"></testcase>
    <testcase time="2.20624208450317" name="10 - abort on CNAME">
      <failure message="not ok 10 - abort on CNAME"
               type="TestFailed"><![CDATA[not ok 10 - abort on CNAME]]></failure>
    </testcase>
    <testcase name="11 - recurse uncached" time="0.0115859508514404"></testcase>
    <testcase name="12 - no alerts" time="5.01430487632751"></testcase>
    <testcase name="13 - no sanitizer errors" time="0.00103306770324707"></testcase>
    <testcase time="0.00604701042175293" name="(teardown)" />
    <system-out><![CDATA[1..13
ok 1 - CNAME timeout
ok 2 - invalid CNAME - first
ok 3 - invalid CNAME - last
not ok 4 - cached CNAME - first
not ok 5 - cached CNAME - last
ok 6 - CNAME in progress - first
ok 7 - CNAME in progress - last
ok 8 - CNAME ttl - first
ok 9 - CNAME ttl - last
not ok 10 - abort on CNAME
ok 11 - recurse uncached
ok 12 - no alerts
ok 13 - no sanitizer errors
]]></system-out>
    <system-err><![CDATA[Dubious, test returned 3 (wstat 768, 0x300)
]]></system-err>
    <error message="Dubious, test returned 3 (wstat 768, 0x300)" />
  </testsuite>
  <testsuite tests="22"
             name="http_server_name_t"
             errors="1"
             failures="19"
             time="0.259577035903931">
    <testcase name="(init)" time="0.0899629592895508" />
    <testcase time="0.104371070861816" name="1 - default">
      <failure message="not ok 1 - default"
               type="TestFailed"><![CDATA[not ok 1 - default]]></failure>
    </testcase>
    <testcase name="2 - empty" time="0.00332093238830566"></testcase>
    <testcase time="0.00301408767700195" name="3 - www.example.com">
      <failure message="not ok 3 - www.example.com"
               type="TestFailed"><![CDATA[not ok 3 - www.example.com]]></failure>
    </testcase>
    <testcase time="0.000425100326538086" name="4 - www.example.com uppercase">
      <failure type="TestFailed"
               message="not ok 4 - www.example.com uppercase"><![CDATA[not ok 4 - www.example.com uppercase]]></failure>
    </testcase>
    <testcase time="0.00191187858581543" name="5 - example.com regex">
      <failure message="not ok 5 - example.com regex"
               type="TestFailed"><![CDATA[not ok 5 - example.com regex]]></failure>
    </testcase>
    <testcase time="0.00149798393249512" name="6 - example.com regex uppercase">
      <failure message="not ok 6 - example.com regex uppercase"
               type="TestFailed"><![CDATA[not ok 6 - example.com regex uppercase]]></failure>
    </testcase>
    <testcase time="0.00175094604492188"
              name="7 - (P&lt;name&gt;.*).example.com named capture">
      <failure message="not ok 7 - (P&lt;name&gt;.*).example.com named capture"
               type="TestFailed"><![CDATA[not ok 7 - (P<name>.*).example.com named capture]]></failure>
    </testcase>
    <testcase name="8 - (P&lt;name&gt;.*).example.com named capture uppercase" time="0.0144350528717041">
      <failure type="TestFailed"
               message="not ok 8 - (P&lt;name&gt;.*).example.com named capture uppercase"><![CDATA[not ok 8 - (P<name>.*).example.com named capture uppercase]]></failure>
    </testcase>
    <testcase name="9 - \p{N} in named capture" time="0.000432014465332031">
      <failure type="TestFailed"
               message="not ok 9 - \p{N} in named capture"><![CDATA[not ok 9 - \p{N} in named capture]]></failure>
    </testcase>
    <testcase time="0.000298976898193359"
              name="10 - \p{N} in named capture uppercase">
      <failure type="TestFailed"
               message="not ok 10 - \p{N} in named capture uppercase"><![CDATA[not ok 10 - \p{N} in named capture uppercase]]></failure>
    </testcase>
    <testcase time="0.000190973281860352" name="11 - name row - first">
      <failure type="TestFailed"
               message="not ok 11 - name row - first"><![CDATA[not ok 11 - name row - first]]></failure>
    </testcase>
    <testcase time="0.0023200511932373" name="12 - name row - second">
      <failure type="TestFailed"
               message="not ok 12 - name row - second"><![CDATA[not ok 12 - name row - second]]></failure>
    </testcase>
    <testcase time="0.00232815742492676" name="13 - name list - first">
      <failure type="TestFailed"
               message="not ok 13 - name list - first"><![CDATA[not ok 13 - name list - first]]></failure>
    </testcase>
    <testcase time="0.00031280517578125" name="14 - name list - second">
      <failure message="not ok 14 - name list - second"
               type="TestFailed"><![CDATA[not ok 14 - name list - second]]></failure>
    </testcase>
    <testcase name="15 - wildcard first" time="0.0173230171203613">
      <failure type="TestFailed"
               message="not ok 15 - wildcard first"><![CDATA[not ok 15 - wildcard first]]></failure>
    </testcase>
    <testcase name="16 - wildcard first most specific" time="0.00018310546875">
      <failure type="TestFailed"
               message="not ok 16 - wildcard first most specific"><![CDATA[not ok 16 - wildcard first most specific]]></failure>
    </testcase>
    <testcase name="17 - wildcard last" time="0.00387907028198242">
      <failure type="TestFailed"
               message="not ok 17 - wildcard last"><![CDATA[not ok 17 - wildcard last]]></failure>
    </testcase>
    <testcase name="18 - wildcard last most specific" time="0.00246596336364746">
      <failure type="TestFailed"
               message="not ok 18 - wildcard last most specific"><![CDATA[not ok 18 - wildcard last most specific]]></failure>
    </testcase>
    <testcase name="19 - wildcard dot" time="0.000367879867553711">
      <failure type="TestFailed"
               message="not ok 19 - wildcard dot"><![CDATA[not ok 19 - wildcard dot]]></failure>
    </testcase>
    <testcase name="20 - wildcard dot empty" time="0.000162124633789062">
      <failure type="TestFailed"
               message="not ok 20 - wildcard dot empty"><![CDATA[not ok 20 - wildcard dot empty]]></failure>
    </testcase>
    <testcase name="21 - no alerts" time="0.00665998458862305"></testcase>
    <testcase name="22 - no sanitizer errors" time="0"></testcase>
    <testcase time="0.00196290016174316" name="(teardown)" />
    <system-out><![CDATA[1..22
not ok 1 - default
ok 2 - empty
not ok 3 - www.example.com
not ok 4 - www.example.com uppercase
not ok 5 - example.com regex
not ok 6 - example.com regex uppercase
not ok 7 - (P<name>.*).example.com named capture
not ok 8 - (P<name>.*).example.com named capture uppercase
not ok 9 - \p{N} in named capture
not ok 10 - \p{N} in named capture uppercase
not ok 11 - name row - first
not ok 12 - name row - second
not ok 13 - name list - first
not ok 14 - name list - second
not ok 15 - wildcard first
not ok 16 - wildcard first most specific
not ok 17 - wildcard last
not ok 18 - wildcard last most specific
not ok 19 - wildcard dot
not ok 20 - wildcard dot empty
ok 21 - no alerts
ok 22 - no sanitizer errors
]]></system-out>
    <system-err><![CDATA[Dubious, test returned 19 (wstat 4864, 0x1300)
]]></system-err>
    <error message="Dubious, test returned 19 (wstat 4864, 0x1300)" />
  </testsuite>
  <testsuite failures="5"
             time="0.238064050674438"
             tests="12"
             name="http_try_files_t"
             errors="1">
    <testcase name="(init)" time="0.082996129989624" />
    <testcase time="0.102795839309692" name="1 - found">
      <failure type="TestFailed"
               message="not ok 1 - found"><![CDATA[not ok 1 - found]]></failure>
    </testcase>
    <testcase time="0.00292801856994629" name="2 - not found uri"></testcase>
    <testcase name="3 - not found nouri" time="0.00222015380859375"></testcase>
    <testcase name="4 - short uri in try_files" time="0.00182890892028809"></testcase>
    <testcase name="5 - file matches file" time="0.00299787521362305">
      <failure message="not ok 5 - file matches file"
               type="TestFailed"><![CDATA[not ok 5 - file matches file]]></failure>
    </testcase>
    <testcase name="6 - file does not match dir" time="0.00462913513183594"></testcase>
    <testcase time="0.00158905982971191" name="7 - dir matches dir">
      <failure message="not ok 7 - dir matches dir"
               type="TestFailed"><![CDATA[not ok 7 - dir matches dir]]></failure>
    </testcase>
    <testcase time="0.00284790992736816"
              name="8 - dir does not match file"></testcase>
    <testcase name="9 - alias in regex location" time="0.00126004219055176">
      <failure type="TestFailed"
               message="not ok 9 - alias in regex location"><![CDATA[not ok 9 - alias in regex location]]></failure>
    </testcase>
    <testcase name="10 - alias with nested location" time="0.00212693214416504">
      <failure message="not ok 10 - alias with nested location"
               type="TestFailed"><![CDATA[not ok 10 - alias with nested location]]></failure>
    </testcase>
    <testcase time="0.0229930877685547" name="11 - no alerts"></testcase>
    <testcase name="12 - no sanitizer errors" time="0.00185585021972656"></testcase>
    <testcase time="0.00499510765075684" name="(teardown)" />
    <system-out><![CDATA[1..12
not ok 1 - found
ok 2 - not found uri
ok 3 - not found nouri
ok 4 - short uri in try_files
not ok 5 - file matches file
ok 6 - file does not match dir
not ok 7 - dir matches dir
ok 8 - dir does not match file
not ok 9 - alias in regex location
not ok 10 - alias with nested location
ok 11 - no alerts
ok 12 - no sanitizer errors
]]></system-out>
    <system-err><![CDATA[Dubious, test returned 5 (wstat 1280, 0x500)
]]></system-err>
    <error message="Dubious, test returned 5 (wstat 1280, 0x500)" />
  </testsuite>
  <testsuite time="0.224672079086304"
             failures="0"
             errors="0"
             tests="6"
             name="http_variables_t">
    <testcase time="0.0963609218597412" name="(init)" />
    <testcase time="0.123808145523071" name="1 - no uri"></testcase>
    <testcase time="0.000310897827148438" name="2 - no header"></testcase>
    <testcase time="0.000129938125610352" name="3 - multi headers"></testcase>
    <testcase name="4 - ignoring headers with (hash == 0)" time="0.000130176544189453"></testcase>
    <testcase name="5 - no alerts" time="0.000116825103759766"></testcase>
    <testcase name="6 - no sanitizer errors" time="0.00213408470153809"></testcase>
    <testcase time="0.00168108940124512" name="(teardown)" />
    <system-out><![CDATA[1..6
ok 1 - no uri
ok 2 - no header
ok 3 - multi headers
ok 4 - ignoring headers with (hash == 0)
ok 5 - no alerts
ok 6 - no sanitizer errors
]]></system-out>
    <system-err></system-err>
  </testsuite>
  <testsuite errors="20"
             name="image_filter_t"
             tests="22"
             time="0.303567886352539"
             failures="17">
    <testcase time="0.104574918746948" name="(init)" />
    <testcase name="1 - test" time="0.106750011444092">
      <failure type="TestFailed"
               message="not ok 1 - test"><![CDATA[not ok 1 - test]]></failure>
    </testcase>
    <testcase name="2 - test content-type" time="0.00482702255249023">
      <failure type="TestFailed"
               message="not ok 2 - test content-type"><![CDATA[not ok 2 - test content-type]]></failure>
    </testcase>
    <testcase time="0.0102100372314453" name="3 - test fail"></testcase>
    <testcase name="4 - off" time="0.00156998634338379">
      <failure message="not ok 4 - off"
               type="TestFailed"><![CDATA[not ok 4 - off]]></failure>
    </testcase>
    <testcase name="5 - size wrong type" time="0.00422382354736328"></testcase>
    <testcase name="6 - size content-type" time="0.0022730827331543"></testcase>
    <testcase name="7 - size width" time="0.00119996070861816">
      <failure type="TestFailed"
               message="not ok 7 - size width"><![CDATA[not ok 7 - size width]]></failure>
    </testcase>
    <testcase name="8 - size height" time="0.00181698799133301">
      <failure type="TestFailed"
               message="not ok 8 - size height"><![CDATA[not ok 8 - size height]]></failure>
    </testcase>
    <testcase name="9 - size jpeg" time="0.00186610221862793">
      <failure message="not ok 9 - size jpeg"
               type="TestFailed"><![CDATA[not ok 9 - size jpeg]]></failure>
    </testcase>
    <testcase time="0.00161600112915039" name="10 - size gif">
      <failure message="not ok 10 - size gif"
               type="TestFailed"><![CDATA[not ok 10 - size gif]]></failure>
    </testcase>
    <testcase time="0.00235986709594727" name="11 - size png">
      <failure type="TestFailed"
               message="not ok 11 - size png"><![CDATA[not ok 11 - size png]]></failure>
    </testcase>
    <testcase name="12 - resize" time="0.00566220283508301">
      <failure message="not ok 12 - resize"
               type="TestFailed"><![CDATA[not ok 12 - resize]]></failure>
    </testcase>
    <testcase name="13 - resize 1" time="0.00049591064453125">
      <failure message="not ok 13 - resize 1"
               type="TestFailed"><![CDATA[not ok 13 - resize 1]]></failure>
    </testcase>
    <testcase name="14 - resize 2" time="0.0020298957824707">
      <failure message="not ok 14 - resize 2"
               type="TestFailed"><![CDATA[not ok 14 - resize 2]]></failure>
    </testcase>
    <testcase time="0.0018150806427002" name="15 - resize var">
      <failure message="not ok 15 - resize var"
               type="TestFailed"><![CDATA[not ok 15 - resize var]]></failure>
    </testcase>
    <testcase name="16 - resize var 1" time="0.00356793403625488">
      <failure type="TestFailed"
               message="not ok 16 - resize var 1"><![CDATA[not ok 16 - resize var 1]]></failure>
    </testcase>
    <testcase time="0.00843405723571777" name="17 - resize var 2">
      <failure type="TestFailed"
               message="not ok 17 - resize var 2"><![CDATA[not ok 17 - resize var 2]]></failure>
    </testcase>
    <testcase name="18 - rotate" time="0.00698399543762207">
      <failure type="TestFailed"
               message="not ok 18 - rotate"><![CDATA[not ok 18 - rotate]]></failure>
    </testcase>
    <testcase time="0.00235414505004883" name="19 - rotate var 1">
      <failure type="TestFailed"
               message="not ok 19 - rotate var 1"><![CDATA[not ok 19 - rotate var 1]]></failure>
    </testcase>
    <testcase time="0.00261592864990234" name="20 - rotate var 2">
      <failure message="not ok 20 - rotate var 2"
               type="TestFailed"><![CDATA[not ok 20 - rotate var 2]]></failure>
    </testcase>
    <testcase time="0.0215959548950195" name="21 - no alerts"></testcase>
    <testcase time="0.000340938568115234"
              name="22 - no sanitizer errors"></testcase>
    <testcase time="0.00438404083251953" name="(teardown)" />
    <system-out><![CDATA[1..41
not ok 1 - test
not ok 2 - test content-type
ok 3 - test fail
not ok 4 - off
ok 5 - size wrong type
ok 6 - size content-type
not ok 7 - size width
not ok 8 - size height
not ok 9 - size jpeg
not ok 10 - size gif
not ok 11 - size png
not ok 12 - resize
not ok 13 - resize 1
not ok 14 - resize 2
not ok 15 - resize var
not ok 16 - resize var 1
not ok 17 - resize var 2
not ok 18 - rotate
not ok 19 - rotate var 1
not ok 20 - rotate var 2
ok 21 - no alerts
ok 22 - no sanitizer errors
]]></system-out>
    <system-err><![CDATA[Dubious, test returned 255 (wstat 65280, 0xff00)
]]></system-err>
    <error message="Dubious, test returned 255 (wstat 65280, 0xff00)" />
  </testsuite>
  <testsuite errors="1"
             name="image_filter_finalize_t"
             tests="5"
             time="2.7739589214325"
             failures="2">
    <testcase name="(init)" time="0.195353031158447" />
    <testcase name="1 - image filter and cache" time="0.126353025436401"></testcase>
    <testcase time="0.00184893608093262" name="2 - image filter and store">
      <failure type="TestFailed"
               message="not ok 2 - image filter and store"><![CDATA[not ok 2 - image filter and store]]></failure>
    </testcase>
    <testcase name="3 - upstream response time" time="2.41330409049988">
      <failure type="TestFailed"
               message="not ok 3 - upstream response time"><![CDATA[not ok 3 - upstream response time]]></failure>
    </testcase>
    <testcase time="0.0345959663391113" name="4 - no alerts"></testcase>
    <testcase time="0.000216007232666016"
              name="5 - no sanitizer errors"></testcase>
    <testcase name="(teardown)" time="0.00228786468505859" />
    <system-out><![CDATA[1..5
ok 1 - image filter and cache
not ok 2 - image filter and store
not ok 3 - upstream response time
ok 4 - no alerts
ok 5 - no sanitizer errors
]]></system-out>
    <system-err><![CDATA[Dubious, test returned 2 (wstat 512, 0x200)
]]></system-err>
    <error message="Dubious, test returned 2 (wstat 512, 0x200)" />
  </testsuite>
  <testsuite tests="9"
             name="index_t"
             errors="1"
             failures="5"
             time="0.259474992752075">
    <testcase name="(init)" time="0.108832120895386" />
    <testcase time="0.106734037399292" name="1 - default index">
      <failure message="not ok 1 - default index"
               type="TestFailed"><![CDATA[not ok 1 - default index]]></failure>
    </testcase>
    <testcase time="0.00768303871154785" name="2 - no index"></testcase>
    <testcase name="3 - redirect" time="0.00066685676574707">
      <failure type="TestFailed"
               message="not ok 3 - redirect"><![CDATA[not ok 3 - redirect]]></failure>
    </testcase>
    <testcase time="0.00707602500915527" name="4 - redirect loop"></testcase>
    <testcase time="0.00156688690185547" name="5 - many">
      <failure message="not ok 5 - many"
               type="TestFailed"><![CDATA[not ok 5 - many]]></failure>
    </testcase>
    <testcase name="6 - var" time="0.00527119636535645">
      <failure message="not ok 6 - var"
               type="TestFailed"><![CDATA[not ok 6 - var]]></failure>
    </testcase>
    <testcase name="7 - var with redirect" time="0.00311183929443359">
      <failure message="not ok 7 - var with redirect"
               type="TestFailed"><![CDATA[not ok 7 - var with redirect]]></failure>
    </testcase>
    <testcase name="8 - no alerts" time="0.0160231590270996"></testcase>
    <testcase time="0.000248908996582031"
              name="9 - no sanitizer errors"></testcase>
    <testcase name="(teardown)" time="0.00226092338562012" />
    <system-out><![CDATA[1..9
not ok 1 - default index
ok 2 - no index
not ok 3 - redirect
ok 4 - redirect loop
not ok 5 - many
not ok 6 - var
not ok 7 - var with redirect
ok 8 - no alerts
ok 9 - no sanitizer errors
]]></system-out>
    <system-err><![CDATA[Dubious, test returned 5 (wstat 1280, 0x500)
]]></system-err>
    <error message="Dubious, test returned 5 (wstat 1280, 0x500)" />
  </testsuite>
  <testsuite failures="0"
             time="0.290020942687988"
             name="js_t"
             tests="0"
             errors="0">
    <testcase name="(init)" time="0.288142919540405" />
    <testcase time="0.00187802314758301" name="(teardown)" />
    <system-out><![CDATA[1..0 # SKIP no njs available
]]></system-out>
    <system-err></system-err>
  </testsuite>
  <testsuite failures="1"
             time="0.229368925094604"
             tests="10"
             name="limit_conn_t"
             errors="1">
    <testcase name="(init)" time="0.0900189876556396" />
    <testcase time="0.106827020645142" name="1 - rejected"></testcase>
    <testcase name="2 - rejected different location" time="0.00065302848815918"></testcase>
    <testcase time="0.000685930252075195"
              name="3 - passed different zone"></testcase>
    <testcase time="0.00108194351196289" name="4 - passed"></testcase>
    <testcase name="5 - limit_conn_status" time="0.00107693672180176"></testcase>
    <testcase name="6 - limit_conn_log_level" time="0.000407218933105469"></testcase>
    <testcase time="0.00127887725830078" name="7 - unlimited passed">
      <failure type="TestFailed"
               message="not ok 7 - unlimited passed"><![CDATA[not ok 7 - unlimited passed]]></failure>
    </testcase>
    <testcase name="8 - limited rejected" time="0.00162696838378906"></testcase>
    <testcase name="9 - no alerts" time="0.0221819877624512"></testcase>
    <testcase name="10 - no sanitizer errors" time="0.00045013427734375"></testcase>
    <testcase time="0.00307989120483398" name="(teardown)" />
    <system-out><![CDATA[1..10
ok 1 - rejected
ok 2 - rejected different location
ok 3 - passed different zone
ok 4 - passed
ok 5 - limit_conn_status
ok 6 - limit_conn_log_level
not ok 7 - unlimited passed
ok 8 - limited rejected
ok 9 - no alerts
ok 10 - no sanitizer errors
]]></system-out>
    <system-err><![CDATA[Dubious, test returned 1 (wstat 256, 0x100)
]]></system-err>
    <error message="Dubious, test returned 1 (wstat 256, 0x100)" />
  </testsuite>
  <testsuite tests="6"
             name="limit_conn_complex_t"
             errors="0"
             failures="0"
             time="1.41608214378357">
    <testcase name="(init)" time="0.0807681083679199" />
    <testcase name="1 - limit_req same key" time="1.1094868183136"></testcase>
    <testcase time="0.00414109230041504"
              name="2 - limit_req different key"></testcase>
    <testcase time="0.203860998153687"
              name="3 - limit_conn same key"></testcase>
    <testcase name="4 - limit_conn different key" time="0.00165796279907227"></testcase>
    <testcase name="5 - no alerts" time="0.0157680511474609"></testcase>
    <testcase time="0.000216960906982422"
              name="6 - no sanitizer errors"></testcase>
    <testcase time="0.000182151794433594" name="(teardown)" />
    <system-out><![CDATA[1..6
ok 1 - limit_req same key
ok 2 - limit_req different key
ok 3 - limit_conn same key
ok 4 - limit_conn different key
ok 5 - no alerts
ok 6 - no sanitizer errors
]]></system-out>
    <system-err></system-err>
  </testsuite>
  <testsuite tests="7"
             name="limit_req_t"
             errors="1"
             failures="3"
             time="0.934843063354492">
    <testcase time="0.0883059501647949" name="(init)" />
    <testcase name="1 - request" time="0.106104135513306">
      <failure type="TestFailed"
               message="not ok 1 - request"><![CDATA[not ok 1 - request]]></failure>
    </testcase>
    <testcase time="0.00253200531005859" name="2 - request rejected"></testcase>
    <testcase name="3 - delayed big request not truncated" time="0.605970859527588"></testcase>
    <testcase name="4 - rejects not counted" time="0.00113415718078613">
      <failure type="TestFailed"
               message="not ok 4 - rejects not counted"><![CDATA[not ok 4 - rejects not counted]]></failure>
    </testcase>
    <testcase time="0.105883836746216" name="5 - negative excess">
      <failure type="TestFailed"
               message="not ok 5 - negative excess"><![CDATA[not ok 5 - negative excess]]></failure>
    </testcase>
    <testcase time="0.0220119953155518" name="6 - no alerts"></testcase>
    <testcase name="7 - no sanitizer errors" time="0.000372171401977539"></testcase>
    <testcase time="0.00252795219421387" name="(teardown)" />
    <system-out><![CDATA[1..7
not ok 1 - request
ok 2 - request rejected
ok 3 - delayed big request not truncated
not ok 4 - rejects not counted
not ok 5 - negative excess
ok 6 - no alerts
ok 7 - no sanitizer errors
]]></system-out>
    <system-err><![CDATA[Dubious, test returned 3 (wstat 768, 0x300)
]]></system-err>
    <error message="Dubious, test returned 3 (wstat 768, 0x300)" />
  </testsuite>
  <testsuite errors="0"
             name="mail_error_log_t"
             tests="0"
             time="0.101876020431519"
             failures="0">
    <testcase name="(init)" time="0.0988049507141113" />
    <testcase name="(teardown)" time="0.00307106971740723" />
    <system-out><![CDATA[1..0 # SKIP no error_log
]]></system-out>
    <system-err></system-err>
  </testsuite>
  <testsuite tests="11"
             name="mail_imap_t"
             errors="0"
             failures="0"
             time="1.23894309997559">
    <testcase name="(init)" time="0.0736320018768311" />
    <testcase time="0.107057094573975" name="1 - greeting"></testcase>
    <testcase name="2 - auth without arguments" time="0.000792980194091797"></testcase>
    <testcase time="1.00367283821106"
              name="3 - auth plain with bad password"></testcase>
    <testcase time="0.00459098815917969" name="4 - auth plain"></testcase>
    <testcase time="0.000818014144897461"
              name="5 - auth login username challenge"></testcase>
    <testcase name="6 - auth login password challenge" time="0.000421047210693359"></testcase>
    <testcase name="7 - auth login simple" time="0.0018000602722168"></testcase>
    <testcase name="8 - auth login with username password challenge" time="0.00129389762878418"></testcase>
    <testcase name="9 - auth login with username" time="0.00277900695800781"></testcase>
    <testcase name="10 - no alerts" time="0.0397729873657227"></testcase>
    <testcase time="0.000555038452148438"
              name="11 - no sanitizer errors"></testcase>
    <testcase time="0.00175714492797852" name="(teardown)" />
    <system-out><![CDATA[1..11
ok 1 - greeting
ok 2 - auth without arguments
ok 3 - auth plain with bad password
ok 4 - auth plain
ok 5 - auth login username challenge
ok 6 - auth login password challenge
ok 7 - auth login simple
ok 8 - auth login with username password challenge
ok 9 - auth login with username
ok 10 - no alerts
ok 11 - no sanitizer errors
]]></system-out>
    <system-err></system-err>
  </testsuite>
  <testsuite failures="0"
             time="0.811311960220337"
             name="mail_imap_ssl_t"
             tests="14"
             errors="0">
    <testcase name="(init)" time="0.20661997795105" />
    <testcase name="1 - plain connection" time="0.284301996231079"></testcase>
    <testcase time="0.042194128036499" name="2 - no cert"></testcase>
    <testcase time="0.0517699718475342" name="3 - no optional cert"></testcase>
    <testcase name="4 - bad optional cert" time="0.0167388916015625"></testcase>
    <testcase time="0.0527420043945312"
              name="5 - bad optional_no_ca cert"></testcase>
    <testcase time="0.0525050163269043" name="6 - good cert"></testcase>
    <testcase name="7 - trusted cert" time="0.0620930194854736"></testcase>
    <testcase name="8 - log - plain connection" time="0.0285069942474365"></testcase>
    <testcase name="9 - log - no cert" time="0.000502109527587891"></testcase>
    <testcase name="10 - log - bad cert" time="0.000430822372436523"></testcase>
    <testcase name="11 - log - good cert" time="0.00094294548034668"></testcase>
    <testcase name="12 - log - trusted cert" time="0.00235700607299805"></testcase>
    <testcase time="0.0060880184173584" name="13 - no alerts"></testcase>
    <testcase name="14 - no sanitizer errors" time="0.000325202941894531"></testcase>
    <testcase time="0.00319385528564453" name="(teardown)" />
    <system-out><![CDATA[1..14
ok 1 - plain connection
ok 2 - no cert
ok 3 - no optional cert
ok 4 - bad optional cert
ok 5 - bad optional_no_ca cert
ok 6 - good cert
ok 7 - trusted cert
ok 8 - log - plain connection
ok 9 - log - no cert
ok 10 - log - bad cert
ok 11 - log - good cert
ok 12 - log - trusted cert
ok 13 - no alerts
ok 14 - no sanitizer errors
]]></system-out>
    <system-err></system-err>
  </testsuite>
  <testsuite tests="10"
             name="mail_pop3_t"
             errors="0"
             failures="0"
             time="1.2953929901123">
    <testcase time="0.151805877685547" name="(init)" />
    <testcase name="1 - greeting" time="0.106672048568726"></testcase>
    <testcase name="2 - auth plain with bad password" time="1.00433993339539"></testcase>
    <testcase name="3 - auth plain" time="0.00191998481750488"></testcase>
    <testcase name="4 - auth login username challenge" time="0.00220608711242676"></testcase>
    <testcase name="5 - auth login password challenge" time="0.00099492073059082"></testcase>
    <testcase name="6 - auth login simple" time="0.00172305107116699"></testcase>
    <testcase time="0.00179409980773926"
              name="7 - auth login with username password challenge"></testcase>
    <testcase name="8 - auth login with username" time="0.00110292434692383"></testcase>
    <testcase time="0.0200920104980469" name="9 - no alerts"></testcase>
    <testcase name="10 - no sanitizer errors" time="0.000612020492553711"></testcase>
    <testcase time="0.00213003158569336" name="(teardown)" />
    <system-out><![CDATA[1..10
ok 1 - greeting
ok 2 - auth plain with bad password
ok 3 - auth plain
ok 4 - auth login username challenge
ok 5 - auth login password challenge
ok 6 - auth login simple
ok 7 - auth login with username password challenge
ok 8 - auth login with username
ok 9 - no alerts
ok 10 - no sanitizer errors
]]></system-out>
    <system-err></system-err>
  </testsuite>
  <testsuite failures="0"
             time="9.81715798377991"
             name="mail_resolver_t"
             tests="10"
             errors="0">
    <testcase time="0.18378210067749" name="(init)" />
    <testcase name="1 - PTR" time="0.0126979351043701"></testcase>
    <testcase name="2 - PTR cached" time="0.00412511825561523"></testcase>
    <testcase name="3 - PTR SERVFAIL" time="0.00191497802734375"></testcase>
    <testcase name="4 - PTR empty" time="2.00905299186707"></testcase>
    <testcase name="5 - CNAME" time="0.0030968189239502"></testcase>
    <testcase name="6 - uncompressed PTR" time="2.01036310195923"></testcase>
    <testcase name="7 - PTR type" time="0.00420498847961426"></testcase>
    <testcase time="0.00308394432067871" name="8 - CNAME with PTR"></testcase>
    <testcase name="9 - no alerts" time="5.58031105995178"></testcase>
    <testcase time="0.00118494033813477"
              name="10 - no sanitizer errors"></testcase>
    <testcase name="(teardown)" time="0.00334000587463379" />
    <system-out><![CDATA[1..10
ok 1 - PTR
ok 2 - PTR cached
ok 3 - PTR SERVFAIL
ok 4 - PTR empty
not ok 5 - CNAME # TODO support for CNAME RR
#   Failed (TODO) test 'CNAME'
#   at ./mail_resolver.t line 203.
#                   '535 5.7.0 [UNAVAILABLE]
# '
#     doesn't match '(?^:^2\d\d )'
not ok 6 - uncompressed PTR # TODO support for uncompressed name in PTR

#   Failed (TODO) test 'uncompressed PTR'
#   at ./mail_resolver.t line 224.
#                   '535 5.7.0 [TEMPUNAVAIL]
# '
#     doesn't match '(?^:^2\d\d )'
not ok 7 - PTR type # TODO PTR type checking

#   Failed (TODO) test 'PTR type'
#   at ./mail_resolver.t line 242.
#                   '250 rcpt to ok
# '
#     doesn't match '(?^:TEMPUNAVAIL)'
not ok 8 - CNAME with PTR # TODO not yet

#   Failed (TODO) test 'CNAME with PTR'
#   at ./mail_resolver.t line 262.
#                   '535 5.7.0 [UNAVAILABLE]
# '
#     doesn't match '(?^:^2\d\d )'
ok 9 - no alerts
ok 10 - no sanitizer errors
]]></system-out>
    <system-err></system-err>
  </testsuite>
  <testsuite name="mail_smtp_t"
             tests="27"
             errors="0"
             failures="0"
             time="3.99506902694702">
    <testcase name="(init)" time="0.127163887023926" />
    <testcase name="1 - greeting" time="0.854730129241943"></testcase>
    <testcase time="0.0019989013671875" name="2 - ehlo"></testcase>
    <testcase name="3 - auth plain with bad password" time="1.00459408760071"></testcase>
    <testcase time="0.00158500671386719" name="4 - auth plain"></testcase>
    <testcase time="0.00110697746276855"
              name="5 - mail from after auth"></testcase>
    <testcase time="0.000710010528564453" name="6 - rset"></testcase>
    <testcase name="7 - idn mail from (example.test in russian)" time="0.000850915908813477"></testcase>
    <testcase name="8 - quit" time="0.00172901153564453"></testcase>
    <testcase name="9 - auth login simple username challenge" time="0.00119900703430176"></testcase>
    <testcase time="0.000559091567993164"
              name="10 - auth login simple password challenge"></testcase>
    <testcase name="11 - auth login simple" time="0.00155282020568848"></testcase>
    <testcase time="0.000954151153564453"
              name="12 - auth login with username password challenge"></testcase>
    <testcase name="13 - auth login with username" time="0.00173497200012207"></testcase>
    <testcase time="0.0420160293579102"
              name="14 - pipelined rset after invalid command"></testcase>
    <testcase time="1.5622398853302"
              name="15 - mail from after failed pipelined auth"></testcase>
    <testcase time="0.00365114212036133"
              name="16 - mail from after pipelined auth"></testcase>
    <testcase name="17 - auth none - mail from" time="0.00162291526794434"></testcase>
    <testcase time="0.00280308723449707"
              name="18 - auth none - rcpt to"></testcase>
    <testcase name="19 - auth none - rset, should go to backend" time="0.0010077953338623"></testcase>
    <testcase time="0.00110101699829102"
              name="20 - pipelined mail from"></testcase>
    <testcase time="0.0403330326080322"
              name="21 - pipelined rcpt to"></testcase>
    <testcase name="22 - pipelined rset" time="0.00109696388244629"></testcase>
    <testcase name="23 - bad rcpt to" time="0.00415897369384766"></testcase>
    <testcase time="0.0013282299041748" name="24 - good rcpt to"></testcase>
    <testcase time="0.00214600563049316" name="25 - split command"></testcase>
    <testcase name="26 - no alerts" time="0.328417778015137"></testcase>
    <testcase time="0.000719070434570312"
              name="27 - no sanitizer errors"></testcase>
    <testcase time="0.00195813179016113" name="(teardown)" />
    <system-out><![CDATA[1..27
ok 1 - greeting
ok 2 - ehlo
ok 3 - auth plain with bad password
ok 4 - auth plain
ok 5 - mail from after auth
ok 6 - rset
ok 7 - idn mail from (example.test in russian)
ok 8 - quit
ok 9 - auth login simple username challenge
ok 10 - auth login simple password challenge
ok 11 - auth login simple
ok 12 - auth login with username password challenge
ok 13 - auth login with username
ok 14 - pipelined rset after invalid command
ok 15 - mail from after failed pipelined auth
ok 16 - mail from after pipelined auth
ok 17 - auth none - mail from
ok 18 - auth none - rcpt to
ok 19 - auth none - rset, should go to backend
ok 20 - pipelined mail from
ok 21 - pipelined rcpt to
ok 22 - pipelined rset
ok 23 - bad rcpt to
ok 24 - good rcpt to
ok 25 - split command
ok 26 - no alerts
ok 27 - no sanitizer errors
]]></system-out>
    <system-err></system-err>
  </testsuite>
  <testsuite time="0.609802007675171"
             failures="0"
             errors="0"
             tests="4"
             name="mail_smtp_greeting_delay_t">
    <testcase name="(init)" time="0.0672750473022461" />
    <testcase name="1 - command before greeting - session must be rejected" time="0.506196022033691"></testcase>
    <testcase name="2 - session have to be closed" time="0.000458955764770508"></testcase>
    <testcase name="3 - no alerts" time="0.0335550308227539"></testcase>
    <testcase name="4 - no sanitizer errors" time="0.000338077545166016"></testcase>
    <testcase time="0.00197887420654297" name="(teardown)" />
    <system-out><![CDATA[1..4
ok 1 - command before greeting - session must be rejected
ok 2 - session have to be closed
ok 3 - no alerts
ok 4 - no sanitizer errors
]]></system-out>
    <system-err></system-err>
  </testsuite>
  <testsuite errors="0"
             tests="8"
             name="mail_smtp_xclient_t"
             time="0.346822023391724"
             failures="0">
    <testcase name="(init)" time="0.0687770843505859" />
    <testcase name="1 - xclient" time="0.185219049453735"></testcase>
    <testcase name="2 - xclient, helo" time="0.0022430419921875"></testcase>
    <testcase time="0.00209593772888184" name="3 - xclient, ehlo"></testcase>
    <testcase time="0.00236797332763672" name="4 - xclient, from"></testcase>
    <testcase name="5 - xclient, helo, from" time="0.00254702568054199"></testcase>
    <testcase time="0.00274085998535156"
              name="6 - xclient, ehlo, from"></testcase>
    <testcase name="7 - no alerts" time="0.0783271789550781"></testcase>
    <testcase name="8 - no sanitizer errors" time="0.000182867050170898"></testcase>
    <testcase name="(teardown)" time="0.00232100486755371" />
    <system-out><![CDATA[1..8
ok 1 - xclient
ok 2 - xclient, helo
ok 3 - xclient, ehlo
ok 4 - xclient, from
ok 5 - xclient, helo, from
ok 6 - xclient, ehlo, from
ok 7 - no alerts
ok 8 - no sanitizer errors
]]></system-out>
    <system-err></system-err>
  </testsuite>
  <testsuite errors="0"
             name="map_t"
             tests="21"
             time="0.243779897689819"
             failures="0">
    <testcase time="0.0787971019744873" name="(init)" />
    <testcase name="1 - map default" time="0.104920864105225"></testcase>
    <testcase name="2 - map foo bar" time="0.00269293785095215"></testcase>
    <testcase name="3 - map foo bar key" time="0.00166201591491699"></testcase>
    <testcase name="4 - map example.com foo" time="0.00129199028015137"></testcase>
    <testcase time="0.00128912925720215"
              name="5 - map EXAMPLE.COM foo"></testcase>
    <testcase name="6 - map example.com. foo" time="0.00200390815734863"></testcase>
    <testcase time="0.0034029483795166"
              name="7 - map example.org wildcard"></testcase>
    <testcase name="8 - map foo.example.com wildcard" time="0.00174117088317871"></testcase>
    <testcase time="0.00222897529602051"
              name="9 - map foo.example.com. wildcard"></testcase>
    <testcase name="10 - map dot.example.com special wildcard" time="0.00179100036621094"></testcase>
    <testcase time="0.00148487091064453"
              name="11 - map www.dot.example.com special wildcard"></testcase>
    <testcase name="12 - map REGEX.EXAMPLE.ORG" time="0.00117206573486328"></testcase>
    <testcase name="13 - map regex.example.org" time="0.000945091247558594"></testcase>
    <testcase time="0.00100493431091309"
              name="14 - map www.regex.example.org insensitive"></testcase>
    <testcase time="0.00171399116516113"
              name="15 - map WWW.REGEX.EXAMPLE.ORG insensitive"></testcase>
    <testcase name="16 - map special parameter" time="0.0011749267578125"></testcase>
    <testcase name="17 - map server_name variable" time="0.00101709365844727"></testcase>
    <testcase name="18 - map z variable" time="0.000887870788574219"></testcase>
    <testcase name="19 - include foo bar" time="0.000840187072753906"></testcase>
    <testcase name="20 - no alerts" time="0.0288629531860352"></testcase>
    <testcase name="21 - no sanitizer errors" time="0.000494956970214844"></testcase>
    <testcase name="(teardown)" time="0.00235891342163086" />
    <system-out><![CDATA[1..21
ok 1 - map default
ok 2 - map foo bar
ok 3 - map foo bar key
ok 4 - map example.com foo
ok 5 - map EXAMPLE.COM foo
ok 6 - map example.com. foo
ok 7 - map example.org wildcard
ok 8 - map foo.example.com wildcard
ok 9 - map foo.example.com. wildcard
ok 10 - map dot.example.com special wildcard
ok 11 - map www.dot.example.com special wildcard
ok 12 - map REGEX.EXAMPLE.ORG
ok 13 - map regex.example.org
ok 14 - map www.regex.example.org insensitive
ok 15 - map WWW.REGEX.EXAMPLE.ORG insensitive
ok 16 - map special parameter
ok 17 - map server_name variable
ok 18 - map z variable
ok 19 - include foo bar
ok 20 - no alerts
ok 21 - no sanitizer errors
]]></system-out>
    <system-err></system-err>
  </testsuite>
  <testsuite time="0.276110887527466"
             failures="0"
             errors="0"
             tests="0"
             name="map_complex_t">
    <testcase time="0.273850917816162" name="(init)" />
    <testcase time="0.00225996971130371" name="(teardown)" />
    <system-out><![CDATA[1..0 # SKIP no complex value
]]></system-out>
    <system-err></system-err>
  </testsuite>
  <testsuite errors="0"
             name="memcached_t"
             tests="0"
             time="0.0667450428009033"
             failures="0">
    <testcase name="(init)" time="0.0633308887481689" />
    <testcase name="(teardown)" time="0.00341415405273438" />
    <system-out><![CDATA[1..0 # SKIP Cache::Memcached not installed
]]></system-out>
    <system-err></system-err>
  </testsuite>
  <testsuite tests="5"
             name="memcached_fake_t"
             errors="1"
             failures="2"
             time="1.71144008636475">
    <testcase time="0.0644659996032715" name="(init)" />
    <testcase name="1 - memcached split trailer" time="1.4565851688385"></testcase>
    <testcase name="2 - memcached ssi var" time="0.00207996368408203">
      <failure type="TestFailed"
               message="not ok 2 - memcached ssi var"><![CDATA[not ok 2 - memcached ssi var]]></failure>
    </testcase>
    <testcase name="3 - no error" time="0.0046689510345459">
      <failure type="TestFailed"
               message="not ok 3 - no error"><![CDATA[not ok 3 - no error]]></failure>
    </testcase>
    <testcase time="0.181072950363159" name="4 - no alerts"></testcase>
    <testcase name="5 - no sanitizer errors" time="0.000251054763793945"></testcase>
    <testcase name="(teardown)" time="0.00231599807739258" />
    <system-out><![CDATA[1..5
ok 1 - memcached split trailer
not ok 2 - memcached ssi var
not ok 3 - no error
ok 4 - no alerts
ok 5 - no sanitizer errors
]]></system-out>
    <system-err><![CDATA[Dubious, test returned 2 (wstat 512, 0x200)
]]></system-err>
    <error message="Dubious, test returned 2 (wstat 512, 0x200)" />
  </testsuite>
  <testsuite failures="0"
             time="0.0662579536437988"
             tests="0"
             name="memcached_keepalive_t"
             errors="0">
    <testcase name="(init)" time="0.0641779899597168" />
    <testcase time="0.00207996368408203" name="(teardown)" />
    <system-out><![CDATA[1..0 # SKIP Cache::Memcached not installed
]]></system-out>
    <system-err></system-err>
  </testsuite>
  <testsuite time="0.0674068927764893"
             failures="0"
             errors="0"
             tests="0"
             name="memcached_keepalive_stale_t">
    <testcase name="(init)" time="0.0660738945007324" />
    <testcase time="0.00133299827575684" name="(teardown)" />
    <system-out><![CDATA[1..0 # SKIP Cache::Memcached not installed
]]></system-out>
    <system-err></system-err>
  </testsuite>
  <testsuite failures="0"
             time="0.0734992027282715"
             name="mp4_t"
             tests="0"
             errors="0">
    <testcase time="0.0710961818695068" name="(init)" />
    <testcase name="(teardown)" time="0.00240302085876465" />
    <system-out><![CDATA[1..0 # SKIP ffprobe not found
]]></system-out>
    <system-err></system-err>
  </testsuite>
  <testsuite failures="13"
             time="0.256541013717651"
             name="not_modified_t"
             tests="17"
             errors="1">
    <testcase name="(init)" time="0.0791850090026855" />
    <testcase time="0.106648921966553" name="1 - 0x7F000000">
      <failure type="TestFailed"
               message="not ok 1 - 0x7F000000"><![CDATA[not ok 1 - 0x7F000000]]></failure>
    </testcase>
    <testcase name="2 - 0x7FFFFFFF" time="0.00506305694580078">
      <failure type="TestFailed"
               message="not ok 2 - 0x7FFFFFFF"><![CDATA[not ok 2 - 0x7FFFFFFF]]></failure>
    </testcase>
    <testcase time="0.000429868698120117" name="3"></testcase>
    <testcase time="0.000353097915649414" name="4"></testcase>
    <testcase time="0.0046689510345459" name="5 - if-none-match">
      <failure type="TestFailed"
               message="not ok 5 - if-none-match"><![CDATA[not ok 5 - if-none-match]]></failure>
    </testcase>
    <testcase time="0.00318598747253418" name="6 - if-none-match fail">
      <failure type="TestFailed"
               message="not ok 6 - if-none-match fail"><![CDATA[not ok 6 - if-none-match fail]]></failure>
    </testcase>
    <testcase time="0.0018761157989502"
              name="7 - if-none-match with complex list">
      <failure type="TestFailed"
               message="not ok 7 - if-none-match with complex list"><![CDATA[not ok 7 - if-none-match with complex list]]></failure>
    </testcase>
    <testcase name="8 - if-none-match all" time="0.00183486938476562">
      <failure type="TestFailed"
               message="not ok 8 - if-none-match all"><![CDATA[not ok 8 - if-none-match all]]></failure>
    </testcase>
    <testcase name="9 - if-none-match weak" time="0.00307917594909668">
      <failure message="not ok 9 - if-none-match weak"
               type="TestFailed"><![CDATA[not ok 9 - if-none-match weak]]></failure>
    </testcase>
    <testcase name="10 - if-match" time="0.00031280517578125">
      <failure type="TestFailed"
               message="not ok 10 - if-match"><![CDATA[not ok 10 - if-match]]></failure>
    </testcase>
    <testcase time="0.00312304496765137" name="11 - if-match fail">
      <failure message="not ok 11 - if-match fail"
               type="TestFailed"><![CDATA[not ok 11 - if-match fail]]></failure>
    </testcase>
    <testcase time="0.00032496452331543" name="12 - if-match with complex list">
      <failure type="TestFailed"
               message="not ok 12 - if-match with complex list"><![CDATA[not ok 12 - if-match with complex list]]></failure>
    </testcase>
    <testcase time="0.00531005859375" name="13 - if-match all">
      <failure type="TestFailed"
               message="not ok 13 - if-match all"><![CDATA[not ok 13 - if-match all]]></failure>
    </testcase>
    <testcase time="0.000358104705810547" name="14 - if-match weak fail">
      <failure type="TestFailed"
               message="not ok 14 - if-match weak fail"><![CDATA[not ok 14 - if-match weak fail]]></failure>
    </testcase>
    <testcase time="0.00377202033996582" name="15 - if-match ignored with 404">
      <failure type="TestFailed"
               message="not ok 15 - if-match ignored with 404"><![CDATA[not ok 15 - if-match ignored with 404]]></failure>
    </testcase>
    <testcase name="16 - no alerts" time="0.0332939624786377"></testcase>
    <testcase name="17 - no sanitizer errors" time="0.00032806396484375"></testcase>
    <testcase name="(teardown)" time="0.00339293479919434" />
    <system-out><![CDATA[1..17
not ok 1 - 0x7F000000
not ok 2 - 0x7FFFFFFF
ok 3 # skip only for 32-bit time_t
ok 4 # skip only for 32-bit time_t
not ok 5 - if-none-match
not ok 6 - if-none-match fail
not ok 7 - if-none-match with complex list
not ok 8 - if-none-match all
not ok 9 - if-none-match weak
not ok 10 - if-match
not ok 11 - if-match fail
not ok 12 - if-match with complex list
not ok 13 - if-match all
not ok 14 - if-match weak fail
not ok 15 - if-match ignored with 404
ok 16 - no alerts
ok 17 - no sanitizer errors
]]></system-out>
    <system-err><![CDATA[Dubious, test returned 13 (wstat 3328, 0xd00)
]]></system-err>
    <error message="Dubious, test returned 13 (wstat 3328, 0xd00)" />
  </testsuite>
  <testsuite time="0.482309818267822"
             failures="12"
             errors="1"
             name="not_modified_proxy_t"
             tests="14">
    <testcase time="0.0676620006561279" name="(init)" />
    <testcase name="1 - if-modified-since" time="0.108019828796387">
      <failure type="TestFailed"
               message="not ok 1 - if-modified-since"><![CDATA[not ok 1 - if-modified-since]]></failure>
    </testcase>
    <testcase name="2 - ims proxy ignored" time="0.00266909599304199">
      <failure type="TestFailed"
               message="not ok 2 - ims proxy ignored"><![CDATA[not ok 2 - ims proxy ignored]]></failure>
    </testcase>
    <testcase time="0.00304794311523438" name="3 - ims from cache">
      <failure type="TestFailed"
               message="not ok 3 - ims from cache"><![CDATA[not ok 3 - ims from cache]]></failure>
    </testcase>
    <testcase name="4 - if-unmodified-since" time="0.00248599052429199">
      <failure message="not ok 4 - if-unmodified-since"
               type="TestFailed"><![CDATA[not ok 4 - if-unmodified-since]]></failure>
    </testcase>
    <testcase name="5 - iums proxy ignored" time="0.0028231143951416">
      <failure message="not ok 5 - iums proxy ignored"
               type="TestFailed"><![CDATA[not ok 5 - iums proxy ignored]]></failure>
    </testcase>
    <testcase name="6 - iums from cache" time="0.00406384468078613">
      <failure type="TestFailed"
               message="not ok 6 - iums from cache"><![CDATA[not ok 6 - iums from cache]]></failure>
    </testcase>
    <testcase time="0.00762414932250977" name="7 - if-none-match">
      <failure message="not ok 7 - if-none-match"
               type="TestFailed"><![CDATA[not ok 7 - if-none-match]]></failure>
    </testcase>
    <testcase name="8 - inm proxy ignored" time="0.00023198127746582">
      <failure type="TestFailed"
               message="not ok 8 - inm proxy ignored"><![CDATA[not ok 8 - inm proxy ignored]]></failure>
    </testcase>
    <testcase time="0.000108003616333008" name="9 - inm from cache">
      <failure message="not ok 9 - inm from cache"
               type="TestFailed"><![CDATA[not ok 9 - inm from cache]]></failure>
    </testcase>
    <testcase time="0.0104079246520996" name="10 - if-none-match etag only">
      <failure message="not ok 10 - if-none-match etag only"
               type="TestFailed"><![CDATA[not ok 10 - if-none-match etag only]]></failure>
    </testcase>
    <testcase name="11 - inm etag proxy ignored" time="0.00500011444091797">
      <failure message="not ok 11 - inm etag proxy ignored"
               type="TestFailed"><![CDATA[not ok 11 - inm etag proxy ignored]]></failure>
    </testcase>
    <testcase time="0.00347304344177246" name="12 - inm etag from cache">
      <failure type="TestFailed"
               message="not ok 12 - inm etag from cache"><![CDATA[not ok 12 - inm etag from cache]]></failure>
    </testcase>
    <testcase time="0.261827945709229" name="13 - no alerts"></testcase>
    <testcase name="14 - no sanitizer errors" time="0.000247001647949219"></testcase>
    <testcase name="(teardown)" time="0.00261783599853516" />
    <system-out><![CDATA[1..14
not ok 1 - if-modified-since
not ok 2 - ims proxy ignored
not ok 3 - ims from cache
not ok 4 - if-unmodified-since
not ok 5 - iums proxy ignored
not ok 6 - iums from cache
not ok 7 - if-none-match
not ok 8 - inm proxy ignored
not ok 9 - inm from cache
not ok 10 - if-none-match etag only
not ok 11 - inm etag proxy ignored
not ok 12 - inm etag from cache
ok 13 - no alerts
ok 14 - no sanitizer errors
]]></system-out>
    <system-err><![CDATA[Dubious, test returned 12 (wstat 3072, 0xc00)
]]></system-err>
    <error message="Dubious, test returned 12 (wstat 3072, 0xc00)" />
  </testsuite>
  <testsuite name="perl_t"
             tests="15"
             errors="0"
             failures="0"
             time="0.75531005859375">
    <testcase name="(init)" time="0.0713448524475098" />
    <testcase time="0.237374067306519" name="1 - perl response"></testcase>
    <testcase name="2 - perl header_in known" time="0.00134396553039551"></testcase>
    <testcase time="0.000703096389770508"
              name="3 - perl header_in unknown"></testcase>
    <testcase time="0.000695943832397461"
              name="4 - perl header_in cookie"></testcase>
    <testcase name="5 - perl header_in cookie2" time="0.000883102416992188"></testcase>
    <testcase name="6 - perl header_in xff" time="0.000753879547119141"></testcase>
    <testcase name="7 - perl header_in xff2" time="0.000638008117675781"></testcase>
    <testcase time="0.000720024108886719"
              name="8 - perl body preread"></testcase>
    <testcase time="0.10338306427002" name="9 - perl body late"></testcase>
    <testcase time="0.104192018508911" name="10 - perl body split"></testcase>
    <testcase time="0.00119781494140625"
              name="11 - perl body chunked"></testcase>
    <testcase name="12 - perl body chunked late" time="0.105281114578247"></testcase>
    <testcase name="13 - perl body chunked split" time="0.102312088012695"></testcase>
    <testcase time="0.0223488807678223" name="14 - no alerts"></testcase>
    <testcase name="15 - no sanitizer errors" time="0.000246047973632812"></testcase>
    <testcase time="0.00189208984375" name="(teardown)" />
    <system-out><![CDATA[1..15
ok 1 - perl response
ok 2 - perl header_in known
ok 3 - perl header_in unknown
ok 4 - perl header_in cookie
ok 5 - perl header_in cookie2
ok 6 - perl header_in xff
ok 7 - perl header_in xff2
ok 8 - perl body preread
ok 9 - perl body late
ok 10 - perl body split
ok 11 - perl body chunked
ok 12 - perl body chunked late
ok 13 - perl body chunked split
ok 14 - no alerts
ok 15 - no sanitizer errors
]]></system-out>
    <system-err></system-err>
  </testsuite>
  <testsuite failures="0"
             time="0.564604043960571"
             tests="4"
             name="perl_gzip_t"
             errors="0">
    <testcase name="(init)" time="0.103772163391113" />
    <testcase time="0.422475814819336"
              name="1 - perl response gzipped"></testcase>
    <testcase time="0.00409913063049316"
              name="2 - not doublegzipped"></testcase>
    <testcase time="0.0329298973083496" name="3 - no alerts"></testcase>
    <testcase name="4 - no sanitizer errors" time="0.000313043594360352"></testcase>
    <testcase name="(teardown)" time="0.00101399421691895" />
    <system-out><![CDATA[1..4
ok 1 - perl response gzipped
ok 2 - not doublegzipped
ok 3 - no alerts
ok 4 - no sanitizer errors
]]></system-out>
    <system-err></system-err>
  </testsuite>
  <testsuite time="0.204255819320679"
             failures="2"
             errors="1"
             tests="7"
             name="post_action_t">
    <testcase name="(init)" time="0.0693159103393555" />
    <testcase name="1 - post action" time="0.104865074157715">
      <failure message="not ok 1 - post action"
               type="TestFailed"><![CDATA[not ok 1 - post action]]></failure>
    </testcase>
    <testcase name="2 - no additional body" time="0.00376987457275391"></testcase>
    <testcase name="3 - post action proxy" time="0.00133299827575684">
      <failure message="not ok 3 - post action proxy"
               type="TestFailed"><![CDATA[not ok 3 - post action proxy]]></failure>
    </testcase>
    <testcase time="0.00248408317565918"
              name="4 - no additional body proxy"></testcase>
    <testcase name="5 - post action in logs" time="0.0199449062347412"></testcase>
    <testcase name="6 - no alerts" time="0.000271081924438477"></testcase>
    <testcase time="0.000190019607543945"
              name="7 - no sanitizer errors"></testcase>
    <testcase time="0.00208187103271484" name="(teardown)" />
    <system-out><![CDATA[1..7
not ok 1 - post action
ok 2 - no additional body
not ok 3 - post action proxy
ok 4 - no additional body proxy
ok 5 - post action in logs
ok 6 - no alerts
ok 7 - no sanitizer errors
]]></system-out>
    <system-err><![CDATA[Dubious, test returned 2 (wstat 512, 0x200)
]]></system-err>
    <error message="Dubious, test returned 2 (wstat 512, 0x200)" />
  </testsuite>
  <testsuite errors="0"
             name="proxy_t"
             tests="9"
             time="4.08957409858704"
             failures="0">
    <testcase time="0.0783169269561768" name="(init)" />
    <testcase time="0.110261201858521" name="1 - proxy request"></testcase>
    <testcase name="2 - proxy request with multiple packets" time="0.104120969772339"></testcase>
    <testcase time="0.00129199028015137"
              name="3 - proxy head request"></testcase>
    <testcase time="0.00110602378845215"
              name="4 - proxy with variables"></testcase>
    <testcase time="0.00107884407043457"
              name="5 - proxy with variables to upstream"></testcase>
    <testcase name="6" time="0.000488996505737305"></testcase>
    <testcase name="7 - proxy connect timeout" time="3.0040431022644"></testcase>
    <testcase name="8 - no alerts" time="0.786512851715088"></testcase>
    <testcase time="0.000407218933105469"
              name="9 - no sanitizer errors"></testcase>
    <testcase name="(teardown)" time="0.00194597244262695" />
    <system-out><![CDATA[1..9
ok 1 - proxy request
ok 2 - proxy request with multiple packets
ok 3 - proxy head request
ok 4 - proxy with variables
ok 5 - proxy with variables to upstream
not ok 6 # TODO & SKIP heap-buffer-overflow
ok 7 - proxy connect timeout
ok 8 - no alerts
ok 9 - no sanitizer errors
]]></system-out>
    <system-err></system-err>
  </testsuite>
  <testsuite errors="1"
             name="proxy_bind_t"
             tests="6"
             time="0.344860076904297"
             failures="4">
    <testcase name="(init)" time="0.0960788726806641" />
    <testcase time="0.224925994873047" name="1 - bind">
      <failure message="not ok 1 - bind"
               type="TestFailed"><![CDATA[not ok 1 - bind]]></failure>
    </testcase>
    <testcase name="2 - bind inherit" time="0.00204801559448242">
      <failure message="not ok 2 - bind inherit"
               type="TestFailed"><![CDATA[not ok 2 - bind inherit]]></failure>
    </testcase>
    <testcase name="3 - bind off" time="0.00170707702636719">
      <failure type="TestFailed"
               message="not ok 3 - bind off"><![CDATA[not ok 3 - bind off]]></failure>
    </testcase>
    <testcase name="4 - bind var" time="0.00154399871826172">
      <failure type="TestFailed"
               message="not ok 4 - bind var"><![CDATA[not ok 4 - bind var]]></failure>
    </testcase>
    <testcase time="0.0163359642028809" name="5 - no alerts"></testcase>
    <testcase name="6 - no sanitizer errors" time="0.00026702880859375"></testcase>
    <testcase name="(teardown)" time="0.001953125" />
    <system-out><![CDATA[1..6
not ok 1 - bind
not ok 2 - bind inherit
not ok 3 - bind off
not ok 4 - bind var
ok 5 - no alerts
ok 6 - no sanitizer errors
]]></system-out>
    <system-err><![CDATA[Dubious, test returned 4 (wstat 1024, 0x400)
]]></system-err>
    <error message="Dubious, test returned 4 (wstat 1024, 0x400)" />
  </testsuite>
  <testsuite failures="0"
             time="0.28430700302124"
             name="proxy_bind_transparent_t"
             tests="0"
             errors="0">
    <testcase time="0.281847953796387" name="(init)" />
    <testcase name="(teardown)" time="0.00245904922485352" />
    <system-out><![CDATA[1..0 # SKIP no proxy_bind transparent
]]></system-out>
    <system-err></system-err>
  </testsuite>
  <testsuite failures="12"
             time="3.35169386863708"
             tests="17"
             name="proxy_cache_t"
             errors="1">
    <testcase time="0.0700619220733643" name="(init)" />
    <testcase name="1 - proxy request" time="0.104132175445557">
      <failure message="not ok 1 - proxy request"
               type="TestFailed"><![CDATA[not ok 1 - proxy request]]></failure>
    </testcase>
    <testcase name="2 - proxy request cached" time="0.0115208625793457">
      <failure message="not ok 2 - proxy request cached"
               type="TestFailed"><![CDATA[not ok 2 - proxy request cached]]></failure>
    </testcase>
    <testcase time="0.00224804878234863" name="3 - head request"></testcase>
    <testcase time="0.00271797180175781" name="4 - get after head">
      <failure type="TestFailed"
               message="not ok 4 - get after head"><![CDATA[not ok 4 - get after head]]></failure>
    </testcase>
    <testcase time="0.00502800941467285" name="5 - head after get"></testcase>
    <testcase name="6 - empty head first" time="0.00163602828979492">
      <failure type="TestFailed"
               message="not ok 6 - empty head first"><![CDATA[not ok 6 - empty head first]]></failure>
    </testcase>
    <testcase time="0.00255894660949707" name="7 - empty head second">
      <failure message="not ok 7 - empty head second"
               type="TestFailed"><![CDATA[not ok 7 - empty head second]]></failure>
    </testcase>
    <testcase time="0.00202608108520508" name="8 - cached range">
      <failure type="TestFailed"
               message="not ok 8 - cached range"><![CDATA[not ok 8 - cached range]]></failure>
    </testcase>
    <testcase time="0.00203084945678711" name="9 - cached multipart range">
      <failure type="TestFailed"
               message="not ok 9 - cached multipart range"><![CDATA[not ok 9 - cached multipart range]]></failure>
    </testcase>
    <testcase time="0.00185513496398926" name="10 - empty get first">
      <failure message="not ok 10 - empty get first"
               type="TestFailed"><![CDATA[not ok 10 - empty get first]]></failure>
    </testcase>
    <testcase name="11 - empty get second" time="0.00246286392211914">
      <failure message="not ok 11 - empty get second"
               type="TestFailed"><![CDATA[not ok 11 - empty get second]]></failure>
    </testcase>
    <testcase time="3.11055207252502" name="12 - non-empty get stale">
      <failure message="not ok 12 - non-empty get stale"
               type="TestFailed"><![CDATA[not ok 12 - non-empty get stale]]></failure>
    </testcase>
    <testcase time="0.00378513336181641" name="13 - empty get stale">
      <failure type="TestFailed"
               message="not ok 13 - empty get stale"><![CDATA[not ok 13 - empty get stale]]></failure>
    </testcase>
    <testcase name="14 - non-cacheable head - keepalive" time="0.00198483467102051">
      <failure type="TestFailed"
               message="not ok 14 - non-cacheable head - keepalive"><![CDATA[not ok 14 - non-cacheable head - keepalive]]></failure>
    </testcase>
    <testcase name="15 - non-cacheable head - second" time="0.00109314918518066"></testcase>
    <testcase name="16 - no alerts" time="0.022291898727417"></testcase>
    <testcase name="17 - no sanitizer errors" time="0.000899076461791992"></testcase>
    <testcase name="(teardown)" time="0.00280880928039551" />
    <system-out><![CDATA[1..17
not ok 1 - proxy request
not ok 2 - proxy request cached
ok 3 - head request
not ok 4 - get after head
ok 5 - head after get
not ok 6 - empty head first
not ok 7 - empty head second
not ok 8 - cached range
not ok 9 - cached multipart range
not ok 10 - empty get first
not ok 11 - empty get second
not ok 12 - non-empty get stale
not ok 13 - empty get stale
not ok 14 - non-cacheable head - keepalive
not ok 15 - non-cacheable head - second # TODO not yet
#   Failed (TODO) test 'non-cacheable head - second'
#   at ./proxy_cache.t line 133.
#                   'HTTP/1.1 500 Internal Server Error
# Server: nginx/1.8.1
# Date: Mon, 16 May 2016 20:36:46 GMT
# Content-Type: text/html
# Content-Length: 192
# Connection: close
# 
# '
#     doesn't match '(?^:SEE-THIS)'
ok 16 - no alerts
ok 17 - no sanitizer errors
]]></system-out>
    <system-err><![CDATA[Dubious, test returned 12 (wstat 3072, 0xc00)
]]></system-err>
    <error message="Dubious, test returned 12 (wstat 3072, 0xc00)" />
  </testsuite>
  <testsuite failures="7"
             time="0.215885877609253"
             tests="10"
             name="proxy_cache_bypass_t"
             errors="1">
    <testcase name="(init)" time="0.0685770511627197" />
    <testcase name="1 - request" time="0.104018926620483">
      <failure message="not ok 1 - request"
               type="TestFailed"><![CDATA[not ok 1 - request]]></failure>
    </testcase>
    <testcase name="2 - request cached" time="0.00151801109313965">
      <failure message="not ok 2 - request cached"
               type="TestFailed"><![CDATA[not ok 2 - request cached]]></failure>
    </testcase>
    <testcase time="0.00178694725036621" name="3 - cache bypassed">
      <failure message="not ok 3 - cache bypassed"
               type="TestFailed"><![CDATA[not ok 3 - cache bypassed]]></failure>
    </testcase>
    <testcase time="0.00200295448303223" name="4 - cached after bypass">
      <failure type="TestFailed"
               message="not ok 4 - cached after bypass"><![CDATA[not ok 4 - cached after bypass]]></failure>
    </testcase>
    <testcase name="5 - intercepted error" time="0.00177216529846191">
      <failure message="not ok 5 - intercepted error"
               type="TestFailed"><![CDATA[not ok 5 - intercepted error]]></failure>
    </testcase>
    <testcase time="0.0022578239440918" name="6 - error cached">
      <failure message="not ok 6 - error cached"
               type="TestFailed"><![CDATA[not ok 6 - error cached]]></failure>
    </testcase>
    <testcase time="0.00331521034240723" name="7 - error cache bypassed">
      <failure message="not ok 7 - error cache bypassed"
               type="TestFailed"><![CDATA[not ok 7 - error cache bypassed]]></failure>
    </testcase>
    <testcase name="8 - error cached after bypass" time="0.0014958381652832"></testcase>
    <testcase name="9 - no alerts" time="0.0260970592498779"></testcase>
    <testcase time="0.000720024108886719"
              name="10 - no sanitizer errors"></testcase>
    <testcase name="(teardown)" time="0.00232386589050293" />
    <system-out><![CDATA[1..10
not ok 1 - request
not ok 2 - request cached
not ok 3 - cache bypassed
not ok 4 - cached after bypass
not ok 5 - intercepted error
not ok 6 - error cached
not ok 7 - error cache bypassed
not ok 8 - error cached after bypass # TODO not yet

#   Failed (TODO) test 'error cached after bypass'
#   at ./proxy_cache_bypass.t line 100.
#                   'HTTP/1.1 500 Internal Server Error
# Server: nginx/1.8.1
# Date: Mon, 16 May 2016 20:36:47 GMT
# Content-Type: text/html
# Content-Length: 192
# Connection: close
# 
# <html>
# <head><title>500 Internal Server Error</title></head>
# <body bgcolor="white">
# <center><h1>500 Internal Server Error</h1></center>
# <hr><center>nginx/1.8.1</center>
# </body>
# </html>
# '
#     doesn't match '(?^:NOOP)'
ok 9 - no alerts
ok 10 - no sanitizer errors
]]></system-out>
    <system-err><![CDATA[Dubious, test returned 7 (wstat 1792, 0x700)
]]></system-err>
    <error message="Dubious, test returned 7 (wstat 1792, 0x700)" />
  </testsuite>
  <testsuite errors="1"
             tests="4"
             name="proxy_cache_chunked_t"
             time="0.21210789680481"
             failures="2">
    <testcase time="0.0739438533782959" name="(init)" />
    <testcase time="0.105632066726685" name="1 - chunked">
      <failure message="not ok 1 - chunked"
               type="TestFailed"><![CDATA[not ok 1 - chunked]]></failure>
    </testcase>
    <testcase name="2 - chunked cached" time="0.00365209579467773">
      <failure type="TestFailed"
               message="not ok 2 - chunked cached"><![CDATA[not ok 2 - chunked cached]]></failure>
    </testcase>
    <testcase name="3 - no alerts" time="0.0252599716186523"></testcase>
    <testcase time="0.000279903411865234"
              name="4 - no sanitizer errors"></testcase>
    <testcase name="(teardown)" time="0.00334000587463379" />
    <system-out><![CDATA[1..4
not ok 1 - chunked
not ok 2 - chunked cached
ok 3 - no alerts
ok 4 - no sanitizer errors
]]></system-out>
    <system-err><![CDATA[Dubious, test returned 2 (wstat 512, 0x200)
]]></system-err>
    <error message="Dubious, test returned 2 (wstat 512, 0x200)" />
  </testsuite>
  <testsuite time="0.279106140136719"
             failures="0"
             errors="0"
             name="proxy_cache_convert_head_t"
             tests="0">
    <testcase time="0.277902126312256" name="(init)" />
    <testcase name="(teardown)" time="0.00120401382446289" />
    <system-out><![CDATA[1..0 # SKIP no proxy_cache_convert_head
]]></system-out>
    <system-err></system-err>
  </testsuite>
  <testsuite errors="1"
             name="proxy_cache_lock_t"
             tests="19"
             time="12.3500161170959"
             failures="17">
    <testcase time="0.0650191307067871" name="(init)" />
    <testcase name="1 - sequential request 1" time="0.104802846908569">
      <failure message="not ok 1 - sequential request 1"
               type="TestFailed"><![CDATA[not ok 1 - sequential request 1]]></failure>
    </testcase>
    <testcase time="0.00241613388061523" name="2 - sequential request 2">
      <failure message="not ok 2 - sequential request 2"
               type="TestFailed"><![CDATA[not ok 2 - sequential request 2]]></failure>
    </testcase>
    <testcase name="3 - sequential request 3" time="0.00177001953125">
      <failure message="not ok 3 - sequential request 3"
               type="TestFailed"><![CDATA[not ok 3 - sequential request 3]]></failure>
    </testcase>
    <testcase name="4 - sequential request 4" time="0.00197982788085938">
      <failure message="not ok 4 - sequential request 4"
               type="TestFailed"><![CDATA[not ok 4 - sequential request 4]]></failure>
    </testcase>
    <testcase name="5 - sequential request 5" time="0.00198197364807129">
      <failure message="not ok 5 - sequential request 5"
               type="TestFailed"><![CDATA[not ok 5 - sequential request 5]]></failure>
    </testcase>
    <testcase name="6 - parallel request 1" time="0.00400805473327637">
      <failure type="TestFailed"
               message="not ok 6 - parallel request 1"><![CDATA[not ok 6 - parallel request 1]]></failure>
    </testcase>
    <testcase name="7 - parallel request 2" time="1.10214495658875">
      <failure message="not ok 7 - parallel request 2"
               type="TestFailed"><![CDATA[not ok 7 - parallel request 2]]></failure>
    </testcase>
    <testcase time="1.63017320632935" name="8 - parallel request 3">
      <failure message="not ok 8 - parallel request 3"
               type="TestFailed"><![CDATA[not ok 8 - parallel request 3]]></failure>
    </testcase>
    <testcase name="9 - parallel request 4" time="1.10372090339661">
      <failure type="TestFailed"
               message="not ok 9 - parallel request 4"><![CDATA[not ok 9 - parallel request 4]]></failure>
    </testcase>
    <testcase name="10 - parallel request 5" time="1.16153693199158">
      <failure message="not ok 10 - parallel request 5"
               type="TestFailed"><![CDATA[not ok 10 - parallel request 5]]></failure>
    </testcase>
    <testcase time="0.00379014015197754" name="11 - first request cached">
      <failure type="TestFailed"
               message="not ok 11 - first request cached"><![CDATA[not ok 11 - first request cached]]></failure>
    </testcase>
    <testcase time="0.00284194946289062" name="12 - lock timeout - first">
      <failure type="TestFailed"
               message="not ok 12 - lock timeout - first"><![CDATA[not ok 12 - lock timeout - first]]></failure>
    </testcase>
    <testcase name="13 - lock timeout - rest" time="2.20650887489319">
      <failure type="TestFailed"
               message="not ok 13 - lock timeout - rest"><![CDATA[not ok 13 - lock timeout - rest]]></failure>
    </testcase>
    <testcase name="14 - lock timeout - first only cached" time="1.52440214157104">
      <failure message="not ok 14 - lock timeout - first only cached"
               type="TestFailed"><![CDATA[not ok 14 - lock timeout - first only cached]]></failure>
    </testcase>
    <testcase name="15 - nolock - first" time="0.00722789764404297">
      <failure type="TestFailed"
               message="not ok 15 - nolock - first"><![CDATA[not ok 15 - nolock - first]]></failure>
    </testcase>
    <testcase time="2.28330111503601" name="16 - nolock - rest">
      <failure message="not ok 16 - nolock - rest"
               type="TestFailed"><![CDATA[not ok 16 - nolock - rest]]></failure>
    </testcase>
    <testcase time="1.10645389556885" name="17 - nolock - last cached">
      <failure message="not ok 17 - nolock - last cached"
               type="TestFailed"><![CDATA[not ok 17 - nolock - last cached]]></failure>
    </testcase>
    <testcase name="18 - no alerts" time="0.027008056640625"></testcase>
    <testcase time="0.00231504440307617"
              name="19 - no sanitizer errors"></testcase>
    <testcase time="0.00661301612854004" name="(teardown)" />
    <system-out><![CDATA[1..19
not ok 1 - sequential request 1
not ok 2 - sequential request 2
not ok 3 - sequential request 3
not ok 4 - sequential request 4
not ok 5 - sequential request 5
not ok 6 - parallel request 1
not ok 7 - parallel request 2
not ok 8 - parallel request 3
not ok 9 - parallel request 4
not ok 10 - parallel request 5
not ok 11 - first request cached
not ok 12 - lock timeout - first
not ok 13 - lock timeout - rest
not ok 14 - lock timeout - first only cached
not ok 15 - nolock - first
not ok 16 - nolock - rest
not ok 17 - nolock - last cached
ok 18 - no alerts
ok 19 - no sanitizer errors
]]></system-out>
    <system-err><![CDATA[Dubious, test returned 17 (wstat 4352, 0x1100)
]]></system-err>
    <error message="Dubious, test returned 17 (wstat 4352, 0x1100)" />
  </testsuite>
  <testsuite tests="6"
             name="proxy_cache_lock_age_t"
             errors="1"
             failures="4"
             time="0.213726997375488">
    <testcase name="(init)" time="0.0717229843139648" />
    <testcase time="0.107870101928711" name="1 - request">
      <failure message="not ok 1 - request"
               type="TestFailed"><![CDATA[not ok 1 - request]]></failure>
    </testcase>
    <testcase name="2 - request cached" time="0.00243997573852539">
      <failure message="not ok 2 - request cached"
               type="TestFailed"><![CDATA[not ok 2 - request cached]]></failure>
    </testcase>
    <testcase time="0.0015709400177002" name="3 - request aged">
      <failure type="TestFailed"
               message="not ok 3 - request aged"><![CDATA[not ok 3 - request aged]]></failure>
    </testcase>
    <testcase time="0.00180888175964355" name="4 - request aged cached">
      <failure message="not ok 4 - request aged cached"
               type="TestFailed"><![CDATA[not ok 4 - request aged cached]]></failure>
    </testcase>
    <testcase time="0.02583909034729" name="5 - no alerts"></testcase>
    <testcase time="0.000247955322265625"
              name="6 - no sanitizer errors"></testcase>
    <testcase name="(teardown)" time="0.0022270679473877" />
    <system-out><![CDATA[1..6
not ok 1 - request
not ok 2 - request cached
not ok 3 - request aged
not ok 4 - request aged cached
ok 5 - no alerts
ok 6 - no sanitizer errors
]]></system-out>
    <system-err><![CDATA[Dubious, test returned 4 (wstat 1024, 0x400)
]]></system-err>
    <error message="Dubious, test returned 4 (wstat 1024, 0x400)" />
  </testsuite>
  <testsuite time="0.21842622756958"
             failures="2"
             errors="1"
             name="proxy_cache_lock_ssi_t"
             tests="4">
    <testcase name="(init)" time="0.0790450572967529" />
    <testcase name="1 - cache lock ssi" time="0.104717016220093">
      <failure type="TestFailed"
               message="not ok 1 - cache lock ssi"><![CDATA[not ok 1 - cache lock ssi]]></failure>
    </testcase>
    <testcase name="2 - parallel execution after lock timeout" time="0.000417947769165039">
      <failure type="TestFailed"
               message="not ok 2 - parallel execution after lock timeout"><![CDATA[not ok 2 - parallel execution after lock timeout]]></failure>
    </testcase>
    <testcase name="3 - no alerts" time="0.0307700634002686"></testcase>
    <testcase time="0.000359058380126953"
              name="4 - no sanitizer errors"></testcase>
    <testcase name="(teardown)" time="0.00311708450317383" />
    <system-out><![CDATA[1..4
not ok 1 - cache lock ssi
not ok 2 - parallel execution after lock timeout
ok 3 - no alerts
ok 4 - no sanitizer errors
]]></system-out>
    <system-err><![CDATA[Dubious, test returned 2 (wstat 512, 0x200)
]]></system-err>
    <error message="Dubious, test returned 2 (wstat 512, 0x200)" />
  </testsuite>
  <testsuite errors="1"
             name="proxy_cache_path_t"
             tests="8"
             time="0.209898948669434"
             failures="6">
    <testcase name="(init)" time="0.0737218856811523" />
    <testcase name="1 - temp path" time="0.104452133178711">
      <failure message="not ok 1 - temp path"
               type="TestFailed"><![CDATA[not ok 1 - temp path]]></failure>
    </testcase>
    <testcase name="2 - temp path off" time="0.00152802467346191">
      <failure message="not ok 2 - temp path off"
               type="TestFailed"><![CDATA[not ok 2 - temp path off]]></failure>
    </testcase>
    <testcase time="0.00169491767883301" name="3 - temp path levels">
      <failure type="TestFailed"
               message="not ok 3 - temp path levels"><![CDATA[not ok 3 - temp path levels]]></failure>
    </testcase>
    <testcase name="4 - temp path cached" time="0.00119209289550781">
      <failure type="TestFailed"
               message="not ok 4 - temp path cached"><![CDATA[not ok 4 - temp path cached]]></failure>
    </testcase>
    <testcase name="5 - temp path cached off" time="0.0013740062713623">
      <failure type="TestFailed"
               message="not ok 5 - temp path cached off"><![CDATA[not ok 5 - temp path cached off]]></failure>
    </testcase>
    <testcase time="0.00137591361999512" name="6 - temp path cached levels">
      <failure type="TestFailed"
               message="not ok 6 - temp path cached levels"><![CDATA[not ok 6 - temp path cached levels]]></failure>
    </testcase>
    <testcase name="7 - no alerts" time="0.0214190483093262"></testcase>
    <testcase name="8 - no sanitizer errors" time="0.000251054763793945"></testcase>
    <testcase time="0.00288987159729004" name="(teardown)" />
    <system-out><![CDATA[1..8
not ok 1 - temp path
not ok 2 - temp path off
not ok 3 - temp path levels
not ok 4 - temp path cached
not ok 5 - temp path cached off
not ok 6 - temp path cached levels
ok 7 - no alerts
ok 8 - no sanitizer errors
]]></system-out>
    <system-err><![CDATA[Dubious, test returned 6 (wstat 1536, 0x600)
]]></system-err>
    <error message="Dubious, test returned 6 (wstat 1536, 0x600)" />
  </testsuite>
  <testsuite errors="1"
             name="proxy_cache_range_t"
             tests="8"
             time="0.201503038406372"
             failures="5">
    <testcase name="(init)" time="0.0699629783630371" />
    <testcase time="0.106849908828735" name="1 - range on first request">
      <failure message="not ok 1 - range on first request"
               type="TestFailed"><![CDATA[not ok 1 - range on first request]]></failure>
    </testcase>
    <testcase name="2 - multipart range on first request" time="0.00345993041992188"></testcase>
    <testcase name="3 - cached range" time="0.00258922576904297">
      <failure type="TestFailed"
               message="not ok 3 - cached range"><![CDATA[not ok 3 - cached range]]></failure>
    </testcase>
    <testcase time="9.89437103271484e-05" name="4 - cached multipart range">
      <failure type="TestFailed"
               message="not ok 4 - cached multipart range"><![CDATA[not ok 4 - cached multipart range]]></failure>
    </testcase>
    <testcase name="5 - range below min_uses" time="0.000108003616333008">
      <failure type="TestFailed"
               message="not ok 5 - range below min_uses"><![CDATA[not ok 5 - range below min_uses]]></failure>
    </testcase>
    <testcase name="6 - multipart range below min_uses" time="0.0127019882202148">
      <failure message="not ok 6 - multipart range below min_uses"
               type="TestFailed"><![CDATA[not ok 6 - multipart range below min_uses]]></failure>
    </testcase>
    <testcase time="0.00354886054992676" name="7 - no alerts"></testcase>
    <testcase time="0.00027918815612793"
              name="8 - no sanitizer errors"></testcase>
    <testcase name="(teardown)" time="0.00190401077270508" />
    <system-out><![CDATA[1..8
not ok 1 - range on first request
not ok 2 - multipart range on first request # TODO not yet

#   Failed (TODO) test 'multipart range on first request'
#   at ./proxy_cache_range.t line 79.
#                   'HTTP/1.1 500 Internal Server Error
# Server: nginx/1.8.1
# Date: Mon, 16 May 2016 20:37:00 GMT
# Content-Type: text/html
# Content-Length: 192
# Connection: close
# 
# <html>
# <head><title>500 Internal Server Error</title></head>
# <body bgcolor="white">
# <center><h1>500 Internal Server Error</h1></center>
# <hr><center>nginx/1.8.1</center>
# </body>
# </html>
# '
#     doesn't match '(?^ms:^SEE.*^THIS)'
not ok 3 - cached range
not ok 4 - cached multipart range
not ok 5 - range below min_uses
not ok 6 - multipart range below min_uses
ok 7 - no alerts
ok 8 - no sanitizer errors
]]></system-out>
    <system-err><![CDATA[Dubious, test returned 5 (wstat 1280, 0x500)
]]></system-err>
    <error message="Dubious, test returned 5 (wstat 1280, 0x500)" />
  </testsuite>
  <testsuite time="7.38229703903198"
             failures="22"
             errors="1"
             name="proxy_cache_revalidate_t"
             tests="25">
    <testcase time="0.0679531097412109" name="(init)" />
    <testcase time="0.108232975006104" name="1 - request">
      <failure type="TestFailed"
               message="not ok 1 - request"><![CDATA[not ok 1 - request]]></failure>
    </testcase>
    <testcase time="0.0114560127258301" name="2 - request cached">
      <failure message="not ok 2 - request cached"
               type="TestFailed"><![CDATA[not ok 2 - request cached]]></failure>
    </testcase>
    <testcase time="0.000572919845581055" name="3 - 2nd request">
      <failure type="TestFailed"
               message="not ok 3 - 2nd request"><![CDATA[not ok 3 - 2nd request]]></failure>
    </testcase>
    <testcase time="0.00035405158996582" name="4 - 2nd request cached">
      <failure message="not ok 4 - 2nd request cached"
               type="TestFailed"><![CDATA[not ok 4 - 2nd request cached]]></failure>
    </testcase>
    <testcase time="0.000380039215087891" name="5 - etag">
      <failure type="TestFailed"
               message="not ok 5 - etag"><![CDATA[not ok 5 - etag]]></failure>
    </testcase>
    <testcase name="6 - etag cached" time="4.98294830322266e-05">
      <failure type="TestFailed"
               message="not ok 6 - etag cached"><![CDATA[not ok 6 - etag cached]]></failure>
    </testcase>
    <testcase name="7 - etag2" time="0.000317096710205078">
      <failure message="not ok 7 - etag2"
               type="TestFailed"><![CDATA[not ok 7 - etag2]]></failure>
    </testcase>
    <testcase name="8 - etag2 cached" time="0.000182867050170898">
      <failure message="not ok 8 - etag2 cached"
               type="TestFailed"><![CDATA[not ok 8 - etag2 cached]]></failure>
    </testcase>
    <testcase name="9 - other status" time="0.0135471820831299">
      <failure type="TestFailed"
               message="not ok 9 - other status"><![CDATA[not ok 9 - other status]]></failure>
    </testcase>
    <testcase time="0.000340938568115234" name="10 - other status cached">
      <failure message="not ok 10 - other status cached"
               type="TestFailed"><![CDATA[not ok 10 - other status cached]]></failure>
    </testcase>
    <testcase name="11 - cache before 404" time="0.000105857849121094">
      <failure type="TestFailed"
               message="not ok 11 - cache before 404"><![CDATA[not ok 11 - cache before 404]]></failure>
    </testcase>
    <testcase time="3.49981117248535" name="12 - revalidated">
      <failure message="not ok 12 - revalidated"
               type="TestFailed"><![CDATA[not ok 12 - revalidated]]></failure>
    </testcase>
    <testcase name="13 - cached again" time="0.00220203399658203">
      <failure message="not ok 13 - cached again"
               type="TestFailed"><![CDATA[not ok 13 - cached again]]></failure>
    </testcase>
    <testcase name="14 - cache 404 response" time="0.000240802764892578">
      <failure type="TestFailed"
               message="not ok 14 - cache 404 response"><![CDATA[not ok 14 - cache 404 response]]></failure>
    </testcase>
    <testcase time="0.104138135910034" name="15 - not modified">
      <failure type="TestFailed"
               message="not ok 15 - not modified"><![CDATA[not ok 15 - not modified]]></failure>
    </testcase>
    <testcase name="16 - revalidate failed" time="0.00898289680480957">
      <failure message="not ok 16 - revalidate failed"
               type="TestFailed"><![CDATA[not ok 16 - revalidate failed]]></failure>
    </testcase>
    <testcase time="0.00312614440917969" name="17 - new response cached">
      <failure message="not ok 17 - new response cached"
               type="TestFailed"><![CDATA[not ok 17 - new response cached]]></failure>
    </testcase>
    <testcase name="18 - etag revalidated" time="0.00405287742614746">
      <failure type="TestFailed"
               message="not ok 18 - etag revalidated"><![CDATA[not ok 18 - etag revalidated]]></failure>
    </testcase>
    <testcase time="0.00473308563232422" name="19 - etag cached again">
      <failure type="TestFailed"
               message="not ok 19 - etag cached again"><![CDATA[not ok 19 - etag cached again]]></failure>
    </testcase>
    <testcase name="20 - etag2 revalidate failed" time="0.000285863876342773">
      <failure type="TestFailed"
               message="not ok 20 - etag2 revalidate failed"><![CDATA[not ok 20 - etag2 revalidate failed]]></failure>
    </testcase>
    <testcase name="21 - etag2 new response cached" time="0.00590610504150391">
      <failure type="TestFailed"
               message="not ok 21 - etag2 new response cached"><![CDATA[not ok 21 - etag2 new response cached]]></failure>
    </testcase>
    <testcase time="0.000230073928833008"
              name="22 - other status no revalidation"></testcase>
    <testcase name="23 - no 404 revalidation after stale 200" time="3.51390600204468">
      <failure message="not ok 23 - no 404 revalidation after stale 200"
               type="TestFailed"><![CDATA[not ok 23 - no 404 revalidation after stale 200]]></failure>
    </testcase>
    <testcase time="0.026526927947998" name="24 - no alerts"></testcase>
    <testcase time="0.000528097152709961"
              name="25 - no sanitizer errors"></testcase>
    <testcase name="(teardown)" time="0.00413393974304199" />
    <system-out><![CDATA[1..25
not ok 1 - request
not ok 2 - request cached
not ok 3 - 2nd request
not ok 4 - 2nd request cached
not ok 5 - etag
not ok 6 - etag cached
not ok 7 - etag2
not ok 8 - etag2 cached
not ok 9 - other status
not ok 10 - other status cached
not ok 11 - cache before 404
not ok 12 - revalidated
not ok 13 - cached again
not ok 14 - cache 404 response
not ok 15 - not modified
not ok 16 - revalidate failed
not ok 17 - new response cached
not ok 18 - etag revalidated
not ok 19 - etag cached again
not ok 20 - etag2 revalidate failed
not ok 21 - etag2 new response cached
ok 22 - other status no revalidation
not ok 23 - no 404 revalidation after stale 200
ok 24 - no alerts
ok 25 - no sanitizer errors
]]></system-out>
    <system-err><![CDATA[Dubious, test returned 22 (wstat 5632, 0x1600)
]]></system-err>
    <error message="Dubious, test returned 22 (wstat 5632, 0x1600)" />
  </testsuite>
  <testsuite time="0.212368965148926"
             failures="6"
             errors="1"
             name="proxy_cache_variables_t"
             tests="10">
    <testcase time="0.0738289356231689" name="(init)" />
    <testcase time="0.103631019592285" name="1 - proxy request">
      <failure message="not ok 1 - proxy request"
               type="TestFailed"><![CDATA[not ok 1 - proxy request]]></failure>
    </testcase>
    <testcase name="2 - proxy request cached" time="0.0043489933013916">
      <failure type="TestFailed"
               message="not ok 2 - proxy request cached"><![CDATA[not ok 2 - proxy request cached]]></failure>
    </testcase>
    <testcase name="3 - head request" time="0.000211000442504883"></testcase>
    <testcase name="4 - proxy request 2" time="0.00251889228820801">
      <failure message="not ok 4 - proxy request 2"
               type="TestFailed"><![CDATA[not ok 4 - proxy request 2]]></failure>
    </testcase>
    <testcase name="5 - proxy request 2 cached" time="0.00033116340637207">
      <failure message="not ok 5 - proxy request 2 cached"
               type="TestFailed"><![CDATA[not ok 5 - proxy request 2 cached]]></failure>
    </testcase>
    <testcase name="6 - proxy_cache unknown" time="0.0111949443817139"></testcase>
    <testcase name="7 - proxy_cache empty" time="0.000875949859619141">
      <failure type="TestFailed"
               message="not ok 7 - proxy_cache empty"><![CDATA[not ok 7 - proxy_cache empty]]></failure>
    </testcase>
    <testcase time="0.00049901008605957"
              name="8 - proxy_cache empty - not cached">
      <failure type="TestFailed"
               message="not ok 8 - proxy_cache empty - not cached"><![CDATA[not ok 8 - proxy_cache empty - not cached]]></failure>
    </testcase>
    <testcase time="0.00948309898376465" name="9 - no alerts"></testcase>
    <testcase time="0.000266790390014648"
              name="10 - no sanitizer errors"></testcase>
    <testcase name="(teardown)" time="0.00517916679382324" />
    <system-out><![CDATA[1..10
not ok 1 - proxy request
not ok 2 - proxy request cached
ok 3 - head request
not ok 4 - proxy request 2
not ok 5 - proxy request 2 cached
ok 6 - proxy_cache unknown
not ok 7 - proxy_cache empty
not ok 8 - proxy_cache empty - not cached
ok 9 - no alerts
ok 10 - no sanitizer errors
]]></system-out>
    <system-err><![CDATA[Dubious, test returned 6 (wstat 1536, 0x600)
]]></system-err>
    <error message="Dubious, test returned 6 (wstat 1536, 0x600)" />
  </testsuite>
  <testsuite time="6.30531311035156"
             failures="29"
             errors="1"
             tests="44"
             name="proxy_cache_vary_t">
    <testcase time="0.0718719959259033" name="(init)" />
    <testcase time="0.103796005249023" name="1 - first request">
      <failure type="TestFailed"
               message="not ok 1 - first request"><![CDATA[not ok 1 - first request]]></failure>
    </testcase>
    <testcase time="0.00240802764892578" name="2 - vary match cached">
      <failure message="not ok 2 - vary match cached"
               type="TestFailed"><![CDATA[not ok 2 - vary match cached]]></failure>
    </testcase>
    <testcase time="0.00188517570495605" name="3 - vary mismatch">
      <failure message="not ok 3 - vary mismatch"
               type="TestFailed"><![CDATA[not ok 3 - vary mismatch]]></failure>
    </testcase>
    <testcase name="4 - vary mismatch cached" time="0.00227880477905273">
      <failure message="not ok 4 - vary mismatch cached"
               type="TestFailed"><![CDATA[not ok 4 - vary mismatch cached]]></failure>
    </testcase>
    <testcase name="5 - vary mismatch 2" time="0.00199699401855469">
      <failure message="not ok 5 - vary mismatch 2"
               type="TestFailed"><![CDATA[not ok 5 - vary mismatch 2]]></failure>
    </testcase>
    <testcase time="0.00183200836181641" name="6 - vary mismatch 2 cached">
      <failure type="TestFailed"
               message="not ok 6 - vary mismatch 2 cached"><![CDATA[not ok 6 - vary mismatch 2 cached]]></failure>
    </testcase>
    <testcase name="7 - multiple representations cached" time="0.00170397758483887">
      <failure type="TestFailed"
               message="not ok 7 - multiple representations cached"><![CDATA[not ok 7 - multiple representations cached]]></failure>
    </testcase>
    <testcase name="8" time="0.00128817558288574"></testcase>
    <testcase time="0.000700950622558594" name="9"></testcase>
    <testcase time="0.000641107559204102" name="10"></testcase>
    <testcase time="0.000803947448730469" name="11"></testcase>
    <testcase time="0.00486183166503906" name="12"></testcase>
    <testcase time="0.000478029251098633" name="13"></testcase>
    <testcase time="0.000451087951660156" name="14"></testcase>
    <testcase name="15" time="0.00229406356811523"></testcase>
    <testcase name="16" time="0.000321865081787109"></testcase>
    <testcase time="0.000118017196655273" name="17"></testcase>
    <testcase name="18" time="0.000160932540893555"></testcase>
    <testcase name="19" time="0.000189065933227539"></testcase>
    <testcase time="0.000316143035888672" name="20 - replace first">
      <failure type="TestFailed"
               message="not ok 20 - replace first"><![CDATA[not ok 20 - replace first]]></failure>
    </testcase>
    <testcase name="21 - replace second" time="0.000330924987792969">
      <failure message="not ok 21 - replace second"
               type="TestFailed"><![CDATA[not ok 21 - replace second]]></failure>
    </testcase>
    <testcase name="22 - replace novary" time="3.00255799293518">
      <failure message="not ok 22 - replace novary"
               type="TestFailed"><![CDATA[not ok 22 - replace novary]]></failure>
    </testcase>
    <testcase name="23 - all replaced" time="0.00224399566650391">
      <failure type="TestFailed"
               message="not ok 23 - all replaced"><![CDATA[not ok 23 - all replaced]]></failure>
    </testcase>
    <testcase time="0.00212693214416504" name="24 - revalidate first">
      <failure message="not ok 24 - revalidate first"
               type="TestFailed"><![CDATA[not ok 24 - revalidate first]]></failure>
    </testcase>
    <testcase name="25 - revalidate second" time="0.00167202949523926">
      <failure type="TestFailed"
               message="not ok 25 - revalidate second"><![CDATA[not ok 25 - revalidate second]]></failure>
    </testcase>
    <testcase time="3.00407195091248" name="26 - revalidated first">
      <failure type="TestFailed"
               message="not ok 26 - revalidated first"><![CDATA[not ok 26 - revalidated first]]></failure>
    </testcase>
    <testcase name="27 - revalidated second" time="0.00200605392456055">
      <failure message="not ok 27 - revalidated second"
               type="TestFailed"><![CDATA[not ok 27 - revalidated second]]></failure>
    </testcase>
    <testcase time="0.00214004516601562" name="28 - revalidate first after">
      <failure type="TestFailed"
               message="not ok 28 - revalidate first after"><![CDATA[not ok 28 - revalidate first after]]></failure>
    </testcase>
    <testcase name="29 - revalidate second after" time="0.00113296508789062">
      <failure type="TestFailed"
               message="not ok 29 - revalidate second after"><![CDATA[not ok 29 - revalidate second after]]></failure>
    </testcase>
    <testcase time="0.00186300277709961" name="30 - another request">
      <failure message="not ok 30 - another request"
               type="TestFailed"><![CDATA[not ok 30 - another request]]></failure>
    </testcase>
    <testcase time="0.00208210945129395" name="31 - vary ignored">
      <failure type="TestFailed"
               message="not ok 31 - vary ignored"><![CDATA[not ok 31 - vary ignored]]></failure>
    </testcase>
    <testcase name="32 - vary complex first" time="0.00187778472900391">
      <failure type="TestFailed"
               message="not ok 32 - vary complex first"><![CDATA[not ok 32 - vary complex first]]></failure>
    </testcase>
    <testcase name="33 - vary complex second" time="0.00212001800537109">
      <failure type="TestFailed"
               message="not ok 33 - vary complex second"><![CDATA[not ok 33 - vary complex second]]></failure>
    </testcase>
    <testcase name="34 - vary complex first cached" time="0.0019371509552002">
      <failure type="TestFailed"
               message="not ok 34 - vary complex first cached"><![CDATA[not ok 34 - vary complex first cached]]></failure>
    </testcase>
    <testcase time="0.00228404998779297" name="35 - vary complex second cached">
      <failure message="not ok 35 - vary complex second cached"
               type="TestFailed"><![CDATA[not ok 35 - vary complex second cached]]></failure>
    </testcase>
    <testcase name="36 - vary asterisk first" time="0.00211596488952637">
      <failure message="not ok 36 - vary asterisk first"
               type="TestFailed"><![CDATA[not ok 36 - vary asterisk first]]></failure>
    </testcase>
    <testcase name="37 - vary asterisk second" time="0.00174593925476074">
      <failure message="not ok 37 - vary asterisk second"
               type="TestFailed"><![CDATA[not ok 37 - vary asterisk second]]></failure>
    </testcase>
    <testcase time="0.00173401832580566" name="38 - normalize first">
      <failure type="TestFailed"
               message="not ok 38 - normalize first"><![CDATA[not ok 38 - normalize first]]></failure>
    </testcase>
    <testcase name="39 - normalize whitespace" time="0.00187206268310547">
      <failure type="TestFailed"
               message="not ok 39 - normalize whitespace"><![CDATA[not ok 39 - normalize whitespace]]></failure>
    </testcase>
    <testcase time="0.00135493278503418" name="40 - normalize empty">
      <failure message="not ok 40 - normalize empty"
               type="TestFailed"><![CDATA[not ok 40 - normalize empty]]></failure>
    </testcase>
    <testcase name="41 - normalize no whitespace mismatch" time="0.00157594680786133">
      <failure type="TestFailed"
               message="not ok 41 - normalize no whitespace mismatch"><![CDATA[not ok 41 - normalize no whitespace mismatch]]></failure>
    </testcase>
    <testcase time="0.00182914733886719" name="42 - normalize order"></testcase>
    <testcase name="43 - no alerts" time="0.0542318820953369"></testcase>
    <testcase name="44 - no sanitizer errors" time="0.0013890266418457"></testcase>
    <testcase name="(teardown)" time="0.00661897659301758" />
    <system-out><![CDATA[1..44
not ok 1 - first request
not ok 2 - vary match cached
not ok 3 - vary mismatch
not ok 4 - vary mismatch cached
not ok 5 - vary mismatch 2
not ok 6 - vary mismatch 2 cached
not ok 7 - multiple representations cached
ok 8 # skip long tests
ok 9 # skip long tests
ok 10 # skip long tests
ok 11 # skip long tests
ok 12 # skip long tests
ok 13 # skip long tests
ok 14 # skip long tests
ok 15 # skip long tests
ok 16 # skip long tests
ok 17 # skip long tests
ok 18 # skip long tests
ok 19 # skip long tests
not ok 20 - replace first
not ok 21 - replace second
not ok 22 - replace novary
not ok 23 - all replaced
not ok 24 - revalidate first
not ok 25 - revalidate second
not ok 26 - revalidated first
not ok 27 - revalidated second
not ok 28 - revalidate first after
not ok 29 - revalidate second after
not ok 30 - another request
not ok 31 - vary ignored
not ok 32 - vary complex first
not ok 33 - vary complex second
not ok 34 - vary complex first cached
not ok 35 - vary complex second cached
not ok 36 - vary asterisk first
not ok 37 - vary asterisk second
not ok 38 - normalize first
not ok 39 - normalize whitespace
not ok 40 - normalize empty
not ok 41 - normalize no whitespace mismatch
not ok 42 - normalize order # TODO not yet
#   Failed (TODO) test 'normalize order'
#   at ./proxy_cache_vary.t line 247.
#                   'HTTP/1.1 500 Internal Server Error
# Server: nginx/1.8.1
# Date: Mon, 16 May 2016 20:37:14 GMT
# Content-Type: text/html
# Content-Length: 192
# Connection: close
# 
# <html>
# <head><title>500 Internal Server Error</title></head>
# <body bgcolor="white">
# <center><h1>500 Internal Server Error</h1></center>
# <hr><center>nginx/1.8.1</center>
# </body>
# </html>
# '
#     doesn't match '(?^ms:HIT)'
ok 43 - no alerts
ok 44 - no sanitizer errors
]]></system-out>
    <system-err><![CDATA[Dubious, test returned 29 (wstat 7424, 0x1d00)
]]></system-err>
    <error message="Dubious, test returned 29 (wstat 7424, 0x1d00)" />
  </testsuite>
  <testsuite errors="1"
             tests="5"
             name="proxy_chunked_t"
             time="0.202682018280029"
             failures="1">
    <testcase name="(init)" time="0.0736660957336426" />
    <testcase name="1 - chunked" time="0.104408979415894"></testcase>
    <testcase time="0.00138401985168457"
              name="2 - chunked nobuffering"></testcase>
    <testcase name="3 - chunked inmemory" time="0.000579118728637695">
      <failure message="not ok 3 - chunked inmemory"
               type="TestFailed"><![CDATA[not ok 3 - chunked inmemory]]></failure>
    </testcase>
    <testcase name="4 - no alerts" time="0.0202789306640625"></testcase>
    <testcase name="5 - no sanitizer errors" time="0.000305891036987305"></testcase>
    <testcase name="(teardown)" time="0.00205898284912109" />
    <system-out><![CDATA[1..5
ok 1 - chunked
ok 2 - chunked nobuffering
not ok 3 - chunked inmemory
ok 4 - no alerts
ok 5 - no sanitizer errors
]]></system-out>
    <system-err><![CDATA[Dubious, test returned 1 (wstat 256, 0x100)
]]></system-err>
    <error message="Dubious, test returned 1 (wstat 256, 0x100)" />
  </testsuite>
  <testsuite failures="0"
             time="0.227097034454346"
             tests="10"
             name="proxy_cookie_t"
             errors="0">
    <testcase name="(init)" time="0.179877996444702" />
    <testcase time="0.00323200225830078" name="1 - domain rewrite"></testcase>
    <testcase time="0.0021510124206543"
              name="2 - domain rewrite with vars"></testcase>
    <testcase name="3 - domain regex rewrite" time="0.000683069229125977"></testcase>
    <testcase time="0.000910043716430664" name="4 - path rewrite"></testcase>
    <testcase time="0.00106287002563477"
              name="5 - path rewrite with vars"></testcase>
    <testcase name="6 - path regex rewrite" time="0.00094914436340332"></testcase>
    <testcase time="0.00193190574645996"
              name="7 - path caseless regex rewrite"></testcase>
    <testcase time="0.000926017761230469"
              name="8 - domain and path rewrite"></testcase>
    <testcase time="0.0316810607910156" name="9 - no alerts"></testcase>
    <testcase time="0.000344991683959961"
              name="10 - no sanitizer errors"></testcase>
    <testcase name="(teardown)" time="0.00334692001342773" />
    <system-out><![CDATA[1..10
ok 1 - domain rewrite
ok 2 - domain rewrite with vars
ok 3 - domain regex rewrite
ok 4 - path rewrite
ok 5 - path rewrite with vars
ok 6 - path regex rewrite
ok 7 - path caseless regex rewrite
ok 8 - domain and path rewrite
ok 9 - no alerts
ok 10 - no sanitizer errors
]]></system-out>
    <system-err></system-err>
  </testsuite>
  <testsuite time="0.215317010879517"
             failures="3"
             errors="1"
             name="proxy_force_ranges_t"
             tests="6">
    <testcase time="0.074084997177124" name="(init)" />
    <testcase time="0.10437798500061"
              name="1 - range without Accept-Ranges"></testcase>
    <testcase time="0.00156021118164062" name="2 - uncached range">
      <failure type="TestFailed"
               message="not ok 2 - uncached range"><![CDATA[not ok 2 - uncached range]]></failure>
    </testcase>
    <testcase time="0.00180983543395996" name="3 - cached range">
      <failure type="TestFailed"
               message="not ok 3 - cached range"><![CDATA[not ok 3 - cached range]]></failure>
    </testcase>
    <testcase name="4 - cached multipart range" time="0.00109410285949707">
      <failure type="TestFailed"
               message="not ok 4 - cached multipart range"><![CDATA[not ok 4 - cached multipart range]]></failure>
    </testcase>
    <testcase time="0.0297338962554932" name="5 - no alerts"></testcase>
    <testcase name="6 - no sanitizer errors" time="0.0004119873046875"></testcase>
    <testcase name="(teardown)" time="0.00224399566650391" />
    <system-out><![CDATA[1..6
ok 1 - range without Accept-Ranges
not ok 2 - uncached range
not ok 3 - cached range
not ok 4 - cached multipart range
ok 5 - no alerts
ok 6 - no sanitizer errors
]]></system-out>
    <system-err><![CDATA[Dubious, test returned 3 (wstat 768, 0x300)
]]></system-err>
    <error message="Dubious, test returned 3 (wstat 768, 0x300)" />
  </testsuite>
  <testsuite tests="17"
             name="proxy_if_t"
             errors="1"
             failures="3"
             time="0.403762102127075">
    <testcase time="0.0764880180358887" name="(init)" />
    <testcase time="0.25400710105896" name="1 - proxy request"></testcase>
    <testcase name="2 - proxy_pass uri changed" time="0.00136685371398926"></testcase>
    <testcase time="0.00107598304748535"
              name="3 - proxy_pass uri changed in if"></testcase>
    <testcase time="0.000890016555786133"
              name="4 - proxy_pass uri changed inner">
      <failure type="TestFailed"
               message="not ok 4 - proxy_pass uri changed inner"><![CDATA[not ok 4 - proxy_pass uri changed inner]]></failure>
    </testcase>
    <testcase name="5 - proxy_pass uri changed inner in if" time="0.00317811965942383">
      <failure message="not ok 5 - proxy_pass uri changed inner in if"
               type="TestFailed"><![CDATA[not ok 5 - proxy_pass uri changed inner in if]]></failure>
    </testcase>
    <testcase time="0.00232791900634766"
              name="6 - proxy_pass uri and limit_except"></testcase>
    <testcase name="7 - proxy_pass uri and limit_except, inner" time="0.0028989315032959">
      <failure type="TestFailed"
               message="not ok 7 - proxy_pass uri and limit_except, inner"><![CDATA[not ok 7 - proxy_pass uri and limit_except, inner]]></failure>
    </testcase>
    <testcase name="8 - proxy_pass and limit_except with different proxy_pass" time="0.00345110893249512"></testcase>
    <testcase name="9 - proxy_pass inside if" time="0.00206995010375977"></testcase>
    <testcase time="0.00145697593688965"
              name="10 - proxy_pass variables"></testcase>
    <testcase time="0.00136399269104004"
              name="11 - proxy_pass variables if"></testcase>
    <testcase name="12 - proxy_pass variables nested" time="0.00197815895080566"></testcase>
    <testcase name="13 - proxy_pass ssl" time="0.00375199317932129"></testcase>
    <testcase time="0.00138497352600098"
              name="14 - proxy_pass ssl inside if"></testcase>
    <testcase time="0.0011298656463623"
              name="15 - proxy_pass nossl inside ssl"></testcase>
    <testcase name="16 - no alerts" time="0.0400640964508057"></testcase>
    <testcase time="0.0013580322265625"
              name="17 - no sanitizer errors"></testcase>
    <testcase time="0.00352001190185547" name="(teardown)" />
    <system-out><![CDATA[1..17
ok 1 - proxy request
ok 2 - proxy_pass uri changed
ok 3 - proxy_pass uri changed in if
not ok 4 - proxy_pass uri changed inner
not ok 5 - proxy_pass uri changed inner in if
ok 6 - proxy_pass uri and limit_except
not ok 7 - proxy_pass uri and limit_except, inner
ok 8 - proxy_pass and limit_except with different proxy_pass
ok 9 - proxy_pass inside if
ok 10 - proxy_pass variables
ok 11 - proxy_pass variables if
ok 12 - proxy_pass variables nested
ok 13 - proxy_pass ssl
ok 14 - proxy_pass ssl inside if
ok 15 - proxy_pass nossl inside ssl
not ok 16 - no alerts # TODO alerts
#   Failed (TODO) test 'no alerts'
#   at lib/Test/Nginx.pm line 81.
#          got: '2016/05/16 22:37:15 [alert] 26815#0: *19 no upstream configuration, client: 127.0.0.1, server: localhost, request: "GET /proxy-inside-if-crash HTTP/1.0", host: "localhost"'
#     expected: ''
ok 17 - no sanitizer errors
]]></system-out>
    <system-err><![CDATA[Dubious, test returned 3 (wstat 768, 0x300)
]]></system-err>
    <error message="Dubious, test returned 3 (wstat 768, 0x300)" />
  </testsuite>
  <testsuite name="proxy_keepalive_t"
             tests="51"
             errors="1"
             failures="13"
             time="1.02703595161438">
    <testcase time="0.0696508884429932" name="(init)" />
    <testcase time="0.107341051101685" name="1 - buffered"></testcase>
    <testcase time="0.0427570343017578" name="2 - buffered 2"></testcase>
    <testcase name="3 - buffered chunked" time="0.0428838729858398"></testcase>
    <testcase time="0.0424370765686035"
              name="4 - buffered chunked 2"></testcase>
    <testcase name="5 - buffered complex chunked" time="0.0767331123352051"></testcase>
    <testcase name="6 - buffered complex chunked 2" time="0.0752468109130859"></testcase>
    <testcase time="0.04180908203125" name="7 - buffered 0 chunk"></testcase>
    <testcase time="0.0427780151367188"
              name="8 - buffered 0 chunk 2"></testcase>
    <testcase time="0.00114297866821289" name="9 - buffered head"></testcase>
    <testcase time="0.00123095512390137" name="10 - buffered head 2"></testcase>
    <testcase time="0.00115799903869629" name="11 - buffered empty"></testcase>
    <testcase time="0.000832080841064453"
              name="12 - buffered empty 2"></testcase>
    <testcase time="0.000900030136108398" name="13 - buffered 304"></testcase>
    <testcase time="0.00108098983764648" name="14 - buffered 304 2"></testcase>
    <testcase time="0.000834941864013672"
              name="15 - buffered 304 with length"></testcase>
    <testcase name="16 - buffered 304 with length 2" time="0.000998973846435547"></testcase>
    <testcase time="0.044788122177124" name="17 - unbuffered"></testcase>
    <testcase time="0.042374849319458" name="18 - unbuffered 2"></testcase>
    <testcase name="19 - unbuffered chunked" time="0.0408921241760254"></testcase>
    <testcase name="20 - unbuffered chunked 2" time="0.0422890186309814"></testcase>
    <testcase time="0.0751008987426758"
              name="21 - unbuffered complex chunked"></testcase>
    <testcase name="22 - unbuffered complex chunked 2" time="0.0757710933685303"></testcase>
    <testcase name="23 - unbuffered 0 chunk" time="0.0418009757995605"></testcase>
    <testcase name="24 - unbuffered 0 chunk 2" time="0.0417330265045166"></testcase>
    <testcase time="0.0011749267578125"
              name="25 - unbuffered empty"></testcase>
    <testcase time="0.00123906135559082"
              name="26 - unbuffered empty 2"></testcase>
    <testcase name="27 - unbuffered head" time="0.000833034515380859"></testcase>
    <testcase time="0.000854015350341797"
              name="28 - unbuffered head 2"></testcase>
    <testcase name="29 - unbuffered 304" time="0.00105381011962891"></testcase>
    <testcase name="30 - unbuffered 304 2" time="0.000919103622436523"></testcase>
    <testcase name="31 - unbuffered 304 with length" time="0.000952005386352539"></testcase>
    <testcase time="0.000985860824584961"
              name="32 - unbuffered 304 with length 2"></testcase>
    <testcase time="0.000694990158081055" name="33 - inmemory">
      <failure type="TestFailed"
               message="not ok 33 - inmemory"><![CDATA[not ok 33 - inmemory]]></failure>
    </testcase>
    <testcase time="0.00197720527648926" name="34 - inmemory 2">
      <failure type="TestFailed"
               message="not ok 34 - inmemory 2"><![CDATA[not ok 34 - inmemory 2]]></failure>
    </testcase>
    <testcase name="35 - inmemory empty" time="0.00220584869384766">
      <failure type="TestFailed"
               message="not ok 35 - inmemory empty"><![CDATA[not ok 35 - inmemory empty]]></failure>
    </testcase>
    <testcase time="0.00213217735290527" name="36 - inmemory empty 2">
      <failure type="TestFailed"
               message="not ok 36 - inmemory empty 2"><![CDATA[not ok 36 - inmemory empty 2]]></failure>
    </testcase>
    <testcase name="37 - inmemory chunked" time="0.00239777565002441">
      <failure message="not ok 37 - inmemory chunked"
               type="TestFailed"><![CDATA[not ok 37 - inmemory chunked]]></failure>
    </testcase>
    <testcase time="0.00341200828552246" name="38 - inmemory chunked 2">
      <failure type="TestFailed"
               message="not ok 38 - inmemory chunked 2"><![CDATA[not ok 38 - inmemory chunked 2]]></failure>
    </testcase>
    <testcase name="39 - inmemory complex chunked" time="0.00179910659790039">
      <failure message="not ok 39 - inmemory complex chunked"
               type="TestFailed"><![CDATA[not ok 39 - inmemory complex chunked]]></failure>
    </testcase>
    <testcase time="0.00166797637939453" name="40 - inmemory complex chunked 2">
      <failure type="TestFailed"
               message="not ok 40 - inmemory complex chunked 2"><![CDATA[not ok 40 - inmemory complex chunked 2]]></failure>
    </testcase>
    <testcase time="0.00169801712036133" name="41 - inmemory 0 chunk">
      <failure type="TestFailed"
               message="not ok 41 - inmemory 0 chunk"><![CDATA[not ok 41 - inmemory 0 chunk]]></failure>
    </testcase>
    <testcase time="0.0016179084777832" name="42 - inmemory 0 chunk 2">
      <failure type="TestFailed"
               message="not ok 42 - inmemory 0 chunk 2"><![CDATA[not ok 42 - inmemory 0 chunk 2]]></failure>
    </testcase>
    <testcase name="43 - buffered closed 1" time="0.00198006629943848"></testcase>
    <testcase name="44 - buffered closed 2" time="0.00106501579284668"></testcase>
    <testcase time="0.00125789642333984"
              name="45 - unbuffered closed 1"></testcase>
    <testcase time="0.00116801261901855"
              name="46 - unbuffered closed 2"></testcase>
    <testcase name="47 - inmemory closed 1" time="0.000964164733886719">
      <failure type="TestFailed"
               message="not ok 47 - inmemory closed 1"><![CDATA[not ok 47 - inmemory closed 1]]></failure>
    </testcase>
    <testcase name="48 - inmemory closed 2" time="0.0016019344329834">
      <failure message="not ok 48 - inmemory closed 2"
               type="TestFailed"><![CDATA[not ok 48 - inmemory closed 2]]></failure>
    </testcase>
    <testcase name="49 - no errors" time="0.00564098358154297">
      <failure type="TestFailed"
               message="not ok 49 - no errors"><![CDATA[not ok 49 - no errors]]></failure>
    </testcase>
    <testcase name="50 - no alerts" time="0.0260250568389893"></testcase>
    <testcase name="51 - no sanitizer errors" time="0.00146889686584473"></testcase>
    <testcase time="0.00368309020996094" name="(teardown)" />
    <system-out><![CDATA[1..51
ok 1 - buffered
ok 2 - buffered 2
ok 3 - buffered chunked
ok 4 - buffered chunked 2
ok 5 - buffered complex chunked
ok 6 - buffered complex chunked 2
ok 7 - buffered 0 chunk
ok 8 - buffered 0 chunk 2
ok 9 - buffered head
ok 10 - buffered head 2
ok 11 - buffered empty
ok 12 - buffered empty 2
ok 13 - buffered 304
ok 14 - buffered 304 2
ok 15 - buffered 304 with length
ok 16 - buffered 304 with length 2
ok 17 - unbuffered
ok 18 - unbuffered 2
ok 19 - unbuffered chunked
ok 20 - unbuffered chunked 2
ok 21 - unbuffered complex chunked
ok 22 - unbuffered complex chunked 2
ok 23 - unbuffered 0 chunk
ok 24 - unbuffered 0 chunk 2
ok 25 - unbuffered empty
ok 26 - unbuffered empty 2
ok 27 - unbuffered head
ok 28 - unbuffered head 2
ok 29 - unbuffered 304
ok 30 - unbuffered 304 2
ok 31 - unbuffered 304 with length
ok 32 - unbuffered 304 with length 2
not ok 33 - inmemory
not ok 34 - inmemory 2
not ok 35 - inmemory empty
not ok 36 - inmemory empty 2
not ok 37 - inmemory chunked
not ok 38 - inmemory chunked 2
not ok 39 - inmemory complex chunked
not ok 40 - inmemory complex chunked 2
not ok 41 - inmemory 0 chunk
not ok 42 - inmemory 0 chunk 2
ok 43 - buffered closed 1
ok 44 - buffered closed 2
ok 45 - unbuffered closed 1
ok 46 - unbuffered closed 2
not ok 47 - inmemory closed 1
not ok 48 - inmemory closed 2
not ok 49 - no errors
ok 50 - no alerts
ok 51 - no sanitizer errors
]]></system-out>
    <system-err><![CDATA[Dubious, test returned 13 (wstat 3328, 0xd00)
]]></system-err>
    <error message="Dubious, test returned 13 (wstat 3328, 0xd00)" />
  </testsuite>
  <testsuite name="proxy_limit_rate_t"
             tests="4"
             errors="1"
             failures="1"
             time="0.23481011390686">
    <testcase name="(init)" time="0.0780589580535889" />
    <testcase time="0.10474419593811" name="1 - proxy_limit_rate"></testcase>
    <testcase time="0.000309944152832031" name="2 - response body">
      <failure type="TestFailed"
               message="not ok 2 - response body"><![CDATA[not ok 2 - response body]]></failure>
    </testcase>
    <testcase time="0.0493299961090088" name="3 - no alerts"></testcase>
    <testcase time="0.000273942947387695"
              name="4 - no sanitizer errors"></testcase>
    <testcase name="(teardown)" time="0.00209307670593262" />
    <system-out><![CDATA[1..4
ok 1 - proxy_limit_rate
not ok 2 - response body
ok 3 - no alerts
ok 4 - no sanitizer errors
]]></system-out>
    <system-err><![CDATA[Dubious, test returned 1 (wstat 256, 0x100)
]]></system-err>
    <error message="Dubious, test returned 1 (wstat 256, 0x100)" />
  </testsuite>
  <testsuite failures="3"
             time="0.217457056045532"
             name="proxy_merge_headers_t"
             tests="9"
             errors="1">
    <testcase name="(init)" time="0.0795440673828125" />
    <testcase time="0.103064060211182"
              name="1 - if-modified-since cleared with cache">
      <failure type="TestFailed"
               message="not ok 1 - if-modified-since cleared with cache"><![CDATA[not ok 1 - if-modified-since cleared with cache]]></failure>
    </testcase>
    <testcase time="0.00879287719726562"
              name="2 - if-modified-since preserved without cache"></testcase>
    <testcase name="3 - proxy_set_header inherited with proxy_set_body" time="0.000504970550537109">
      <failure type="TestFailed"
               message="not ok 3 - proxy_set_header inherited with proxy_set_body"><![CDATA[not ok 3 - proxy_set_header inherited with proxy_set_body]]></failure>
    </testcase>
    <testcase time="0.000230073928833008"
              name="4 - proxy_pass_header default"></testcase>
    <testcase time="0.000341892242431641" name="5 - proxy_pass_header nested">
      <failure type="TestFailed"
               message="not ok 5 - proxy_pass_header nested"><![CDATA[not ok 5 - proxy_pass_header nested]]></failure>
    </testcase>
    <testcase time="0.000225067138671875"
              name="6 - proxy_hide_header inherited"></testcase>
    <testcase time="0.000262975692749023"
              name="7 - proxy_hide_header nested"></testcase>
    <testcase name="8 - no alerts" time="0.0224521160125732"></testcase>
    <testcase time="0.000432014465332031"
              name="9 - no sanitizer errors"></testcase>
    <testcase time="0.00160694122314453" name="(teardown)" />
    <system-out><![CDATA[1..9
not ok 1 - if-modified-since cleared with cache
ok 2 - if-modified-since preserved without cache
not ok 3 - proxy_set_header inherited with proxy_set_body
ok 4 - proxy_pass_header default
not ok 5 - proxy_pass_header nested
ok 6 - proxy_hide_header inherited
ok 7 - proxy_hide_header nested
ok 8 - no alerts
ok 9 - no sanitizer errors
]]></system-out>
    <system-err><![CDATA[Dubious, test returned 3 (wstat 768, 0x300)
]]></system-err>
    <error message="Dubious, test returned 3 (wstat 768, 0x300)" />
  </testsuite>
  <testsuite time="0.215762138366699"
             failures="0"
             errors="0"
             name="proxy_next_upstream_t"
             tests="9">
    <testcase time="0.0688941478729248" name="(init)" />
    <testcase name="1 - proxy request" time="0.105540990829468"></testcase>
    <testcase name="2 - second request" time="0.00128507614135742"></testcase>
    <testcase name="3 - not down" time="0.00157785415649414"></testcase>
    <testcase name="4 - request 500" time="0.00108909606933594"></testcase>
    <testcase time="0.00084996223449707"
              name="5 - request 500 second"></testcase>
    <testcase name="6 - down after 500" time="0.00113987922668457"></testcase>
    <testcase name="7 - all tried once" time="0.00221514701843262"></testcase>
    <testcase name="8 - no alerts" time="0.0310728549957275"></testcase>
    <testcase time="0.000266075134277344"
              name="9 - no sanitizer errors"></testcase>
    <testcase name="(teardown)" time="0.0018310546875" />
    <system-out><![CDATA[1..9
ok 1 - proxy request
ok 2 - second request
ok 3 - not down
ok 4 - request 500
ok 5 - request 500 second
ok 6 - down after 500
ok 7 - all tried once
ok 8 - no alerts
ok 9 - no sanitizer errors
]]></system-out>
    <system-err></system-err>
  </testsuite>
  <testsuite time="5.21599388122559"
             failures="0"
             errors="0"
             name="proxy_next_upstream_tries_t"
             tests="10">
    <testcase name="(init)" time="0.0702080726623535" />
    <testcase time="0.109983921051025" name="1 - tries"></testcase>
    <testcase name="2 - tries backup" time="0.00193095207214355"></testcase>
    <testcase name="3 - tries resolved" time="0.00219202041625977"></testcase>
    <testcase name="4 - tries zero" time="0.00371503829956055"></testcase>
    <testcase name="5" time="0.000715017318725586"></testcase>
    <testcase time="0.000531911849975586" name="6"></testcase>
    <testcase name="7" time="0.000278949737548828"></testcase>
    <testcase name="8" time="0.000300168991088867"></testcase>
    <testcase name="9 - no alerts" time="5.02312898635864"></testcase>
    <testcase name="10 - no sanitizer errors" time="0.000488042831420898"></testcase>
    <testcase time="0.00252079963684082" name="(teardown)" />
    <system-out><![CDATA[1..10
ok 1 - tries
ok 2 - tries backup
ok 3 - tries resolved
ok 4 - tries zero
ok 5 # skip long tests
ok 6 # skip long tests
ok 7 # skip long tests
ok 8 # skip long tests
ok 9 - no alerts
ok 10 - no sanitizer errors
]]></system-out>
    <system-err></system-err>
  </testsuite>
  <testsuite tests="6"
             name="proxy_noclose_t"
             errors="0"
             failures="0"
             time="2.33191299438477">
    <testcase time="0.0772569179534912" name="(init)" />
    <testcase time="0.105801105499268"
              name="1 - request to bad backend"></testcase>
    <testcase time="0.102833986282349"
              name="2 - bad backend - multiple packets"></testcase>
    <testcase name="3 - content-length actually used" time="0.00106692314147949"></testcase>
    <testcase name="4 - bad backend - no content length" time="2.00460004806519"></testcase>
    <testcase time="0.0385298728942871" name="5 - no alerts"></testcase>
    <testcase time="0.000277996063232422"
              name="6 - no sanitizer errors"></testcase>
    <testcase time="0.00154614448547363" name="(teardown)" />
    <system-out><![CDATA[1..6
ok 1 - request to bad backend
ok 2 - bad backend - multiple packets
ok 3 - content-length actually used
not ok 4 - bad backend - no content length # TODO not yet
#   Failed (TODO) test 'bad backend - no content length'
#   at ./proxy_noclose.t line 84.
#                   'HTTP/1.1 200 OK
# Server: nginx/1.8.1
# Date: Mon, 16 May 2016 20:37:23 GMT
# Connection: close
# 
# '
#     doesn't match '(?^:SEE-THIS)'
ok 5 - no alerts
ok 6 - no sanitizer errors
]]></system-out>
    <system-err></system-err>
  </testsuite>
  <testsuite time="0.277698993682861"
             failures="0"
             errors="0"
             tests="0"
             name="proxy_non_idempotent_t">
    <testcase time="0.273658037185669" name="(init)" />
    <testcase name="(teardown)" time="0.00404095649719238" />
    <system-out><![CDATA[1..0 # SKIP no proxy_next_upstream non_idempotent
]]></system-out>
    <system-err></system-err>
  </testsuite>
  <testsuite tests="5"
             name="proxy_pass_request_t"
             errors="0"
             failures="0"
             time="0.219485998153687">
    <testcase time="0.0763790607452393" name="(init)" />
    <testcase name="1 - no headers" time="0.106534957885742"></testcase>
    <testcase time="0.00106000900268555" name="2 - no body"></testcase>
    <testcase name="3 - both" time="0.00115609169006348"></testcase>
    <testcase time="0.0325369834899902" name="4 - no alerts"></testcase>
    <testcase time="0.000279903411865234"
              name="5 - no sanitizer errors"></testcase>
    <testcase name="(teardown)" time="0.00153899192810059" />
    <system-out><![CDATA[1..5
ok 1 - no headers
ok 2 - no body
ok 3 - both
ok 4 - no alerts
ok 5 - no sanitizer errors
]]></system-out>
    <system-err></system-err>
  </testsuite>
  <testsuite name="proxy_protocol_t"
             tests="20"
             errors="1"
             failures="12"
             time="0.243393182754517">
    <testcase name="(init)" time="0.0779831409454346" />
    <testcase time="0.103823900222778" name="1 - tcp4 request">
      <failure message="not ok 1 - tcp4 request"
               type="TestFailed"><![CDATA[not ok 1 - tcp4 request]]></failure>
    </testcase>
    <testcase time="0.00017094612121582" name="2 - tcp4 proxy">
      <failure type="TestFailed"
               message="not ok 2 - tcp4 proxy"><![CDATA[not ok 2 - tcp4 proxy]]></failure>
    </testcase>
    <testcase time="0.000127077102661133" name="3 - tcp4 client"></testcase>
    <testcase time="0.0115540027618408" name="4 - tcp6 request">
      <failure type="TestFailed"
               message="not ok 4 - tcp6 request"><![CDATA[not ok 4 - tcp6 request]]></failure>
    </testcase>
    <testcase time="0.000214099884033203" name="5 - tcp6 proxy">
      <failure type="TestFailed"
               message="not ok 5 - tcp6 proxy"><![CDATA[not ok 5 - tcp6 proxy]]></failure>
    </testcase>
    <testcase time="0.000104904174804688" name="6 - tcp6 client"></testcase>
    <testcase time="0.00581002235412598" name="7 - unknown request 1">
      <failure type="TestFailed"
               message="not ok 7 - unknown request 1"><![CDATA[not ok 7 - unknown request 1]]></failure>
    </testcase>
    <testcase time="0.0051720142364502" name="8 - unknown request 2">
      <failure type="TestFailed"
               message="not ok 8 - unknown request 2"><![CDATA[not ok 8 - unknown request 2]]></failure>
    </testcase>
    <testcase name="9 - tcp4 request realip" time="0.00627398490905762">
      <failure message="not ok 9 - tcp4 request realip"
               type="TestFailed"><![CDATA[not ok 9 - tcp4 request realip]]></failure>
    </testcase>
    <testcase name="10 - tcp4 proxy realip" time="0.000216007232666016">
      <failure message="not ok 10 - tcp4 proxy realip"
               type="TestFailed"><![CDATA[not ok 10 - tcp4 proxy realip]]></failure>
    </testcase>
    <testcase name="11 - tcp4 client realip" time="0.000100851058959961">
      <failure message="not ok 11 - tcp4 client realip"
               type="TestFailed"><![CDATA[not ok 11 - tcp4 client realip]]></failure>
    </testcase>
    <testcase name="12 - tcp6 request realip" time="0.00700521469116211">
      <failure message="not ok 12 - tcp6 request realip"
               type="TestFailed"><![CDATA[not ok 12 - tcp6 request realip]]></failure>
    </testcase>
    <testcase name="13 - tcp6 proxy realip" time="0.00427579879760742">
      <failure message="not ok 13 - tcp6 proxy realip"
               type="TestFailed"><![CDATA[not ok 13 - tcp6 proxy realip]]></failure>
    </testcase>
    <testcase name="14 - tcp6 client realip" time="0.00211215019226074">
      <failure type="TestFailed"
               message="not ok 14 - tcp6 client realip"><![CDATA[not ok 14 - tcp6 client realip]]></failure>
    </testcase>
    <testcase time="0.0046088695526123" name="15 - tcp4 access"></testcase>
    <testcase time="0.000252008438110352" name="16 - tcp6 access"></testcase>
    <testcase time="0.011099100112915" name="17 - tcp4 access log"></testcase>
    <testcase time="0.000349044799804688" name="18 - tcp6 access log"></testcase>
    <testcase time="0.000111818313598633" name="19 - no alerts"></testcase>
    <testcase name="20 - no sanitizer errors" time="0.000113010406494141"></testcase>
    <testcase name="(teardown)" time="0.00191521644592285" />
    <system-out><![CDATA[1..20
not ok 1 - tcp4 request
not ok 2 - tcp4 proxy
ok 3 - tcp4 client
not ok 4 - tcp6 request
not ok 5 - tcp6 proxy
ok 6 - tcp6 client
not ok 7 - unknown request 1
not ok 8 - unknown request 2
not ok 9 - tcp4 request realip
not ok 10 - tcp4 proxy realip
not ok 11 - tcp4 client realip
not ok 12 - tcp6 request realip
not ok 13 - tcp6 proxy realip
not ok 14 - tcp6 client realip
ok 15 - tcp4 access
ok 16 - tcp6 access
ok 17 - tcp4 access log
ok 18 - tcp6 access log
ok 19 - no alerts
ok 20 - no sanitizer errors
]]></system-out>
    <system-err><![CDATA[Dubious, test returned 12 (wstat 3072, 0xc00)
]]></system-err>
    <error message="Dubious, test returned 12 (wstat 3072, 0xc00)" />
  </testsuite>
  <testsuite errors="0"
             name="proxy_protocol_ipv6_t"
             tests="0"
             time="0.0931868553161621"
             failures="0">
    <testcase time="0.0912528038024902" name="(init)" />
    <testcase name="(teardown)" time="0.00193405151367188" />
    <system-out><![CDATA[1..0 # SKIP no stream available
]]></system-out>
    <system-err></system-err>
  </testsuite>
  <testsuite failures="0"
             time="0.224695920944214"
             name="proxy_redirect_t"
             tests="17"
             errors="0">
    <testcase name="(init)" time="0.0706470012664795" />
    <testcase name="1 - implicit default" time="0.107126951217651"></testcase>
    <testcase time="0.00200915336608887" name="2 - explicit default"></testcase>
    <testcase name="3 - implicit default (refresh)" time="0.00149083137512207"></testcase>
    <testcase time="0.00110912322998047"
              name="4 - explicit default (refresh)"></testcase>
    <testcase name="5 - variable in second arg" time="0.00129485130310059"></testcase>
    <testcase name="6 - variable in second arg (refresh)" time="0.0010981559753418"></testcase>
    <testcase time="0.00154495239257812" name="7 - rewrite off"></testcase>
    <testcase name="8 - rewrite off overwrite" time="0.00297904014587402"></testcase>
    <testcase name="9 - rewrite inheritance" time="0.00152897834777832"></testcase>
    <testcase name="10 - variable in first arg" time="0.00185108184814453"></testcase>
    <testcase name="11 - variable in first arg (refresh)" time="0.00174784660339355"></testcase>
    <testcase time="0.00168108940124512" name="12 - caseless regexp"></testcase>
    <testcase name="13 - regexp w/captures" time="0.00122499465942383"></testcase>
    <testcase name="14 - caseless regexp (refresh)" time="0.00154995918273926"></testcase>
    <testcase name="15 - regexp w/captures (refresh)" time="0.00135302543640137"></testcase>
    <testcase name="16 - no alerts" time="0.0240449905395508"></testcase>
    <testcase name="17 - no sanitizer errors" time="0.000233888626098633"></testcase>
    <testcase name="(teardown)" time="0.00018000602722168" />
    <system-out><![CDATA[1..17
ok 1 - implicit default
ok 2 - explicit default
ok 3 - implicit default (refresh)
ok 4 - explicit default (refresh)
ok 5 - variable in second arg
ok 6 - variable in second arg (refresh)
ok 7 - rewrite off
ok 8 - rewrite off overwrite
ok 9 - rewrite inheritance
ok 10 - variable in first arg
ok 11 - variable in first arg (refresh)
ok 12 - caseless regexp
ok 13 - regexp w/captures
ok 14 - caseless regexp (refresh)
ok 15 - regexp w/captures (refresh)
ok 16 - no alerts
ok 17 - no sanitizer errors
]]></system-out>
    <system-err></system-err>
  </testsuite>
  <testsuite failures="1"
             time="0.260552883148193"
             tests="20"
             name="proxy_request_buffering_t"
             errors="1">
    <testcase name="(init)" time="0.0745809078216553" />
    <testcase time="0.115421056747437" name="1 - no body"></testcase>
    <testcase time="0.00187206268310547" name="2 - body"></testcase>
    <testcase name="3 - body in two buffers" time="0.00213289260864258"></testcase>
    <testcase time="0.00127506256103516"
              name="4 - body in single buffer"></testcase>
    <testcase name="5 - body in error page" time="0.000913858413696289">
      <failure type="TestFailed"
               message="not ok 5 - body in error page"><![CDATA[not ok 5 - body in error page]]></failure>
    </testcase>
    <testcase time="0.00921201705932617" name="6 - body pipelined"></testcase>
    <testcase time="0.00183820724487305" name="7 - body pipelined 2"></testcase>
    <testcase time="0.00147390365600586" name="8 - body discard"></testcase>
    <testcase time="0.00127291679382324" name="9 - body discard 2"></testcase>
    <testcase time="0.00168704986572266"
              name="10 - small body in file only"></testcase>
    <testcase name="11 - no preread" time="0.00100302696228027"></testcase>
    <testcase name="12 - no preread - body part" time="0.000912904739379883"></testcase>
    <testcase name="13 - no preread - body part 2" time="0.000805139541625977"></testcase>
    <testcase name="14 - no preread - response" time="0.000841856002807617"></testcase>
    <testcase name="15 - preread" time="0.00252318382263184"></testcase>
    <testcase name="16 - preread - preread" time="0.000288009643554688"></testcase>
    <testcase name="17 - preread - body" time="0.000936985015869141"></testcase>
    <testcase time="0.00219082832336426"
              name="18 - preread - response"></testcase>
    <testcase time="0.0364820957183838" name="19 - no alerts"></testcase>
    <testcase name="20 - no sanitizer errors" time="0.000732898712158203"></testcase>
    <testcase name="(teardown)" time="0.00215601921081543" />
    <system-out><![CDATA[1..20
ok 1 - no body
ok 2 - body
ok 3 - body in two buffers
ok 4 - body in single buffer
not ok 5 - body in error page
ok 6 - body pipelined
ok 7 - body pipelined 2
ok 8 - body discard
ok 9 - body discard 2
ok 10 - small body in file only
ok 11 - no preread
ok 12 - no preread - body part
ok 13 - no preread - body part 2
ok 14 - no preread - response
ok 15 - preread
ok 16 - preread - preread
ok 17 - preread - body
ok 18 - preread - response
ok 19 - no alerts
ok 20 - no sanitizer errors
]]></system-out>
    <system-err><![CDATA[Dubious, test returned 1 (wstat 256, 0x100)
]]></system-err>
    <error message="Dubious, test returned 1 (wstat 256, 0x100)" />
  </testsuite>
  <testsuite time="0.224848031997681"
             failures="1"
             errors="1"
             tests="24"
             name="proxy_request_buffering_chunked_t">
    <testcase name="(init)" time="0.0665280818939209" />
    <testcase name="1 - no body" time="0.104801893234253"></testcase>
    <testcase time="0.00104904174804688" name="2 - body"></testcase>
    <testcase time="0.00138592720031738"
              name="3 - body in two buffers"></testcase>
    <testcase name="4 - body in single buffer" time="0.00165414810180664"></testcase>
    <testcase name="5 - body in error page" time="0.00102496147155762">
      <failure message="not ok 5 - body in error page"
               type="TestFailed"><![CDATA[not ok 5 - body in error page]]></failure>
    </testcase>
    <testcase time="0.0092308521270752" name="6 - body pipelined"></testcase>
    <testcase time="0.00176906585693359" name="7 - body pipelined 2"></testcase>
    <testcase name="8 - body discard" time="0.00103497505187988"></testcase>
    <testcase name="9 - body discard 2" time="0.000926971435546875"></testcase>
    <testcase name="10 - small body in file only" time="0.00168204307556152"></testcase>
    <testcase name="11 - no preread" time="0.00127911567687988"></testcase>
    <testcase time="0.000428915023803711"
              name="12 - no preread - body part"></testcase>
    <testcase time="0.00032806396484375"
              name="13 - no preread - body part 2"></testcase>
    <testcase name="14 - no preread - response" time="0.000248908996582031"></testcase>
    <testcase name="15 - preread" time="0.000960111618041992"></testcase>
    <testcase time="0.00023198127746582"
              name="16 - preread - preread"></testcase>
    <testcase name="17 - preread - body" time="0.0001678466796875"></testcase>
    <testcase name="18 - preread - response" time="0.000421047210693359"></testcase>
    <testcase name="19 - chunks" time="0.00133299827575684"></testcase>
    <testcase time="0.000509023666381836"
              name="20 - chunks - preread"></testcase>
    <testcase name="21 - chunks - body" time="0.00141096115112305"></testcase>
    <testcase time="0.000842094421386719"
              name="22 - chunks - response"></testcase>
    <testcase time="0.0221970081329346" name="23 - no alerts"></testcase>
    <testcase time="0.000751972198486328"
              name="24 - no sanitizer errors"></testcase>
    <testcase time="0.00265002250671387" name="(teardown)" />
    <system-out><![CDATA[1..24
ok 1 - no body
ok 2 - body
ok 3 - body in two buffers
ok 4 - body in single buffer
not ok 5 - body in error page
ok 6 - body pipelined
ok 7 - body pipelined 2
ok 8 - body discard
ok 9 - body discard 2
ok 10 - small body in file only
ok 11 - no preread
ok 12 - no preread - body part
ok 13 - no preread - body part 2
ok 14 - no preread - response
ok 15 - preread
ok 16 - preread - preread
ok 17 - preread - body
ok 18 - preread - response
ok 19 - chunks
ok 20 - chunks - preread
ok 21 - chunks - body
ok 22 - chunks - response
ok 23 - no alerts
ok 24 - no sanitizer errors
]]></system-out>
    <system-err><![CDATA[Dubious, test returned 1 (wstat 256, 0x100)
]]></system-err>
    <error message="Dubious, test returned 1 (wstat 256, 0x100)" />
  </testsuite>
  <testsuite time="0.203371047973633"
             failures="0"
             errors="0"
             tests="3"
             name="proxy_request_buffering_keepalive_t">
    <testcase name="(init)" time="0.070087194442749" />
    <testcase name="1 - keepalive after discarded" time="0.106813907623291"></testcase>
    <testcase name="2 - no alerts" time="0.0249218940734863"></testcase>
    <testcase name="3 - no sanitizer errors" time="0.00085902214050293"></testcase>
    <testcase name="(teardown)" time="0.000689029693603516" />
    <system-out><![CDATA[1..3
not ok 1 - keepalive after discarded # TODO not yet

#   Failed (TODO) test 'keepalive after discarded'
#   at ./proxy_request_buffering_keepalive.t line 88.
#                   'HTTP/1.1 400 Bad Request
# Server: nginx/1.8.1
# Date: Mon, 16 May 2016 20:37:27 GMT
# Content-Type: text/html
# Content-Length: 172
# Connection: close
# 
# <html>
# <head><title>400 Bad Request</title></head>
# <body bgcolor="white">
# <center><h1>400 Bad Request</h1></center>
# <hr><center>nginx/1.8.1</center>
# </body>
# </html>
# '
#     doesn't match '(?^ms:200 OK.*SEE)'
ok 2 - no alerts
ok 3 - no sanitizer errors
]]></system-out>
    <system-err></system-err>
  </testsuite>
  <testsuite errors="1"
             name="proxy_request_buffering_ssl_t"
             tests="20"
             time="0.393651962280273"
             failures="1">
    <testcase time="0.067234992980957" name="(init)" />
    <testcase time="0.210617065429688" name="1 - no body"></testcase>
    <testcase name="2 - body" time="0.00194001197814941"></testcase>
    <testcase time="0.00260806083679199"
              name="3 - body in two buffers"></testcase>
    <testcase name="4 - body in single buffer" time="0.00360488891601562"></testcase>
    <testcase name="5 - body in error page" time="0.00369095802307129">
      <failure type="TestFailed"
               message="not ok 5 - body in error page"><![CDATA[not ok 5 - body in error page]]></failure>
    </testcase>
    <testcase time="0.0149819850921631" name="6 - body pipelined"></testcase>
    <testcase name="7 - body pipelined 2" time="0.00478506088256836"></testcase>
    <testcase name="8 - body discard" time="0.00126791000366211"></testcase>
    <testcase time="0.00127506256103516" name="9 - body discard 2"></testcase>
    <testcase time="0.00147914886474609" name="10 - no preread"></testcase>
    <testcase name="11 - no preread - body part" time="0.000817775726318359"></testcase>
    <testcase time="0.00141620635986328"
              name="12 - no preread - body part 2"></testcase>
    <testcase time="0.00249695777893066"
              name="13 - no preread - response"></testcase>
    <testcase time="0.00153803825378418" name="14 - preread"></testcase>
    <testcase name="15 - preread - preread" time="0.000480890274047852"></testcase>
    <testcase name="16 - preread - body part" time="0.000659942626953125"></testcase>
    <testcase name="17 - preread - body part 2" time="0.000615119934082031"></testcase>
    <testcase name="18 - preread - response" time="0.00082707405090332"></testcase>
    <testcase name="19 - no alerts" time="0.0700597763061523"></testcase>
    <testcase time="0.000346183776855469"
              name="20 - no sanitizer errors"></testcase>
    <testcase time="0.000908851623535156" name="(teardown)" />
    <system-out><![CDATA[1..20
ok 1 - no body
ok 2 - body
ok 3 - body in two buffers
ok 4 - body in single buffer
not ok 5 - body in error page
ok 6 - body pipelined
ok 7 - body pipelined 2
ok 8 - body discard
ok 9 - body discard 2
ok 10 - no preread
ok 11 - no preread - body part
ok 12 - no preread - body part 2
ok 13 - no preread - response
ok 14 - preread
ok 15 - preread - preread
ok 16 - preread - body part
ok 17 - preread - body part 2
ok 18 - preread - response
ok 19 - no alerts
ok 20 - no sanitizer errors
]]></system-out>
    <system-err><![CDATA[Dubious, test returned 1 (wstat 256, 0x100)
]]></system-err>
    <error message="Dubious, test returned 1 (wstat 256, 0x100)" />
  </testsuite>
  <testsuite time="0.208045959472656"
             failures="0"
             errors="0"
             name="proxy_set_body_t"
             tests="4">
    <testcase time="0.0741369724273682" name="(init)" />
    <testcase time="0.105103015899658" name="1 - proxy_set_body"></testcase>
    <testcase time="0.00175189971923828"
              name="2 - proxy_set_body twice"></testcase>
    <testcase time="0.0252439975738525" name="3 - no alerts"></testcase>
    <testcase time="0.000262022018432617"
              name="4 - no sanitizer errors"></testcase>
    <testcase time="0.00154805183410645" name="(teardown)" />
    <system-out><![CDATA[1..4
ok 1 - proxy_set_body
ok 2 - proxy_set_body twice
ok 3 - no alerts
ok 4 - no sanitizer errors
]]></system-out>
    <system-err></system-err>
  </testsuite>
  <testsuite time="0.21941089630127"
             failures="0"
             errors="0"
             name="proxy_ssi_body_t"
             tests="3">
    <testcase time="0.0690150260925293" name="(init)" />
    <testcase time="0.103797912597656"
              name="1 - body in file in proxied subrequest"></testcase>
    <testcase name="2 - no alerts" time="0.0461740493774414"></testcase>
    <testcase time="0.00023198127746582"
              name="3 - no sanitizer errors"></testcase>
    <testcase time="0.000191926956176758" name="(teardown)" />
    <system-out><![CDATA[1..3
not ok 1 - body in file in proxied subrequest # TODO prematurely pruned

#   Failed (TODO) test 'body in file in proxied subrequest'
#   at ./proxy_ssi_body.t line 72.
#                   'HTTP/1.1 500 Internal Server Error
# Server: nginx/1.8.1
# Date: Mon, 16 May 2016 20:37:27 GMT
# Content-Type: text/html
# Connection: close
# 
# <html>
# <head><title>500 Internal Server Error</title></head>
# <body bgcolor="white">
# <center><h1>500 Internal Server Error</h1></center>
# <hr><center>nginx/1.8.1</center>
# </body>
# </html>
# '
#     doesn't match '(?^m:^XYYX$)'
ok 2 - no alerts
ok 3 - no sanitizer errors
]]></system-out>
    <system-err></system-err>
  </testsuite>
  <testsuite failures="5"
             time="3.43038010597229"
             name="proxy_ssl_t"
             tests="7"
             errors="1">
    <testcase name="(init)" time="0.082211971282959" />
    <testcase name="1 - ssl" time="0.300971984863281">
      <failure message="not ok 1 - ssl"
               type="TestFailed"><![CDATA[not ok 1 - ssl]]></failure>
    </testcase>
    <testcase time="0.012113094329834" name="2 - ssl 2">
      <failure type="TestFailed"
               message="not ok 2 - ssl 2"><![CDATA[not ok 2 - ssl 2]]></failure>
    </testcase>
    <testcase name="3 - ssl reuse session" time="0.00378990173339844">
      <failure type="TestFailed"
               message="not ok 3 - ssl reuse session"><![CDATA[not ok 3 - ssl reuse session]]></failure>
    </testcase>
    <testcase name="4 - ssl reuse session 2" time="0.00220918655395508">
      <failure message="not ok 4 - ssl reuse session 2"
               type="TestFailed"><![CDATA[not ok 4 - ssl reuse session 2]]></failure>
    </testcase>
    <testcase name="5 - proxy connect timeout" time="3.00338101387024">
      <failure type="TestFailed"
               message="not ok 5 - proxy connect timeout"><![CDATA[not ok 5 - proxy connect timeout]]></failure>
    </testcase>
    <testcase name="6 - no alerts" time="0.0224778652191162"></testcase>
    <testcase name="7 - no sanitizer errors" time="0.000982046127319336"></testcase>
    <testcase name="(teardown)" time="0.0022430419921875" />
    <system-out><![CDATA[1..7
not ok 1 - ssl
not ok 2 - ssl 2
not ok 3 - ssl reuse session
not ok 4 - ssl reuse session 2
not ok 5 - proxy connect timeout
ok 6 - no alerts
ok 7 - no sanitizer errors
]]></system-out>
    <system-err><![CDATA[Dubious, test returned 5 (wstat 1280, 0x500)
]]></system-err>
    <error message="Dubious, test returned 5 (wstat 1280, 0x500)" />
  </testsuite>
  <testsuite time="0.432643890380859"
             failures="4"
             errors="1"
             name="proxy_ssl_certificate_t"
             tests="7">
    <testcase time="0.0717639923095703" name="(init)" />
    <testcase name="1 - verify certificate" time="0.317100048065186">
      <failure type="TestFailed"
               message="not ok 1 - verify certificate"><![CDATA[not ok 1 - verify certificate]]></failure>
    </testcase>
    <testcase name="2 - fail certificate" time="0.0111989974975586">
      <failure type="TestFailed"
               message="not ok 2 - fail certificate"><![CDATA[not ok 2 - fail certificate]]></failure>
    </testcase>
    <testcase name="3 - with encrypted key" time="0.00560498237609863">
      <failure message="not ok 3 - with encrypted key"
               type="TestFailed"><![CDATA[not ok 3 - with encrypted key]]></failure>
    </testcase>
    <testcase name="4 - valid certificate" time="0.00315690040588379">
      <failure type="TestFailed"
               message="not ok 4 - valid certificate"><![CDATA[not ok 4 - valid certificate]]></failure>
    </testcase>
    <testcase time="0.00331401824951172"
              name="5 - invalid certificate"></testcase>
    <testcase time="0.0173041820526123" name="6 - no alerts"></testcase>
    <testcase time="0.00031280517578125"
              name="7 - no sanitizer errors"></testcase>
    <testcase name="(teardown)" time="0.00288796424865723" />
    <system-out><![CDATA[1..7
not ok 1 - verify certificate
not ok 2 - fail certificate
not ok 3 - with encrypted key
not ok 4 - valid certificate
ok 5 - invalid certificate
ok 6 - no alerts
ok 7 - no sanitizer errors
]]></system-out>
    <system-err><![CDATA[Dubious, test returned 4 (wstat 1024, 0x400)
]]></system-err>
    <error message="Dubious, test returned 4 (wstat 1024, 0x400)" />
  </testsuite>
  <testsuite failures="2"
             time="0.329479932785034"
             name="proxy_ssl_keepalive_t"
             tests="5"
             errors="1">
    <testcase name="(init)" time="0.117178916931152" />
    <testcase time="0.14942193031311" name="1 - first">
      <failure type="TestFailed"
               message="not ok 1 - first"><![CDATA[not ok 1 - first]]></failure>
    </testcase>
    <testcase name="2 - second" time="0.0108141899108887">
      <failure message="not ok 2 - second"
               type="TestFailed"><![CDATA[not ok 2 - second]]></failure>
    </testcase>
    <testcase time="0.00916886329650879" name="3 - close"></testcase>
    <testcase name="4 - no alerts" time="0.0406270027160645"></testcase>
    <testcase time="0.000232934951782227"
              name="5 - no sanitizer errors"></testcase>
    <testcase time="0.00203609466552734" name="(teardown)" />
    <system-out><![CDATA[1..5
not ok 1 - first
not ok 2 - second
ok 3 - close
ok 4 - no alerts
ok 5 - no sanitizer errors
]]></system-out>
    <system-err><![CDATA[Dubious, test returned 2 (wstat 512, 0x200)
]]></system-err>
    <error message="Dubious, test returned 2 (wstat 512, 0x200)" />
  </testsuite>
  <testsuite tests="10"
             name="proxy_ssl_name_t"
             errors="1"
             failures="8"
             time="0.318562984466553">
    <testcase name="(init)" time="0.0761089324951172" />
    <testcase time="0.152184009552002" name="1 - name 1">
      <failure message="not ok 1 - name 1"
               type="TestFailed"><![CDATA[not ok 1 - name 1]]></failure>
    </testcase>
    <testcase time="0.0114610195159912" name="2 - name 2">
      <failure type="TestFailed"
               message="not ok 2 - name 2"><![CDATA[not ok 2 - name 2]]></failure>
    </testcase>
    <testcase name="3 - no name" time="0.00817513465881348">
      <failure type="TestFailed"
               message="not ok 3 - no name"><![CDATA[not ok 3 - no name]]></failure>
    </testcase>
    <testcase time="0.00885200500488281" name="4 - default">
      <failure message="not ok 4 - default"
               type="TestFailed"><![CDATA[not ok 4 - default]]></failure>
    </testcase>
    <testcase time="0.00832796096801758" name="5 - default2">
      <failure type="TestFailed"
               message="not ok 5 - default2"><![CDATA[not ok 5 - default2]]></failure>
    </testcase>
    <testcase name="6 - default again" time="0.011232852935791">
      <failure type="TestFailed"
               message="not ok 6 - default again"><![CDATA[not ok 6 - default again]]></failure>
    </testcase>
    <testcase time="0.00724101066589355" name="7 - no port in name">
      <failure message="not ok 7 - no port in name"
               type="TestFailed"><![CDATA[not ok 7 - no port in name]]></failure>
    </testcase>
    <testcase time="0.00401616096496582" name="8 - no ip">
      <failure type="TestFailed"
               message="not ok 8 - no ip"><![CDATA[not ok 8 - no ip]]></failure>
    </testcase>
    <testcase name="9 - no alerts" time="0.028695821762085"></testcase>
    <testcase time="0.000281095504760742"
              name="10 - no sanitizer errors"></testcase>
    <testcase name="(teardown)" time="0.00198698043823242" />
    <system-out><![CDATA[1..10
not ok 1 - name 1
not ok 2 - name 2
not ok 3 - no name
not ok 4 - default
not ok 5 - default2
not ok 6 - default again
not ok 7 - no port in name
not ok 8 - no ip
ok 9 - no alerts
ok 10 - no sanitizer errors
]]></system-out>
    <system-err><![CDATA[Dubious, test returned 8 (wstat 2048, 0x800)
]]></system-err>
    <error message="Dubious, test returned 8 (wstat 2048, 0x800)" />
  </testsuite>
  <testsuite time="0.356971025466919"
             failures="3"
             errors="1"
             tests="8"
             name="proxy_ssl_verify_t">
    <testcase name="(init)" time="0.0891861915588379" />
    <testcase time="0.226591825485229" name="1 - verify">
      <failure message="not ok 1 - verify"
               type="TestFailed"><![CDATA[not ok 1 - verify]]></failure>
    </testcase>
    <testcase name="2 - verify wildcard" time="0.00856113433837891">
      <failure type="TestFailed"
               message="not ok 2 - verify wildcard"><![CDATA[not ok 2 - verify wildcard]]></failure>
    </testcase>
    <testcase time="0.0002288818359375" name="3 - verify fail"></testcase>
    <testcase name="4 - verify cn" time="0.000123977661132812">
      <failure type="TestFailed"
               message="not ok 4 - verify cn"><![CDATA[not ok 4 - verify cn]]></failure>
    </testcase>
    <testcase name="5 - verify cn fail" time="0.00378203392028809"></testcase>
    <testcase name="6 - untrusted" time="0.00129294395446777"></testcase>
    <testcase time="0.0251870155334473" name="7 - no alerts"></testcase>
    <testcase time="0.000491142272949219"
              name="8 - no sanitizer errors"></testcase>
    <testcase name="(teardown)" time="0.00152587890625" />
    <system-out><![CDATA[1..8
not ok 1 - verify
not ok 2 - verify wildcard
ok 3 - verify fail
not ok 4 - verify cn
ok 5 - verify cn fail
ok 6 - untrusted
ok 7 - no alerts
ok 8 - no sanitizer errors
]]></system-out>
    <system-err><![CDATA[Dubious, test returned 3 (wstat 768, 0x300)
]]></system-err>
    <error message="Dubious, test returned 3 (wstat 768, 0x300)" />
  </testsuite>
  <testsuite tests="11"
             name="proxy_store_t"
             errors="1"
             failures="5"
             time="1.47760105133057">
    <testcase time="0.0713639259338379" name="(init)" />
    <testcase name="1 - proxy request" time="0.105796098709106">
      <failure message="not ok 1 - proxy request"
               type="TestFailed"><![CDATA[not ok 1 - proxy request]]></failure>
    </testcase>
    <testcase name="2 - result stored" time="0.000339031219482422">
      <failure message="not ok 2 - result stored"
               type="TestFailed"><![CDATA[not ok 2 - result stored]]></failure>
    </testcase>
    <testcase name="3 - proxy string path request" time="0.00196695327758789">
      <failure type="TestFailed"
               message="not ok 3 - proxy string path request"><![CDATA[not ok 3 - proxy string path request]]></failure>
    </testcase>
    <testcase name="4 - string path result stored" time="0.000247955322265625">
      <failure message="not ok 4 - string path result stored"
               type="TestFailed"><![CDATA[not ok 4 - string path result stored]]></failure>
    </testcase>
    <testcase name="5 - head request" time="0.00218796730041504">
      <failure message="not ok 5 - head request"
               type="TestFailed"><![CDATA[not ok 5 - head request]]></failure>
    </testcase>
    <testcase time="0.000543117523193359"
              name="6 - result not stored"></testcase>
    <testcase name="7 - no temp files" time="0.00156283378601074"></testcase>
    <testcase time="0.605362176895142"
              name="8 - no temp files after aborted request"></testcase>
    <testcase time="0.613225936889648"
              name="9 - no temp files after aborted ssi"></testcase>
    <testcase name="10 - no alerts" time="0.0709030628204346"></testcase>
    <testcase name="11 - no sanitizer errors" time="0.000252008438110352"></testcase>
    <testcase name="(teardown)" time="0.00384998321533203" />
    <system-out><![CDATA[1..11
not ok 1 - proxy request
not ok 2 - result stored
not ok 3 - proxy string path request
not ok 4 - string path result stored
not ok 5 - head request
ok 6 - result not stored
ok 7 - no temp files
ok 8 - no temp files after aborted request
ok 9 - no temp files after aborted ssi
ok 10 - no alerts
ok 11 - no sanitizer errors
]]></system-out>
    <system-err><![CDATA[Dubious, test returned 5 (wstat 1280, 0x500)
]]></system-err>
    <error message="Dubious, test returned 5 (wstat 1280, 0x500)" />
  </testsuite>
  <testsuite failures="5"
             time="1.22757720947266"
             tests="17"
             name="proxy_unfinished_t"
             errors="1">
    <testcase name="(init)" time="0.0655782222747803" />
    <testcase name="1 - unfinished not cached" time="0.105492830276489">
      <failure type="TestFailed"
               message="not ok 1 - unfinished not cached"><![CDATA[not ok 1 - unfinished not cached]]></failure>
    </testcase>
    <testcase name="2 - unfinished chunked" time="0.00206804275512695">
      <failure type="TestFailed"
               message="not ok 2 - unfinished chunked"><![CDATA[not ok 2 - unfinished chunked]]></failure>
    </testcase>
    <testcase time="0.00439906120300293"
              name="3 - length no final chunk"></testcase>
    <testcase name="4 - chunked no final chunk" time="0.00141596794128418"></testcase>
    <testcase time="0.0011589527130127"
              name="5 - length final chunk"></testcase>
    <testcase name="6 - chunked final chunk" time="0.00139594078063965"></testcase>
    <testcase name="7 - unbuffered length no final chunk" time="0.00118708610534668"></testcase>
    <testcase name="8 - unbuffered chunked no final chunk" time="0.00106596946716309"></testcase>
    <testcase name="9 - unbuffered length final chunk" time="0.00124692916870117"></testcase>
    <testcase time="0.0013740062713623"
              name="10 - unbuffered chunked final chunk"></testcase>
    <testcase time="0.104044198989868" name="11 - big unfinished">
      <failure type="TestFailed"
               message="not ok 11 - big unfinished"><![CDATA[not ok 11 - big unfinished]]></failure>
    </testcase>
    <testcase time="0.144935846328735" name="12 - big finished">
      <failure type="TestFailed"
               message="not ok 12 - big finished"><![CDATA[not ok 12 - big finished]]></failure>
    </testcase>
    <testcase time="0.131592035293579"
              name="13 - big unfinished un"></testcase>
    <testcase time="0.111218929290771" name="14 - big finished un"></testcase>
    <testcase time="0.502711057662964" name="15 - no proxy temp">
      <failure type="TestFailed"
               message="not ok 15 - no proxy temp"><![CDATA[not ok 15 - no proxy temp]]></failure>
    </testcase>
    <testcase time="0.0396621227264404" name="16 - no alerts"></testcase>
    <testcase time="0.0020599365234375"
              name="17 - no sanitizer errors"></testcase>
    <testcase name="(teardown)" time="0.00497007369995117" />
    <system-out><![CDATA[1..17
not ok 1 - unfinished not cached
not ok 2 - unfinished chunked
ok 3 - length no final chunk
ok 4 - chunked no final chunk
ok 5 - length final chunk
ok 6 - chunked final chunk
ok 7 - unbuffered length no final chunk
ok 8 - unbuffered chunked no final chunk
ok 9 - unbuffered length final chunk
ok 10 - unbuffered chunked final chunk
not ok 11 - big unfinished
not ok 12 - big finished
ok 13 - big unfinished un
ok 14 - big finished un
not ok 15 - no proxy temp
ok 16 - no alerts
ok 17 - no sanitizer errors
]]></system-out>
    <system-err><![CDATA[Dubious, test returned 5 (wstat 1280, 0x500)
]]></system-err>
    <error message="Dubious, test returned 5 (wstat 1280, 0x500)" />
  </testsuite>
  <testsuite failures="4"
             time="0.211234092712402"
             name="proxy_unix_t"
             tests="7"
             errors="1">
    <testcase name="(init)" time="0.0612649917602539" />
    <testcase name="1 - proxy request" time="0.106033086776733">
      <failure message="not ok 1 - proxy request"
               type="TestFailed"><![CDATA[not ok 1 - proxy request]]></failure>
    </testcase>
    <testcase time="0.0023500919342041"
              name="2 - proxy request with multiple packets">
      <failure message="not ok 2 - proxy request with multiple packets"
               type="TestFailed"><![CDATA[not ok 2 - proxy request with multiple packets]]></failure>
    </testcase>
    <testcase time="0.00270390510559082"
              name="3 - proxy head request"></testcase>
    <testcase time="0.00132298469543457" name="4 - proxy with variables">
      <failure type="TestFailed"
               message="not ok 4 - proxy with variables"><![CDATA[not ok 4 - proxy with variables]]></failure>
    </testcase>
    <testcase time="0.00247693061828613" name="5 - proxy implicit upstream">
      <failure type="TestFailed"
               message="not ok 5 - proxy implicit upstream"><![CDATA[not ok 5 - proxy implicit upstream]]></failure>
    </testcase>
    <testcase name="6 - no alerts" time="0.0327661037445068"></testcase>
    <testcase time="7.39097595214844e-05"
              name="7 - no sanitizer errors"></testcase>
    <testcase time="0.00224208831787109" name="(teardown)" />
    <system-out><![CDATA[1..7
not ok 1 - proxy request
not ok 2 - proxy request with multiple packets
ok 3 - proxy head request
not ok 4 - proxy with variables
not ok 5 - proxy implicit upstream
ok 6 - no alerts
ok 7 - no sanitizer errors
]]></system-out>
    <system-err><![CDATA[Dubious, test returned 4 (wstat 1024, 0x400)
]]></system-err>
    <error message="Dubious, test returned 4 (wstat 1024, 0x400)" />
  </testsuite>
  <testsuite time="1.79308605194092"
             failures="0"
             errors="0"
             name="proxy_upgrade_t"
             tests="32">
    <testcase time="0.0681231021881104" name="(init)" />
    <testcase time="0.106474876403809" name="1 - handshake"></testcase>
    <testcase name="2 - upgrade response" time="0.0011141300201416"></testcase>
    <testcase time="0.00443005561828613"
              name="3 - upgrade big response"></testcase>
    <testcase name="4 - upgrade 1" time="0.0232470035552979"></testcase>
    <testcase time="0.000543832778930664" name="5 - upgrade small 1"></testcase>
    <testcase time="0.00211596488952637" name="6 - upgrade 2"></testcase>
    <testcase name="7 - upgrade small 2" time="0.000296115875244141"></testcase>
    <testcase time="0.00338387489318848" name="8 - upgrade 3"></testcase>
    <testcase time="0.00127911567687988" name="9 - upgrade small 3"></testcase>
    <testcase time="0.00484108924865723" name="10 - upgrade 4"></testcase>
    <testcase time="0.000405788421630859" name="11 - upgrade small 4"></testcase>
    <testcase time="0.00276017189025879" name="12 - upgrade 5"></testcase>
    <testcase time="0.002410888671875" name="13 - upgrade small 5"></testcase>
    <testcase name="14 - upgrade 6" time="0.0073089599609375"></testcase>
    <testcase name="15 - upgrade small 6" time="0.000586032867431641"></testcase>
    <testcase time="0.0019371509552002" name="16 - upgrade 7"></testcase>
    <testcase name="17 - upgrade small 7" time="0.000349998474121094"></testcase>
    <testcase time="0.0042719841003418" name="18 - upgrade 8"></testcase>
    <testcase time="0.00190281867980957" name="19 - upgrade small 8"></testcase>
    <testcase time="0.00375509262084961" name="20 - upgrade 9"></testcase>
    <testcase time="0.00113606452941895" name="21 - upgrade small 9"></testcase>
    <testcase time="0.00276803970336914" name="22 - upgrade 10"></testcase>
    <testcase time="0.000406980514526367"
              name="23 - upgrade small 10"></testcase>
    <testcase name="24 - handshake pipelined" time="0.00142383575439453"></testcase>
    <testcase name="25 - response pipelined" time="0.000516176223754883"></testcase>
    <testcase time="0.000963926315307617"
              name="26 - next to pipelined"></testcase>
    <testcase name="27 - handshake noupgrade" time="1.50504398345947"></testcase>
    <testcase name="28 - log - bytes" time="0.0339200496673584"></testcase>
    <testcase time="0.000530004501342773"
              name="29 - log - bytes pipelined"></testcase>
    <testcase time="0.000524044036865234"
              name="30 - log - bytes noupgrade"></testcase>
    <testcase time="0.00150489807128906" name="31 - no alerts"></testcase>
    <testcase time="0.000426054000854492"
              name="32 - no sanitizer errors"></testcase>
    <testcase name="(teardown)" time="0.00238394737243652" />
    <system-out><![CDATA[1..32
ok 1 - handshake
ok 2 - upgrade response
ok 3 - upgrade big response
ok 4 - upgrade 1
ok 5 - upgrade small 1
ok 6 - upgrade 2
ok 7 - upgrade small 2
ok 8 - upgrade 3
ok 9 - upgrade small 3
ok 10 - upgrade 4
ok 11 - upgrade small 4
ok 12 - upgrade 5
ok 13 - upgrade small 5
ok 14 - upgrade 6
ok 15 - upgrade small 6
ok 16 - upgrade 7
ok 17 - upgrade small 7
ok 18 - upgrade 8
ok 19 - upgrade small 8
ok 20 - upgrade 9
ok 21 - upgrade small 9
ok 22 - upgrade 10
ok 23 - upgrade small 10
ok 24 - handshake pipelined
ok 25 - response pipelined
ok 26 - next to pipelined
ok 27 - handshake noupgrade
ok 28 - log - bytes
ok 29 - log - bytes pipelined
ok 30 - log - bytes noupgrade
ok 31 - no alerts
ok 32 - no sanitizer errors
]]></system-out>
    <system-err></system-err>
  </testsuite>
  <testsuite name="proxy_upstream_cookie_t"
             tests="21"
             errors="0"
             failures="0"
             time="0.228167057037354">
    <testcase name="(init)" time="0.0751769542694092" />
    <testcase time="0.105102062225342" name="1 - value_none"></testcase>
    <testcase name="2 - semicolon" time="0.000882148742675781"></testcase>
    <testcase time="0.000597953796386719" name="3 - space_semicolon"></testcase>
    <testcase name="4 - space_semicolon_more" time="0.00168299674987793"></testcase>
    <testcase time="0.000708818435668945" name="5 - onechar"></testcase>
    <testcase name="6 - comma" time="0.000925064086914062"></testcase>
    <testcase time="0.000895023345947266" name="7 - tabbed"></testcase>
    <testcase time="0.000781059265136719" name="8 - dquoted"></testcase>
    <testcase name="9 - normal" time="0.000946998596191406"></testcase>
    <testcase name="10 - internal_space" time="0.000819921493530273"></testcase>
    <testcase name="11 - separated" time="0.000960111618041992"></testcase>
    <testcase name="12 - dots" time="0.000934839248657227"></testcase>
    <testcase time="0.000730991363525391" name="13 - deq"></testcase>
    <testcase time="0.000889062881469727" name="14 - deqsemi"></testcase>
    <testcase name="15 - eqfirst" time="0.000898122787475586"></testcase>
    <testcase name="16 - two_comma" time="0.00196695327758789"></testcase>
    <testcase name="17 - two_semicolon" time="0.000887870788574219"></testcase>
    <testcase name="18 - multiline comma" time="0.0011131763458252"></testcase>
    <testcase time="0.00117397308349609"
              name="19 - multiline semicolon"></testcase>
    <testcase time="0.0274949073791504" name="20 - no alerts"></testcase>
    <testcase name="21 - no sanitizer errors" time="0.000684976577758789"></testcase>
    <testcase time="0.00191307067871094" name="(teardown)" />
    <system-out><![CDATA[1..21
ok 1 - value_none
ok 2 - semicolon
ok 3 - space_semicolon
ok 4 - space_semicolon_more
ok 5 - onechar
ok 6 - comma
ok 7 - tabbed
ok 8 - dquoted
ok 9 - normal
ok 10 - internal_space
ok 11 - separated
ok 12 - dots
ok 13 - deq
ok 14 - deqsemi
ok 15 - eqfirst
ok 16 - two_comma
ok 17 - two_semicolon
ok 18 - multiline comma
ok 19 - multiline semicolon
ok 20 - no alerts
ok 21 - no sanitizer errors
]]></system-out>
    <system-err></system-err>
  </testsuite>
  <testsuite time="0.285634994506836"
             failures="0"
             errors="0"
             name="proxy_variables_t"
             tests="0">
    <testcase name="(init)" time="0.2828049659729" />
    <testcase time="0.00283002853393555" name="(teardown)" />
    <system-out><![CDATA[1..0 # SKIP no upstream_connect_time
]]></system-out>
    <system-err></system-err>
  </testsuite>
  <testsuite failures="0"
             time="0.0596828460693359"
             name="proxy_websocket_t"
             tests="0"
             errors="0">
    <testcase time="0.0581188201904297" name="(init)" />
    <testcase name="(teardown)" time="0.00156402587890625" />
    <system-out><![CDATA[1..0 # SKIP Protocol::WebSocket not installed
]]></system-out>
    <system-err></system-err>
  </testsuite>
  <testsuite errors="1"
             tests="18"
             name="proxy_xar_t"
             time="0.228410959243774"
             failures="1">
    <testcase time="0.0801608562469482" name="(init)" />
    <testcase time="0.104068040847778"
              name="1 - X-Accel-Redirect works"></testcase>
    <testcase time="0.000241994857788086"
              name="2 - Content-Type preserved"></testcase>
    <testcase name="3 - Set-Cookie preserved" time="0.000106096267700195"></testcase>
    <testcase name="4 - Content-Disposition preserved" time="9.98973846435547e-05"></testcase>
    <testcase time="9.70363616943359e-05"
              name="5 - Cache-Control preserved"></testcase>
    <testcase name="6 - Expires preserved" time="0.00032806396484375"></testcase>
    <testcase time="0.000158071517944336"
              name="7 - Accept-Ranges preserved"></testcase>
    <testcase time="0.000101804733276367"
              name="8 - other headers stripped"></testcase>
    <testcase name="9 - X-Accel-Redirect method name" time="0.000557184219360352">
      <failure message="not ok 9 - X-Accel-Redirect method name"
               type="TestFailed"><![CDATA[not ok 9 - X-Accel-Redirect method name]]></failure>
    </testcase>
    <testcase time="0.00800681114196777"
              name="10 - X-Accel-Redirect value unchanged"></testcase>
    <testcase name="11 - X-Accel-Redirect unsafe dotdot" time="0.000269174575805664"></testcase>
    <testcase name="12 - X-Accel-Redirect unsafe dotdotsep" time="0.000114917755126953"></testcase>
    <testcase name="13 - X-Accel-Redirect unsafe sepdotdot" time="0.000102996826171875"></testcase>
    <testcase name="14 - X-Accel-Redirect unsafe unescaped" time="9.70363616943359e-05"></testcase>
    <testcase name="15 - X-Accel-Redirect unescaped" time="0.0001220703125"></testcase>
    <testcase name="16 - in named location" time="0.000595808029174805"></testcase>
    <testcase time="0.0286130905151367" name="17 - no alerts"></testcase>
    <testcase name="18 - no sanitizer errors" time="0.00092005729675293"></testcase>
    <testcase time="0.00364995002746582" name="(teardown)" />
    <system-out><![CDATA[1..18
ok 1 - X-Accel-Redirect works
ok 2 - Content-Type preserved
ok 3 - Set-Cookie preserved
ok 4 - Content-Disposition preserved
ok 5 - Cache-Control preserved
ok 6 - Expires preserved
ok 7 - Accept-Ranges preserved
ok 8 - other headers stripped
not ok 9 - X-Accel-Redirect method name
ok 10 - X-Accel-Redirect value unchanged
ok 11 - X-Accel-Redirect unsafe dotdot
ok 12 - X-Accel-Redirect unsafe dotdotsep
ok 13 - X-Accel-Redirect unsafe sepdotdot
ok 14 - X-Accel-Redirect unsafe unescaped
ok 15 - X-Accel-Redirect unescaped
ok 16 - in named location
ok 17 - no alerts
ok 18 - no sanitizer errors
]]></system-out>
    <system-err><![CDATA[Dubious, test returned 1 (wstat 256, 0x100)
]]></system-err>
    <error message="Dubious, test returned 1 (wstat 256, 0x100)" />
  </testsuite>
  <testsuite errors="1"
             name="random_index_t"
             tests="3"
             time="0.208782911300659"
             failures="1">
    <testcase time="0.069645881652832" name="(init)" />
    <testcase name="1 - file" time="0.10559606552124">
      <failure type="TestFailed"
               message="not ok 1 - file"><![CDATA[not ok 1 - file]]></failure>
    </testcase>
    <testcase name="2 - no alerts" time="0.0308630466461182"></testcase>
    <testcase name="3 - no sanitizer errors" time="0.000393867492675781"></testcase>
    <testcase name="(teardown)" time="0.00228404998779297" />
    <system-out><![CDATA[1..3
not ok 1 - file
ok 2 - no alerts
ok 3 - no sanitizer errors
]]></system-out>
    <system-err><![CDATA[Dubious, test returned 1 (wstat 256, 0x100)
]]></system-err>
    <error message="Dubious, test returned 1 (wstat 256, 0x100)" />
  </testsuite>
  <testsuite time="0.229532957077026"
             failures="39"
             errors="1"
             name="range_t"
             tests="43">
    <testcase name="(init)" time="0.0652430057525635" />
    <testcase name="1 - range request - 206 partial reply" time="0.103343963623047">
      <failure message="not ok 1 - range request - 206 partial reply"
               type="TestFailed"><![CDATA[not ok 1 - range request - 206 partial reply]]></failure>
    </testcase>
    <testcase name="2 - range request - correct length" time="0.00029301643371582">
      <failure message="not ok 2 - range request - correct length"
               type="TestFailed"><![CDATA[not ok 2 - range request - correct length]]></failure>
    </testcase>
    <testcase name="3 - range request - content range" time="0.000978946685791016">
      <failure message="not ok 3 - range request - content range"
               type="TestFailed"><![CDATA[not ok 3 - range request - content range]]></failure>
    </testcase>
    <testcase time="0.000256061553955078"
              name="4 - range request - correct content">
      <failure type="TestFailed"
               message="not ok 4 - range request - correct content"><![CDATA[not ok 4 - range request - correct content]]></failure>
    </testcase>
    <testcase name="5 - final bytes - 206 partial reply" time="0.00257706642150879">
      <failure type="TestFailed"
               message="not ok 5 - final bytes - 206 partial reply"><![CDATA[not ok 5 - final bytes - 206 partial reply]]></failure>
    </testcase>
    <testcase name="6 - final bytes - content length" time="0.000247001647949219">
      <failure message="not ok 6 - final bytes - content length"
               type="TestFailed"><![CDATA[not ok 6 - final bytes - content length]]></failure>
    </testcase>
    <testcase time="0.00010991096496582" name="7 - final bytes - content range">
      <failure type="TestFailed"
               message="not ok 7 - final bytes - content range"><![CDATA[not ok 7 - final bytes - content range]]></failure>
    </testcase>
    <testcase name="8 - final bytes - correct content" time="0.000114917755126953">
      <failure message="not ok 8 - final bytes - correct content"
               type="TestFailed"><![CDATA[not ok 8 - final bytes - correct content]]></failure>
    </testcase>
    <testcase name="9 - final bytes explicit - 206 partial reply" time="0.00184917449951172">
      <failure message="not ok 9 - final bytes explicit - 206 partial reply"
               type="TestFailed"><![CDATA[not ok 9 - final bytes explicit - 206 partial reply]]></failure>
    </testcase>
    <testcase name="10 - final bytes explicit - content length" time="0.000248908996582031">
      <failure message="not ok 10 - final bytes explicit - content length"
               type="TestFailed"><![CDATA[not ok 10 - final bytes explicit - content length]]></failure>
    </testcase>
    <testcase name="11 - final bytes explicit - content range" time="0.000142097473144531">
      <failure type="TestFailed"
               message="not ok 11 - final bytes explicit - content range"><![CDATA[not ok 11 - final bytes explicit - content range]]></failure>
    </testcase>
    <testcase time="0.00146198272705078"
              name="12 - final bytes explicit - correct content">
      <failure type="TestFailed"
               message="not ok 12 - final bytes explicit - correct content"><![CDATA[not ok 12 - final bytes explicit - correct content]]></failure>
    </testcase>
    <testcase name="13 - more than length - 206 partial reply" time="0.00235700607299805">
      <failure type="TestFailed"
               message="not ok 13 - more than length - 206 partial reply"><![CDATA[not ok 13 - more than length - 206 partial reply]]></failure>
    </testcase>
    <testcase name="14 - more than length - content length" time="0.000566005706787109">
      <failure type="TestFailed"
               message="not ok 14 - more than length - content length"><![CDATA[not ok 14 - more than length - content length]]></failure>
    </testcase>
    <testcase name="15 - more than length - content range" time="0.00132894515991211">
      <failure type="TestFailed"
               message="not ok 15 - more than length - content range"><![CDATA[not ok 15 - more than length - content range]]></failure>
    </testcase>
    <testcase name="16 - more than length - correct content" time="0.000221014022827148">
      <failure type="TestFailed"
               message="not ok 16 - more than length - correct content"><![CDATA[not ok 16 - more than length - correct content]]></failure>
    </testcase>
    <testcase name="17 - recoded - 206 partial reply" time="0.00175905227661133">
      <failure message="not ok 17 - recoded - 206 partial reply"
               type="TestFailed"><![CDATA[not ok 17 - recoded - 206 partial reply]]></failure>
    </testcase>
    <testcase name="18 - recoded - content length" time="0.000885963439941406">
      <failure type="TestFailed"
               message="not ok 18 - recoded - content length"><![CDATA[not ok 18 - recoded - content length]]></failure>
    </testcase>
    <testcase time="0.000174999237060547" name="19 - recoded - content range">
      <failure message="not ok 19 - recoded - content range"
               type="TestFailed"><![CDATA[not ok 19 - recoded - content range]]></failure>
    </testcase>
    <testcase time="3.60012054443359e-05" name="20 - recoded - correct content">
      <failure message="not ok 20 - recoded - correct content"
               type="TestFailed"><![CDATA[not ok 20 - recoded - correct content]]></failure>
    </testcase>
    <testcase time="0.00173306465148926"
              name="21 - multipart - 206 partial reply">
      <failure type="TestFailed"
               message="not ok 21 - multipart - 206 partial reply"><![CDATA[not ok 21 - multipart - 206 partial reply]]></failure>
    </testcase>
    <testcase time="0.000310897827148438" name="22 - multipart - content type">
      <failure message="not ok 22 - multipart - content type"
               type="TestFailed"><![CDATA[not ok 22 - multipart - content type]]></failure>
    </testcase>
    <testcase name="23 - multipart - content 0-9" time="0.000133991241455078">
      <failure type="TestFailed"
               message="not ok 23 - multipart - content 0-9"><![CDATA[not ok 23 - multipart - content 0-9]]></failure>
    </testcase>
    <testcase time="0.000118017196655273"
              name="24 - multipart - content -10 aka 990-999">
      <failure type="TestFailed"
               message="not ok 24 - multipart - content -10 aka 990-999"><![CDATA[not ok 24 - multipart - content -10 aka 990-999]]></failure>
    </testcase>
    <testcase name="25 - multipart - content 10-19" time="0.00010991096496582">
      <failure type="TestFailed"
               message="not ok 25 - multipart - content 10-19"><![CDATA[not ok 25 - multipart - content 10-19]]></failure>
    </testcase>
    <testcase name="26 - multipart big - 206 partial reply" time="0.0017540454864502">
      <failure type="TestFailed"
               message="not ok 26 - multipart big - 206 partial reply"><![CDATA[not ok 26 - multipart big - 206 partial reply]]></failure>
    </testcase>
    <testcase time="0.000251054763793945"
              name="27 - multipart big - content type">
      <failure message="not ok 27 - multipart big - content type"
               type="TestFailed"><![CDATA[not ok 27 - multipart big - content type]]></failure>
    </testcase>
    <testcase name="28 - multipart big - content 0-9" time="0.000177860260009766">
      <failure type="TestFailed"
               message="not ok 28 - multipart big - content 0-9"><![CDATA[not ok 28 - multipart big - content 0-9]]></failure>
    </testcase>
    <testcase time="0.000236034393310547"
              name="29 - multipart big - content -10 aka 990-999">
      <failure type="TestFailed"
               message="not ok 29 - multipart big - content -10 aka 990-999"><![CDATA[not ok 29 - multipart big - content -10 aka 990-999]]></failure>
    </testcase>
    <testcase time="0.00026702880859375"
              name="30 - multipart big - content 10-19">
      <failure message="not ok 30 - multipart big - content 10-19"
               type="TestFailed"><![CDATA[not ok 30 - multipart big - content 10-19]]></failure>
    </testcase>
    <testcase name="31 - not satisfiable - too big first byte pos" time="0.00328516960144043">
      <failure type="TestFailed"
               message="not ok 31 - not satisfiable - too big first byte pos"><![CDATA[not ok 31 - not satisfiable - too big first byte pos]]></failure>
    </testcase>
    <testcase time="0.00163078308105469"
              name="32 - not satisfiable - alpha in first byte pos">
      <failure message="not ok 32 - not satisfiable - alpha in first byte pos"
               type="TestFailed"><![CDATA[not ok 32 - not satisfiable - alpha in first byte pos]]></failure>
    </testcase>
    <testcase time="0.00184106826782227"
              name="33 - not satisfiable - alpha in last byte pos">
      <failure type="TestFailed"
               message="not ok 33 - not satisfiable - alpha in last byte pos"><![CDATA[not ok 33 - not satisfiable - alpha in last byte pos]]></failure>
    </testcase>
    <testcase name="34 - not satisfiable - no hyphen" time="0.00145792961120605">
      <failure message="not ok 34 - not satisfiable - no hyphen"
               type="TestFailed"><![CDATA[not ok 34 - not satisfiable - no hyphen]]></failure>
    </testcase>
    <testcase name="35 - not satisfiable - no comma" time="0.00183820724487305">
      <failure message="not ok 35 - not satisfiable - no comma"
               type="TestFailed"><![CDATA[not ok 35 - not satisfiable - no comma]]></failure>
    </testcase>
    <testcase name="36 - satisfiable - last byte pos adjusted" time="0.00215888023376465">
      <failure message="not ok 36 - satisfiable - last byte pos adjusted"
               type="TestFailed"><![CDATA[not ok 36 - satisfiable - last byte pos adjusted]]></failure>
    </testcase>
    <testcase name="37 - not satisfiable - malicious byte ranges" time="0.00159502029418945">
      <failure type="TestFailed"
               message="not ok 37 - not satisfiable - malicious byte ranges"><![CDATA[not ok 37 - not satisfiable - malicious byte ranges]]></failure>
    </testcase>
    <testcase time="0.00328302383422852" name="38 - max_ranges not reached">
      <failure message="not ok 38 - max_ranges not reached"
               type="TestFailed"><![CDATA[not ok 38 - max_ranges not reached]]></failure>
    </testcase>
    <testcase time="0.00409388542175293"
              name="39 - max_ranges not reached bad range">
      <failure type="TestFailed"
               message="not ok 39 - max_ranges not reached bad range"><![CDATA[not ok 39 - max_ranges not reached bad range]]></failure>
    </testcase>
    <testcase name="40 - max_ranges reached" time="0.00307106971740723"></testcase>
    <testcase time="0.00171113014221191" name="41 - max_ranges zero"></testcase>
    <testcase time="0.0116078853607178" name="42 - no alerts"></testcase>
    <testcase time="0.000257015228271484"
              name="43 - no sanitizer errors"></testcase>
    <testcase time="0.00241494178771973" name="(teardown)" />
    <system-out><![CDATA[1..43
not ok 1 - range request - 206 partial reply
not ok 2 - range request - correct length
not ok 3 - range request - content range
not ok 4 - range request - correct content
not ok 5 - final bytes - 206 partial reply
not ok 6 - final bytes - content length
not ok 7 - final bytes - content range
not ok 8 - final bytes - correct content
not ok 9 - final bytes explicit - 206 partial reply
not ok 10 - final bytes explicit - content length
not ok 11 - final bytes explicit - content range
not ok 12 - final bytes explicit - correct content
not ok 13 - more than length - 206 partial reply
not ok 14 - more than length - content length
not ok 15 - more than length - content range
not ok 16 - more than length - correct content
not ok 17 - recoded - 206 partial reply
not ok 18 - recoded - content length
not ok 19 - recoded - content range
not ok 20 - recoded - correct content
not ok 21 - multipart - 206 partial reply
not ok 22 - multipart - content type
not ok 23 - multipart - content 0-9
not ok 24 - multipart - content -10 aka 990-999
not ok 25 - multipart - content 10-19
not ok 26 - multipart big - 206 partial reply
not ok 27 - multipart big - content type
not ok 28 - multipart big - content 0-9
not ok 29 - multipart big - content -10 aka 990-999
not ok 30 - multipart big - content 10-19
not ok 31 - not satisfiable - too big first byte pos
not ok 32 - not satisfiable - alpha in first byte pos
not ok 33 - not satisfiable - alpha in last byte pos
not ok 34 - not satisfiable - no hyphen
not ok 35 - not satisfiable - no comma
not ok 36 - satisfiable - last byte pos adjusted
not ok 37 - not satisfiable - malicious byte ranges
not ok 38 - max_ranges not reached
not ok 39 - max_ranges not reached bad range
ok 40 - max_ranges reached
ok 41 - max_ranges zero
ok 42 - no alerts
ok 43 - no sanitizer errors
]]></system-out>
    <system-err><![CDATA[Dubious, test returned 39 (wstat 9984, 0x2700)
]]></system-err>
    <error message="Dubious, test returned 39 (wstat 9984, 0x2700)" />
  </testsuite>
  <testsuite failures="10"
             time="0.216117858886719"
             name="range_charset_t"
             tests="12"
             errors="1">
    <testcase time="0.0681188106536865" name="(init)" />
    <testcase time="0.106451988220215" name="1 - charset - 206 partial reply">
      <failure type="TestFailed"
               message="not ok 1 - charset - 206 partial reply"><![CDATA[not ok 1 - charset - 206 partial reply]]></failure>
    </testcase>
    <testcase name="2 - charset - content type" time="0.00129413604736328">
      <failure message="not ok 2 - charset - content type"
               type="TestFailed"><![CDATA[not ok 2 - charset - content type]]></failure>
    </testcase>
    <testcase name="3 - charset - charset attribute" time="0.00152397155761719">
      <failure message="not ok 3 - charset - charset attribute"
               type="TestFailed"><![CDATA[not ok 3 - charset - charset attribute]]></failure>
    </testcase>
    <testcase name="4 - charset - content 0-9" time="0.000864028930664062">
      <failure type="TestFailed"
               message="not ok 4 - charset - content 0-9"><![CDATA[not ok 4 - charset - content 0-9]]></failure>
    </testcase>
    <testcase name="5 - charset - content 10-19" time="0.00148105621337891">
      <failure message="not ok 5 - charset - content 10-19"
               type="TestFailed"><![CDATA[not ok 5 - charset - content 10-19]]></failure>
    </testcase>
    <testcase time="0.00243496894836426"
              name="6 - x-accel-charset - 206 partial reply">
      <failure message="not ok 6 - x-accel-charset - 206 partial reply"
               type="TestFailed"><![CDATA[not ok 6 - x-accel-charset - 206 partial reply]]></failure>
    </testcase>
    <testcase time="0.00222492218017578"
              name="7 - x-accel-charset - content type">
      <failure type="TestFailed"
               message="not ok 7 - x-accel-charset - content type"><![CDATA[not ok 7 - x-accel-charset - content type]]></failure>
    </testcase>
    <testcase name="8 - x-accel-charset - charset attribute" time="0.00165009498596191">
      <failure type="TestFailed"
               message="not ok 8 - x-accel-charset - charset attribute"><![CDATA[not ok 8 - x-accel-charset - charset attribute]]></failure>
    </testcase>
    <testcase name="9 - x-accel-charset - content 0-9" time="0.00151300430297852">
      <failure message="not ok 9 - x-accel-charset - content 0-9"
               type="TestFailed"><![CDATA[not ok 9 - x-accel-charset - content 0-9]]></failure>
    </testcase>
    <testcase name="10 - x-accel-charset - content 10-19" time="0.00121784210205078">
      <failure message="not ok 10 - x-accel-charset - content 10-19"
               type="TestFailed"><![CDATA[not ok 10 - x-accel-charset - content 10-19]]></failure>
    </testcase>
    <testcase time="0.0245981216430664" name="11 - no alerts"></testcase>
    <testcase name="12 - no sanitizer errors" time="0.000365972518920898"></testcase>
    <testcase name="(teardown)" time="0.00237894058227539" />
    <system-out><![CDATA[1..12
not ok 1 - charset - 206 partial reply
not ok 2 - charset - content type
not ok 3 - charset - charset attribute
not ok 4 - charset - content 0-9
not ok 5 - charset - content 10-19
not ok 6 - x-accel-charset - 206 partial reply
not ok 7 - x-accel-charset - content type
not ok 8 - x-accel-charset - charset attribute
not ok 9 - x-accel-charset - content 0-9
not ok 10 - x-accel-charset - content 10-19
ok 11 - no alerts
ok 12 - no sanitizer errors
]]></system-out>
    <system-err><![CDATA[Dubious, test returned 10 (wstat 2560, 0xa00)
]]></system-err>
    <error message="Dubious, test returned 10 (wstat 2560, 0xa00)" />
  </testsuite>
  <testsuite errors="1"
             tests="14"
             name="range_flv_t"
             time="0.206017017364502"
             failures="12">
    <testcase name="(init)" time="0.0689761638641357" />
    <testcase name="1 - first bytes - 206 partial reply" time="0.104465961456299">
      <failure message="not ok 1 - first bytes - 206 partial reply"
               type="TestFailed"><![CDATA[not ok 1 - first bytes - 206 partial reply]]></failure>
    </testcase>
    <testcase name="2 - first bytes - correct length" time="0.000319957733154297">
      <failure type="TestFailed"
               message="not ok 2 - first bytes - correct length"><![CDATA[not ok 2 - first bytes - correct length]]></failure>
    </testcase>
    <testcase time="0.000164031982421875" name="3 - first bytes - content range">
      <failure message="not ok 3 - first bytes - content range"
               type="TestFailed"><![CDATA[not ok 3 - first bytes - content range]]></failure>
    </testcase>
    <testcase name="4 - first bytes - correct content" time="0.000135898590087891">
      <failure type="TestFailed"
               message="not ok 4 - first bytes - correct content"><![CDATA[not ok 4 - first bytes - correct content]]></failure>
    </testcase>
    <testcase time="0.00648808479309082"
              name="5 - final bytes - 206 partial reply">
      <failure message="not ok 5 - final bytes - 206 partial reply"
               type="TestFailed"><![CDATA[not ok 5 - final bytes - 206 partial reply]]></failure>
    </testcase>
    <testcase name="6 - final bytes - content length" time="0.000255107879638672">
      <failure message="not ok 6 - final bytes - content length"
               type="TestFailed"><![CDATA[not ok 6 - final bytes - content length]]></failure>
    </testcase>
    <testcase name="7 - final bytes - content range" time="0.000136852264404297">
      <failure type="TestFailed"
               message="not ok 7 - final bytes - content range"><![CDATA[not ok 7 - final bytes - content range]]></failure>
    </testcase>
    <testcase time="0.000191926956176758"
              name="8 - final bytes - correct content">
      <failure message="not ok 8 - final bytes - correct content"
               type="TestFailed"><![CDATA[not ok 8 - final bytes - correct content]]></failure>
    </testcase>
    <testcase name="9 - multi buffers - 206 partial reply" time="0.00670814514160156">
      <failure type="TestFailed"
               message="not ok 9 - multi buffers - 206 partial reply"><![CDATA[not ok 9 - multi buffers - 206 partial reply]]></failure>
    </testcase>
    <testcase name="10 - multi buffers - content length" time="0.000293970108032227">
      <failure type="TestFailed"
               message="not ok 10 - multi buffers - content length"><![CDATA[not ok 10 - multi buffers - content length]]></failure>
    </testcase>
    <testcase time="0.000236988067626953"
              name="11 - multi buffers - content range">
      <failure message="not ok 11 - multi buffers - content range"
               type="TestFailed"><![CDATA[not ok 11 - multi buffers - content range]]></failure>
    </testcase>
    <testcase name="12 - multi buffers - correct content" time="0.000123023986816406">
      <failure message="not ok 12 - multi buffers - correct content"
               type="TestFailed"><![CDATA[not ok 12 - multi buffers - correct content]]></failure>
    </testcase>
    <testcase name="13 - no alerts" time="0.0144920349121094"></testcase>
    <testcase name="14 - no sanitizer errors" time="0.00123500823974609"></testcase>
    <testcase name="(teardown)" time="0.00179386138916016" />
    <system-out><![CDATA[1..14
not ok 1 - first bytes - 206 partial reply
not ok 2 - first bytes - correct length
not ok 3 - first bytes - content range
not ok 4 - first bytes - correct content
not ok 5 - final bytes - 206 partial reply
not ok 6 - final bytes - content length
not ok 7 - final bytes - content range
not ok 8 - final bytes - correct content
not ok 9 - multi buffers - 206 partial reply
not ok 10 - multi buffers - content length
not ok 11 - multi buffers - content range
not ok 12 - multi buffers - correct content
ok 13 - no alerts
ok 14 - no sanitizer errors
]]></system-out>
    <system-err><![CDATA[Dubious, test returned 12 (wstat 3072, 0xc00)
]]></system-err>
    <error message="Dubious, test returned 12 (wstat 3072, 0xc00)" />
  </testsuite>
  <testsuite tests="10"
             name="range_if_range_t"
             errors="1"
             failures="7"
             time="0.219949007034302">
    <testcase time="0.0799131393432617" name="(init)" />
    <testcase name="1 - if-range wrong" time="0.103628873825073">
      <failure message="not ok 1 - if-range wrong"
               type="TestFailed"><![CDATA[not ok 1 - if-range wrong]]></failure>
    </testcase>
    <testcase name="2 - if-range wrong - last modified" time="0.000410079956054688">
      <failure type="TestFailed"
               message="not ok 2 - if-range wrong - last modified"><![CDATA[not ok 2 - if-range wrong - last modified]]></failure>
    </testcase>
    <testcase time="0.0110530853271484" name="3 - if-range">
      <failure message="not ok 3 - if-range"
               type="TestFailed"><![CDATA[not ok 3 - if-range]]></failure>
    </testcase>
    <testcase name="4 - if-range notime" time="0.000322818756103516">
      <failure type="TestFailed"
               message="not ok 4 - if-range notime"><![CDATA[not ok 4 - if-range notime]]></failure>
    </testcase>
    <testcase time="0.000230073928833008"
              name="5 - if-range notime - no last modified"></testcase>
    <testcase time="0.00531697273254395" name="6 - if-range time wrong">
      <failure message="not ok 6 - if-range time wrong"
               type="TestFailed"><![CDATA[not ok 6 - if-range time wrong]]></failure>
    </testcase>
    <testcase name="7 - if-range time wrong - last modified" time="0.000251054763793945">
      <failure message="not ok 7 - if-range time wrong - last modified"
               type="TestFailed"><![CDATA[not ok 7 - if-range time wrong - last modified]]></failure>
    </testcase>
    <testcase time="0.000108003616333008" name="8 - if-range time">
      <failure message="not ok 8 - if-range time"
               type="TestFailed"><![CDATA[not ok 8 - if-range time]]></failure>
    </testcase>
    <testcase time="0.0163509845733643" name="9 - no alerts"></testcase>
    <testcase time="0.000307083129882812"
              name="10 - no sanitizer errors"></testcase>
    <testcase name="(teardown)" time="0.00205683708190918" />
    <system-out><![CDATA[1..10
not ok 1 - if-range wrong
not ok 2 - if-range wrong - last modified
not ok 3 - if-range
not ok 4 - if-range notime
ok 5 - if-range notime - no last modified
not ok 6 - if-range time wrong
not ok 7 - if-range time wrong - last modified
not ok 8 - if-range time
ok 9 - no alerts
ok 10 - no sanitizer errors
]]></system-out>
    <system-err><![CDATA[Dubious, test returned 7 (wstat 1792, 0x700)
]]></system-err>
    <error message="Dubious, test returned 7 (wstat 1792, 0x700)" />
  </testsuite>
  <testsuite errors="0"
             name="range_mp4_t"
             tests="0"
             time="0.0697989463806152"
             failures="0">
    <testcase time="0.0682299137115479" name="(init)" />
    <testcase time="0.00156903266906738" name="(teardown)" />
    <system-out><![CDATA[1..0 # SKIP ffmpeg not found
]]></system-out>
    <system-err></system-err>
  </testsuite>
  <testsuite tests="0"
             name="realip_t"
             errors="0"
             failures="0"
             time="0.196295976638794">
    <testcase time="0.181185960769653" name="(init)" />
    <testcase time="0.0151100158691406" name="(teardown)" />
    <system-out><![CDATA[1..0 # SKIP no 127.0.0.1 on host
]]></system-out>
    <system-err></system-err>
  </testsuite>
  <testsuite time="0.271487951278687"
             failures="0"
             errors="0"
             name="realip_remote_addr_t"
             tests="0">
    <testcase time="0.267683982849121" name="(init)" />
    <testcase time="0.00380396842956543" name="(teardown)" />
    <system-out><![CDATA[1..0 # SKIP no realip_remote_addr
]]></system-out>
    <system-err></system-err>
  </testsuite>
  <testsuite time="0.263741016387939"
             failures="0"
             errors="0"
             tests="56"
             name="referer_t">
    <testcase name="(init)" time="0.0837879180908203" />
    <testcase time="0.104712009429932" name="1 - simple"></testcase>
    <testcase name="2 - simple uri" time="0.00127005577087402"></testcase>
    <testcase time="0.00100898742675781" name="3 - simple port uri"></testcase>
    <testcase name="4 - simple invalid" time="0.000761985778808594"></testcase>
    <testcase name="5 - https" time="0.000924110412597656"></testcase>
    <testcase name="6 - no scheme" time="0.00159978866577148"></testcase>
    <testcase name="7 - no none" time="0.00111603736877441"></testcase>
    <testcase time="0.00092005729675293" name="8 - none"></testcase>
    <testcase time="0.000721931457519531" name="9 - none empty"></testcase>
    <testcase time="0.000956058502197266" name="10 - blocked"></testcase>
    <testcase name="11 - blocked 2" time="0.00222301483154297"></testcase>
    <testcase name="12 - blocked short" time="0.000889062881469727"></testcase>
    <testcase name="13 - blocked short no scheme" time="0.000767946243286133"></testcase>
    <testcase name="14 - blocked empty" time="0.000969886779785156"></testcase>
    <testcase name="15 - small" time="0.000808000564575195"></testcase>
    <testcase time="0.00102019309997559" name="16 - long uri"></testcase>
    <testcase time="0.000931978225708008" name="17 - long hostname"></testcase>
    <testcase time="0.000787019729614258"
              name="18 - long hostname wildcard"></testcase>
    <testcase time="0.000756978988647461"
              name="19 - long hostname 255"></testcase>
    <testcase name="20 - long hostname 256" time="0.000663995742797852"></testcase>
    <testcase time="0.000818014144897461"
              name="21 - long hostname 257"></testcase>
    <testcase name="22 - uri" time="0.000673055648803711"></testcase>
    <testcase name="23 - uri prefix" time="0.000674962997436523"></testcase>
    <testcase name="24 - uri case" time="0.000813007354736328"></testcase>
    <testcase time="0.000700950622558594" name="25 - uri port"></testcase>
    <testcase name="26 - uri invalid len" time="0.000722885131835938"></testcase>
    <testcase time="0.000712156295776367" name="27 - uri invalid cmp"></testcase>
    <testcase name="28 - regex" time="0.00084686279296875"></testcase>
    <testcase time="0.000729084014892578" name="29 - regex caseless"></testcase>
    <testcase time="0.00181794166564941" name="30 - regex uri"></testcase>
    <testcase time="0.00164604187011719" name="31 - regex mismatch"></testcase>
    <testcase time="0.00112199783325195"
              name="32 - regex case mismatch"></testcase>
    <testcase time="0.00200796127319336" name="33 - regex 2 uri"></testcase>
    <testcase time="0.00252294540405273" name="34 - regex 2 no uri"></testcase>
    <testcase name="35 - regex 2 uri caseless" time="0.0012509822845459"></testcase>
    <testcase name="36 - regex https" time="0.00113511085510254"></testcase>
    <testcase name="37 - server_names" time="0.000797033309936523"></testcase>
    <testcase name="38 - server_names caseless" time="0.000697851181030273"></testcase>
    <testcase time="0.000666141510009766"
              name="39 - server_names uri"></testcase>
    <testcase name="40 - server_names regex" time="0.000756978988647461"></testcase>
    <testcase time="0.000799894332885742"
              name="41 - server_names regex caseless"></testcase>
    <testcase time="0.000663995742797852"
              name="42 - server_names regex caseless uri"></testcase>
    <testcase time="0.000806093215942383"
              name="43 - server_names regex anchored"></testcase>
    <testcase name="44 - server_names regex uri" time="0.00209212303161621"></testcase>
    <testcase time="0.00160098075866699"
              name="45 - server_names no scheme"></testcase>
    <testcase name="46 - server_names regex no scheme" time="0.00207996368408203"></testcase>
    <testcase time="0.00100803375244141"
              name="47 - server_names no scheme blocked"></testcase>
    <testcase name="48 - wildcard head" time="0.000974893569946289"></testcase>
    <testcase name="49 - wildcard tail" time="0.000831127166748047"></testcase>
    <testcase time="0.000969886779785156" name="50 - wildcard uri"></testcase>
    <testcase time="0.000741004943847656"
              name="51 - wildcard uri prefix"></testcase>
    <testcase name="52 - wildcard uri case" time="0.000838041305541992"></testcase>
    <testcase name="53 - server context" time="0.00110793113708496"></testcase>
    <testcase name="54 - server below" time="0.00118899345397949"></testcase>
    <testcase name="55 - no alerts" time="0.0162229537963867"></testcase>
    <testcase name="56 - no sanitizer errors" time="0.00138306617736816"></testcase>
    <testcase name="(teardown)" time="0.00172305107116699" />
    <system-out><![CDATA[1..56
ok 1 - simple
ok 2 - simple uri
ok 3 - simple port uri
ok 4 - simple invalid
ok 5 - https
ok 6 - no scheme
ok 7 - no none
ok 8 - none
ok 9 - none empty
ok 10 - blocked
ok 11 - blocked 2
ok 12 - blocked short
ok 13 - blocked short no scheme
ok 14 - blocked empty
ok 15 - small
ok 16 - long uri
ok 17 - long hostname
ok 18 - long hostname wildcard
ok 19 - long hostname 255
ok 20 - long hostname 256
ok 21 - long hostname 257
ok 22 - uri
ok 23 - uri prefix
ok 24 - uri case
ok 25 - uri port
ok 26 - uri invalid len
ok 27 - uri invalid cmp
ok 28 - regex
ok 29 - regex caseless
ok 30 - regex uri
ok 31 - regex mismatch
ok 32 - regex case mismatch
ok 33 - regex 2 uri
ok 34 - regex 2 no uri
ok 35 - regex 2 uri caseless
ok 36 - regex https
ok 37 - server_names
ok 38 - server_names caseless
ok 39 - server_names uri
ok 40 - server_names regex
ok 41 - server_names regex caseless
ok 42 - server_names regex caseless uri
ok 43 - server_names regex anchored
ok 44 - server_names regex uri
ok 45 - server_names no scheme
ok 46 - server_names regex no scheme
ok 47 - server_names no scheme blocked
ok 48 - wildcard head
ok 49 - wildcard tail
ok 50 - wildcard uri
ok 51 - wildcard uri prefix
ok 52 - wildcard uri case
ok 53 - server context
ok 54 - server below
ok 55 - no alerts
ok 56 - no sanitizer errors
]]></system-out>
    <system-err></system-err>
  </testsuite>
  <testsuite tests="0"
             name="request_id_t"
             errors="0"
             failures="0"
             time="0.278491973876953">
    <testcase time="0.274087905883789" name="(init)" />
    <testcase name="(teardown)" time="0.00440406799316406" />
    <system-out><![CDATA[1..0 # SKIP no request_id variable support
]]></system-out>
    <system-err></system-err>
  </testsuite>
  <testsuite errors="1"
             name="rewrite_t"
             tests="24"
             time="0.222386121749878"
             failures="1">
    <testcase time="0.0682759284973145" name="(init)" />
    <testcase name="1 - simple" time="0.103127002716064"></testcase>
    <testcase time="0.000952005386352539" name="2 - simple with args"></testcase>
    <testcase name="3 - add args" time="0.000861167907714844"></testcase>
    <testcase time="0.00101804733276367"
              name="4 - add args with args"></testcase>
    <testcase time="0.000607967376708984"
              name="5 - no args with args"></testcase>
    <testcase time="0.000744819641113281" name="6 - return 204"></testcase>
    <testcase name="7 - return 200" time="0.00103521347045898"></testcase>
    <testcase name="8 - return 306" time="0.000795841217041016"></testcase>
    <testcase time="0.00074005126953125" name="9 - return 405"></testcase>
    <testcase name="10 - error 404 return 405" time="0.000927925109863281"></testcase>
    <testcase time="0.000806093215942383"
              name="11 - error 405 return 204"></testcase>
    <testcase time="0.000833034515380859"
              name="12 - error 405 return 200"></testcase>
    <testcase name="13 - return 200 text" time="0.00102996826171875"></testcase>
    <testcase name="14 - return 404 text" time="0.000967979431152344"></testcase>
    <testcase time="0.00153899192810059"
              name="15 - error 405 to return 200 text"></testcase>
    <testcase time="0.00197911262512207" name="16 - return 302 text"></testcase>
    <testcase name="17 - error 302 return 200 text" time="0.00128889083862305"></testcase>
    <testcase name="18 - error 405 return 302 text" time="0.00115799903869629"></testcase>
    <testcase time="0.000977993011474609"
              name="19 - error 405 rewrite redirect"></testcase>
    <testcase time="0.0011138916015625"
              name="20 - error 405 directory redirect">
      <failure message="not ok 20 - error 405 directory redirect"
               type="TestFailed"><![CDATA[not ok 20 - error 405 directory redirect]]></failure>
    </testcase>
    <testcase time="0.00826311111450195"
              name="21 - escape with added args"></testcase>
    <testcase time="0.000868082046508789"
              name="22 - escape with added args"></testcase>
    <testcase time="0.0196619033813477" name="23 - no alerts"></testcase>
    <testcase name="24 - no sanitizer errors" time="0.000279903411865234"></testcase>
    <testcase name="(teardown)" time="0.0025331974029541" />
    <system-out><![CDATA[1..24
ok 1 - simple
ok 2 - simple with args
ok 3 - add args
ok 4 - add args with args
ok 5 - no args with args
ok 6 - return 204
ok 7 - return 200
ok 8 - return 306
ok 9 - return 405
ok 10 - error 404 return 405
ok 11 - error 405 return 204
ok 12 - error 405 return 200
ok 13 - return 200 text
ok 14 - return 404 text
ok 15 - error 405 to return 200 text
ok 16 - return 302 text
ok 17 - error 302 return 200 text
ok 18 - error 405 return 302 text
ok 19 - error 405 rewrite redirect
not ok 20 - error 405 directory redirect
ok 21 - escape with added args
ok 22 - escape with added args
ok 23 - no alerts
ok 24 - no sanitizer errors
]]></system-out>
    <system-err><![CDATA[Dubious, test returned 1 (wstat 256, 0x100)
]]></system-err>
    <error message="Dubious, test returned 1 (wstat 256, 0x100)" />
  </testsuite>
  <testsuite failures="0"
             time="0.227713108062744"
             tests="6"
             name="rewrite_set_t"
             errors="0">
    <testcase time="0.0721621513366699" name="(init)" />
    <testcase name="1 - set in this context" time="0.105944871902466"></testcase>
    <testcase time="0.001708984375"
              name="2 - set in other context"></testcase>
    <testcase name="3 - not set" time="0.00159311294555664"></testcase>
    <testcase time="0.00148701667785645"
              name="4 - set get in return"></testcase>
    <testcase name="5 - no alerts" time="0.0419638156890869"></testcase>
    <testcase name="6 - no sanitizer errors" time="0.000488042831420898"></testcase>
    <testcase name="(teardown)" time="0.0023651123046875" />
    <system-out><![CDATA[1..6
ok 1 - set in this context
ok 2 - set in other context
ok 3 - not set
ok 4 - set get in return
ok 5 - no alerts
ok 6 - no sanitizer errors
]]></system-out>
    <system-err></system-err>
  </testsuite>
  <testsuite failures="0"
             time="0.214130878448486"
             name="rewrite_unescape_t"
             tests="11"
             errors="0">
    <testcase name="(init)" time="0.0736629962921143" />
    <testcase time="0.106897830963135" name="1 - escaped argument"></testcase>
    <testcase name="2 - escaped argument header splitting" time="0.000781059265136719"></testcase>
    <testcase time="0.00336313247680664"
              name="3 - escaped argument with complex query"></testcase>
    <testcase time="0.00131702423095703"
              name="4 - escaped $request_uri"></testcase>
    <testcase time="0.000583887100219727" name="5 - escaped $uri"></testcase>
    <testcase name="6 - escaped $1" time="0.000519990921020508"></testcase>
    <testcase name="7 - escaped static" time="0.000572919845581055"></testcase>
    <testcase time="0.000626087188720703"
              name="8 - escaped static with argument"></testcase>
    <testcase time="0.000863075256347656"
              name="9 - escaped static slash"></testcase>
    <testcase name="10 - no alerts" time="0.021090030670166"></testcase>
    <testcase time="0.00131392478942871"
              name="11 - no sanitizer errors"></testcase>
    <testcase name="(teardown)" time="0.00253891944885254" />
    <system-out><![CDATA[1..11
ok 1 - escaped argument
ok 2 - escaped argument header splitting
not ok 3 - escaped argument with complex query # TODO not yet

#   Failed (TODO) test 'escaped argument with complex query'
#   at ./rewrite_unescape.t line 160.
#          got: 'http://example.com/?from%3Dblah'
#     expected: 'http://example.com/?from=blah'
not ok 4 - escaped $request_uri # TODO not yet

#   Failed (TODO) test 'escaped $request_uri'
#   at ./rewrite_unescape.t line 160.
#          got: 'http://example.com/t2/blah%20?blah'
#     expected: 'http://example.com/t2/blah%20%3Fblah'
not ok 5 - escaped $uri # TODO not yet

#   Failed (TODO) test 'escaped $uri'
#   at ./rewrite_unescape.t line 160.
#          got: 'http://example.com/t3/blah ?blah'
#     expected: 'http://example.com/t3/blah%20%3Fblah'
not ok 6 - escaped $1 # TODO not yet

#   Failed (TODO) test 'escaped $1'
#   at ./rewrite_unescape.t line 160.
#          got: 'http://example.com/t4/blah%20?blah'
#     expected: 'http://example.com/t4/blah%20%3Fblah'
not ok 7 - escaped static # TODO not yet

#   Failed (TODO) test 'escaped static'
#   at ./rewrite_unescape.t line 160.
#          got: 'http://example.com/blah%20?blah'
#     expected: 'http://example.com/blah%20%3Fblah'
not ok 8 - escaped static with argument # TODO not yet
#   Failed (TODO) test 'escaped static with argument'
#   at ./rewrite_unescape.t line 160.
#          got: 'http://example.com/blah%20?blah?arg=blah'
#     expected: 'http://example.com/blah%20%3Fblah?arg=blah'
not ok 9 - escaped static slash # TODO not yet

#   Failed (TODO) test 'escaped static slash'
#   at ./rewrite_unescape.t line 160.
#          got: 'http://example.com/blah%20/blah'
#     expected: 'http://example.com/blah%20%2Fblah'
ok 10 - no alerts
ok 11 - no sanitizer errors
]]></system-out>
    <system-err></system-err>
  </testsuite>
  <testsuite tests="0"
             name="scgi_t"
             errors="0"
             failures="0"
             time="0.0639839172363281">
    <testcase time="0.0629639625549316" name="(init)" />
    <testcase name="(teardown)" time="0.00101995468139648" />
    <system-out><![CDATA[1..0 # SKIP SCGI not installed
]]></system-out>
    <system-err></system-err>
  </testsuite>
  <testsuite tests="0"
             name="scgi_body_t"
             errors="0"
             failures="0"
             time="0.0636250972747803">
    <testcase name="(init)" time="0.0620269775390625" />
    <testcase name="(teardown)" time="0.00159811973571777" />
    <system-out><![CDATA[1..0 # SKIP SCGI not installed
]]></system-out>
    <system-err></system-err>
  </testsuite>
  <testsuite errors="0"
             name="scgi_cache_t"
             tests="0"
             time="0.0651390552520752"
             failures="0">
    <testcase time="0.0641539096832275" name="(init)" />
    <testcase time="0.000985145568847656" name="(teardown)" />
    <system-out><![CDATA[1..0 # SKIP SCGI not installed
]]></system-out>
    <system-err></system-err>
  </testsuite>
  <testsuite failures="0"
             time="0.0657379627227783"
             tests="0"
             name="scgi_gzip_t"
             errors="0">
    <testcase name="(init)" time="0.0637099742889404" />
    <testcase name="(teardown)" time="0.00202798843383789" />
    <system-out><![CDATA[1..0 # SKIP SCGI not installed
]]></system-out>
    <system-err></system-err>
  </testsuite>
  <testsuite errors="0"
             tests="0"
             name="scgi_merge_params_t"
             time="0.0688810348510742"
             failures="0">
    <testcase time="0.0676200389862061" name="(init)" />
    <testcase name="(teardown)" time="0.00126099586486816" />
    <system-out><![CDATA[1..0 # SKIP SCGI not installed
]]></system-out>
    <system-err></system-err>
  </testsuite>
  <testsuite time="0.216569900512695"
             failures="6"
             errors="1"
             tests="12"
             name="secure_link_t">
    <testcase name="(init)" time="0.0725228786468506" />
    <testcase time="0.104441165924072" name="1 - request md5">
      <failure type="TestFailed"
               message="not ok 1 - request md5"><![CDATA[not ok 1 - request md5]]></failure>
    </testcase>
    <testcase time="0.00622081756591797" name="2 - request md5 no padding">
      <failure message="not ok 2 - request md5 no padding"
               type="TestFailed"><![CDATA[not ok 2 - request md5 no padding]]></failure>
    </testcase>
    <testcase time="0.000275135040283203" name="3 - request no hash"></testcase>
    <testcase name="4 - request md5 not expired" time="0.00495791435241699">
      <failure type="TestFailed"
               message="not ok 4 - request md5 not expired"><![CDATA[not ok 4 - request md5 not expired]]></failure>
    </testcase>
    <testcase name="5 - secure_link_expires variable" time="0.000272989273071289">
      <failure message="not ok 5 - secure_link_expires variable"
               type="TestFailed"><![CDATA[not ok 5 - secure_link_expires variable]]></failure>
    </testcase>
    <testcase name="6 - request md5 expired" time="0.0048820972442627"></testcase>
    <testcase name="7 - request old style" time="0.000236988067626953">
      <failure type="TestFailed"
               message="not ok 7 - request old style"><![CDATA[not ok 7 - request old style]]></failure>
    </testcase>
    <testcase time="0.000126838684082031"
              name="8 - request old style fake hash"></testcase>
    <testcase name="9 - request old style no hash" time="0.00244522094726562"></testcase>
    <testcase name="10 - inheritance" time="0.000842809677124023">
      <failure message="not ok 10 - inheritance"
               type="TestFailed"><![CDATA[not ok 10 - inheritance]]></failure>
    </testcase>
    <testcase name="11 - no alerts" time="0.016226053237915"></testcase>
    <testcase name="12 - no sanitizer errors" time="0.00020599365234375"></testcase>
    <testcase time="0.00291299819946289" name="(teardown)" />
    <system-out><![CDATA[1..12
not ok 1 - request md5
not ok 2 - request md5 no padding
ok 3 - request no hash
not ok 4 - request md5 not expired
not ok 5 - secure_link_expires variable
ok 6 - request md5 expired
not ok 7 - request old style
ok 8 - request old style fake hash
ok 9 - request old style no hash
not ok 10 - inheritance
ok 11 - no alerts
ok 12 - no sanitizer errors
]]></system-out>
    <system-err><![CDATA[Dubious, test returned 6 (wstat 1536, 0x600)
]]></system-err>
    <error message="Dubious, test returned 6 (wstat 1536, 0x600)" />
  </testsuite>
  <testsuite time="0.201454162597656"
             failures="0"
             errors="0"
             name="server_tokens_t"
             tests="11">
    <testcase name="(init)" time="0.0723361968994141" />
    <testcase time="0.105665922164917"
              name="1 - tokens default 200"></testcase>
    <testcase time="0.000781059265136719"
              name="2 - tokens default 404"></testcase>
    <testcase name="3 - tokens default 404 body" time="0.000931024551391602"></testcase>
    <testcase time="0.000652790069580078" name="4 - tokens off 200"></testcase>
    <testcase name="5 - tokens off 404" time="0.000579118728637695"></testcase>
    <testcase name="6 - tokens off 404 body" time="0.000573873519897461"></testcase>
    <testcase time="0.000657081604003906" name="7 - tokens on 200"></testcase>
    <testcase time="0.000900030136108398" name="8 - tokens on 404"></testcase>
    <testcase time="0.000659942626953125"
              name="9 - tokens on 404 body"></testcase>
    <testcase name="10 - no alerts" time="0.015329122543335"></testcase>
    <testcase time="0.000329017639160156"
              name="11 - no sanitizer errors"></testcase>
    <testcase name="(teardown)" time="0.00205898284912109" />
    <system-out><![CDATA[1..11
ok 1 - tokens default 200
ok 2 - tokens default 404
ok 3 - tokens default 404 body
ok 4 - tokens off 200
ok 5 - tokens off 404
ok 6 - tokens off 404 body
ok 7 - tokens on 200
ok 8 - tokens on 404
ok 9 - tokens on 404 body
ok 10 - no alerts
ok 11 - no sanitizer errors
]]></system-out>
    <system-err></system-err>
  </testsuite>
  <testsuite errors="0"
             tests="0"
             name="slice_t"
             time="0.0861630439758301"
             failures="0">
    <testcase time="0.0801379680633545" name="(init)" />
    <testcase name="(teardown)" time="0.00602507591247559" />
    <system-out><![CDATA[1..0 # SKIP no slice available
]]></system-out>
    <system-err></system-err>
  </testsuite>
  <testsuite errors="29"
             tests="58"
             name="spdy_t"
             time="9.47867107391357"
             failures="14">
    <testcase time="0.0924551486968994" name="(init)" />
    <testcase name="1 - PING frame" time="0.169541835784912"></testcase>
    <testcase name="2 - PING payload" time="0.000488996505737305"></testcase>
    <testcase time="0.00202012062072754" name="3 - SYN_REPLY frame"></testcase>
    <testcase time="0.00112104415893555" name="4 - SYN_REPLY stream"></testcase>
    <testcase name="5 - SYN_REPLY status" time="0.00056004524230957"></testcase>
    <testcase time="0.000368833541870117" name="6 - SYN_REPLY header"></testcase>
    <testcase time="0.000246047973632812" name="7 - DATA frame"></testcase>
    <testcase time="0.000283956527709961" name="8 - DATA length"></testcase>
    <testcase time="0.000272035598754883" name="9 - DATA payload"></testcase>
    <testcase name="10 - SYN_REPLY stream 2" time="0.000742912292480469"></testcase>
    <testcase time="0.000297069549560547"
              name="11 - SYN_REPLY status 2"></testcase>
    <testcase time="0.000262975692749023"
              name="12 - SYN_REPLY header 2"></testcase>
    <testcase name="13 - DATA frame 2" time="0.000271081924438477"></testcase>
    <testcase name="14 - SYN_REPLY stream 2" time="0.000300884246826172"></testcase>
    <testcase time="0.000261068344116211" name="15 - DATA length 2"></testcase>
    <testcase time="0.000308036804199219" name="16 - DATA payload 2"></testcase>
    <testcase time="0.00250697135925293"
              name="17 - SYN_REPLY stream HEAD"></testcase>
    <testcase name="18 - SYN_REPLY status HEAD" time="0.000438928604125977"></testcase>
    <testcase time="0.000277996063232422"
              name="19 - SYN_REPLY header HEAD"></testcase>
    <testcase time="0.000297069549560547" name="20 - HEAD no body"></testcase>
    <testcase name="21 - PROXY SYN_REPLY frame" time="0.0020289421081543"></testcase>
    <testcase time="0.00114607810974121" name="22 - PROXY remote addr">
      <failure message="not ok 22 - PROXY remote addr"
               type="TestFailed"><![CDATA[not ok 22 - PROXY remote addr]]></failure>
    </testcase>
    <testcase name="23 - SYN_REPLY status range" time="0.00295495986938477">
      <failure message="not ok 23 - SYN_REPLY status range"
               type="TestFailed"><![CDATA[not ok 23 - SYN_REPLY status range]]></failure>
    </testcase>
    <testcase name="24 - DATA length range" time="0.00155496597290039">
      <failure message="not ok 24 - DATA length range"
               type="TestFailed"><![CDATA[not ok 24 - DATA length range]]></failure>
    </testcase>
    <testcase time="0.00132513046264648" name="25 - DATA payload range">
      <failure message="not ok 25 - DATA payload range"
               type="TestFailed"><![CDATA[not ok 25 - DATA payload range]]></failure>
    </testcase>
    <testcase time="0.00283503532409668"
              name="26 - multiple request header values"></testcase>
    <testcase time="0.00197601318359375"
              name="27 - multiple request header values - proxied">
      <failure type="TestFailed"
               message="not ok 27 - multiple request header values - proxied"><![CDATA[not ok 27 - multiple request header values - proxied]]></failure>
    </testcase>
    <testcase time="0.0060877799987793"
              name="28 - response header with multiple values"></testcase>
    <testcase name="29 - no empty header value inside" time="0.0114841461181641"></testcase>
    <testcase name="30 - no empty header value first" time="0.00226402282714844"></testcase>
    <testcase name="31 - no empty header value last" time="0.00148701667785645"></testcase>
    <testcase name="32 - spdy variable" time="0.00173783302307129"></testcase>
    <testcase time="0.00179505348205566"
              name="33 - chunk_size body chunks"></testcase>
    <testcase name="34 - chunk_size body 1" time="0.000507116317749023"></testcase>
    <testcase time="0.000423908233642578"
              name="35 - chunk_size body 2"></testcase>
    <testcase name="36 - chunk_size body 3" time="0.000396013259887695"></testcase>
    <testcase name="37 - chunk_size body 4" time="0.000365972518920898"></testcase>
    <testcase time="0.00166106224060059"
              name="38 - SYN_REPLY status with redirect"></testcase>
    <testcase time="0.000453948974609375"
              name="39 - DATA frame with redirect"></testcase>
    <testcase time="0.000483036041259766"
              name="40 - DATA payload with redirect"></testcase>
    <testcase time="1.00421595573425"
              name="41 - proxy cache HEAD - no body"></testcase>
    <testcase time="0.0010521411895752"
              name="42 - proxy cache headers only"></testcase>
    <testcase name="43 - proxy cache HEAD buffering off - no body" time="1.00337886810303"></testcase>
    <testcase time="0.00254297256469727" name="44 - proxy cache unconditional">
      <failure message="not ok 44 - proxy cache unconditional"
               type="TestFailed"><![CDATA[not ok 44 - proxy cache unconditional]]></failure>
    </testcase>
    <testcase name="45 - proxy cache conditional" time="0.00130915641784668">
      <failure message="not ok 45 - proxy cache conditional"
               type="TestFailed"><![CDATA[not ok 45 - proxy cache conditional]]></failure>
    </testcase>
    <testcase name="46 - request body" time="0.00247097015380859">
      <failure type="TestFailed"
               message="not ok 46 - request body"><![CDATA[not ok 46 - request body]]></failure>
    </testcase>
    <testcase name="47 - proxied response length" time="0.000242948532104492">
      <failure type="TestFailed"
               message="not ok 47 - proxied response length"><![CDATA[not ok 47 - proxied response length]]></failure>
    </testcase>
    <testcase name="48 - proxied response" time="0.000102996826171875">
      <failure type="TestFailed"
               message="not ok 48 - proxied response"><![CDATA[not ok 48 - proxied response]]></failure>
    </testcase>
    <testcase time="1.00558090209961"
              name="49 - iws - stream blocked on initial window size">
      <failure type="TestFailed"
               message="not ok 49 - iws - stream blocked on initial window size"><![CDATA[not ok 49 - iws - stream blocked on initial window size]]></failure>
    </testcase>
    <testcase time="0.0017540454864502"
              name="50 - iws - PING not blocked"></testcase>
    <testcase time="1.00237894058228"
              name="51 - iws - updated stream window"></testcase>
    <testcase name="52 - iws - updated connection window" time="1.00463104248047">
      <failure type="TestFailed"
               message="not ok 52 - iws - updated connection window"><![CDATA[not ok 52 - iws - updated connection window]]></failure>
    </testcase>
    <testcase time="0.0450739860534668"
              name="53 - increased initial window size">
      <failure type="TestFailed"
               message="not ok 53 - increased initial window size"><![CDATA[not ok 53 - increased initial window size]]></failure>
    </testcase>
    <testcase name="54 - negative window - no data" time="2.0091860294342"></testcase>
    <testcase time="1.00167894363403"
              name="55 - zero window - no data"></testcase>
    <testcase name="56 - positive window - data" time="1.0016770362854">
      <failure message="not ok 56 - positive window - data"
               type="TestFailed"><![CDATA[not ok 56 - positive window - data]]></failure>
    </testcase>
    <testcase time="0.0685050487518311" name="57 - no alerts"></testcase>
    <testcase name="58 - no sanitizer errors" time="0.000250101089477539"></testcase>
    <testcase name="(teardown)" time="0.0063478946685791" />
    <system-out><![CDATA[1..86
ok 1 - PING frame
ok 2 - PING payload
ok 3 - SYN_REPLY frame
ok 4 - SYN_REPLY stream
ok 5 - SYN_REPLY status
ok 6 - SYN_REPLY header
ok 7 - DATA frame
ok 8 - DATA length
ok 9 - DATA payload
ok 10 - SYN_REPLY stream 2
ok 11 - SYN_REPLY status 2
ok 12 - SYN_REPLY header 2
ok 13 - DATA frame 2
ok 14 - SYN_REPLY stream 2
ok 15 - DATA length 2
ok 16 - DATA payload 2
ok 17 - SYN_REPLY stream HEAD
ok 18 - SYN_REPLY status HEAD
ok 19 - SYN_REPLY header HEAD
ok 20 - HEAD no body
ok 21 - PROXY SYN_REPLY frame
not ok 22 - PROXY remote addr
not ok 23 - SYN_REPLY status range
not ok 24 - DATA length range
not ok 25 - DATA payload range
ok 26 - multiple request header values
not ok 27 - multiple request header values - proxied
ok 28 - response header with multiple values
ok 29 - no empty header value inside
ok 30 - no empty header value first
ok 31 - no empty header value last
ok 32 - spdy variable
ok 33 - chunk_size body chunks
ok 34 - chunk_size body 1
ok 35 - chunk_size body 2
ok 36 - chunk_size body 3
ok 37 - chunk_size body 4
ok 38 - SYN_REPLY status with redirect
ok 39 - DATA frame with redirect
ok 40 - DATA payload with redirect
ok 41 - proxy cache HEAD - no body
ok 42 - proxy cache headers only
ok 43 - proxy cache HEAD buffering off - no body
not ok 44 - proxy cache unconditional
not ok 45 - proxy cache conditional
not ok 46 - request body
not ok 47 - proxied response length
not ok 48 - proxied response
not ok 49 - iws - stream blocked on initial window size
ok 50 - iws - PING not blocked
ok 51 - iws - updated stream window
not ok 52 - iws - updated connection window
not ok 53 - increased initial window size
ok 54 - negative window - no data
ok 55 - zero window - no data
not ok 56 - positive window - data
ok 57 - no alerts
ok 58 - no sanitizer errors
]]></system-out>
    <system-err><![CDATA[Dubious, test returned 255 (wstat 65280, 0xff00)
]]></system-err>
    <error message="Dubious, test returned 255 (wstat 65280, 0xff00)" />
  </testsuite>
  <testsuite failures="1"
             time="0.244982004165649"
             name="split_clients_t"
             tests="3"
             errors="1">
    <testcase name="(init)" time="0.0824248790740967" />
    <testcase name="1 - split" time="0.115081071853638">
      <failure message="not ok 1 - split"
               type="TestFailed"><![CDATA[not ok 1 - split]]></failure>
    </testcase>
    <testcase time="0.0449321269989014" name="2 - no alerts"></testcase>
    <testcase time="0.00046086311340332"
              name="3 - no sanitizer errors"></testcase>
    <testcase time="0.00208306312561035" name="(teardown)" />
    <system-out><![CDATA[1..3
not ok 1 - split
ok 2 - no alerts
ok 3 - no sanitizer errors
]]></system-out>
    <system-err><![CDATA[Dubious, test returned 1 (wstat 256, 0x100)
]]></system-err>
    <error message="Dubious, test returned 1 (wstat 256, 0x100)" />
  </testsuite>
  <testsuite time="0.268229961395264"
             failures="19"
             errors="1"
             tests="29"
             name="ssi_t">
    <testcase name="(init)" time="0.0949718952178955" />
    <testcase name="1 - echo no argument" time="0.104124069213867">
      <failure message="not ok 1 - echo no argument"
               type="TestFailed"><![CDATA[not ok 1 - echo no argument]]></failure>
    </testcase>
    <testcase name="2 - empty argument" time="0.00233602523803711">
      <failure message="not ok 2 - empty argument"
               type="TestFailed"><![CDATA[not ok 2 - empty argument]]></failure>
    </testcase>
    <testcase name="3 - argument" time="0.00309491157531738">
      <failure type="TestFailed"
               message="not ok 3 - argument"><![CDATA[not ok 3 - argument]]></failure>
    </testcase>
    <testcase time="0.00258898735046387" name="4 - argument 2">
      <failure type="TestFailed"
               message="not ok 4 - argument 2"><![CDATA[not ok 4 - argument 2]]></failure>
    </testcase>
    <testcase name="5 - argument 3" time="0.00568103790283203">
      <failure message="not ok 5 - argument 3"
               type="TestFailed"><![CDATA[not ok 5 - argument 3]]></failure>
    </testcase>
    <testcase name="6 - argument 4" time="0.00163602828979492">
      <failure message="not ok 6 - argument 4"
               type="TestFailed"><![CDATA[not ok 6 - argument 4]]></failure>
    </testcase>
    <testcase name="7 - argument 5" time="0.00261807441711426">
      <failure message="not ok 7 - argument 5"
               type="TestFailed"><![CDATA[not ok 7 - argument 5]]></failure>
    </testcase>
    <testcase name="8 - argument via include" time="0.00195884704589844">
      <failure type="TestFailed"
               message="not ok 8 - argument via include"><![CDATA[not ok 8 - argument via include]]></failure>
    </testcase>
    <testcase time="0.00291895866394043" name="9 - set">
      <failure type="TestFailed"
               message="not ok 9 - set"><![CDATA[not ok 9 - set]]></failure>
    </testcase>
    <testcase time="0.00129508972167969" name="10 - args only subrequest">
      <failure message="not ok 10 - args only subrequest"
               type="TestFailed"><![CDATA[not ok 10 - args only subrequest]]></failure>
    </testcase>
    <testcase name="11 - args was in main request" time="0.00170302391052246">
      <failure type="TestFailed"
               message="not ok 11 - args was in main request"><![CDATA[not ok 11 - args was in main request]]></failure>
    </testcase>
    <testcase name="12 - cleared headers" time="0.00132894515991211"></testcase>
    <testcase time="0.0013129711151123"
              name="13 - cleared headers from proxy"></testcase>
    <testcase name="14 - empty with ssi" time="0.000712156295776367"></testcase>
    <testcase time="0.00065302848815918"
              name="15 - empty without ssi"></testcase>
    <testcase time="0.000833988189697266"
              name="16 - empty with proxy"></testcase>
    <testcase name="17 - empty with proxy cached" time="0.000615835189819336"></testcase>
    <testcase name="18 - empty with postpone_output 0" time="0.000780105590820312">
      <failure type="TestFailed"
               message="not ok 18 - empty with postpone_output 0"><![CDATA[not ok 18 - empty with postpone_output 0]]></failure>
    </testcase>
    <testcase name="19 - escaped in path" time="0.00179100036621094">
      <failure message="not ok 19 - escaped in path"
               type="TestFailed"><![CDATA[not ok 19 - escaped in path]]></failure>
    </testcase>
    <testcase time="0.0013730525970459" name="20 - escaped question in path">
      <failure type="TestFailed"
               message="not ok 20 - escaped question in path"><![CDATA[not ok 20 - escaped question in path]]></failure>
    </testcase>
    <testcase time="0.0017399787902832" name="21 - escaped query separator">
      <failure message="not ok 21 - escaped query separator"
               type="TestFailed"><![CDATA[not ok 21 - escaped query separator]]></failure>
    </testcase>
    <testcase name="22 - no ssi" time="0.00138282775878906"></testcase>
    <testcase time="0.000961065292358398" name="23 - no format"></testcase>
    <testcase name="24 - custom header" time="0.000921010971069336">
      <failure type="TestFailed"
               message="not ok 24 - custom header"><![CDATA[not ok 24 - custom header]]></failure>
    </testcase>
    <testcase time="0.00162696838378906" name="25 - default header">
      <failure message="not ok 25 - default header"
               type="TestFailed"><![CDATA[not ok 25 - default header]]></failure>
    </testcase>
    <testcase time="0.0015561580657959" name="26 - custom ssi">
      <failure message="not ok 26 - custom ssi"
               type="TestFailed"><![CDATA[not ok 26 - custom ssi]]></failure>
    </testcase>
    <testcase time="0.00258588790893555" name="27 - default ssi">
      <failure message="not ok 27 - default ssi"
               type="TestFailed"><![CDATA[not ok 27 - default ssi]]></failure>
    </testcase>
    <testcase name="28 - no alerts" time="0.0204319953918457"></testcase>
    <testcase time="0.000391960144042969"
              name="29 - no sanitizer errors"></testcase>
    <testcase name="(teardown)" time="0.0023040771484375" />
    <system-out><![CDATA[1..29
not ok 1 - echo no argument
not ok 2 - empty argument
not ok 3 - argument
not ok 4 - argument 2
not ok 5 - argument 3
not ok 6 - argument 4
not ok 7 - argument 5
not ok 8 - argument via include
not ok 9 - set
not ok 10 - args only subrequest
not ok 11 - args was in main request
ok 12 - cleared headers
ok 13 - cleared headers from proxy
ok 14 - empty with ssi
ok 15 - empty without ssi
ok 16 - empty with proxy
ok 17 - empty with proxy cached
not ok 18 - empty with postpone_output 0
not ok 19 - escaped in path
not ok 20 - escaped question in path
not ok 21 - escaped query separator
ok 22 - no ssi
ok 23 - no format
not ok 24 - custom header
not ok 25 - default header
not ok 26 - custom ssi
not ok 27 - default ssi
ok 28 - no alerts
ok 29 - no sanitizer errors
]]></system-out>
    <system-err><![CDATA[Dubious, test returned 19 (wstat 4864, 0x1300)
]]></system-err>
    <error message="Dubious, test returned 19 (wstat 4864, 0x1300)" />
  </testsuite>
  <testsuite tests="45"
             name="ssi_if_t"
             errors="1"
             failures="30"
             time="0.277891159057617">
    <testcase name="(init)" time="0.0737400054931641" />
    <testcase name="1 - if variable exists" time="0.103527069091797">
      <failure message="not ok 1 - if variable exists"
               type="TestFailed"><![CDATA[not ok 1 - if variable exists]]></failure>
    </testcase>
    <testcase time="0.00152802467346191" name="2 - if variable not exists">
      <failure message="not ok 2 - if variable not exists"
               type="TestFailed"><![CDATA[not ok 2 - if variable not exists]]></failure>
    </testcase>
    <testcase time="0.00902104377746582" name="3 - if var = text">
      <failure type="TestFailed"
               message="not ok 3 - if var = text"><![CDATA[not ok 3 - if var = text]]></failure>
    </testcase>
    <testcase time="0.000241994857788086" name="4 - if var = text (false)">
      <failure type="TestFailed"
               message="not ok 4 - if var = text (false)"><![CDATA[not ok 4 - if var = text (false)]]></failure>
    </testcase>
    <testcase name="5 - if text != var" time="0.000108003616333008">
      <failure type="TestFailed"
               message="not ok 5 - if text != var"><![CDATA[not ok 5 - if text != var]]></failure>
    </testcase>
    <testcase time="0.000102043151855469" name="6 - if text != var (false)">
      <failure message="not ok 6 - if text != var (false)"
               type="TestFailed"><![CDATA[not ok 6 - if text != var (false)]]></failure>
    </testcase>
    <testcase name="7 - if var = /regex/" time="9.79900360107422e-05">
      <failure message="not ok 7 - if var = /regex/"
               type="TestFailed"><![CDATA[not ok 7 - if var = /regex/]]></failure>
    </testcase>
    <testcase time="9.67979431152344e-05" name="8 - if var = /regex/ (false)">
      <failure message="not ok 8 - if var = /regex/ (false)"
               type="TestFailed"><![CDATA[not ok 8 - if var = /regex/ (false)]]></failure>
    </testcase>
    <testcase name="9 - if var != /regex/" time="0.000136137008666992">
      <failure type="TestFailed"
               message="not ok 9 - if var != /regex/"><![CDATA[not ok 9 - if var != /regex/]]></failure>
    </testcase>
    <testcase time="0.000483036041259766" name="10 - if var != /regex/ (false)">
      <failure type="TestFailed"
               message="not ok 10 - if var != /regex/ (false)"><![CDATA[not ok 10 - if var != /regex/ (false)]]></failure>
    </testcase>
    <testcase name="11 - if var = complex" time="0.0209288597106934">
      <failure message="not ok 11 - if var = complex"
               type="TestFailed"><![CDATA[not ok 11 - if var = complex]]></failure>
    </testcase>
    <testcase name="12 - if regex with captures" time="0.000514030456542969">
      <failure message="not ok 12 - if regex with captures"
               type="TestFailed"><![CDATA[not ok 12 - if regex with captures]]></failure>
    </testcase>
    <testcase time="0.000232934951782227"
              name="13 - if regex with named capture">
      <failure message="not ok 13 - if regex with named capture"
               type="TestFailed"><![CDATA[not ok 13 - if regex with named capture]]></failure>
    </testcase>
    <testcase name="14 - if" time="0.000112056732177734">
      <failure message="not ok 14 - if"
               type="TestFailed"><![CDATA[not ok 14 - if]]></failure>
    </testcase>
    <testcase time="9.89437103271484e-05" name="15 - if suppresses elif">
      <failure message="not ok 15 - if suppresses elif"
               type="TestFailed"><![CDATA[not ok 15 - if suppresses elif]]></failure>
    </testcase>
    <testcase time="9.70363616943359e-05" name="16 - elif">
      <failure type="TestFailed"
               message="not ok 16 - elif"><![CDATA[not ok 16 - elif]]></failure>
    </testcase>
    <testcase time="9.29832458496094e-05" name="17 - else">
      <failure message="not ok 17 - else"
               type="TestFailed"><![CDATA[not ok 17 - else]]></failure>
    </testcase>
    <testcase name="18 - multiple if (sequentially)" time="9.29832458496094e-05">
      <failure type="TestFailed"
               message="not ok 18 - multiple if (sequentially)"><![CDATA[not ok 18 - multiple if (sequentially)]]></failure>
    </testcase>
    <testcase time="0.000154018402099609" name="19 - multiple if (interlaced)">
      <failure type="TestFailed"
               message="not ok 19 - multiple if (interlaced)"><![CDATA[not ok 19 - multiple if (interlaced)]]></failure>
    </testcase>
    <testcase time="0.000601053237915039"
              name="20 - multiple if (interlaced reversed)">
      <failure type="TestFailed"
               message="not ok 20 - multiple if (interlaced reversed)"><![CDATA[not ok 20 - multiple if (interlaced reversed)]]></failure>
    </testcase>
    <testcase name="21 - if (in block)" time="0.000380992889404297">
      <failure message="not ok 21 - if (in block)"
               type="TestFailed"><![CDATA[not ok 21 - if (in block)]]></failure>
    </testcase>
    <testcase time="0.000764131546020508"
              name="22 - if suppresses elif (in block)">
      <failure type="TestFailed"
               message="not ok 22 - if suppresses elif (in block)"><![CDATA[not ok 22 - if suppresses elif (in block)]]></failure>
    </testcase>
    <testcase time="0.000450849533081055" name="23 - elif (in block)">
      <failure message="not ok 23 - elif (in block)"
               type="TestFailed"><![CDATA[not ok 23 - elif (in block)]]></failure>
    </testcase>
    <testcase time="0.000384092330932617" name="24 - else (in block)">
      <failure type="TestFailed"
               message="not ok 24 - else (in block)"><![CDATA[not ok 24 - else (in block)]]></failure>
    </testcase>
    <testcase time="0.000624895095825195" name="25 - if config-set-echo">
      <failure message="not ok 25 - if config-set-echo"
               type="TestFailed"><![CDATA[not ok 25 - if config-set-echo]]></failure>
    </testcase>
    <testcase name="26 - else config-set-echo" time="0.0266520977020264">
      <failure message="not ok 26 - else config-set-echo"
               type="TestFailed"><![CDATA[not ok 26 - else config-set-echo]]></failure>
    </testcase>
    <testcase time="0.000341892242431641" name="27 - if include">
      <failure type="TestFailed"
               message="not ok 27 - if include"><![CDATA[not ok 27 - if include]]></failure>
    </testcase>
    <testcase name="28 - else include" time="0.000720024108886719">
      <failure message="not ok 28 - else include"
               type="TestFailed"><![CDATA[not ok 28 - else include]]></failure>
    </testcase>
    <testcase name="29 - if block" time="0.000123023986816406">
      <failure message="not ok 29 - if block"
               type="TestFailed"><![CDATA[not ok 29 - if block]]></failure>
    </testcase>
    <testcase time="0.000149011611938477" name="30 - else block">
      <failure type="TestFailed"
               message="not ok 30 - else block"><![CDATA[not ok 30 - else block]]></failure>
    </testcase>
    <testcase time="0.00014495849609375" name="31 - if if"></testcase>
    <testcase name="32 - if elif" time="0.00189208984375"></testcase>
    <testcase name="33 - if else" time="0.0018610954284668"></testcase>
    <testcase name="34 - elif if" time="0.0030219554901123"></testcase>
    <testcase time="0.00169682502746582" name="35 - elif elif"></testcase>
    <testcase time="0.00164318084716797" name="36 - elif else"></testcase>
    <testcase time="0.00150394439697266" name="37 - else if"></testcase>
    <testcase name="38 - else elif" time="0.00377392768859863"></testcase>
    <testcase time="0.00481200218200684" name="39 - else else"></testcase>
    <testcase time="0.00367498397827148" name="40 - zigzag"></testcase>
    <testcase time="0.00367999076843262" name="41 - zagzig"></testcase>
    <testcase name="42 - zigzag block" time="0.00147604942321777"></testcase>
    <testcase time="0.00168991088867188" name="43 - zagzig block"></testcase>
    <testcase time="0.0018150806427002" name="44 - no alerts"></testcase>
    <testcase name="45 - no sanitizer errors" time="0.000118017196655273"></testcase>
    <testcase time="0.00248908996582031" name="(teardown)" />
    <system-out><![CDATA[1..45
not ok 1 - if variable exists
not ok 2 - if variable not exists
not ok 3 - if var = text
not ok 4 - if var = text (false)
not ok 5 - if text != var
not ok 6 - if text != var (false)
not ok 7 - if var = /regex/
not ok 8 - if var = /regex/ (false)
not ok 9 - if var != /regex/
not ok 10 - if var != /regex/ (false)
not ok 11 - if var = complex
not ok 12 - if regex with captures
not ok 13 - if regex with named capture
not ok 14 - if
not ok 15 - if suppresses elif
not ok 16 - elif
not ok 17 - else
not ok 18 - multiple if (sequentially)
not ok 19 - multiple if (interlaced)
not ok 20 - multiple if (interlaced reversed)
not ok 21 - if (in block)
not ok 22 - if suppresses elif (in block)
not ok 23 - elif (in block)
not ok 24 - else (in block)
not ok 25 - if config-set-echo
not ok 26 - else config-set-echo
not ok 27 - if include
not ok 28 - else include
not ok 29 - if block
not ok 30 - else block
not ok 31 - if if # TODO support for nested ifs

#   Failed (TODO) test 'if if'
#   at ./ssi_if.t line 238.
#                   'HTTP/1.1 403 Forbidden
# Server: nginx/1.8.1
# Date: Mon, 16 May 2016 20:37:52 GMT
# Content-Type: text/html
# Connection: close
# 
# <html>
# <head><title>403 Forbidden</title></head>
# <body bgcolor="white">
# <center><h1>403 Forbidden</h1></center>
# <hr><center>nginx/1.8.1</center>
# </body>
# </html>
# '
#     doesn't match '(?^m:^xIFxIFx$)'
not ok 32 - if elif # TODO support for nested ifs

#   Failed (TODO) test 'if elif'
#   at ./ssi_if.t line 239.
#                   'HTTP/1.1 403 Forbidden
# Server: nginx/1.8.1
# Date: Mon, 16 May 2016 20:37:52 GMT
# Content-Type: text/html
# Connection: close
# 
# <html>
# <head><title>403 Forbidden</title></head>
# <body bgcolor="white">
# <center><h1>403 Forbidden</h1></center>
# <hr><center>nginx/1.8.1</center>
# </body>
# </html>
# '
#     doesn't match '(?^m:^xIFxELIFx$)'
not ok 33 - if else # TODO support for nested ifs

#   Failed (TODO) test 'if else'
#   at ./ssi_if.t line 240.
#                   'HTTP/1.1 403 Forbidden
# Server: nginx/1.8.1
# Date: Mon, 16 May 2016 20:37:52 GMT
# Content-Type: text/html
# Connection: close
# 
# <html>
# <head><title>403 Forbidden</title></head>
# <body bgcolor="white">
# <center><h1>403 Forbidden</h1></center>
# <hr><center>nginx/1.8.1</center>
# </body>
# </html>
# '
#     doesn't match '(?^m:^xIFxELSEx$)'
not ok 34 - elif if # TODO support for nested ifs

#   Failed (TODO) test 'elif if'
#   at ./ssi_if.t line 242.
#                   'HTTP/1.1 403 Forbidden
# Server: nginx/1.8.1
# Date: Mon, 16 May 2016 20:37:52 GMT
# Content-Type: text/html
# Connection: close
# 
# <html>
# <head><title>403 Forbidden</title></head>
# <body bgcolor="white">
# <center><h1>403 Forbidden</h1></center>
# <hr><center>nginx/1.8.1</center>
# </body>
# </html>
# '
#     doesn't match '(?^m:^xELIFxIFx$)'
not ok 35 - elif elif # TODO support for nested ifs

#   Failed (TODO) test 'elif elif'
#   at ./ssi_if.t line 243.
#                   'HTTP/1.1 403 Forbidden
# Server: nginx/1.8.1
# Date: Mon, 16 May 2016 20:37:52 GMT
# Content-Type: text/html
# Connection: close
# 
# <html>
# <head><title>403 Forbidden</title></head>
# <body bgcolor="white">
# <center><h1>403 Forbidden</h1></center>
# <hr><center>nginx/1.8.1</center>
# </body>
# </html>
# '
#     doesn't match '(?^m:^xELIFxELIFx$)'
not ok 36 - elif else # TODO support for nested ifs

#   Failed (TODO) test 'elif else'
#   at ./ssi_if.t line 244.
#                   'HTTP/1.1 403 Forbidden
# Server: nginx/1.8.1
# Date: Mon, 16 May 2016 20:37:52 GMT
# Content-Type: text/html
# Connection: close
# 
# <html>
# <head><title>403 Forbidden</title></head>
# <body bgcolor="white">
# <center><h1>403 Forbidden</h1></center>
# <hr><center>nginx/1.8.1</center>
# </body>
# </html>
# '
#     doesn't match '(?^m:^xELIFxELSEx$)'
not ok 37 - else if # TODO support for nested ifs

#   Failed (TODO) test 'else if'
#   at ./ssi_if.t line 246.
#                   'HTTP/1.1 403 Forbidden
# Server: nginx/1.8.1
# Date: Mon, 16 May 2016 20:37:52 GMT
# Content-Type: text/html
# Connection: close
# 
# <html>
# <head><title>403 Forbidden</title></head>
# <body bgcolor="white">
# <center><h1>403 Forbidden</h1></center>
# <hr><center>nginx/1.8.1</center>
# </body>
# </html>
# '
#     doesn't match '(?^m:^xELSExIFx$)'
not ok 38 - else elif # TODO support for nested ifs

#   Failed (TODO) test 'else elif'
#   at ./ssi_if.t line 247.
#                   'HTTP/1.1 403 Forbidden
# Server: nginx/1.8.1
# Date: Mon, 16 May 2016 20:37:52 GMT
# Content-Type: text/html
# Connection: close
# 
# <html>
# <head><title>403 Forbidden</title></head>
# <body bgcolor="white">
# <center><h1>403 Forbidden</h1></center>
# <hr><center>nginx/1.8.1</center>
# </body>
# </html>
# '
#     doesn't match '(?^m:^xELSExELIFx$)'
not ok 39 - else else # TODO support for nested ifs

#   Failed (TODO) test 'else else'
#   at ./ssi_if.t line 248.
#                   'HTTP/1.1 403 Forbidden
# Server: nginx/1.8.1
# Date: Mon, 16 May 2016 20:37:52 GMT
# Content-Type: text/html
# Connection: close
# 
# <html>
# <head><title>403 Forbidden</title></head>
# <body bgcolor="white">
# <center><h1>403 Forbidden</h1></center>
# <hr><center>nginx/1.8.1</center>
# </body>
# </html>
# '
#     doesn't match '(?^m:^xELSExELSEx$)'
not ok 40 - zigzag # TODO support for nested ifs

#   Failed (TODO) test 'zigzag'
#   at ./ssi_if.t line 254.
#                   'HTTP/1.1 403 Forbidden
# Server: nginx/1.8.1
# Date: Mon, 16 May 2016 20:37:52 GMT
# Content-Type: text/html
# Connection: close
# 
# <html>
# <head><title>403 Forbidden</title></head>
# <body bgcolor="white">
# <center><h1>403 Forbidden</h1></center>
# <hr><center>nginx/1.8.1</center>
# </body>
# </html>
# '
#     doesn't match '(?^m:^xGOODx$)'
not ok 41 - zagzig # TODO support for nested ifs

#   Failed (TODO) test 'zagzig'
#   at ./ssi_if.t line 256.
#                   'HTTP/1.1 403 Forbidden
# Server: nginx/1.8.1
# Date: Mon, 16 May 2016 20:37:52 GMT
# Content-Type: text/html
# Connection: close
# 
# <html>
# <head><title>403 Forbidden</title></head>
# <body bgcolor="white">
# <center><h1>403 Forbidden</h1></center>
# <hr><center>nginx/1.8.1</center>
# </body>
# </html>
# '
#     doesn't match '(?^m:^xGOODx$)'
not ok 42 - zigzag block # TODO support for nested ifs

#   Failed (TODO) test 'zigzag block'
#   at ./ssi_if.t line 266.
#                   'HTTP/1.1 403 Forbidden
# Server: nginx/1.8.1
# Date: Mon, 16 May 2016 20:37:52 GMT
# Content-Type: text/html
# Connection: close
# 
# <html>
# <head><title>403 Forbidden</title></head>
# <body bgcolor="white">
# <center><h1>403 Forbidden</h1></center>
# <hr><center>nginx/1.8.1</center>
# </body>
# </html>
# '
#     doesn't match '(?^m:^xGOODx$)'
not ok 43 - zagzig block # TODO support for nested ifs

#   Failed (TODO) test 'zagzig block'
#   at ./ssi_if.t line 268.
#                   'HTTP/1.1 403 Forbidden
# Server: nginx/1.8.1
# Date: Mon, 16 May 2016 20:37:52 GMT
# Content-Type: text/html
# Connection: close
# 
# <html>
# <head><title>403 Forbidden</title></head>
# <body bgcolor="white">
# <center><h1>403 Forbidden</h1></center>
# <hr><center>nginx/1.8.1</center>
# </body>
# </html>
# '
#     doesn't match '(?^m:^xGOODx$)'
ok 44 - no alerts
ok 45 - no sanitizer errors
]]></system-out>
    <system-err><![CDATA[Dubious, test returned 30 (wstat 7680, 0x1e00)
]]></system-err>
    <error message="Dubious, test returned 30 (wstat 7680, 0x1e00)" />
  </testsuite>
  <testsuite errors="1"
             name="ssi_include_big_t"
             tests="10"
             time="0.216490983963013"
             failures="4">
    <testcase name="(init)" time="0.0654199123382568" />
    <testcase name="1 - small included file (less than output_buffers)" time="0.106427907943726"></testcase>
    <testcase time="0.0178279876708984" name="2 - small included file content">
      <failure type="TestFailed"
               message="not ok 2 - small included file content"><![CDATA[not ok 2 - small included file content]]></failure>
    </testcase>
    <testcase time="0.00646209716796875"
              name="3 - small included file (equal to output_buffers)"></testcase>
    <testcase time="0.00024104118347168" name="4 - small included file content">
      <failure message="not ok 4 - small included file content"
               type="TestFailed"><![CDATA[not ok 4 - small included file content]]></failure>
    </testcase>
    <testcase name="5 - big included file (more than output_buffers)" time="9.98973846435547e-05"></testcase>
    <testcase name="6 - big included file content" time="0.00768303871154785">
      <failure message="not ok 6 - big included file content"
               type="TestFailed"><![CDATA[not ok 6 - big included file content]]></failure>
    </testcase>
    <testcase time="0.000872135162353516"
              name="7 - big ssi main file"></testcase>
    <testcase time="0.000452995300292969" name="8 - big ssi main file content">
      <failure message="not ok 8 - big ssi main file content"
               type="TestFailed"><![CDATA[not ok 8 - big ssi main file content]]></failure>
    </testcase>
    <testcase time="0.00835680961608887" name="9 - no alerts"></testcase>
    <testcase name="10 - no sanitizer errors" time="0.00035405158996582"></testcase>
    <testcase time="0.00229310989379883" name="(teardown)" />
    <system-out><![CDATA[1..10
ok 1 - small included file (less than output_buffers)
not ok 2 - small included file content
ok 3 - small included file (equal to output_buffers)
not ok 4 - small included file content
ok 5 - big included file (more than output_buffers)
not ok 6 - big included file content
ok 7 - big ssi main file
not ok 8 - big ssi main file content
ok 9 - no alerts
ok 10 - no sanitizer errors
]]></system-out>
    <system-err><![CDATA[Dubious, test returned 4 (wstat 1024, 0x400)
]]></system-err>
    <error message="Dubious, test returned 4 (wstat 1024, 0x400)" />
  </testsuite>
  <testsuite tests="3"
             name="ssi_waited_t"
             errors="1"
             failures="1"
             time="0.199619054794312">
    <testcase time="0.0728600025177002" name="(init)" />
    <testcase time="0.106205940246582" name="1 - waited non-active">
      <failure message="not ok 1 - waited non-active"
               type="TestFailed"><![CDATA[not ok 1 - waited non-active]]></failure>
    </testcase>
    <testcase time="0.0178050994873047" name="2 - no alerts"></testcase>
    <testcase time="0.000909805297851562"
              name="3 - no sanitizer errors"></testcase>
    <testcase name="(teardown)" time="0.00183820724487305" />
    <system-out><![CDATA[1..3
not ok 1 - waited non-active
ok 2 - no alerts
ok 3 - no sanitizer errors
]]></system-out>
    <system-err><![CDATA[Dubious, test returned 1 (wstat 256, 0x100)
]]></system-err>
    <error message="Dubious, test returned 1 (wstat 256, 0x100)" />
  </testsuite>
  <testsuite errors="0"
             name="ssl_t"
             tests="20"
             time="2.94452309608459"
             failures="0">
    <testcase time="0.106015920639038" name="(init)" />
    <testcase time="0.343575000762939"
              name="1 - shared initial session"></testcase>
    <testcase name="2 - shared session reused" time="0.0437190532684326"></testcase>
    <testcase name="3 - builtin initial session" time="0.00636410713195801"></testcase>
    <testcase name="4 - builtin session reused" time="0.0415019989013672"></testcase>
    <testcase name="5 - builtin size initial session" time="0.00514793395996094"></testcase>
    <testcase name="6 - builtin size session reused" time="0.0435469150543213"></testcase>
    <testcase time="0.00493001937866211"
              name="7 - reused none initial session"></testcase>
    <testcase name="8 - session not reused 1" time="0.00489211082458496"></testcase>
    <testcase name="9 - reused off initial session" time="0.00795984268188477"></testcase>
    <testcase time="0.00699114799499512"
              name="10 - session not reused 2"></testcase>
    <testcase time="0.00196290016174316" name="11 - CN"></testcase>
    <testcase time="0.00161194801330566" name="12 - CN inner"></testcase>
    <testcase name="13 - session timeout" time="2.10788106918335"></testcase>
    <testcase time="0.0446860790252686" name="14 - session id"></testcase>
    <testcase name="15 - session id no ssl" time="0.00160002708435059"></testcase>
    <testcase time="0.0419490337371826" name="16 - cipher"></testcase>
    <testcase time="0.04327392578125" name="17 - client verify"></testcase>
    <testcase time="0.0419650077819824" name="18 - protocol"></testcase>
    <testcase time="0.0410919189453125" name="19 - no alerts"></testcase>
    <testcase time="0.000366926193237305"
              name="20 - no sanitizer errors"></testcase>
    <testcase time="0.00349020957946777" name="(teardown)" />
    <system-out><![CDATA[1..20
ok 1 - shared initial session
ok 2 - shared session reused
ok 3 - builtin initial session
ok 4 - builtin session reused
ok 5 - builtin size initial session
ok 6 - builtin size session reused
ok 7 - reused none initial session
ok 8 - session not reused 1
ok 9 - reused off initial session
ok 10 - session not reused 2
ok 11 - CN
ok 12 - CN inner
ok 13 - session timeout
ok 14 - session id
ok 15 - session id no ssl
ok 16 - cipher
ok 17 - client verify
ok 18 - protocol
ok 19 - no alerts
ok 20 - no sanitizer errors
]]></system-out>
    <system-err></system-err>
  </testsuite>
  <testsuite time="0.571413040161133"
             failures="0"
             errors="0"
             name="ssl_certificate_chain_t"
             tests="5">
    <testcase time="0.127194881439209" name="(init)" />
    <testcase name="1 - incomplete chain" time="0.399225950241089"></testcase>
    <testcase time="0.0130131244659424" name="2 - intermediate"></testcase>
    <testcase name="3 - intermediate server" time="0.00598287582397461"></testcase>
    <testcase time="0.0238120555877686" name="4 - no alerts"></testcase>
    <testcase name="5 - no sanitizer errors" time="0.000365972518920898"></testcase>
    <testcase time="0.00181818008422852" name="(teardown)" />
    <system-out><![CDATA[1..5
ok 1 - incomplete chain
ok 2 - intermediate
ok 3 - intermediate server
ok 4 - no alerts
ok 5 - no sanitizer errors
]]></system-out>
    <system-err></system-err>
  </testsuite>
  <testsuite failures="0"
             time="0.0668880939483643"
             name="ssl_engine_keys_t"
             tests="0"
             errors="0">
    <testcase time="0.0653479099273682" name="(init)" />
    <testcase time="0.00154018402099609" name="(teardown)" />
    <system-out><![CDATA[1..0 # SKIP may not work, leaves coredump
]]></system-out>
    <system-err></system-err>
  </testsuite>
  <testsuite tests="5"
             name="ssl_password_file_t"
             errors="0"
             failures="0"
             time="0.472328901290894">
    <testcase name="(init)" time="0.110848903656006" />
    <testcase time="0.315459012985229"
              name="1 - ssl_password_file works"></testcase>
    <testcase time="0.00171804428100586" name="2 - http"></testcase>
    <testcase time="0.0192470550537109" name="3 - https"></testcase>
    <testcase time="0.0210428237915039" name="4 - no alerts"></testcase>
    <testcase name="5 - no sanitizer errors" time="0.000241994857788086"></testcase>
    <testcase name="(teardown)" time="0.00377106666564941" />
    <system-out><![CDATA[1..5
ok 1 - ssl_password_file works
ok 2 - http
ok 3 - https
ok 4 - no alerts
ok 5 - no sanitizer errors
]]></system-out>
    <system-err></system-err>
  </testsuite>
  <testsuite errors="1"
             name="ssl_proxy_protocol_t"
             tests="20"
             time="0.448795080184937"
             failures="12">
    <testcase time="0.109328985214233" name="(init)" />
    <testcase time="0.220597982406616" name="1 - tcp4 request">
      <failure type="TestFailed"
               message="not ok 1 - tcp4 request"><![CDATA[not ok 1 - tcp4 request]]></failure>
    </testcase>
    <testcase name="2 - tcp4 proxy" time="0.000716924667358398">
      <failure type="TestFailed"
               message="not ok 2 - tcp4 proxy"><![CDATA[not ok 2 - tcp4 proxy]]></failure>
    </testcase>
    <testcase time="0.000159025192260742" name="3 - tcp4 client"></testcase>
    <testcase name="4 - tcp6 request" time="0.0161800384521484">
      <failure type="TestFailed"
               message="not ok 4 - tcp6 request"><![CDATA[not ok 4 - tcp6 request]]></failure>
    </testcase>
    <testcase time="0.000283956527709961" name="5 - tcp6 proxy">
      <failure message="not ok 5 - tcp6 proxy"
               type="TestFailed"><![CDATA[not ok 5 - tcp6 proxy]]></failure>
    </testcase>
    <testcase time="0.000108003616333008" name="6 - tcp6 client"></testcase>
    <testcase name="7 - unknown request 1" time="0.012019157409668">
      <failure type="TestFailed"
               message="not ok 7 - unknown request 1"><![CDATA[not ok 7 - unknown request 1]]></failure>
    </testcase>
    <testcase time="0.0157008171081543" name="8 - unknown request 2">
      <failure message="not ok 8 - unknown request 2"
               type="TestFailed"><![CDATA[not ok 8 - unknown request 2]]></failure>
    </testcase>
    <testcase time="0.0146350860595703" name="9 - tcp4 request realip">
      <failure type="TestFailed"
               message="not ok 9 - tcp4 request realip"><![CDATA[not ok 9 - tcp4 request realip]]></failure>
    </testcase>
    <testcase name="10 - tcp4 proxy realip" time="0.000344038009643555">
      <failure message="not ok 10 - tcp4 proxy realip"
               type="TestFailed"><![CDATA[not ok 10 - tcp4 proxy realip]]></failure>
    </testcase>
    <testcase name="11 - tcp4 client realip" time="0.000145912170410156">
      <failure type="TestFailed"
               message="not ok 11 - tcp4 client realip"><![CDATA[not ok 11 - tcp4 client realip]]></failure>
    </testcase>
    <testcase time="0.0120899677276611" name="12 - tcp6 request realip">
      <failure type="TestFailed"
               message="not ok 12 - tcp6 request realip"><![CDATA[not ok 12 - tcp6 request realip]]></failure>
    </testcase>
    <testcase name="13 - tcp6 proxy realip" time="0.000244140625">
      <failure message="not ok 13 - tcp6 proxy realip"
               type="TestFailed"><![CDATA[not ok 13 - tcp6 proxy realip]]></failure>
    </testcase>
    <testcase time="0.000108003616333008" name="14 - tcp6 client realip">
      <failure message="not ok 14 - tcp6 client realip"
               type="TestFailed"><![CDATA[not ok 14 - tcp6 client realip]]></failure>
    </testcase>
    <testcase time="0.0123739242553711" name="15 - tcp4 access"></testcase>
    <testcase time="0.012476921081543" name="16 - tcp6 access"></testcase>
    <testcase name="17 - tcp4 access log" time="0.0168190002441406"></testcase>
    <testcase name="18 - tcp6 access log" time="0.000420093536376953"></testcase>
    <testcase name="19 - no alerts" time="0.000349998474121094"></testcase>
    <testcase time="0.000358104705810547"
              name="20 - no sanitizer errors"></testcase>
    <testcase time="0.00333499908447266" name="(teardown)" />
    <system-out><![CDATA[1..20
not ok 1 - tcp4 request
not ok 2 - tcp4 proxy
ok 3 - tcp4 client
not ok 4 - tcp6 request
not ok 5 - tcp6 proxy
ok 6 - tcp6 client
not ok 7 - unknown request 1
not ok 8 - unknown request 2
not ok 9 - tcp4 request realip
not ok 10 - tcp4 proxy realip
not ok 11 - tcp4 client realip
not ok 12 - tcp6 request realip
not ok 13 - tcp6 proxy realip
not ok 14 - tcp6 client realip
ok 15 - tcp4 access
ok 16 - tcp6 access
ok 17 - tcp4 access log
ok 18 - tcp6 access log
ok 19 - no alerts
ok 20 - no sanitizer errors
]]></system-out>
    <system-err><![CDATA[Dubious, test returned 12 (wstat 3072, 0xc00)
]]></system-err>
    <error message="Dubious, test returned 12 (wstat 3072, 0xc00)" />
  </testsuite>
  <testsuite failures="0"
             time="2.08201789855957"
             tests="32"
             name="ssl_proxy_upgrade_t"
             errors="0">
    <testcase time="0.106243848800659" name="(init)" />
    <testcase name="1 - handshake" time="0.287775993347168"></testcase>
    <testcase name="2 - upgrade response" time="0.000478982925415039"></testcase>
    <testcase name="3 - upgrade big response" time="0.0461990833282471"></testcase>
    <testcase time="0.0166909694671631" name="4 - upgrade 1"></testcase>
    <testcase name="5 - upgrade small 1" time="0.00205492973327637"></testcase>
    <testcase time="0.000815153121948242" name="6 - upgrade 2"></testcase>
    <testcase time="0.000560998916625977" name="7 - upgrade small 2"></testcase>
    <testcase name="8 - upgrade 3" time="0.00178384780883789"></testcase>
    <testcase name="9 - upgrade small 3" time="0.000465154647827148"></testcase>
    <testcase time="0.00125002861022949" name="10 - upgrade 4"></testcase>
    <testcase time="0.000288963317871094" name="11 - upgrade small 4"></testcase>
    <testcase name="12 - upgrade 5" time="0.0581789016723633"></testcase>
    <testcase time="0.000194072723388672" name="13 - upgrade small 5"></testcase>
    <testcase time="0.00132107734680176" name="14 - upgrade 6"></testcase>
    <testcase time="0.000190019607543945" name="15 - upgrade small 6"></testcase>
    <testcase name="16 - upgrade 7" time="0.0012509822845459"></testcase>
    <testcase name="17 - upgrade small 7" time="0.000180959701538086"></testcase>
    <testcase name="18 - upgrade 8" time="0.00208592414855957"></testcase>
    <testcase name="19 - upgrade small 8" time="0.000216960906982422"></testcase>
    <testcase name="20 - upgrade 9" time="0.000854969024658203"></testcase>
    <testcase name="21 - upgrade small 9" time="0.000164985656738281"></testcase>
    <testcase name="22 - upgrade 10" time="0.000991106033325195"></testcase>
    <testcase name="23 - upgrade small 10" time="0.000185966491699219"></testcase>
    <testcase name="24 - handshake pipelined" time="0.0115389823913574"></testcase>
    <testcase time="0.000274181365966797"
              name="25 - response pipelined"></testcase>
    <testcase time="0.000356912612915039"
              name="26 - next to pipelined"></testcase>
    <testcase name="27 - handshake noupgrade" time="1.51491093635559"></testcase>
    <testcase name="28 - log - bytes" time="0.0182070732116699"></testcase>
    <testcase time="0.000375032424926758"
              name="29 - log - bytes pipelined"></testcase>
    <testcase time="0.000458955764770508"
              name="30 - log - bytes noupgrade"></testcase>
    <testcase time="0.00202488899230957" name="31 - no alerts"></testcase>
    <testcase time="0.000544071197509766"
              name="32 - no sanitizer errors"></testcase>
    <testcase name="(teardown)" time="0.00290298461914062" />
    <system-out><![CDATA[1..32
ok 1 - handshake
ok 2 - upgrade response
ok 3 - upgrade big response
ok 4 - upgrade 1
ok 5 - upgrade small 1
ok 6 - upgrade 2
ok 7 - upgrade small 2
ok 8 - upgrade 3
ok 9 - upgrade small 3
ok 10 - upgrade 4
ok 11 - upgrade small 4
ok 12 - upgrade 5
ok 13 - upgrade small 5
ok 14 - upgrade 6
ok 15 - upgrade small 6
ok 16 - upgrade 7
ok 17 - upgrade small 7
ok 18 - upgrade 8
ok 19 - upgrade small 8
ok 20 - upgrade 9
ok 21 - upgrade small 9
ok 22 - upgrade 10
ok 23 - upgrade small 10
ok 24 - handshake pipelined
ok 25 - response pipelined
ok 26 - next to pipelined
ok 27 - handshake noupgrade
ok 28 - log - bytes
ok 29 - log - bytes pipelined
ok 30 - log - bytes noupgrade
ok 31 - no alerts
ok 32 - no sanitizer errors
]]></system-out>
    <system-err></system-err>
  </testsuite>
  <testsuite tests="8"
             name="ssl_sni_t"
             errors="0"
             failures="0"
             time="0.498199939727783">
    <testcase name="(init)" time="0.102405071258545" />
    <testcase name="1 - default cert" time="0.306061983108521"></testcase>
    <testcase name="2 - sni cert" time="0.0178298950195312"></testcase>
    <testcase name="3 - host exists, sni exists, and host is equal sni" time="0.0128800868988037"></testcase>
    <testcase time="0.0107519626617432"
              name="4 - host exists, sni not found"></testcase>
    <testcase name="5 - host exists, sni exists, and host is not equal sni" time="0.0150940418243408"></testcase>
    <testcase time="0.0127739906311035"
              name="6 - host not found, sni exists"></testcase>
    <testcase name="7 - no alerts" time="0.0179879665374756"></testcase>
    <testcase name="8 - no sanitizer errors" time="0.000190973281860352"></testcase>
    <testcase time="0.00222396850585938" name="(teardown)" />
    <system-out><![CDATA[1..8
ok 1 - default cert
ok 2 - sni cert
ok 3 - host exists, sni exists, and host is equal sni
ok 4 - host exists, sni not found
not ok 5 - host exists, sni exists, and host is not equal sni # TODO sni restrictions
#   Failed (TODO) test 'host exists, sni exists, and host is not equal sni'
#   at ./ssl_sni.t line 119.
#                   'HTTP/1.1 200 OK
# Server: nginx/1.8.1
# Date: Mon, 16 May 2016 20:38:00 GMT
# Content-Type: text/plain
# Content-Length: 11
# Connection: close
# 
# example.com'
#     doesn't match '(?^:400 Bad Request)'
not ok 6 - host not found, sni exists # TODO sni restrictions
#   Failed (TODO) test 'host not found, sni exists'
#   at ./ssl_sni.t line 122.
#                   'HTTP/1.1 200 OK
# Server: nginx/1.8.1
# Date: Mon, 16 May 2016 20:38:00 GMT
# Content-Type: text/plain
# Content-Length: 9
# Connection: close
# 
# localhost'
#     doesn't match '(?^:400 Bad Request)'
ok 7 - no alerts
ok 8 - no sanitizer errors
]]></system-out>
    <system-err></system-err>
  </testsuite>
  <testsuite time="0.359755039215088"
             failures="0"
             errors="0"
             name="ssl_sni_reneg_t"
             tests="6">
    <testcase time="0.079801082611084" name="(init)" />
    <testcase name="1 - connection" time="0.258757829666138"></testcase>
    <testcase time="0.000283002853393555" name="2 - renegotiation"></testcase>
    <testcase time="0.000891208648681641" name="3 - SNI"></testcase>
    <testcase name="4" time="0.000137805938720703"></testcase>
    <testcase name="5 - no alerts" time="0.016970157623291"></testcase>
    <testcase name="6 - no sanitizer errors" time="0.000123977661132812"></testcase>
    <testcase time="0.00278997421264648" name="(teardown)" />
    <system-out><![CDATA[1..6
ok 1 - connection
ok 2 - renegotiation
ok 3 - SNI
ok 4 # skip leaves coredump
ok 5 - no alerts
ok 6 - no sanitizer errors
]]></system-out>
    <system-err></system-err>
  </testsuite>
  <testsuite tests="8"
             name="ssl_sni_sessions_t"
             errors="0"
             failures="0"
             time="0.666813850402832">
    <testcase time="0.0969159603118896" name="(init)" />
    <testcase name="1 - default server" time="0.387173891067505"></testcase>
    <testcase time="0.0423319339752197"
              name="2 - default server reused"></testcase>
    <testcase name="3 - without cache" time="0.0199811458587646"></testcase>
    <testcase time="0.0433309078216553"
              name="4 - without cache reused"></testcase>
    <testcase name="5 - tickets" time="0.0123610496520996"></testcase>
    <testcase name="6 - tickets reused" time="0.0418689250946045"></testcase>
    <testcase time="0.0145220756530762" name="7 - no alerts"></testcase>
    <testcase name="8 - no sanitizer errors" time="0.00117611885070801"></testcase>
    <testcase time="0.00715184211730957" name="(teardown)" />
    <system-out><![CDATA[1..8
ok 1 - default server
ok 2 - default server reused
ok 3 - without cache
ok 4 - without cache reused
ok 5 - tickets
ok 6 - tickets reused
ok 7 - no alerts
ok 8 - no sanitizer errors
]]></system-out>
    <system-err></system-err>
  </testsuite>
  <testsuite errors="0"
             tests="0"
             name="stream_access_t"
             time="0.0781569480895996"
             failures="0">
    <testcase name="(init)" time="0.07411789894104" />
    <testcase time="0.00403904914855957" name="(teardown)" />
    <system-out><![CDATA[1..0 # SKIP no stream available
]]></system-out>
    <system-err></system-err>
  </testsuite>
  <testsuite name="stream_error_log_t"
             tests="0"
             errors="0"
             failures="0"
             time="0.0842809677124023">
    <testcase name="(init)" time="0.0820269584655762" />
    <testcase time="0.00225400924682617" name="(teardown)" />
    <system-out><![CDATA[1..0 # SKIP no stream available
]]></system-out>
    <system-err></system-err>
  </testsuite>
  <testsuite errors="0"
             name="stream_limit_conn_t"
             tests="0"
             time="0.0739371776580811"
             failures="0">
    <testcase name="(init)" time="0.0725710391998291" />
    <testcase name="(teardown)" time="0.00136613845825195" />
    <system-out><![CDATA[1..0 # SKIP no stream available
]]></system-out>
    <system-err></system-err>
  </testsuite>
  <testsuite tests="0"
             name="stream_limit_rate_t"
             errors="0"
             failures="0"
             time="0.0765678882598877">
    <testcase time="0.0749468803405762" name="(init)" />
    <testcase name="(teardown)" time="0.00162100791931152" />
    <system-out><![CDATA[1..0 # SKIP no stream available
]]></system-out>
    <system-err></system-err>
  </testsuite>
  <testsuite failures="0"
             time="0.0798218250274658"
             name="stream_proxy_t"
             tests="0"
             errors="0">
    <testcase name="(init)" time="0.0778689384460449" />
    <testcase name="(teardown)" time="0.0019528865814209" />
    <system-out><![CDATA[1..0 # SKIP no stream available
]]></system-out>
    <system-err></system-err>
  </testsuite>
  <testsuite time="0.0712010860443115"
             failures="0"
             errors="0"
             tests="0"
             name="stream_proxy_bind_t">
    <testcase name="(init)" time="0.0695910453796387" />
    <testcase name="(teardown)" time="0.00161004066467285" />
    <system-out><![CDATA[1..0 # SKIP no stream available
]]></system-out>
    <system-err></system-err>
  </testsuite>
  <testsuite failures="0"
             time="0.0802340507507324"
             name="stream_proxy_next_upstream_t"
             tests="0"
             errors="0">
    <testcase time="0.0782239437103271" name="(init)" />
    <testcase name="(teardown)" time="0.00201010704040527" />
    <system-out><![CDATA[1..0 # SKIP no stream available
]]></system-out>
    <system-err></system-err>
  </testsuite>
  <testsuite name="stream_proxy_protocol_t"
             tests="0"
             errors="0"
             failures="0"
             time="0.0797770023345947">
    <testcase time="0.0781099796295166" name="(init)" />
    <testcase name="(teardown)" time="0.00166702270507812" />
    <system-out><![CDATA[1..0 # SKIP no stream available
]]></system-out>
    <system-err></system-err>
  </testsuite>
  <testsuite tests="0"
             name="stream_proxy_protocol_ipv6_t"
             errors="0"
             failures="0"
             time="0.0771410465240479">
    <testcase time="0.0759749412536621" name="(init)" />
    <testcase time="0.00116610527038574" name="(teardown)" />
    <system-out><![CDATA[1..0 # SKIP no stream available
]]></system-out>
    <system-err></system-err>
  </testsuite>
  <testsuite errors="0"
             tests="0"
             name="stream_proxy_protocol_ssl_t"
             time="0.121866941452026"
             failures="0">
    <testcase name="(init)" time="0.119903087615967" />
    <testcase time="0.00196385383605957" name="(teardown)" />
    <system-out><![CDATA[1..0 # SKIP no stream available
]]></system-out>
    <system-err></system-err>
  </testsuite>
  <testsuite errors="0"
             name="stream_proxy_ssl_t"
             tests="0"
             time="0.0665791034698486"
             failures="0">
    <testcase time="0.0657479763031006" name="(init)" />
    <testcase name="(teardown)" time="0.000831127166748047" />
    <system-out><![CDATA[1..0 # SKIP no stream available
]]></system-out>
    <system-err></system-err>
  </testsuite>
  <testsuite tests="0"
             name="stream_proxy_ssl_certificate_t"
             errors="0"
             failures="0"
             time="0.0791430473327637">
    <testcase time="0.0772490501403809" name="(init)" />
    <testcase name="(teardown)" time="0.00189399719238281" />
    <system-out><![CDATA[1..0 # SKIP no stream available
]]></system-out>
    <system-err></system-err>
  </testsuite>
  <testsuite time="0.0723049640655518"
             failures="0"
             errors="0"
             name="stream_proxy_ssl_name_t"
             tests="0">
    <testcase time="0.0700390338897705" name="(init)" />
    <testcase name="(teardown)" time="0.00226593017578125" />
    <system-out><![CDATA[1..0 # SKIP no stream available
]]></system-out>
    <system-err></system-err>
  </testsuite>
  <testsuite failures="0"
             time="0.0699539184570312"
             name="stream_proxy_ssl_verify_t"
             tests="0"
             errors="0">
    <testcase name="(init)" time="0.0682699680328369" />
    <testcase name="(teardown)" time="0.00168395042419434" />
    <system-out><![CDATA[1..0 # SKIP no stream available
]]></system-out>
    <system-err></system-err>
  </testsuite>
  <testsuite errors="0"
             tests="0"
             name="stream_ssl_t"
             time="0.0972769260406494"
             failures="0">
    <testcase name="(init)" time="0.0955348014831543" />
    <testcase name="(teardown)" time="0.00174212455749512" />
    <system-out><![CDATA[1..0 # SKIP no stream available
]]></system-out>
    <system-err></system-err>
  </testsuite>
  <testsuite time="0.0819621086120605"
             failures="0"
             errors="0"
             name="stream_tcp_nodelay_t"
             tests="0">
    <testcase name="(init)" time="0.080578088760376" />
    <testcase time="0.00138401985168457" name="(teardown)" />
    <system-out><![CDATA[1..0 # SKIP no stream available
]]></system-out>
    <system-err></system-err>
  </testsuite>
  <testsuite tests="0"
             name="stream_udp_limit_conn_t"
             errors="0"
             failures="0"
             time="0.0668380260467529">
    <testcase name="(init)" time="0.065263032913208" />
    <testcase name="(teardown)" time="0.00157499313354492" />
    <system-out><![CDATA[1..0 # SKIP no stream available
]]></system-out>
    <system-err></system-err>
  </testsuite>
  <testsuite failures="0"
             time="0.0848619937896729"
             tests="0"
             name="stream_udp_proxy_t"
             errors="0">
    <testcase time="0.0832910537719727" name="(init)" />
    <testcase time="0.0015709400177002" name="(teardown)" />
    <system-out><![CDATA[1..0 # SKIP no stream available
]]></system-out>
    <system-err></system-err>
  </testsuite>
  <testsuite failures="0"
             time="0.0701498985290527"
             name="stream_udp_upstream_t"
             tests="0"
             errors="0">
    <testcase time="0.0682179927825928" name="(init)" />
    <testcase time="0.00193190574645996" name="(teardown)" />
    <system-out><![CDATA[1..0 # SKIP no stream available
]]></system-out>
    <system-err></system-err>
  </testsuite>
  <testsuite errors="0"
             name="stream_udp_upstream_hash_t"
             tests="0"
             time="0.0693409442901611"
             failures="0">
    <testcase name="(init)" time="0.0680150985717773" />
    <testcase time="0.00132584571838379" name="(teardown)" />
    <system-out><![CDATA[1..0 # SKIP no stream available
]]></system-out>
    <system-err></system-err>
  </testsuite>
  <testsuite failures="0"
             time="0.0923089981079102"
             name="stream_udp_upstream_least_conn_t"
             tests="0"
             errors="0">
    <testcase name="(init)" time="0.0908589363098145" />
    <testcase name="(teardown)" time="0.0014500617980957" />
    <system-out><![CDATA[1..0 # SKIP no stream available
]]></system-out>
    <system-err></system-err>
  </testsuite>
  <testsuite name="stream_unix_t"
             tests="0"
             errors="0"
             failures="0"
             time="0.0815989971160889">
    <testcase time="0.0784189701080322" name="(init)" />
    <testcase time="0.00318002700805664" name="(teardown)" />
    <system-out><![CDATA[1..0 # SKIP no stream available
]]></system-out>
    <system-err></system-err>
  </testsuite>
  <testsuite time="0.0724649429321289"
             failures="0"
             errors="0"
             name="stream_upstream_t"
             tests="0">
    <testcase time="0.0705320835113525" name="(init)" />
    <testcase name="(teardown)" time="0.00193285942077637" />
    <system-out><![CDATA[1..0 # SKIP no stream available
]]></system-out>
    <system-err></system-err>
  </testsuite>
  <testsuite failures="0"
             time="0.0840921401977539"
             name="stream_upstream_hash_t"
             tests="0"
             errors="0">
    <testcase name="(init)" time="0.0825281143188477" />
    <testcase time="0.00156402587890625" name="(teardown)" />
    <system-out><![CDATA[1..0 # SKIP no stream available
]]></system-out>
    <system-err></system-err>
  </testsuite>
  <testsuite errors="0"
             name="stream_upstream_least_conn_t"
             tests="0"
             time="0.0793979167938232"
             failures="0">
    <testcase time="0.0779638290405273" name="(init)" />
    <testcase name="(teardown)" time="0.0014340877532959" />
    <system-out><![CDATA[1..0 # SKIP no stream available
]]></system-out>
    <system-err></system-err>
  </testsuite>
  <testsuite errors="0"
             name="stream_upstream_zone_ssl_t"
             tests="0"
             time="0.0697119235992432"
             failures="0">
    <testcase name="(init)" time="0.0680038928985596" />
    <testcase time="0.00170803070068359" name="(teardown)" />
    <system-out><![CDATA[1..0 # SKIP no stream available
]]></system-out>
    <system-err></system-err>
  </testsuite>
  <testsuite time="0.631978034973145"
             failures="4"
             errors="1"
             tests="36"
             name="stub_status_t">
    <testcase time="0.0717389583587646" name="(init)" />
    <testcase time="0.105002164840698" name="1 - get request"></testcase>
    <testcase time="0.00040888786315918" name="2 - open connection"></testcase>
    <testcase name="3 - first request" time="0.000466108322143555"></testcase>
    <testcase name="4 - first request accepted" time="0.000211954116821289"></testcase>
    <testcase name="5 - first request handled" time="0.000185012817382812"></testcase>
    <testcase time="0.000155925750732422" name="6 - first response"></testcase>
    <testcase time="0.000208139419555664" name="7 - not reading"></testcase>
    <testcase time="0.000782966613769531"
              name="8 - requests increased by 2"></testcase>
    <testcase time="0.000474929809570312"
              name="9 - accepts increased by 1"></testcase>
    <testcase name="10 - active" time="0.000876903533935547"></testcase>
    <testcase time="0.000223159790039062" name="11 - waiting state"></testcase>
    <testcase name="12 - waiting state - not reading" time="0.000119924545288086"></testcase>
    <testcase name="13 - waiting state - not writing" time="0.000121116638183594"></testcase>
    <testcase name="14 - reading state - not waiting" time="0.202659845352173"></testcase>
    <testcase name="15 - reading state" time="0.000550985336303711"></testcase>
    <testcase time="0.000282049179077148"
              name="16 - reading state - not writing"></testcase>
    <testcase time="0.203287124633789"
              name="17 - writing state - not waiting"></testcase>
    <testcase name="18 - writing state - not reading" time="0.000337839126586914"></testcase>
    <testcase name="19 - writing state" time="0.00024104118347168"></testcase>
    <testcase name="20 - head request" time="0.00128602981567383"></testcase>
    <testcase name="21 - post request" time="0.000696897506713867"></testcase>
    <testcase time="0.00102806091308594"
              name="22 - get - var active"></testcase>
    <testcase time="0.000253915786743164"
              name="23 - get - var reading"></testcase>
    <testcase name="24 - get - var writing" time="0.000178098678588867"></testcase>
    <testcase time="0.000149965286254883"
              name="25 - get - var waiting"></testcase>
    <testcase time="0.00385308265686035"
              name="26 - head - var active"></testcase>
    <testcase time="0.000988960266113281"
              name="27 - head - var reading"></testcase>
    <testcase name="28 - head - var writing" time="0.000313997268676758"></testcase>
    <testcase time="0"
              name="29 - head - var waiting"></testcase>
    <testcase name="30 - head - empty body" time="0.000880002975463867"></testcase>
    <testcase time="0.000957012176513672" name="31 - no stub - var active">
      <failure type="TestFailed"
               message="not ok 31 - no stub - var active"><![CDATA[not ok 31 - no stub - var active]]></failure>
    </testcase>
    <testcase time="0.00098109245300293" name="32 - no stub - var reading">
      <failure message="not ok 32 - no stub - var reading"
               type="TestFailed"><![CDATA[not ok 32 - no stub - var reading]]></failure>
    </testcase>
    <testcase name="33 - no stub - var writing" time="0.00196385383605957">
      <failure message="not ok 33 - no stub - var writing"
               type="TestFailed"><![CDATA[not ok 33 - no stub - var writing]]></failure>
    </testcase>
    <testcase name="34 - no stub - var waiting" time="0.000798940658569336">
      <failure message="not ok 34 - no stub - var waiting"
               type="TestFailed"><![CDATA[not ok 34 - no stub - var waiting]]></failure>
    </testcase>
    <testcase time="0.026515007019043" name="35 - no alerts"></testcase>
    <testcase name="36 - no sanitizer errors" time="0.000247001647949219"></testcase>
    <testcase name="(teardown)" time="0.00255107879638672" />
    <system-out><![CDATA[1..36
ok 1 - get request
ok 2 - open connection
ok 3 - first request
ok 4 - first request accepted
ok 5 - first request handled
ok 6 - first response
ok 7 - not reading
ok 8 - requests increased by 2
ok 9 - accepts increased by 1
ok 10 - active
ok 11 - waiting state
ok 12 - waiting state - not reading
ok 13 - waiting state - not writing
ok 14 - reading state - not waiting
ok 15 - reading state
ok 16 - reading state - not writing
ok 17 - writing state - not waiting
ok 18 - writing state - not reading
ok 19 - writing state
ok 20 - head request
ok 21 - post request
ok 22 - get - var active
ok 23 - get - var reading
ok 24 - get - var writing
ok 25 - get - var waiting
ok 26 - head - var active
ok 27 - head - var reading
ok 28 - head - var writing
ok 29 - head - var waiting
ok 30 - head - empty body
not ok 31 - no stub - var active
not ok 32 - no stub - var reading
not ok 33 - no stub - var writing
not ok 34 - no stub - var waiting
ok 35 - no alerts
ok 36 - no sanitizer errors
]]></system-out>
    <system-err><![CDATA[Dubious, test returned 4 (wstat 1024, 0x400)
]]></system-err>
    <error message="Dubious, test returned 4 (wstat 1024, 0x400)" />
  </testsuite>
  <testsuite failures="5"
             time="0.29925799369812"
             tests="32"
             name="sub_filter_t"
             errors="1">
    <testcase time="0.0761508941650391" name="(init)" />
    <testcase name="1 - sub_filter" time="0.103145122528076">
      <failure message="not ok 1 - sub_filter"
               type="TestFailed"><![CDATA[not ok 1 - sub_filter]]></failure>
    </testcase>
    <testcase name="2 - sub_filter caseless" time="0.0045468807220459">
      <failure type="TestFailed"
               message="not ok 2 - sub_filter caseless"><![CDATA[not ok 2 - sub_filter caseless]]></failure>
    </testcase>
    <testcase name="3 - once default" time="0.00358915328979492">
      <failure type="TestFailed"
               message="not ok 3 - once default"><![CDATA[not ok 3 - once default]]></failure>
    </testcase>
    <testcase name="4 - once" time="0.00270891189575195"></testcase>
    <testcase time="0.00120186805725098" name="5 - many"></testcase>
    <testcase time="0.000956058502197266" name="6 - incomplete"></testcase>
    <testcase name="7 - incomplete long" time="0.00144004821777344"></testcase>
    <testcase time="0.00373291969299316" name="8 - complex"></testcase>
    <testcase time="0.00266599655151367" name="9 - complex 1st char"></testcase>
    <testcase name="10 - complex 2nd char" time="0.00184798240661621"></testcase>
    <testcase time="0.00226402282714844" name="11 - complex2"></testcase>
    <testcase time="0.00134897232055664" name="12 - complex2 long"></testcase>
    <testcase name="13 - complex3 aab in aab" time="0.00104117393493652"></testcase>
    <testcase name="14 - complex3 aab in aaab" time="0.00113201141357422"></testcase>
    <testcase name="15 - complex3 aab in aaaab" time="0.00107002258300781"></testcase>
    <testcase time="0.00113391876220703" name="16 - single only"></testcase>
    <testcase time="0.00117993354797363" name="17 - single begin"></testcase>
    <testcase name="18 - single middle" time="0.00113916397094727"></testcase>
    <testcase name="19 - single end" time="0.00131487846374512"></testcase>
    <testcase name="20 - single many only" time="0.00165796279907227"></testcase>
    <testcase name="21 - single many begin" time="0.0017390251159668"></testcase>
    <testcase time="0.00432705879211426"
              name="22 - single many middle"></testcase>
    <testcase name="23 - single many end" time="0.00149393081665039"></testcase>
    <testcase time="0.00119805335998535" name="24 - complex string"></testcase>
    <testcase time="0.00411295890808105"
              name="25 - complex string caseless"></testcase>
    <testcase time="0.00564408302307129"
              name="26 - complex string long"></testcase>
    <testcase time="0.00318193435668945"
              name="27 - complex replacement"></testcase>
    <testcase name="28 - no last modified" time="0.00113892555236816"></testcase>
    <testcase name="29 - last modified" time="0.00127911567687988">
      <failure type="TestFailed"
               message="not ok 29 - last modified"><![CDATA[not ok 29 - last modified]]></failure>
    </testcase>
    <testcase name="30 - last modified weak" time="0.00232696533203125">
      <failure message="not ok 30 - last modified weak"
               type="TestFailed"><![CDATA[not ok 30 - last modified weak]]></failure>
    </testcase>
    <testcase time="0.0543999671936035" name="31 - no alerts"></testcase>
    <testcase name="32 - no sanitizer errors" time="0.000639915466308594"></testcase>
    <testcase name="(teardown)" time="0.00250816345214844" />
    <system-out><![CDATA[1..32
not ok 1 - sub_filter
not ok 2 - sub_filter caseless
not ok 3 - once default
ok 4 - once
ok 5 - many
ok 6 - incomplete
ok 7 - incomplete long
ok 8 - complex
ok 9 - complex 1st char
ok 10 - complex 2nd char
ok 11 - complex2
ok 12 - complex2 long
ok 13 - complex3 aab in aab
ok 14 - complex3 aab in aaab
ok 15 - complex3 aab in aaaab
ok 16 - single only
ok 17 - single begin
ok 18 - single middle
ok 19 - single end
ok 20 - single many only
ok 21 - single many begin
ok 22 - single many middle
ok 23 - single many end
not ok 24 - complex string # TODO not yet
#   Failed (TODO) test 'complex string'
#   at ./sub_filter.t line 144.
#                   'HTTP/1.1 200 OK
# Server: nginx/1.8.1
# Date: Mon, 16 May 2016 20:38:04 GMT
# Content-Type: text/plain
# Connection: close
# 
# Xfoo'
#     doesn't match '(?^:_replaced)'
not ok 25 - complex string caseless # TODO not yet
#   Failed (TODO) test 'complex string caseless'
#   at ./sub_filter.t line 145.
#                   'HTTP/1.1 200 OK
# Server: nginx/1.8.1
# Date: Mon, 16 May 2016 20:38:04 GMT
# Content-Type: text/plain
# Connection: close
# 
# XFOO'
#     doesn't match '(?^:_replaced)'
not ok 26 - complex string long # TODO not yet
#   Failed (TODO) test 'complex string long'
#   at ./sub_filter.t line 147.
#                   'HTTP/1.1 200 OK
# Server: nginx/1.8.1
# Date: Mon, 16 May 2016 20:38:04 GMT
# Content-Type: text/plain
# Connection: close
# 
# Xabcdefghijklmnopq'
#     doesn't match '(?^:_replaced)'
ok 27 - complex replacement
ok 28 - no last modified
not ok 29 - last modified
not ok 30 - last modified weak
ok 31 - no alerts
ok 32 - no sanitizer errors
]]></system-out>
    <system-err><![CDATA[Dubious, test returned 5 (wstat 1280, 0x500)
]]></system-err>
    <error message="Dubious, test returned 5 (wstat 1280, 0x500)" />
  </testsuite>
  <testsuite time="0.0705490112304688"
             failures="0"
             errors="0"
             tests="0"
             name="sub_filter_merge_t">
    <testcase time="0.0690538883209229" name="(init)" />
    <testcase time="0.0014951229095459" name="(teardown)" />
    <system-out><![CDATA[1..0 # SKIP leaves coredump
]]></system-out>
    <system-err></system-err>
  </testsuite>
  <testsuite errors="0"
             tests="0"
             name="sub_filter_multi_t"
             time="0.295408964157104"
             failures="0">
    <testcase time="0.283679008483887" name="(init)" />
    <testcase time="0.0117299556732178" name="(teardown)" />
    <system-out><![CDATA[1..0 # SKIP no multiple sub_filter
]]></system-out>
    <system-err></system-err>
  </testsuite>
  <testsuite tests="0"
             name="sub_filter_multi2_t"
             errors="0"
             failures="0"
             time="0.288019895553589">
    <testcase time="0.284040927886963" name="(init)" />
    <testcase time="0.00397896766662598" name="(teardown)" />
    <system-out><![CDATA[1..0 # SKIP no multiple sub_filter
]]></system-out>
    <system-err></system-err>
  </testsuite>
  <testsuite time="0.230383157730103"
             failures="0"
             errors="0"
             tests="24"
             name="sub_filter_perl_t">
    <testcase time="0.0754721164703369" name="(init)" />
    <testcase name="1 - flush" time="0.103820085525513"></testcase>
    <testcase time="0.00161099433898926" name="2 - aab in a + ab"></testcase>
    <testcase time="0.00129485130310059" name="3 - aab in a + aaab"></testcase>
    <testcase name="4 - aab in a + aab" time="0.00202107429504395"></testcase>
    <testcase name="5 - aab in a + aaaab" time="0.0012059211730957"></testcase>
    <testcase name="6 - aab in aa + ab" time="0.0013730525970459"></testcase>
    <testcase time="0.00109291076660156" name="7 - aab in aa + aab"></testcase>
    <testcase time="0.00126218795776367" name="8 - aab in aa + aaab"></testcase>
    <testcase time="0.00159287452697754"
              name="9 - aab in aa + aaaab"></testcase>
    <testcase name="10 - aab in aa + xaaab" time="0.00153803825378418"></testcase>
    <testcase time="0.00124502182006836"
              name="11 - aab in aa + axaaab"></testcase>
    <testcase time="0.00147485733032227"
              name="12 - aab in aa + aaxaaab"></testcase>
    <testcase name="13 - ab in a + b" time="0.00102519989013672"></testcase>
    <testcase name="14 - ab in a + ab" time="0.00174283981323242"></testcase>
    <testcase name="15 - ab in a + aab" time="0.00115299224853516"></testcase>
    <testcase name="16 - ab in a + aaab" time="0.00118112564086914"></testcase>
    <testcase name="17 - ab in a + aaaab" time="0.00117802619934082"></testcase>
    <testcase name="18 - ab in aa + b" time="0.00114583969116211"></testcase>
    <testcase time="0.00129508972167969" name="19 - ab in aa + ab"></testcase>
    <testcase time="0.00116991996765137" name="20 - ab in aa + aab"></testcase>
    <testcase name="21 - ab in aa + aaab" time="0.00113201141357422"></testcase>
    <testcase time="0.00117897987365723"
              name="22 - ab in aa + aaaab"></testcase>
    <testcase name="23 - no alerts" time="0.0199151039123535"></testcase>
    <testcase name="24 - no sanitizer errors" time="0.000755071640014648"></testcase>
    <testcase time="0.00250697135925293" name="(teardown)" />
    <system-out><![CDATA[1..24
ok 1 - flush
ok 2 - aab in a + ab
ok 3 - aab in a + aaab
ok 4 - aab in a + aab
ok 5 - aab in a + aaaab
ok 6 - aab in aa + ab
ok 7 - aab in aa + aab
ok 8 - aab in aa + aaab
ok 9 - aab in aa + aaaab
ok 10 - aab in aa + xaaab
ok 11 - aab in aa + axaaab
ok 12 - aab in aa + aaxaaab
ok 13 - ab in a + b
ok 14 - ab in a + ab
ok 15 - ab in a + aab
ok 16 - ab in a + aaab
ok 17 - ab in a + aaaab
ok 18 - ab in aa + b
ok 19 - ab in aa + ab
ok 20 - ab in aa + aab
ok 21 - ab in aa + aaab
ok 22 - ab in aa + aaaab
ok 23 - no alerts
ok 24 - no sanitizer errors
]]></system-out>
    <system-err></system-err>
  </testsuite>
  <testsuite errors="1"
             tests="4"
             name="sub_filter_ssi_t"
             time="0.201135158538818"
             failures="2">
    <testcase name="(init)" time="0.0727851390838623" />
    <testcase time="0.105293989181519" name="1 - subrequest partial match">
      <failure type="TestFailed"
               message="not ok 1 - subrequest partial match"><![CDATA[not ok 1 - subrequest partial match]]></failure>
    </testcase>
    <testcase name="2 - partial match and xslt" time="0.0036919116973877">
      <failure message="not ok 2 - partial match and xslt"
               type="TestFailed"><![CDATA[not ok 2 - partial match and xslt]]></failure>
    </testcase>
    <testcase time="0.016974925994873" name="3 - no alerts"></testcase>
    <testcase name="4 - no sanitizer errors" time="0.000332117080688477"></testcase>
    <testcase time="0.00205707550048828" name="(teardown)" />
    <system-out><![CDATA[1..4
not ok 1 - subrequest partial match
not ok 2 - partial match and xslt
ok 3 - no alerts
ok 4 - no sanitizer errors
]]></system-out>
    <system-err><![CDATA[Dubious, test returned 2 (wstat 512, 0x200)
]]></system-err>
    <error message="Dubious, test returned 2 (wstat 512, 0x200)" />
  </testsuite>
  <testsuite tests="0"
             name="syslog_t"
             errors="0"
             failures="0"
             time="0.37732720375061">
    <testcase name="(init)" time="0.373037099838257" />
    <testcase name="(teardown)" time="0.00429010391235352" />
    <system-out><![CDATA[1..0 # SKIP no syslog nohostname
]]></system-out>
    <system-err></system-err>
  </testsuite>
  <testsuite failures="0"
             time="0.280627012252808"
             tests="5"
             name="upstream_t"
             errors="0">
    <testcase name="(init)" time="0.0664830207824707" />
    <testcase time="0.144901990890503" name="1 - balanced"></testcase>
    <testcase name="2 - failures" time="0.0416638851165771"></testcase>
    <testcase time="0.000513076782226562" name="3"></testcase>
    <testcase name="4 - no alerts" time="0.0229170322418213"></testcase>
    <testcase name="5 - no sanitizer errors" time="0.00136995315551758"></testcase>
    <testcase time="0.00277805328369141" name="(teardown)" />
    <system-out><![CDATA[1..5
ok 1 - balanced
ok 2 - failures
ok 3 # skip long test
ok 4 - no alerts
ok 5 - no sanitizer errors
]]></system-out>
    <system-err></system-err>
  </testsuite>
  <testsuite errors="0"
             tests="13"
             name="upstream_hash_t"
             time="0.42114520072937"
             failures="0">
    <testcase name="(init)" time="0.0724861621856689" />
    <testcase name="1 - inconsistent" time="0.147764921188354"></testcase>
    <testcase time="0.0374720096588135" name="2 - consistent"></testcase>
    <testcase time="0.0342190265655518"
              name="3 - consistent weight"></testcase>
    <testcase time="0.00894689559936523" name="4 - stable hash"></testcase>
    <testcase name="5 - stable hash - consistent" time="0.00992298126220703"></testcase>
    <testcase name="6 - all hashed peers" time="0.0138370990753174"></testcase>
    <testcase name="7 - no proxy_next_upstream" time="0.0104811191558838"></testcase>
    <testcase name="8 - no proxy_next_upstream peers" time="0.000594854354858398"></testcase>
    <testcase time="0.00921797752380371"
              name="9 - proxy_next_upstream peers"></testcase>
    <testcase name="10 - all hashed peers - bad" time="0.0252010822296143"></testcase>
    <testcase time="0.0172770023345947"
              name="11 - all hashed peers - bad consistent"></testcase>
    <testcase name="12 - no alerts" time="0.025892972946167"></testcase>
    <testcase name="13 - no sanitizer errors" time="0.00484704971313477"></testcase>
    <testcase time="0.00298404693603516" name="(teardown)" />
    <system-out><![CDATA[1..13
ok 1 - inconsistent
ok 2 - consistent
ok 3 - consistent weight
ok 4 - stable hash
ok 5 - stable hash - consistent
ok 6 - all hashed peers
ok 7 - no proxy_next_upstream
ok 8 - no proxy_next_upstream peers
ok 9 - proxy_next_upstream peers
ok 10 - all hashed peers - bad
ok 11 - all hashed peers - bad consistent
ok 12 - no alerts
ok 13 - no sanitizer errors
]]></system-out>
    <system-err></system-err>
  </testsuite>
  <testsuite name="upstream_hash_memcached_t"
             tests="0"
             errors="0"
             failures="0"
             time="0.0625219345092773">
    <testcase name="(init)" time="0.0612900257110596" />
    <testcase time="0.00123190879821777" name="(teardown)" />
    <system-out><![CDATA[1..0 # SKIP Cache::Memcached not installed
]]></system-out>
    <system-err></system-err>
  </testsuite>
  <testsuite errors="0"
             tests="4"
             name="upstream_ip_hash_t"
             time="0.245174169540405"
             failures="0">
    <testcase name="(init)" time="0.17412805557251" />
    <testcase time="0.0211670398712158" name="1 - ip_hash"></testcase>
    <testcase time="0.0319700241088867" name="2 - ip_hash 3 peers"></testcase>
    <testcase name="3 - no alerts" time="0.0136640071868896"></testcase>
    <testcase name="4 - no sanitizer errors" time="0.00137686729431152"></testcase>
    <testcase time="0.0028681755065918" name="(teardown)" />
    <system-out><![CDATA[1..4
ok 1 - ip_hash
ok 2 - ip_hash 3 peers
ok 3 - no alerts
ok 4 - no sanitizer errors
]]></system-out>
    <system-err></system-err>
  </testsuite>
  <testsuite time="0.422512054443359"
             failures="0"
             errors="0"
             tests="4"
             name="upstream_least_conn_t">
    <testcase time="0.065230131149292" name="(init)" />
    <testcase time="0.115689992904663" name="1 - balanced"></testcase>
    <testcase time="0.215250968933105" name="2 - least conn"></testcase>
    <testcase name="3 - no alerts" time="0.0235440731048584"></testcase>
    <testcase name="4 - no sanitizer errors" time="0.000767946243286133"></testcase>
    <testcase name="(teardown)" time="0.0020289421081543" />
    <system-out><![CDATA[1..4
ok 1 - balanced
ok 2 - least conn
ok 3 - no alerts
ok 4 - no sanitizer errors
]]></system-out>
    <system-err></system-err>
  </testsuite>
  <testsuite failures="0"
             time="0.333738088607788"
             tests="0"
             name="upstream_zone_ssl_t"
             errors="0">
    <testcase name="(init)" time="0.326967000961304" />
    <testcase time="0.00677108764648438" name="(teardown)" />
    <system-out><![CDATA[1..0 # SKIP no upstream zone
]]></system-out>
    <system-err></system-err>
  </testsuite>
  <testsuite name="userid_t"
             tests="35"
             errors="1"
             failures="6"
             time="0.253193855285645">
    <testcase name="(init)" time="0.0861928462982178" />
    <testcase name="1 - cookie on" time="0.105006217956543"></testcase>
    <testcase name="2 - cookie v1" time="0.000844955444335938"></testcase>
    <testcase name="3 - cookie log" time="0.00085902214050293"></testcase>
    <testcase time="0.000995874404907227" name="4 - cookie off"></testcase>
    <testcase name="5 - name default" time="0.000816106796264648"></testcase>
    <testcase time="0.000844955444335938" name="6 - path default"></testcase>
    <testcase time="0.000185966491699219" name="7 - domain default"></testcase>
    <testcase name="8 - expires default" time="0.000250101089477539"></testcase>
    <testcase name="9 - mark default" time="0.000241994857788086"></testcase>
    <testcase time="0.000835895538330078" name="10 - p3p default"></testcase>
    <testcase name="11 - uid reset variable default" time="0.00182890892028809">
      <failure type="TestFailed"
               message="not ok 11 - uid reset variable default"><![CDATA[not ok 11 - uid reset variable default]]></failure>
    </testcase>
    <testcase time="0.00208806991577148" name="12 - name"></testcase>
    <testcase name="13 - path" time="0.000872135162353516"></testcase>
    <testcase time="0.000680923461914062" name="14 - domain"></testcase>
    <testcase name="15 - p3p" time="0.000753879547119141"></testcase>
    <testcase time="0.000722169876098633" name="16 - mark off"></testcase>
    <testcase name="17 - mark equal" time="0.000895977020263672"></testcase>
    <testcase name="18 - mark letter" time="0.000798940658569336"></testcase>
    <testcase name="19 - mark number" time="0.000782966613769531"></testcase>
    <testcase name="20 - expires time" time="0.00107812881469727">
      <failure type="TestFailed"
               message="not ok 20 - expires time"><![CDATA[not ok 20 - expires time]]></failure>
    </testcase>
    <testcase name="21 - expires max" time="0.00188493728637695"></testcase>
    <testcase time="0.00235104560852051" name="22 - expires off"></testcase>
    <testcase time="0.00130987167358398"
              name="23 - redefine expires"></testcase>
    <testcase name="24 - redefine path" time="0.00217294692993164"></testcase>
    <testcase name="25 - uid set variable" time="0.00109314918518066">
      <failure type="TestFailed"
               message="not ok 25 - uid set variable"><![CDATA[not ok 25 - uid set variable]]></failure>
    </testcase>
    <testcase name="26 - uid got variable" time="0.00183892250061035"></testcase>
    <testcase name="27 - same path request" time="0.000338077545166016"></testcase>
    <testcase name="28 - other path request" time="0.000673055648803711"></testcase>
    <testcase time="0.00141692161560059"
              name="29 - uid reset variable value"></testcase>
    <testcase time="0.00166702270507812" name="30 - service default v1">
      <failure message="not ok 30 - service default v1"
               type="TestFailed"><![CDATA[not ok 30 - service default v1]]></failure>
    </testcase>
    <testcase name="31 - service default v2" time="0.00568485260009766">
      <failure message="not ok 31 - service default v2"
               type="TestFailed"><![CDATA[not ok 31 - service default v2]]></failure>
    </testcase>
    <testcase name="32 - service custom" time="0.00360918045043945">
      <failure message="not ok 32 - service custom"
               type="TestFailed"><![CDATA[not ok 32 - service custom]]></failure>
    </testcase>
    <testcase time="0.0182938575744629"
              name="33 - uid reset variable log"></testcase>
    <testcase time="0.000214099884033203" name="34 - no alerts"></testcase>
    <testcase time="0.000101089477539062"
              name="35 - no sanitizer errors"></testcase>
    <testcase time="0.00296878814697266" name="(teardown)" />
    <system-out><![CDATA[1..35
ok 1 - cookie on
ok 2 - cookie v1
ok 3 - cookie log
ok 4 - cookie off
ok 5 - name default
ok 6 - path default
ok 7 - domain default
ok 8 - expires default
ok 9 - mark default
ok 10 - p3p default
not ok 11 - uid reset variable default
ok 12 - name
ok 13 - path
ok 14 - domain
ok 15 - p3p
ok 16 - mark off
ok 17 - mark equal
ok 18 - mark letter
ok 19 - mark number
not ok 20 - expires time
ok 21 - expires max
ok 22 - expires off
ok 23 - redefine expires
ok 24 - redefine path
not ok 25 - uid set variable
ok 26 - uid got variable
ok 27 - same path request
ok 28 - other path request
ok 29 - uid reset variable value
not ok 30 - service default v1
not ok 31 - service default v2
not ok 32 - service custom
ok 33 - uid reset variable log
ok 34 - no alerts
ok 35 - no sanitizer errors
]]></system-out>
    <system-err><![CDATA[Dubious, test returned 6 (wstat 1536, 0x600)
]]></system-err>
    <error message="Dubious, test returned 6 (wstat 1536, 0x600)" />
  </testsuite>
  <testsuite errors="0"
             tests="0"
             name="uwsgi_t"
             time="0.0790121555328369"
             failures="0">
    <testcase name="(init)" time="0.0772101879119873" />
    <testcase name="(teardown)" time="0.00180196762084961" />
    <system-out><![CDATA[1..0 # SKIP uwsgi not found
]]></system-out>
    <system-err></system-err>
  </testsuite>
  <testsuite errors="1"
             name="xslt_t"
             tests="7"
             time="0.20831298828125"
             failures="5">
    <testcase name="(init)" time="0.0696239471435547" />
    <testcase time="0.106220006942749" name="1 - simple">
      <failure message="not ok 1 - simple"
               type="TestFailed"><![CDATA[not ok 1 - simple]]></failure>
    </testcase>
    <testcase name="2 - content type" time="0.0029289722442627">
      <failure type="TestFailed"
               message="not ok 2 - content type"><![CDATA[not ok 2 - content type]]></failure>
    </testcase>
    <testcase time="0.00299692153930664" name="3 - params">
      <failure message="not ok 3 - params"
               type="TestFailed"><![CDATA[not ok 3 - params]]></failure>
    </testcase>
    <testcase time="0.00113701820373535" name="4 - entities">
      <failure type="TestFailed"
               message="not ok 4 - entities"><![CDATA[not ok 4 - entities]]></failure>
    </testcase>
    <testcase time="0.00643801689147949" name="5 - several stylesheets">
      <failure message="not ok 5 - several stylesheets"
               type="TestFailed"><![CDATA[not ok 5 - several stylesheets]]></failure>
    </testcase>
    <testcase name="6 - no alerts" time="0.0156400203704834"></testcase>
    <testcase name="7 - no sanitizer errors" time="0.000299930572509766"></testcase>
    <testcase name="(teardown)" time="0.00302815437316895" />
    <system-out><![CDATA[1..7
not ok 1 - simple
not ok 2 - content type
not ok 3 - params
not ok 4 - entities
not ok 5 - several stylesheets
ok 6 - no alerts
ok 7 - no sanitizer errors
]]></system-out>
    <system-err><![CDATA[Dubious, test returned 5 (wstat 1280, 0x500)
]]></system-err>
    <error message="Dubious, test returned 5 (wstat 1280, 0x500)" />
  </testsuite>
  <testsuite errors="1"
             name="xslt_params_t"
             tests="5"
             time="0.208441019058228"
             failures="3">
    <testcase name="(init)" time="0.172118186950684" />
    <testcase name="1 - params from xslt_stylesheet" time="0.00248193740844727">
      <failure message="not ok 1 - params from xslt_stylesheet"
               type="TestFailed"><![CDATA[not ok 1 - params from xslt_stylesheet]]></failure>
    </testcase>
    <testcase time="0.00755500793457031"
              name="2 - params from xslt_param/xslt_string_param">
      <failure message="not ok 2 - params from xslt_param/xslt_string_param"
               type="TestFailed"><![CDATA[not ok 2 - params from xslt_param/xslt_string_param]]></failure>
    </testcase>
    <testcase name="3 - mixed" time="0.00984096527099609">
      <failure message="not ok 3 - mixed"
               type="TestFailed"><![CDATA[not ok 3 - mixed]]></failure>
    </testcase>
    <testcase name="4 - no alerts" time="0.0137131214141846"></testcase>
    <testcase name="5 - no sanitizer errors" time="0.000420808792114258"></testcase>
    <testcase time="0.00231099128723145" name="(teardown)" />
    <system-out><![CDATA[1..5
not ok 1 - params from xslt_stylesheet
not ok 2 - params from xslt_param/xslt_string_param
not ok 3 - mixed
ok 4 - no alerts
ok 5 - no sanitizer errors
]]></system-out>
    <system-err><![CDATA[Dubious, test returned 3 (wstat 768, 0x300)
]]></system-err>
    <error message="Dubious, test returned 3 (wstat 768, 0x300)" />
  </testsuite>
</testsuites>